[INFO ] 2018-07-20T08:52:58,547Z [main] webserver.CmdLineOptions.loadConfig - Config:
{
    # hardcoded value
    "baseDirectory" : "D:\\ubuntu\\Turnover-Box-Chain\\build\\nodes\\Supplier",
    # web-reference.conf @ jar:file:/C:/Users/Xiaoli%20Yang/AppData/Local/capsule/apps/net.corda.webserver.WebServer_3.1-corda/corda-webserver-impl-3.1-corda.jar!/web-reference.conf: 2
    "keyStorePassword" : "cordacadevpass",
    # D:\ubuntu\Turnover-Box-Chain\build\nodes\Supplier\node.conf: 1
    "myLegalName" : "O=Supplier,L=Dusserdorf,C=DE",
    # D:\ubuntu\Turnover-Box-Chain\build\nodes\Supplier\node.conf: 2
    "p2pAddress" : "localhost:10008",
    # D:\ubuntu\Turnover-Box-Chain\build\nodes\Supplier\node.conf: 3
    "rpcSettings" : {
        # D:\ubuntu\Turnover-Box-Chain\build\nodes\Supplier\node.conf: 4
        "address" : "localhost:10009",
        # D:\ubuntu\Turnover-Box-Chain\build\nodes\Supplier\node.conf: 5
        "adminAddress" : "localhost:10049"
    },
    # D:\ubuntu\Turnover-Box-Chain\build\nodes\Supplier\node.conf: 7
    "rpcUsers" : [
        # D:\ubuntu\Turnover-Box-Chain\build\nodes\Supplier\node.conf: 8
        {
            # D:\ubuntu\Turnover-Box-Chain\build\nodes\Supplier\node.conf: 9
            "password" : "test",
            # D:\ubuntu\Turnover-Box-Chain\build\nodes\Supplier\node.conf: 10
            "permissions" : [
                # D:\ubuntu\Turnover-Box-Chain\build\nodes\Supplier\node.conf: 11
                "ALL"
            ],
            # D:\ubuntu\Turnover-Box-Chain\build\nodes\Supplier\node.conf: 13
            "user" : "user1"
        }
    ],
    # web-reference.conf @ jar:file:/C:/Users/Xiaoli%20Yang/AppData/Local/capsule/apps/net.corda.webserver.WebServer_3.1-corda/corda-webserver-impl-3.1-corda.jar!/web-reference.conf: 3
    "trustStorePassword" : "trustpass",
    # web-reference.conf @ jar:file:/C:/Users/Xiaoli%20Yang/AppData/Local/capsule/apps/net.corda.webserver.WebServer_3.1-corda/corda-webserver-impl-3.1-corda.jar!/web-reference.conf: 1
    "useHTTPS" : false,
    # D:\ubuntu\Turnover-Box-Chain\build\nodes\Supplier\node.conf: 16
    "webAddress" : "localhost:10010"
}
 {}
[INFO ] 2018-07-20T08:52:58,583Z [main] Main.main - Main class: /C:/Users/Xiaoli Yang/AppData/Local/capsule/apps/net.corda.webserver.WebServer_3.1-corda/corda-webserver-impl-3.1-corda.jar {}
[INFO ] 2018-07-20T08:52:58,658Z [main] Main.main - CommandLine Args: -Xmx200m -XX:+UseG1GC -agentlib:jdwp=transport=dt_socket,server=y,suspend=n,address=5011 -javaagent:drivers/jolokia-jvm-1.3.7-agent.jar=port=7011,logHandlerClass=net.corda.webserver.JolokiaSlf4Adapter -javaagent:D:\ubuntu\Turnover-Box-Chain\build\nodes\Supplier\corda-webserver.jar -javaagent:C:\Users\Xiaoli Yang\AppData\Local\capsule\apps\net.corda.webserver.WebServer_3.1-corda\quasar-core-0.7.9-jdk8.jar -Dcapsule.address=0.0.0.0 -Dvisualvm.display.name=Corda -Djava.library.path=C:\Program Files\Java\jre1.8.0_172\bin;C:\WINDOWS\Sun\Java\bin;C:\WINDOWS\system32;C:\WINDOWS;C:\Program Files (x86)\Common Files\Oracle\Java\javapath;C:\ProgramData\Oracle\Java\javapath;C:\Program Files (x86)\Intel\iCLS Client;C:\Program Files\Intel\iCLS Client;C:\WINDOWS\system32;C:\WINDOWS;C:\WINDOWS\System32\Wbem;C:\WINDOWS\System32\WindowsPowerShell\v1.0;C:\Program Files (x86)\Intel\Intel(R) Management Engine Components\DAL;C:\Program Files\Intel\Intel(R) Management Engine Components\DAL;C:\Program Files (x86)\Intel\Intel(R) Management Engine Components\IPT;C:\Program Files\Intel\Intel(R) Management Engine Components\IPT;C:\Program Files\Microsoft SQL Server\130\Tools\Binn;C:\Program Files\MiKTeX 2.9\miktex\bin\x64;C:\Program Files (x86)\Java\jre1.8.0_141\lib;C:\Program Files\nodejs;C:\Program Files\MATLAB\R2017b\runtime\win64;C:\Program Files\MATLAB\R2017b\bin;C:\Program Files (x86)\GtkSharp\2.12\bin;C:\Program Files (x86)\Brackets\command;C:\Program Files\Git\cmd;C:\Program Files\Gradle\gradle-4.7\bin;C:\Go\bin;C:\WINDOWS\System32\OpenSSH;C:\Program Files (x86)\NVIDIA Corporation\PhysX\Common;C:\Users\Xiaoli Yang\AppData\Local\Programs\Python\Python35\Scripts;C:\Users\Xiaoli Yang\AppData\Local\Programs\Python\Python35;C:\Users\Xiaoli Yang\AppData\Local\Microsoft\WindowsApps;C:\Program Files (x86)\Microsoft VS Code\bin;C:\Users\Xiaoli Yang\AppData\Roaming\npm;%GOPATH%\bin;C:\Users\Xiaoli Yang\AppData\Local\capsule\apps\net.corda.webserver.WebServer_3.1-corda -Dcapsule.log=1 -Dcapsule.app=net.corda.webserver.WebServer_3.1-corda -Dcapsule.port=52049 -Dname=Supplier-corda-webserver.jar -Dcapsule.jvm.args=-agentlib:jdwp=transport=dt_socket,server=y,suspend=n,address=5011 -javaagent:drivers/jolokia-jvm-1.3.7-agent.jar=port=7011,logHandlerClass=net.corda.webserver.JolokiaSlf4Adapter -DWebserver -Dcapsule.dir=C:\Users\Xiaoli Yang\AppData\Local\capsule\apps\net.corda.webserver.WebServer_3.1-corda -Dcapsule.jar=D:\ubuntu\Turnover-Box-Chain\build\nodes\Supplier\corda-webserver.jar {}
[INFO ] 2018-07-20T08:52:58,863Z [main] Main.main - Application Args:  {}
[INFO ] 2018-07-20T08:52:58,864Z [main] Main.main - bootclasspath: C:\Program Files\Java\jre1.8.0_172\lib\resources.jar;C:\Program Files\Java\jre1.8.0_172\lib\rt.jar;C:\Program Files\Java\jre1.8.0_172\lib\sunrsasign.jar;C:\Program Files\Java\jre1.8.0_172\lib\jsse.jar;C:\Program Files\Java\jre1.8.0_172\lib\jce.jar;C:\Program Files\Java\jre1.8.0_172\lib\charsets.jar;C:\Program Files\Java\jre1.8.0_172\lib\jfr.jar;C:\Program Files\Java\jre1.8.0_172\classes {}
[INFO ] 2018-07-20T08:52:58,864Z [main] Main.main - classpath: D:\ubuntu\Turnover-Box-Chain\build\nodes\Supplier\corda-webserver.jar;C:\Users\Xiaoli Yang\AppData\Local\capsule\apps\net.corda.webserver.WebServer_3.1-corda\corda-rpc-3.1-corda.jar;C:\Users\Xiaoli Yang\AppData\Local\capsule\apps\net.corda.webserver.WebServer_3.1-corda\corda-jackson-3.1-corda.jar;C:\Users\Xiaoli Yang\AppData\Local\capsule\apps\net.corda.webserver.WebServer_3.1-corda\corda-node-api-3.1-corda.jar;C:\Users\Xiaoli Yang\AppData\Local\capsule\apps\net.corda.webserver.WebServer_3.1-corda\corda-core-3.1-corda.jar;C:\Users\Xiaoli Yang\AppData\Local\capsule\apps\net.corda.webserver.WebServer_3.1-corda\jetty-webapp-9.4.7.v20170914.jar;C:\Users\Xiaoli Yang\AppData\Local\capsule\apps\net.corda.webserver.WebServer_3.1-corda\jetty-servlet-9.4.7.v20170914.jar;C:\Users\Xiaoli Yang\AppData\Local\capsule\apps\net.corda.webserver.WebServer_3.1-corda\jersey-container-jetty-http-2.25.jar;C:\Users\Xiaoli Yang\AppData\Local\capsule\apps\net.corda.webserver.WebServer_3.1-corda\jetty-security-9.4.7.v20170914.jar;C:\Users\Xiaoli Yang\AppData\Local\capsule\apps\net.corda.webserver.WebServer_3.1-corda\jetty-server-9.4.7.v20170914.jar;C:\Users\Xiaoli Yang\AppData\Local\capsule\apps\net.corda.webserver.WebServer_3.1-corda\javax.servlet-api-3.1.0.jar;C:\Users\Xiaoli Yang\AppData\Local\capsule\apps\net.corda.webserver.WebServer_3.1-corda\commons-fileupload-1.3.3.jar;C:\Users\Xiaoli Yang\AppData\Local\capsule\apps\net.corda.webserver.WebServer_3.1-corda\log4j-slf4j-impl-2.9.1.jar;C:\Users\Xiaoli Yang\AppData\Local\capsule\apps\net.corda.webserver.WebServer_3.1-corda\log4j-core-2.9.1.jar;C:\Users\Xiaoli Yang\AppData\Local\capsule\apps\net.corda.webserver.WebServer_3.1-corda\jopt-simple-5.0.2.jar;C:\Users\Xiaoli Yang\AppData\Local\capsule\apps\net.corda.webserver.WebServer_3.1-corda\jetty-continuation-9.4.7.v20170914.jar;C:\Users\Xiaoli Yang\AppData\Local\capsule\apps\net.corda.webserver.WebServer_3.1-corda\jersey-container-servlet-core-2.25.jar;C:\Users\Xiaoli Yang\AppData\Local\capsule\apps\net.corda.webserver.WebServer_3.1-corda\jersey-server-2.25.jar;C:\Users\Xiaoli Yang\AppData\Local\capsule\apps\net.corda.webserver.WebServer_3.1-corda\jersey-media-json-jackson-2.25.jar;C:\Users\Xiaoli Yang\AppData\Local\capsule\apps\net.corda.webserver.WebServer_3.1-corda\kotlinx-html-jvm-0.6.3.jar;C:\Users\Xiaoli Yang\AppData\Local\capsule\apps\net.corda.webserver.WebServer_3.1-corda\kotlin-stdlib-jre8-1.1.60.jar;C:\Users\Xiaoli Yang\AppData\Local\capsule\apps\net.corda.webserver.WebServer_3.1-corda\jackson-module-kotlin-2.9.2.jar;C:\Users\Xiaoli Yang\AppData\Local\capsule\apps\net.corda.webserver.WebServer_3.1-corda\kotlin-reflect-1.1.60.jar;C:\Users\Xiaoli Yang\AppData\Local\capsule\apps\net.corda.webserver.WebServer_3.1-corda\cordform-common-3.1.0.jar;C:\Users\Xiaoli Yang\AppData\Local\capsule\apps\net.corda.webserver.WebServer_3.1-corda\jsr305-3.0.2.jar;C:\Users\Xiaoli Yang\AppData\Local\capsule\apps\net.corda.webserver.WebServer_3.1-corda\jcl-over-slf4j-1.7.25.jar;C:\Users\Xiaoli Yang\AppData\Local\capsule\apps\net.corda.webserver.WebServer_3.1-corda\slf4j-api-1.7.25.jar;C:\Users\Xiaoli Yang\AppData\Local\capsule\apps\net.corda.webserver.WebServer_3.1-corda\rxjava-1.2.4.jar;C:\Users\Xiaoli Yang\AppData\Local\capsule\apps\net.corda.webserver.WebServer_3.1-corda\commons-jexl3-3.0.jar;C:\Users\Xiaoli Yang\AppData\Local\capsule\apps\net.corda.webserver.WebServer_3.1-corda\jackson-datatype-jsr310-2.9.2.jar;C:\Users\Xiaoli Yang\AppData\Local\capsule\apps\net.corda.webserver.WebServer_3.1-corda\jackson-jaxrs-json-provider-2.8.4.jar;C:\Users\Xiaoli Yang\AppData\Local\capsule\apps\net.corda.webserver.WebServer_3.1-corda\jackson-jaxrs-base-2.8.4.jar;C:\Users\Xiaoli Yang\AppData\Local\capsule\apps\net.corda.webserver.WebServer_3.1-corda\jackson-module-jaxb-annotations-2.8.4.jar;C:\Users\Xiaoli Yang\AppData\Local\capsule\apps\net.corda.webserver.WebServer_3.1-corda\jackson-databind-2.9.2.jar;C:\Users\Xiaoli Yang\AppData\Local\capsule\apps\net.corda.webserver.WebServer_3.1-corda\eddsa-0.2.0.jar;C:\Users\Xiaoli Yang\AppData\Local\capsule\apps\net.corda.webserver.WebServer_3.1-corda\bcpkix-jdk15on-1.57.jar;C:\Users\Xiaoli Yang\AppData\Local\capsule\apps\net.corda.webserver.WebServer_3.1-corda\bcprov-jdk15on-1.57.jar;C:\Users\Xiaoli Yang\AppData\Local\capsule\apps\net.corda.webserver.WebServer_3.1-corda\hibernate-core-5.2.6.Final.jar;C:\Users\Xiaoli Yang\AppData\Local\capsule\apps\net.corda.webserver.WebServer_3.1-corda\hibernate-jpa-2.1-api-1.0.0.Final.jar;C:\Users\Xiaoli Yang\AppData\Local\capsule\apps\net.corda.webserver.WebServer_3.1-corda\quasar-core-0.7.9-jdk8.jar;C:\Users\Xiaoli Yang\AppData\Local\capsule\apps\net.corda.webserver.WebServer_3.1-corda\jackson-dataformat-yaml-2.9.2.jar;C:\Users\Xiaoli Yang\AppData\Local\capsule\apps\net.corda.webserver.WebServer_3.1-corda\artemis-core-client-2.2.0.jar;C:\Users\Xiaoli Yang\AppData\Local\capsule\apps\net.corda.webserver.WebServer_3.1-corda\artemis-commons-2.2.0.jar;C:\Users\Xiaoli Yang\AppData\Local\capsule\apps\net.corda.webserver.WebServer_3.1-corda\guava-21.0.jar;C:\Users\Xiaoli Yang\AppData\Local\capsule\apps\net.corda.webserver.WebServer_3.1-corda\jetty-xml-9.4.7.v20170914.jar;C:\Users\Xiaoli Yang\AppData\Local\capsule\apps\net.corda.webserver.WebServer_3.1-corda\jolokia-jsr160-1.3.7.jar;C:\Users\Xiaoli Yang\AppData\Local\capsule\apps\net.corda.webserver.WebServer_3.1-corda\jolokia-core-1.3.7.jar;C:\Users\Xiaoli Yang\AppData\Local\capsule\apps\net.corda.webserver.WebServer_3.1-corda\commons-io-2.2.jar;C:\Users\Xiaoli Yang\AppData\Local\capsule\apps\net.corda.webserver.WebServer_3.1-corda\log4j-api-2.9.1.jar;C:\Users\Xiaoli Yang\AppData\Local\capsule\apps\net.corda.webserver.WebServer_3.1-corda\jersey-client-2.25.jar;C:\Users\Xiaoli Yang\AppData\Local\capsule\apps\net.corda.webserver.WebServer_3.1-corda\jersey-media-jaxb-2.25.jar;C:\Users\Xiaoli Yang\AppData\Local\capsule\apps\net.corda.webserver.WebServer_3.1-corda\jersey-common-2.25.jar;C:\Users\Xiaoli Yang\AppData\Local\capsule\apps\net.corda.webserver.WebServer_3.1-corda\jersey-entity-filtering-2.25.jar;C:\Users\Xiaoli Yang\AppData\Local\capsule\apps\net.corda.webserver.WebServer_3.1-corda\javax.ws.rs-api-2.0.1.jar;C:\Users\Xiaoli Yang\AppData\Local\capsule\apps\net.corda.webserver.WebServer_3.1-corda\javax.annotation-api-1.2.jar;C:\Users\Xiaoli Yang\AppData\Local\capsule\apps\net.corda.webserver.WebServer_3.1-corda\hk2-locator-2.5.0-b30.jar;C:\Users\Xiaoli Yang\AppData\Local\capsule\apps\net.corda.webserver.WebServer_3.1-corda\hk2-api-2.5.0-b30.jar;C:\Users\Xiaoli Yang\AppData\Local\capsule\apps\net.corda.webserver.WebServer_3.1-corda\javax.inject-2.5.0-b30.jar;C:\Users\Xiaoli Yang\AppData\Local\capsule\apps\net.corda.webserver.WebServer_3.1-corda\validation-api-1.1.0.Final.jar;C:\Users\Xiaoli Yang\AppData\Local\capsule\apps\net.corda.webserver.WebServer_3.1-corda\jetty-http-9.4.7.v20170914.jar;C:\Users\Xiaoli Yang\AppData\Local\capsule\apps\net.corda.webserver.WebServer_3.1-corda\jetty-io-9.4.7.v20170914.jar;C:\Users\Xiaoli Yang\AppData\Local\capsule\apps\net.corda.webserver.WebServer_3.1-corda\jetty-util-9.4.7.v20170914.jar;C:\Users\Xiaoli Yang\AppData\Local\capsule\apps\net.corda.webserver.WebServer_3.1-corda\jackson-annotations-2.9.0.jar;C:\Users\Xiaoli Yang\AppData\Local\capsule\apps\net.corda.webserver.WebServer_3.1-corda\kotlin-stdlib-jre7-1.1.60.jar;C:\Users\Xiaoli Yang\AppData\Local\capsule\apps\net.corda.webserver.WebServer_3.1-corda\kotlin-stdlib-1.1.60.jar;C:\Users\Xiaoli Yang\AppData\Local\capsule\apps\net.corda.webserver.WebServer_3.1-corda\jackson-core-2.9.2.jar;C:\Users\Xiaoli Yang\AppData\Local\capsule\apps\net.corda.webserver.WebServer_3.1-corda\hibernate-commons-annotations-5.0.1.Final.jar;C:\Users\Xiaoli Yang\AppData\Local\capsule\apps\net.corda.webserver.WebServer_3.1-corda\jboss-logging-3.3.0.Final.jar;C:\Users\Xiaoli Yang\AppData\Local\capsule\apps\net.corda.webserver.WebServer_3.1-corda\javassist-3.20.0-GA.jar;C:\Users\Xiaoli Yang\AppData\Local\capsule\apps\net.corda.webserver.WebServer_3.1-corda\antlr-2.7.7.jar;C:\Users\Xiaoli Yang\AppData\Local\capsule\apps\net.corda.webserver.WebServer_3.1-corda\geronimo-jta_1.1_spec-1.1.1.jar;C:\Users\Xiaoli Yang\AppData\Local\capsule\apps\net.corda.webserver.WebServer_3.1-corda\jandex-2.0.3.Final.jar;C:\Users\Xiaoli Yang\AppData\Local\capsule\apps\net.corda.webserver.WebServer_3.1-corda\classmate-1.3.0.jar;C:\Users\Xiaoli Yang\AppData\Local\capsule\apps\net.corda.webserver.WebServer_3.1-corda\dom4j-1.6.1.jar;C:\Users\Xiaoli Yang\AppData\Local\capsule\apps\net.corda.webserver.WebServer_3.1-corda\cdi-api-1.1.jar;C:\Users\Xiaoli Yang\AppData\Local\capsule\apps\net.corda.webserver.WebServer_3.1-corda\commons-collections4-4.1.jar;C:\Users\Xiaoli Yang\AppData\Local\capsule\apps\net.corda.webserver.WebServer_3.1-corda\commons-beanutils-1.9.3.jar;C:\Users\Xiaoli Yang\AppData\Local\capsule\apps\net.corda.webserver.WebServer_3.1-corda\config-1.3.1.jar;C:\Users\Xiaoli Yang\AppData\Local\capsule\apps\net.corda.webserver.WebServer_3.1-corda\kryo-serializers-0.41.jar;C:\Users\Xiaoli Yang\AppData\Local\capsule\apps\net.corda.webserver.WebServer_3.1-corda\kryo-4.0.0.jar;C:\Users\Xiaoli Yang\AppData\Local\capsule\apps\net.corda.webserver.WebServer_3.1-corda\proton-j-0.21.0.jar;C:\Users\Xiaoli Yang\AppData\Local\capsule\apps\net.corda.webserver.WebServer_3.1-corda\fast-classpath-scanner-2.12.3.jar;C:\Users\Xiaoli Yang\AppData\Local\capsule\apps\net.corda.webserver.WebServer_3.1-corda\snakeyaml-1.18.jar;C:\Users\Xiaoli Yang\AppData\Local\capsule\apps\net.corda.webserver.WebServer_3.1-corda\json-simple-1.1.1.jar;C:\Users\Xiaoli Yang\AppData\Local\capsule\apps\net.corda.webserver.WebServer_3.1-corda\jersey-guava-2.25.jar;C:\Users\Xiaoli Yang\AppData\Local\capsule\apps\net.corda.webserver.WebServer_3.1-corda\osgi-resource-locator-1.0.1.jar;C:\Users\Xiaoli Yang\AppData\Local\capsule\apps\net.corda.webserver.WebServer_3.1-corda\hk2-utils-2.5.0-b30.jar;C:\Users\Xiaoli Yang\AppData\Local\capsule\apps\net.corda.webserver.WebServer_3.1-corda\aopalliance-repackaged-2.5.0-b30.jar;C:\Users\Xiaoli Yang\AppData\Local\capsule\apps\net.corda.webserver.WebServer_3.1-corda\el-api-2.2.jar;C:\Users\Xiaoli Yang\AppData\Local\capsule\apps\net.corda.webserver.WebServer_3.1-corda\jboss-interceptors-api_1.1_spec-1.0.0.Beta1.jar;C:\Users\Xiaoli Yang\AppData\Local\capsule\apps\net.corda.webserver.WebServer_3.1-corda\jsr250-api-1.0.jar;C:\Users\Xiaoli Yang\AppData\Local\capsule\apps\net.corda.webserver.WebServer_3.1-corda\javax.inject-1.jar;C:\Users\Xiaoli Yang\AppData\Local\capsule\apps\net.corda.webserver.WebServer_3.1-corda\commons-collections-3.2.2.jar;C:\Users\Xiaoli Yang\AppData\Local\capsule\apps\net.corda.webserver.WebServer_3.1-corda\jgroups-3.6.13.Final.jar;C:\Users\Xiaoli Yang\AppData\Local\capsule\apps\net.corda.webserver.WebServer_3.1-corda\netty-all-4.1.9.Final.jar;C:\Users\Xiaoli Yang\AppData\Local\capsule\apps\net.corda.webserver.WebServer_3.1-corda\geronimo-json_1.0_spec-1.0-alpha-1.jar;C:\Users\Xiaoli Yang\AppData\Local\capsule\apps\net.corda.webserver.WebServer_3.1-corda\johnzon-core-0.9.5.jar;C:\Users\Xiaoli Yang\AppData\Local\capsule\apps\net.corda.webserver.WebServer_3.1-corda\reflectasm-1.11.3.jar;C:\Users\Xiaoli Yang\AppData\Local\capsule\apps\net.corda.webserver.WebServer_3.1-corda\minlog-1.3.0.jar;C:\Users\Xiaoli Yang\AppData\Local\capsule\apps\net.corda.webserver.WebServer_3.1-corda\objenesis-2.2.jar;C:\Users\Xiaoli Yang\AppData\Local\capsule\apps\net.corda.webserver.WebServer_3.1-corda\asm-5.0.4.jar;C:\Users\Xiaoli Yang\AppData\Local\capsule\apps\net.corda.webserver.WebServer_3.1-corda\annotations-13.0.jar;C:\Users\Xiaoli Yang\AppData\Local\capsule\apps\net.corda.webserver.WebServer_3.1-corda\corda-webserver-impl-3.1-corda.jar;D:\ubuntu\Turnover-Box-Chain\build\nodes\Supplier\cordapps\corda-finance-3.1-corda.jar;D:\ubuntu\Turnover-Box-Chain\build\nodes\Supplier\cordapps\cordapp-0.1.jar;D:\ubuntu\Turnover-Box-Chain\build\nodes\Supplier\cordapps\cordapp-contracts-states-0.1.jar;D:\ubuntu\Turnover-Box-Chain\build\nodes\Supplier\cordapps\Turnover-Box-Chain-0.1.jar;drivers/jolokia-jvm-1.3.7-agent.jar;D:\ubuntu\Turnover-Box-Chain\build\nodes\Supplier\corda-webserver.jar;C:\Users\Xiaoli Yang\AppData\Local\capsule\apps\net.corda.webserver.WebServer_3.1-corda\quasar-core-0.7.9-jdk8.jar {}
[INFO ] 2018-07-20T08:52:58,868Z [main] Main.main - VM Java HotSpot(TM) 64-Bit Server VM Oracle Corporation 25.172-b11 {}
[INFO ] 2018-07-20T08:52:58,869Z [main] Main.main - Machine: DESKTOP-BKO44JE {}
[INFO ] 2018-07-20T08:52:58,873Z [main] Main.main - Working Directory: D:\ubuntu\Turnover-Box-Chain\build\nodes\Supplier {}
[INFO ] 2018-07-20T08:53:07,392Z [main] Main.main - Starting as webserver on localhost:10010 {}
[INFO ] 2018-07-20T08:53:08,153Z [main] BasicInfo.logAndMaybePrint - Starting as webserver: localhost:10010 {}
[WARN ] 2018-07-20T08:53:10,062Z [main] internal.config.defaultToOldPath - Config key user has been deprecated and will be removed in a future release. Use username instead {}
[INFO ] 2018-07-20T08:53:10,074Z [main] internal.NodeWebServer.connectLocalRpcAsNodeUser - Connecting to node at localhost:10009 as User(user1, permissions=[ALL]) {}
[INFO ] 2018-07-20T08:53:41,427Z [main] internal.RPCClient.logElapsedTime - Startup took 10944 msec {}
[WARN ] 2018-07-20T08:53:42,485Z [main] internal.config.defaultToOldPath - Config key user has been deprecated and will be removed in a future release. Use username instead {}
[INFO ] 2018-07-20T08:53:42,486Z [main] internal.NodeWebServer.connectLocalRpcAsNodeUser - Connecting to node at localhost:10009 as User(user1, permissions=[ALL]) {}
[INFO ] 2018-07-20T08:53:43,889Z [main] internal.RPCClient.logElapsedTime - Startup took 1402 msec {}
[WARN ] 2018-07-20T08:53:44,930Z [main] internal.config.defaultToOldPath - Config key user has been deprecated and will be removed in a future release. Use username instead {}
[INFO ] 2018-07-20T08:53:44,931Z [main] internal.NodeWebServer.connectLocalRpcAsNodeUser - Connecting to node at localhost:10009 as User(user1, permissions=[ALL]) {}
[INFO ] 2018-07-20T08:53:46,588Z [main] internal.RPCClient.logElapsedTime - Startup took 1656 msec {}
[WARN ] 2018-07-20T08:53:47,781Z [main] internal.config.defaultToOldPath - Config key user has been deprecated and will be removed in a future release. Use username instead {}
[INFO ] 2018-07-20T08:53:47,786Z [main] internal.NodeWebServer.connectLocalRpcAsNodeUser - Connecting to node at localhost:10009 as User(user1, permissions=[ALL]) {}
[INFO ] 2018-07-20T08:53:49,388Z [main] internal.RPCClient.logElapsedTime - Startup took 1601 msec {}
[WARN ] 2018-07-20T08:53:50,392Z [main] internal.config.defaultToOldPath - Config key user has been deprecated and will be removed in a future release. Use username instead {}
[INFO ] 2018-07-20T08:53:50,393Z [main] internal.NodeWebServer.connectLocalRpcAsNodeUser - Connecting to node at localhost:10009 as User(user1, permissions=[ALL]) {}
[INFO ] 2018-07-20T08:53:51,710Z [main] internal.RPCClient.logElapsedTime - Startup took 1317 msec {}
[WARN ] 2018-07-20T08:53:53,274Z [main] internal.config.defaultToOldPath - Config key user has been deprecated and will be removed in a future release. Use username instead {}
[INFO ] 2018-07-20T08:53:53,276Z [main] internal.NodeWebServer.connectLocalRpcAsNodeUser - Connecting to node at localhost:10009 as User(user1, permissions=[ALL]) {}
[INFO ] 2018-07-20T08:53:55,373Z [main] internal.RPCClient.logElapsedTime - Startup took 2096 msec {}
[WARN ] 2018-07-20T08:53:56,550Z [main] internal.config.defaultToOldPath - Config key user has been deprecated and will be removed in a future release. Use username instead {}
[INFO ] 2018-07-20T08:53:56,552Z [main] internal.NodeWebServer.connectLocalRpcAsNodeUser - Connecting to node at localhost:10009 as User(user1, permissions=[ALL]) {}
[INFO ] 2018-07-20T08:53:59,387Z [main] internal.RPCClient.logElapsedTime - Startup took 2833 msec {}
[WARN ] 2018-07-20T08:54:00,426Z [main] internal.config.defaultToOldPath - Config key user has been deprecated and will be removed in a future release. Use username instead {}
[INFO ] 2018-07-20T08:54:00,452Z [main] internal.NodeWebServer.connectLocalRpcAsNodeUser - Connecting to node at localhost:10009 as User(user1, permissions=[ALL]) {}
[INFO ] 2018-07-20T08:54:01,808Z [main] internal.RPCClient.logElapsedTime - Startup took 1345 msec {}
[WARN ] 2018-07-20T08:54:02,899Z [main] internal.config.defaultToOldPath - Config key user has been deprecated and will be removed in a future release. Use username instead {}
[INFO ] 2018-07-20T08:54:02,901Z [main] internal.NodeWebServer.connectLocalRpcAsNodeUser - Connecting to node at localhost:10009 as User(user1, permissions=[ALL]) {}
[INFO ] 2018-07-20T08:54:04,700Z [main] internal.RPCClient.logElapsedTime - Startup took 1790 msec {}
[WARN ] 2018-07-20T08:54:05,973Z [main] internal.config.defaultToOldPath - Config key user has been deprecated and will be removed in a future release. Use username instead {}
[INFO ] 2018-07-20T08:54:05,974Z [main] internal.NodeWebServer.connectLocalRpcAsNodeUser - Connecting to node at localhost:10009 as User(user1, permissions=[ALL]) {}
[INFO ] 2018-07-20T08:54:07,305Z [main] internal.RPCClient.logElapsedTime - Startup took 1330 msec {}
[WARN ] 2018-07-20T08:54:09,249Z [main] internal.config.defaultToOldPath - Config key user has been deprecated and will be removed in a future release. Use username instead {}
[INFO ] 2018-07-20T08:54:09,250Z [main] internal.NodeWebServer.connectLocalRpcAsNodeUser - Connecting to node at localhost:10009 as User(user1, permissions=[ALL]) {}
[INFO ] 2018-07-20T08:54:10,596Z [main] internal.RPCClient.logElapsedTime - Startup took 1344 msec {}
[WARN ] 2018-07-20T08:54:11,949Z [main] internal.config.defaultToOldPath - Config key user has been deprecated and will be removed in a future release. Use username instead {}
[INFO ] 2018-07-20T08:54:11,950Z [main] internal.NodeWebServer.connectLocalRpcAsNodeUser - Connecting to node at localhost:10009 as User(user1, permissions=[ALL]) {}
[INFO ] 2018-07-20T08:54:13,275Z [main] internal.RPCClient.logElapsedTime - Startup took 1325 msec {}
[WARN ] 2018-07-20T08:54:14,486Z [main] internal.config.defaultToOldPath - Config key user has been deprecated and will be removed in a future release. Use username instead {}
[INFO ] 2018-07-20T08:54:14,486Z [main] internal.NodeWebServer.connectLocalRpcAsNodeUser - Connecting to node at localhost:10009 as User(user1, permissions=[ALL]) {}
[INFO ] 2018-07-20T08:54:16,066Z [main] internal.RPCClient.logElapsedTime - Startup took 1578 msec {}
[WARN ] 2018-07-20T08:54:17,281Z [main] internal.config.defaultToOldPath - Config key user has been deprecated and will be removed in a future release. Use username instead {}
[INFO ] 2018-07-20T08:54:17,286Z [main] internal.NodeWebServer.connectLocalRpcAsNodeUser - Connecting to node at localhost:10009 as User(user1, permissions=[ALL]) {}
[INFO ] 2018-07-20T08:54:18,813Z [main] internal.RPCClient.logElapsedTime - Startup took 1526 msec {}
[WARN ] 2018-07-20T08:54:19,826Z [main] internal.config.defaultToOldPath - Config key user has been deprecated and will be removed in a future release. Use username instead {}
[INFO ] 2018-07-20T08:54:19,828Z [main] internal.NodeWebServer.connectLocalRpcAsNodeUser - Connecting to node at localhost:10009 as User(user1, permissions=[ALL]) {}
[INFO ] 2018-07-20T08:54:21,162Z [main] internal.RPCClient.logElapsedTime - Startup took 1332 msec {}
[WARN ] 2018-07-20T08:54:22,434Z [main] internal.config.defaultToOldPath - Config key user has been deprecated and will be removed in a future release. Use username instead {}
[INFO ] 2018-07-20T08:54:22,435Z [main] internal.NodeWebServer.connectLocalRpcAsNodeUser - Connecting to node at localhost:10009 as User(user1, permissions=[ALL]) {}
[INFO ] 2018-07-20T08:54:23,750Z [main] internal.RPCClient.logElapsedTime - Startup took 1314 msec {}
[WARN ] 2018-07-20T08:54:24,999Z [main] internal.config.defaultToOldPath - Config key user has been deprecated and will be removed in a future release. Use username instead {}
[INFO ] 2018-07-20T08:54:25,002Z [main] internal.NodeWebServer.connectLocalRpcAsNodeUser - Connecting to node at localhost:10009 as User(user1, permissions=[ALL]) {}
[INFO ] 2018-07-20T08:54:26,295Z [main] internal.RPCClient.logElapsedTime - Startup took 1292 msec {}
[WARN ] 2018-07-20T08:54:27,412Z [main] internal.config.defaultToOldPath - Config key user has been deprecated and will be removed in a future release. Use username instead {}
[INFO ] 2018-07-20T08:54:27,413Z [main] internal.NodeWebServer.connectLocalRpcAsNodeUser - Connecting to node at localhost:10009 as User(user1, permissions=[ALL]) {}
[INFO ] 2018-07-20T08:54:30,450Z [main] internal.RPCClient.logElapsedTime - Startup took 3036 msec {}
[WARN ] 2018-07-20T08:54:31,524Z [main] internal.config.defaultToOldPath - Config key user has been deprecated and will be removed in a future release. Use username instead {}
[INFO ] 2018-07-20T08:54:31,528Z [main] internal.NodeWebServer.connectLocalRpcAsNodeUser - Connecting to node at localhost:10009 as User(user1, permissions=[ALL]) {}
[INFO ] 2018-07-20T08:54:33,122Z [main] internal.RPCClient.logElapsedTime - Startup took 1593 msec {}
[WARN ] 2018-07-20T08:54:34,188Z [main] internal.config.defaultToOldPath - Config key user has been deprecated and will be removed in a future release. Use username instead {}
[INFO ] 2018-07-20T08:54:34,188Z [main] internal.NodeWebServer.connectLocalRpcAsNodeUser - Connecting to node at localhost:10009 as User(user1, permissions=[ALL]) {}
[INFO ] 2018-07-20T08:54:35,456Z [main] internal.RPCClient.logElapsedTime - Startup took 1266 msec {}
[WARN ] 2018-07-20T08:54:36,613Z [main] internal.config.defaultToOldPath - Config key user has been deprecated and will be removed in a future release. Use username instead {}
[INFO ] 2018-07-20T08:54:36,615Z [main] internal.NodeWebServer.connectLocalRpcAsNodeUser - Connecting to node at localhost:10009 as User(user1, permissions=[ALL]) {}
[INFO ] 2018-07-20T08:54:39,517Z [main] internal.RPCClient.logElapsedTime - Startup took 2901 msec {}
[WARN ] 2018-07-20T08:54:40,606Z [main] internal.config.defaultToOldPath - Config key user has been deprecated and will be removed in a future release. Use username instead {}
[INFO ] 2018-07-20T08:54:40,609Z [main] internal.NodeWebServer.connectLocalRpcAsNodeUser - Connecting to node at localhost:10009 as User(user1, permissions=[ALL]) {}
[INFO ] 2018-07-20T08:54:42,087Z [main] internal.RPCClient.logElapsedTime - Startup took 1478 msec {}
[WARN ] 2018-07-20T08:54:43,271Z [main] internal.config.defaultToOldPath - Config key user has been deprecated and will be removed in a future release. Use username instead {}
[INFO ] 2018-07-20T08:54:43,273Z [main] internal.NodeWebServer.connectLocalRpcAsNodeUser - Connecting to node at localhost:10009 as User(user1, permissions=[ALL]) {}
[INFO ] 2018-07-20T08:54:44,574Z [main] internal.RPCClient.logElapsedTime - Startup took 1301 msec {}
[WARN ] 2018-07-20T08:54:45,611Z [main] internal.config.defaultToOldPath - Config key user has been deprecated and will be removed in a future release. Use username instead {}
[INFO ] 2018-07-20T08:54:45,612Z [main] internal.NodeWebServer.connectLocalRpcAsNodeUser - Connecting to node at localhost:10009 as User(user1, permissions=[ALL]) {}
[INFO ] 2018-07-20T08:54:46,910Z [main] internal.RPCClient.logElapsedTime - Startup took 1297 msec {}
[WARN ] 2018-07-20T08:54:47,948Z [main] internal.config.defaultToOldPath - Config key user has been deprecated and will be removed in a future release. Use username instead {}
[INFO ] 2018-07-20T08:54:47,950Z [main] internal.NodeWebServer.connectLocalRpcAsNodeUser - Connecting to node at localhost:10009 as User(user1, permissions=[ALL]) {}
[INFO ] 2018-07-20T08:54:49,230Z [main] internal.RPCClient.logElapsedTime - Startup took 1275 msec {}
[WARN ] 2018-07-20T08:54:50,450Z [main] internal.config.defaultToOldPath - Config key user has been deprecated and will be removed in a future release. Use username instead {}
[INFO ] 2018-07-20T08:54:50,451Z [main] internal.NodeWebServer.connectLocalRpcAsNodeUser - Connecting to node at localhost:10009 as User(user1, permissions=[ALL]) {}
[INFO ] 2018-07-20T08:54:52,570Z [main] internal.RPCClient.logElapsedTime - Startup took 2118 msec {}
[WARN ] 2018-07-20T08:54:53,664Z [main] internal.config.defaultToOldPath - Config key user has been deprecated and will be removed in a future release. Use username instead {}
[INFO ] 2018-07-20T08:54:53,667Z [main] internal.NodeWebServer.connectLocalRpcAsNodeUser - Connecting to node at localhost:10009 as User(user1, permissions=[ALL]) {}
[INFO ] 2018-07-20T08:54:55,012Z [main] internal.RPCClient.logElapsedTime - Startup took 1345 msec {}
[WARN ] 2018-07-20T08:54:56,027Z [main] internal.config.defaultToOldPath - Config key user has been deprecated and will be removed in a future release. Use username instead {}
[INFO ] 2018-07-20T08:54:56,049Z [main] internal.NodeWebServer.connectLocalRpcAsNodeUser - Connecting to node at localhost:10009 as User(user1, permissions=[ALL]) {}
[INFO ] 2018-07-20T08:54:57,260Z [main] internal.RPCClient.logElapsedTime - Startup took 1209 msec {}
[WARN ] 2018-07-20T08:54:58,332Z [main] internal.config.defaultToOldPath - Config key user has been deprecated and will be removed in a future release. Use username instead {}
[INFO ] 2018-07-20T08:54:58,404Z [main] internal.NodeWebServer.connectLocalRpcAsNodeUser - Connecting to node at localhost:10009 as User(user1, permissions=[ALL]) {}
[INFO ] 2018-07-20T08:54:59,575Z [main] internal.RPCClient.logElapsedTime - Startup took 1170 msec {}
[WARN ] 2018-07-20T08:55:00,599Z [main] internal.config.defaultToOldPath - Config key user has been deprecated and will be removed in a future release. Use username instead {}
[INFO ] 2018-07-20T08:55:00,599Z [main] internal.NodeWebServer.connectLocalRpcAsNodeUser - Connecting to node at localhost:10009 as User(user1, permissions=[ALL]) {}
[INFO ] 2018-07-20T08:55:02,030Z [main] internal.RPCClient.logElapsedTime - Startup took 1430 msec {}
[WARN ] 2018-07-20T08:55:03,198Z [main] internal.config.defaultToOldPath - Config key user has been deprecated and will be removed in a future release. Use username instead {}
[INFO ] 2018-07-20T08:55:03,201Z [main] internal.NodeWebServer.connectLocalRpcAsNodeUser - Connecting to node at localhost:10009 as User(user1, permissions=[ALL]) {}
[INFO ] 2018-07-20T08:55:04,971Z [main] internal.RPCClient.logElapsedTime - Startup took 1770 msec {}
[WARN ] 2018-07-20T08:55:06,087Z [main] internal.config.defaultToOldPath - Config key user has been deprecated and will be removed in a future release. Use username instead {}
[INFO ] 2018-07-20T08:55:06,095Z [main] internal.NodeWebServer.connectLocalRpcAsNodeUser - Connecting to node at localhost:10009 as User(user1, permissions=[ALL]) {}
[INFO ] 2018-07-20T08:55:08,106Z [main] internal.RPCClient.logElapsedTime - Startup took 2009 msec {}
[WARN ] 2018-07-20T08:55:09,412Z [main] internal.config.defaultToOldPath - Config key user has been deprecated and will be removed in a future release. Use username instead {}
[INFO ] 2018-07-20T08:55:09,418Z [main] internal.NodeWebServer.connectLocalRpcAsNodeUser - Connecting to node at localhost:10009 as User(user1, permissions=[ALL]) {}
[INFO ] 2018-07-20T08:55:11,247Z [main] internal.RPCClient.logElapsedTime - Startup took 1827 msec {}
[WARN ] 2018-07-20T08:55:12,358Z [main] internal.config.defaultToOldPath - Config key user has been deprecated and will be removed in a future release. Use username instead {}
[INFO ] 2018-07-20T08:55:12,359Z [main] internal.NodeWebServer.connectLocalRpcAsNodeUser - Connecting to node at localhost:10009 as User(user1, permissions=[ALL]) {}
[INFO ] 2018-07-20T08:55:13,544Z [main] internal.RPCClient.logElapsedTime - Startup took 1183 msec {}
[WARN ] 2018-07-20T08:55:14,573Z [main] internal.config.defaultToOldPath - Config key user has been deprecated and will be removed in a future release. Use username instead {}
[INFO ] 2018-07-20T08:55:14,574Z [main] internal.NodeWebServer.connectLocalRpcAsNodeUser - Connecting to node at localhost:10009 as User(user1, permissions=[ALL]) {}
[INFO ] 2018-07-20T08:55:15,902Z [main] internal.RPCClient.logElapsedTime - Startup took 1325 msec {}
[WARN ] 2018-07-20T08:55:16,912Z [main] internal.config.defaultToOldPath - Config key user has been deprecated and will be removed in a future release. Use username instead {}
[INFO ] 2018-07-20T08:55:16,914Z [main] internal.NodeWebServer.connectLocalRpcAsNodeUser - Connecting to node at localhost:10009 as User(user1, permissions=[ALL]) {}
[INFO ] 2018-07-20T08:55:38,135Z [main] internal.RPCClient.logElapsedTime - Startup took 21220 msec {}
[INFO ] 2018-07-20T08:55:38,218Z [main] util.log.initialized - Logging initialized @169291ms to org.eclipse.jetty.util.log.Slf4jLog {}
[INFO ] 2018-07-20T08:55:42,414Z [main] internal.NodeWebServer.buildServletContextHandler - Add plugin web API from attachment com.template.TemplateWebPlugin$$Lambda$33/1705558790@71ce19ee {}
[INFO ] 2018-07-20T08:55:42,745Z [main] server.Server.doStart - jetty-9.4.7.v20170914 {}
[INFO ] 2018-07-20T08:55:47,479Z [main] handler.ContextHandler.doStart - Started o.e.j.s.ServletContextHandler@5339cdc6{/,null,AVAILABLE} {}
[INFO ] 2018-07-20T08:55:47,608Z [main] server.AbstractConnector.doStart - Started ServerConnector@6edd80fe{HTTP/1.1,[http/1.1]}{0.0.0.0:10010} {}
[INFO ] 2018-07-20T08:55:47,608Z [main] server.Server.doStart - Started @178686ms {}
[INFO ] 2018-07-20T08:55:47,609Z [main] internal.NodeWebServer.initWebServer - Starting webserver on address localhost:10010 {}
[INFO ] 2018-07-20T09:37:28,199Z [main] webserver.CmdLineOptions.loadConfig - Config:
{
    # hardcoded value
    "baseDirectory" : "D:\\ubuntu\\Turnover-Box-Chain\\build\\nodes\\Supplier",
    # web-reference.conf @ jar:file:/C:/Users/Xiaoli%20Yang/AppData/Local/capsule/apps/net.corda.webserver.WebServer_3.1-corda/corda-webserver-impl-3.1-corda.jar!/web-reference.conf: 2
    "keyStorePassword" : "cordacadevpass",
    # D:\ubuntu\Turnover-Box-Chain\build\nodes\Supplier\node.conf: 1
    "myLegalName" : "O=Supplier,L=Dusserdorf,C=DE",
    # D:\ubuntu\Turnover-Box-Chain\build\nodes\Supplier\node.conf: 2
    "p2pAddress" : "localhost:10008",
    # D:\ubuntu\Turnover-Box-Chain\build\nodes\Supplier\node.conf: 3
    "rpcSettings" : {
        # D:\ubuntu\Turnover-Box-Chain\build\nodes\Supplier\node.conf: 4
        "address" : "localhost:10009",
        # D:\ubuntu\Turnover-Box-Chain\build\nodes\Supplier\node.conf: 5
        "adminAddress" : "localhost:10049"
    },
    # D:\ubuntu\Turnover-Box-Chain\build\nodes\Supplier\node.conf: 7
    "rpcUsers" : [
        # D:\ubuntu\Turnover-Box-Chain\build\nodes\Supplier\node.conf: 8
        {
            # D:\ubuntu\Turnover-Box-Chain\build\nodes\Supplier\node.conf: 9
            "password" : "test",
            # D:\ubuntu\Turnover-Box-Chain\build\nodes\Supplier\node.conf: 10
            "permissions" : [
                # D:\ubuntu\Turnover-Box-Chain\build\nodes\Supplier\node.conf: 11
                "ALL"
            ],
            # D:\ubuntu\Turnover-Box-Chain\build\nodes\Supplier\node.conf: 13
            "user" : "user1"
        }
    ],
    # web-reference.conf @ jar:file:/C:/Users/Xiaoli%20Yang/AppData/Local/capsule/apps/net.corda.webserver.WebServer_3.1-corda/corda-webserver-impl-3.1-corda.jar!/web-reference.conf: 3
    "trustStorePassword" : "trustpass",
    # web-reference.conf @ jar:file:/C:/Users/Xiaoli%20Yang/AppData/Local/capsule/apps/net.corda.webserver.WebServer_3.1-corda/corda-webserver-impl-3.1-corda.jar!/web-reference.conf: 1
    "useHTTPS" : false,
    # D:\ubuntu\Turnover-Box-Chain\build\nodes\Supplier\node.conf: 16
    "webAddress" : "localhost:10010"
}
 {}
[INFO ] 2018-07-20T09:37:28,727Z [main] Main.main - Main class: /C:/Users/Xiaoli Yang/AppData/Local/capsule/apps/net.corda.webserver.WebServer_3.1-corda/corda-webserver-impl-3.1-corda.jar {}
[INFO ] 2018-07-20T09:37:29,208Z [main] Main.main - CommandLine Args: -Xmx200m -XX:+UseG1GC -agentlib:jdwp=transport=dt_socket,server=y,suspend=n,address=5011 -javaagent:drivers/jolokia-jvm-1.3.7-agent.jar=port=7011,logHandlerClass=net.corda.webserver.JolokiaSlf4Adapter -javaagent:D:\ubuntu\Turnover-Box-Chain\build\nodes\Supplier\corda-webserver.jar -javaagent:C:\Users\Xiaoli Yang\AppData\Local\capsule\apps\net.corda.webserver.WebServer_3.1-corda\quasar-core-0.7.9-jdk8.jar -Dcapsule.address=0.0.0.0 -Dvisualvm.display.name=Corda -Djava.library.path=C:\Program Files\Java\jre1.8.0_172\bin;C:\WINDOWS\Sun\Java\bin;C:\WINDOWS\system32;C:\WINDOWS;C:\Program Files (x86)\Common Files\Oracle\Java\javapath;C:\ProgramData\Oracle\Java\javapath;C:\Program Files (x86)\Intel\iCLS Client;C:\Program Files\Intel\iCLS Client;C:\WINDOWS\system32;C:\WINDOWS;C:\WINDOWS\System32\Wbem;C:\WINDOWS\System32\WindowsPowerShell\v1.0;C:\Program Files (x86)\Intel\Intel(R) Management Engine Components\DAL;C:\Program Files\Intel\Intel(R) Management Engine Components\DAL;C:\Program Files (x86)\Intel\Intel(R) Management Engine Components\IPT;C:\Program Files\Intel\Intel(R) Management Engine Components\IPT;C:\Program Files\Microsoft SQL Server\130\Tools\Binn;C:\Program Files\MiKTeX 2.9\miktex\bin\x64;C:\Program Files (x86)\Java\jre1.8.0_141\lib;C:\Program Files\nodejs;C:\Program Files\MATLAB\R2017b\runtime\win64;C:\Program Files\MATLAB\R2017b\bin;C:\Program Files (x86)\GtkSharp\2.12\bin;C:\Program Files (x86)\Brackets\command;C:\Program Files\Git\cmd;C:\Program Files\Gradle\gradle-4.7\bin;C:\Go\bin;C:\WINDOWS\System32\OpenSSH;C:\Program Files (x86)\NVIDIA Corporation\PhysX\Common;C:\Users\Xiaoli Yang\AppData\Local\Programs\Python\Python35\Scripts;C:\Users\Xiaoli Yang\AppData\Local\Programs\Python\Python35;C:\Users\Xiaoli Yang\AppData\Local\Microsoft\WindowsApps;C:\Program Files (x86)\Microsoft VS Code\bin;C:\Users\Xiaoli Yang\AppData\Roaming\npm;%GOPATH%\bin;C:\Users\Xiaoli Yang\AppData\Local\capsule\apps\net.corda.webserver.WebServer_3.1-corda -Dcapsule.log=1 -Dcapsule.app=net.corda.webserver.WebServer_3.1-corda -Dcapsule.port=50131 -Dname=Supplier-corda-webserver.jar -Dcapsule.jvm.args=-agentlib:jdwp=transport=dt_socket,server=y,suspend=n,address=5011 -javaagent:drivers/jolokia-jvm-1.3.7-agent.jar=port=7011,logHandlerClass=net.corda.webserver.JolokiaSlf4Adapter -DWebserver -Dcapsule.dir=C:\Users\Xiaoli Yang\AppData\Local\capsule\apps\net.corda.webserver.WebServer_3.1-corda -Dcapsule.jar=D:\ubuntu\Turnover-Box-Chain\build\nodes\Supplier\corda-webserver.jar {}
[INFO ] 2018-07-20T09:37:31,213Z [main] Main.main - Application Args:  {}
[INFO ] 2018-07-20T09:37:31,213Z [main] Main.main - bootclasspath: C:\Program Files\Java\jre1.8.0_172\lib\resources.jar;C:\Program Files\Java\jre1.8.0_172\lib\rt.jar;C:\Program Files\Java\jre1.8.0_172\lib\sunrsasign.jar;C:\Program Files\Java\jre1.8.0_172\lib\jsse.jar;C:\Program Files\Java\jre1.8.0_172\lib\jce.jar;C:\Program Files\Java\jre1.8.0_172\lib\charsets.jar;C:\Program Files\Java\jre1.8.0_172\lib\jfr.jar;C:\Program Files\Java\jre1.8.0_172\classes {}
[INFO ] 2018-07-20T09:37:31,214Z [main] Main.main - classpath: D:\ubuntu\Turnover-Box-Chain\build\nodes\Supplier\corda-webserver.jar;C:\Users\Xiaoli Yang\AppData\Local\capsule\apps\net.corda.webserver.WebServer_3.1-corda\corda-rpc-3.1-corda.jar;C:\Users\Xiaoli Yang\AppData\Local\capsule\apps\net.corda.webserver.WebServer_3.1-corda\corda-jackson-3.1-corda.jar;C:\Users\Xiaoli Yang\AppData\Local\capsule\apps\net.corda.webserver.WebServer_3.1-corda\corda-node-api-3.1-corda.jar;C:\Users\Xiaoli Yang\AppData\Local\capsule\apps\net.corda.webserver.WebServer_3.1-corda\corda-core-3.1-corda.jar;C:\Users\Xiaoli Yang\AppData\Local\capsule\apps\net.corda.webserver.WebServer_3.1-corda\jetty-webapp-9.4.7.v20170914.jar;C:\Users\Xiaoli Yang\AppData\Local\capsule\apps\net.corda.webserver.WebServer_3.1-corda\jetty-servlet-9.4.7.v20170914.jar;C:\Users\Xiaoli Yang\AppData\Local\capsule\apps\net.corda.webserver.WebServer_3.1-corda\jersey-container-jetty-http-2.25.jar;C:\Users\Xiaoli Yang\AppData\Local\capsule\apps\net.corda.webserver.WebServer_3.1-corda\jetty-security-9.4.7.v20170914.jar;C:\Users\Xiaoli Yang\AppData\Local\capsule\apps\net.corda.webserver.WebServer_3.1-corda\jetty-server-9.4.7.v20170914.jar;C:\Users\Xiaoli Yang\AppData\Local\capsule\apps\net.corda.webserver.WebServer_3.1-corda\javax.servlet-api-3.1.0.jar;C:\Users\Xiaoli Yang\AppData\Local\capsule\apps\net.corda.webserver.WebServer_3.1-corda\commons-fileupload-1.3.3.jar;C:\Users\Xiaoli Yang\AppData\Local\capsule\apps\net.corda.webserver.WebServer_3.1-corda\log4j-slf4j-impl-2.9.1.jar;C:\Users\Xiaoli Yang\AppData\Local\capsule\apps\net.corda.webserver.WebServer_3.1-corda\log4j-core-2.9.1.jar;C:\Users\Xiaoli Yang\AppData\Local\capsule\apps\net.corda.webserver.WebServer_3.1-corda\jopt-simple-5.0.2.jar;C:\Users\Xiaoli Yang\AppData\Local\capsule\apps\net.corda.webserver.WebServer_3.1-corda\jetty-continuation-9.4.7.v20170914.jar;C:\Users\Xiaoli Yang\AppData\Local\capsule\apps\net.corda.webserver.WebServer_3.1-corda\jersey-container-servlet-core-2.25.jar;C:\Users\Xiaoli Yang\AppData\Local\capsule\apps\net.corda.webserver.WebServer_3.1-corda\jersey-server-2.25.jar;C:\Users\Xiaoli Yang\AppData\Local\capsule\apps\net.corda.webserver.WebServer_3.1-corda\jersey-media-json-jackson-2.25.jar;C:\Users\Xiaoli Yang\AppData\Local\capsule\apps\net.corda.webserver.WebServer_3.1-corda\kotlinx-html-jvm-0.6.3.jar;C:\Users\Xiaoli Yang\AppData\Local\capsule\apps\net.corda.webserver.WebServer_3.1-corda\kotlin-stdlib-jre8-1.1.60.jar;C:\Users\Xiaoli Yang\AppData\Local\capsule\apps\net.corda.webserver.WebServer_3.1-corda\jackson-module-kotlin-2.9.2.jar;C:\Users\Xiaoli Yang\AppData\Local\capsule\apps\net.corda.webserver.WebServer_3.1-corda\kotlin-reflect-1.1.60.jar;C:\Users\Xiaoli Yang\AppData\Local\capsule\apps\net.corda.webserver.WebServer_3.1-corda\cordform-common-3.1.0.jar;C:\Users\Xiaoli Yang\AppData\Local\capsule\apps\net.corda.webserver.WebServer_3.1-corda\jsr305-3.0.2.jar;C:\Users\Xiaoli Yang\AppData\Local\capsule\apps\net.corda.webserver.WebServer_3.1-corda\jcl-over-slf4j-1.7.25.jar;C:\Users\Xiaoli Yang\AppData\Local\capsule\apps\net.corda.webserver.WebServer_3.1-corda\slf4j-api-1.7.25.jar;C:\Users\Xiaoli Yang\AppData\Local\capsule\apps\net.corda.webserver.WebServer_3.1-corda\rxjava-1.2.4.jar;C:\Users\Xiaoli Yang\AppData\Local\capsule\apps\net.corda.webserver.WebServer_3.1-corda\commons-jexl3-3.0.jar;C:\Users\Xiaoli Yang\AppData\Local\capsule\apps\net.corda.webserver.WebServer_3.1-corda\jackson-datatype-jsr310-2.9.2.jar;C:\Users\Xiaoli Yang\AppData\Local\capsule\apps\net.corda.webserver.WebServer_3.1-corda\jackson-jaxrs-json-provider-2.8.4.jar;C:\Users\Xiaoli Yang\AppData\Local\capsule\apps\net.corda.webserver.WebServer_3.1-corda\jackson-jaxrs-base-2.8.4.jar;C:\Users\Xiaoli Yang\AppData\Local\capsule\apps\net.corda.webserver.WebServer_3.1-corda\jackson-module-jaxb-annotations-2.8.4.jar;C:\Users\Xiaoli Yang\AppData\Local\capsule\apps\net.corda.webserver.WebServer_3.1-corda\jackson-databind-2.9.2.jar;C:\Users\Xiaoli Yang\AppData\Local\capsule\apps\net.corda.webserver.WebServer_3.1-corda\eddsa-0.2.0.jar;C:\Users\Xiaoli Yang\AppData\Local\capsule\apps\net.corda.webserver.WebServer_3.1-corda\bcpkix-jdk15on-1.57.jar;C:\Users\Xiaoli Yang\AppData\Local\capsule\apps\net.corda.webserver.WebServer_3.1-corda\bcprov-jdk15on-1.57.jar;C:\Users\Xiaoli Yang\AppData\Local\capsule\apps\net.corda.webserver.WebServer_3.1-corda\hibernate-core-5.2.6.Final.jar;C:\Users\Xiaoli Yang\AppData\Local\capsule\apps\net.corda.webserver.WebServer_3.1-corda\hibernate-jpa-2.1-api-1.0.0.Final.jar;C:\Users\Xiaoli Yang\AppData\Local\capsule\apps\net.corda.webserver.WebServer_3.1-corda\quasar-core-0.7.9-jdk8.jar;C:\Users\Xiaoli Yang\AppData\Local\capsule\apps\net.corda.webserver.WebServer_3.1-corda\jackson-dataformat-yaml-2.9.2.jar;C:\Users\Xiaoli Yang\AppData\Local\capsule\apps\net.corda.webserver.WebServer_3.1-corda\artemis-core-client-2.2.0.jar;C:\Users\Xiaoli Yang\AppData\Local\capsule\apps\net.corda.webserver.WebServer_3.1-corda\artemis-commons-2.2.0.jar;C:\Users\Xiaoli Yang\AppData\Local\capsule\apps\net.corda.webserver.WebServer_3.1-corda\guava-21.0.jar;C:\Users\Xiaoli Yang\AppData\Local\capsule\apps\net.corda.webserver.WebServer_3.1-corda\jetty-xml-9.4.7.v20170914.jar;C:\Users\Xiaoli Yang\AppData\Local\capsule\apps\net.corda.webserver.WebServer_3.1-corda\jolokia-jsr160-1.3.7.jar;C:\Users\Xiaoli Yang\AppData\Local\capsule\apps\net.corda.webserver.WebServer_3.1-corda\jolokia-core-1.3.7.jar;C:\Users\Xiaoli Yang\AppData\Local\capsule\apps\net.corda.webserver.WebServer_3.1-corda\commons-io-2.2.jar;C:\Users\Xiaoli Yang\AppData\Local\capsule\apps\net.corda.webserver.WebServer_3.1-corda\log4j-api-2.9.1.jar;C:\Users\Xiaoli Yang\AppData\Local\capsule\apps\net.corda.webserver.WebServer_3.1-corda\jersey-client-2.25.jar;C:\Users\Xiaoli Yang\AppData\Local\capsule\apps\net.corda.webserver.WebServer_3.1-corda\jersey-media-jaxb-2.25.jar;C:\Users\Xiaoli Yang\AppData\Local\capsule\apps\net.corda.webserver.WebServer_3.1-corda\jersey-common-2.25.jar;C:\Users\Xiaoli Yang\AppData\Local\capsule\apps\net.corda.webserver.WebServer_3.1-corda\jersey-entity-filtering-2.25.jar;C:\Users\Xiaoli Yang\AppData\Local\capsule\apps\net.corda.webserver.WebServer_3.1-corda\javax.ws.rs-api-2.0.1.jar;C:\Users\Xiaoli Yang\AppData\Local\capsule\apps\net.corda.webserver.WebServer_3.1-corda\javax.annotation-api-1.2.jar;C:\Users\Xiaoli Yang\AppData\Local\capsule\apps\net.corda.webserver.WebServer_3.1-corda\hk2-locator-2.5.0-b30.jar;C:\Users\Xiaoli Yang\AppData\Local\capsule\apps\net.corda.webserver.WebServer_3.1-corda\hk2-api-2.5.0-b30.jar;C:\Users\Xiaoli Yang\AppData\Local\capsule\apps\net.corda.webserver.WebServer_3.1-corda\javax.inject-2.5.0-b30.jar;C:\Users\Xiaoli Yang\AppData\Local\capsule\apps\net.corda.webserver.WebServer_3.1-corda\validation-api-1.1.0.Final.jar;C:\Users\Xiaoli Yang\AppData\Local\capsule\apps\net.corda.webserver.WebServer_3.1-corda\jetty-http-9.4.7.v20170914.jar;C:\Users\Xiaoli Yang\AppData\Local\capsule\apps\net.corda.webserver.WebServer_3.1-corda\jetty-io-9.4.7.v20170914.jar;C:\Users\Xiaoli Yang\AppData\Local\capsule\apps\net.corda.webserver.WebServer_3.1-corda\jetty-util-9.4.7.v20170914.jar;C:\Users\Xiaoli Yang\AppData\Local\capsule\apps\net.corda.webserver.WebServer_3.1-corda\jackson-annotations-2.9.0.jar;C:\Users\Xiaoli Yang\AppData\Local\capsule\apps\net.corda.webserver.WebServer_3.1-corda\kotlin-stdlib-jre7-1.1.60.jar;C:\Users\Xiaoli Yang\AppData\Local\capsule\apps\net.corda.webserver.WebServer_3.1-corda\kotlin-stdlib-1.1.60.jar;C:\Users\Xiaoli Yang\AppData\Local\capsule\apps\net.corda.webserver.WebServer_3.1-corda\jackson-core-2.9.2.jar;C:\Users\Xiaoli Yang\AppData\Local\capsule\apps\net.corda.webserver.WebServer_3.1-corda\hibernate-commons-annotations-5.0.1.Final.jar;C:\Users\Xiaoli Yang\AppData\Local\capsule\apps\net.corda.webserver.WebServer_3.1-corda\jboss-logging-3.3.0.Final.jar;C:\Users\Xiaoli Yang\AppData\Local\capsule\apps\net.corda.webserver.WebServer_3.1-corda\javassist-3.20.0-GA.jar;C:\Users\Xiaoli Yang\AppData\Local\capsule\apps\net.corda.webserver.WebServer_3.1-corda\antlr-2.7.7.jar;C:\Users\Xiaoli Yang\AppData\Local\capsule\apps\net.corda.webserver.WebServer_3.1-corda\geronimo-jta_1.1_spec-1.1.1.jar;C:\Users\Xiaoli Yang\AppData\Local\capsule\apps\net.corda.webserver.WebServer_3.1-corda\jandex-2.0.3.Final.jar;C:\Users\Xiaoli Yang\AppData\Local\capsule\apps\net.corda.webserver.WebServer_3.1-corda\classmate-1.3.0.jar;C:\Users\Xiaoli Yang\AppData\Local\capsule\apps\net.corda.webserver.WebServer_3.1-corda\dom4j-1.6.1.jar;C:\Users\Xiaoli Yang\AppData\Local\capsule\apps\net.corda.webserver.WebServer_3.1-corda\cdi-api-1.1.jar;C:\Users\Xiaoli Yang\AppData\Local\capsule\apps\net.corda.webserver.WebServer_3.1-corda\commons-collections4-4.1.jar;C:\Users\Xiaoli Yang\AppData\Local\capsule\apps\net.corda.webserver.WebServer_3.1-corda\commons-beanutils-1.9.3.jar;C:\Users\Xiaoli Yang\AppData\Local\capsule\apps\net.corda.webserver.WebServer_3.1-corda\config-1.3.1.jar;C:\Users\Xiaoli Yang\AppData\Local\capsule\apps\net.corda.webserver.WebServer_3.1-corda\kryo-serializers-0.41.jar;C:\Users\Xiaoli Yang\AppData\Local\capsule\apps\net.corda.webserver.WebServer_3.1-corda\kryo-4.0.0.jar;C:\Users\Xiaoli Yang\AppData\Local\capsule\apps\net.corda.webserver.WebServer_3.1-corda\proton-j-0.21.0.jar;C:\Users\Xiaoli Yang\AppData\Local\capsule\apps\net.corda.webserver.WebServer_3.1-corda\fast-classpath-scanner-2.12.3.jar;C:\Users\Xiaoli Yang\AppData\Local\capsule\apps\net.corda.webserver.WebServer_3.1-corda\snakeyaml-1.18.jar;C:\Users\Xiaoli Yang\AppData\Local\capsule\apps\net.corda.webserver.WebServer_3.1-corda\json-simple-1.1.1.jar;C:\Users\Xiaoli Yang\AppData\Local\capsule\apps\net.corda.webserver.WebServer_3.1-corda\jersey-guava-2.25.jar;C:\Users\Xiaoli Yang\AppData\Local\capsule\apps\net.corda.webserver.WebServer_3.1-corda\osgi-resource-locator-1.0.1.jar;C:\Users\Xiaoli Yang\AppData\Local\capsule\apps\net.corda.webserver.WebServer_3.1-corda\hk2-utils-2.5.0-b30.jar;C:\Users\Xiaoli Yang\AppData\Local\capsule\apps\net.corda.webserver.WebServer_3.1-corda\aopalliance-repackaged-2.5.0-b30.jar;C:\Users\Xiaoli Yang\AppData\Local\capsule\apps\net.corda.webserver.WebServer_3.1-corda\el-api-2.2.jar;C:\Users\Xiaoli Yang\AppData\Local\capsule\apps\net.corda.webserver.WebServer_3.1-corda\jboss-interceptors-api_1.1_spec-1.0.0.Beta1.jar;C:\Users\Xiaoli Yang\AppData\Local\capsule\apps\net.corda.webserver.WebServer_3.1-corda\jsr250-api-1.0.jar;C:\Users\Xiaoli Yang\AppData\Local\capsule\apps\net.corda.webserver.WebServer_3.1-corda\javax.inject-1.jar;C:\Users\Xiaoli Yang\AppData\Local\capsule\apps\net.corda.webserver.WebServer_3.1-corda\commons-collections-3.2.2.jar;C:\Users\Xiaoli Yang\AppData\Local\capsule\apps\net.corda.webserver.WebServer_3.1-corda\jgroups-3.6.13.Final.jar;C:\Users\Xiaoli Yang\AppData\Local\capsule\apps\net.corda.webserver.WebServer_3.1-corda\netty-all-4.1.9.Final.jar;C:\Users\Xiaoli Yang\AppData\Local\capsule\apps\net.corda.webserver.WebServer_3.1-corda\geronimo-json_1.0_spec-1.0-alpha-1.jar;C:\Users\Xiaoli Yang\AppData\Local\capsule\apps\net.corda.webserver.WebServer_3.1-corda\johnzon-core-0.9.5.jar;C:\Users\Xiaoli Yang\AppData\Local\capsule\apps\net.corda.webserver.WebServer_3.1-corda\reflectasm-1.11.3.jar;C:\Users\Xiaoli Yang\AppData\Local\capsule\apps\net.corda.webserver.WebServer_3.1-corda\minlog-1.3.0.jar;C:\Users\Xiaoli Yang\AppData\Local\capsule\apps\net.corda.webserver.WebServer_3.1-corda\objenesis-2.2.jar;C:\Users\Xiaoli Yang\AppData\Local\capsule\apps\net.corda.webserver.WebServer_3.1-corda\asm-5.0.4.jar;C:\Users\Xiaoli Yang\AppData\Local\capsule\apps\net.corda.webserver.WebServer_3.1-corda\annotations-13.0.jar;C:\Users\Xiaoli Yang\AppData\Local\capsule\apps\net.corda.webserver.WebServer_3.1-corda\corda-webserver-impl-3.1-corda.jar;D:\ubuntu\Turnover-Box-Chain\build\nodes\Supplier\cordapps\corda-finance-3.1-corda.jar;D:\ubuntu\Turnover-Box-Chain\build\nodes\Supplier\cordapps\cordapp-0.1.jar;D:\ubuntu\Turnover-Box-Chain\build\nodes\Supplier\cordapps\cordapp-contracts-states-0.1.jar;D:\ubuntu\Turnover-Box-Chain\build\nodes\Supplier\cordapps\Turnover-Box-Chain-0.1.jar;drivers/jolokia-jvm-1.3.7-agent.jar;D:\ubuntu\Turnover-Box-Chain\build\nodes\Supplier\corda-webserver.jar;C:\Users\Xiaoli Yang\AppData\Local\capsule\apps\net.corda.webserver.WebServer_3.1-corda\quasar-core-0.7.9-jdk8.jar {}
[INFO ] 2018-07-20T09:37:31,219Z [main] Main.main - VM Java HotSpot(TM) 64-Bit Server VM Oracle Corporation 25.172-b11 {}
[INFO ] 2018-07-20T09:37:31,221Z [main] Main.main - Machine: DESKTOP-BKO44JE {}
[INFO ] 2018-07-20T09:37:31,222Z [main] Main.main - Working Directory: D:\ubuntu\Turnover-Box-Chain\build\nodes\Supplier {}
[INFO ] 2018-07-20T09:37:40,957Z [main] Main.main - Starting as webserver on localhost:10010 {}
[INFO ] 2018-07-20T09:37:41,602Z [main] BasicInfo.logAndMaybePrint - Starting as webserver: localhost:10010 {}
[WARN ] 2018-07-20T09:37:43,423Z [main] internal.config.defaultToOldPath - Config key user has been deprecated and will be removed in a future release. Use username instead {}
[INFO ] 2018-07-20T09:37:43,437Z [main] internal.NodeWebServer.connectLocalRpcAsNodeUser - Connecting to node at localhost:10009 as User(user1, permissions=[ALL]) {}
[INFO ] 2018-07-20T09:38:33,357Z [main] internal.RPCClient.logElapsedTime - Startup took 32606 msec {}
[WARN ] 2018-07-20T09:38:34,391Z [main] internal.config.defaultToOldPath - Config key user has been deprecated and will be removed in a future release. Use username instead {}
[INFO ] 2018-07-20T09:38:34,393Z [main] internal.NodeWebServer.connectLocalRpcAsNodeUser - Connecting to node at localhost:10009 as User(user1, permissions=[ALL]) {}
[INFO ] 2018-07-20T09:38:35,845Z [main] internal.RPCClient.logElapsedTime - Startup took 1451 msec {}
[WARN ] 2018-07-20T09:38:37,888Z [main] internal.config.defaultToOldPath - Config key user has been deprecated and will be removed in a future release. Use username instead {}
[INFO ] 2018-07-20T09:38:37,889Z [main] internal.NodeWebServer.connectLocalRpcAsNodeUser - Connecting to node at localhost:10009 as User(user1, permissions=[ALL]) {}
[INFO ] 2018-07-20T09:38:39,422Z [main] internal.RPCClient.logElapsedTime - Startup took 1533 msec {}
[WARN ] 2018-07-20T09:38:41,048Z [main] internal.config.defaultToOldPath - Config key user has been deprecated and will be removed in a future release. Use username instead {}
[INFO ] 2018-07-20T09:38:41,050Z [main] internal.NodeWebServer.connectLocalRpcAsNodeUser - Connecting to node at localhost:10009 as User(user1, permissions=[ALL]) {}
[INFO ] 2018-07-20T09:38:43,342Z [main] internal.RPCClient.logElapsedTime - Startup took 2290 msec {}
[WARN ] 2018-07-20T09:38:44,454Z [main] internal.config.defaultToOldPath - Config key user has been deprecated and will be removed in a future release. Use username instead {}
[INFO ] 2018-07-20T09:38:44,455Z [main] internal.NodeWebServer.connectLocalRpcAsNodeUser - Connecting to node at localhost:10009 as User(user1, permissions=[ALL]) {}
[INFO ] 2018-07-20T09:38:46,446Z [main] internal.RPCClient.logElapsedTime - Startup took 1989 msec {}
[WARN ] 2018-07-20T09:38:47,482Z [main] internal.config.defaultToOldPath - Config key user has been deprecated and will be removed in a future release. Use username instead {}
[INFO ] 2018-07-20T09:38:47,484Z [main] internal.NodeWebServer.connectLocalRpcAsNodeUser - Connecting to node at localhost:10009 as User(user1, permissions=[ALL]) {}
[INFO ] 2018-07-20T09:38:48,960Z [main] internal.RPCClient.logElapsedTime - Startup took 1474 msec {}
[WARN ] 2018-07-20T09:38:50,427Z [main] internal.config.defaultToOldPath - Config key user has been deprecated and will be removed in a future release. Use username instead {}
[INFO ] 2018-07-20T09:38:50,427Z [main] internal.NodeWebServer.connectLocalRpcAsNodeUser - Connecting to node at localhost:10009 as User(user1, permissions=[ALL]) {}
[INFO ] 2018-07-20T09:38:51,697Z [main] internal.RPCClient.logElapsedTime - Startup took 1269 msec {}
[WARN ] 2018-07-20T09:38:53,019Z [main] internal.config.defaultToOldPath - Config key user has been deprecated and will be removed in a future release. Use username instead {}
[INFO ] 2018-07-20T09:38:53,020Z [main] internal.NodeWebServer.connectLocalRpcAsNodeUser - Connecting to node at localhost:10009 as User(user1, permissions=[ALL]) {}
[INFO ] 2018-07-20T09:38:54,387Z [main] internal.RPCClient.logElapsedTime - Startup took 1074 msec {}
[WARN ] 2018-07-20T09:38:55,486Z [main] internal.config.defaultToOldPath - Config key user has been deprecated and will be removed in a future release. Use username instead {}
[INFO ] 2018-07-20T09:38:55,488Z [main] internal.NodeWebServer.connectLocalRpcAsNodeUser - Connecting to node at localhost:10009 as User(user1, permissions=[ALL]) {}
[INFO ] 2018-07-20T09:38:56,790Z [main] internal.RPCClient.logElapsedTime - Startup took 1301 msec {}
[WARN ] 2018-07-20T09:38:58,121Z [main] internal.config.defaultToOldPath - Config key user has been deprecated and will be removed in a future release. Use username instead {}
[INFO ] 2018-07-20T09:38:58,122Z [main] internal.NodeWebServer.connectLocalRpcAsNodeUser - Connecting to node at localhost:10009 as User(user1, permissions=[ALL]) {}
[INFO ] 2018-07-20T09:38:59,713Z [main] internal.RPCClient.logElapsedTime - Startup took 1590 msec {}
[WARN ] 2018-07-20T09:39:01,033Z [main] internal.config.defaultToOldPath - Config key user has been deprecated and will be removed in a future release. Use username instead {}
[INFO ] 2018-07-20T09:39:01,035Z [main] internal.NodeWebServer.connectLocalRpcAsNodeUser - Connecting to node at localhost:10009 as User(user1, permissions=[ALL]) {}
[INFO ] 2018-07-20T09:39:02,600Z [main] internal.RPCClient.logElapsedTime - Startup took 1565 msec {}
[WARN ] 2018-07-20T09:39:03,637Z [main] internal.config.defaultToOldPath - Config key user has been deprecated and will be removed in a future release. Use username instead {}
[INFO ] 2018-07-20T09:39:03,638Z [main] internal.NodeWebServer.connectLocalRpcAsNodeUser - Connecting to node at localhost:10009 as User(user1, permissions=[ALL]) {}
[INFO ] 2018-07-20T09:39:04,726Z [main] internal.RPCClient.logElapsedTime - Startup took 1087 msec {}
[WARN ] 2018-07-20T09:39:05,760Z [main] internal.config.defaultToOldPath - Config key user has been deprecated and will be removed in a future release. Use username instead {}
[INFO ] 2018-07-20T09:39:05,761Z [main] internal.NodeWebServer.connectLocalRpcAsNodeUser - Connecting to node at localhost:10009 as User(user1, permissions=[ALL]) {}
[INFO ] 2018-07-20T09:39:07,228Z [main] internal.RPCClient.logElapsedTime - Startup took 1466 msec {}
[WARN ] 2018-07-20T09:39:08,274Z [main] internal.config.defaultToOldPath - Config key user has been deprecated and will be removed in a future release. Use username instead {}
[INFO ] 2018-07-20T09:39:08,275Z [main] internal.NodeWebServer.connectLocalRpcAsNodeUser - Connecting to node at localhost:10009 as User(user1, permissions=[ALL]) {}
[INFO ] 2018-07-20T09:39:09,620Z [main] internal.RPCClient.logElapsedTime - Startup took 1344 msec {}
[WARN ] 2018-07-20T09:39:10,629Z [main] internal.config.defaultToOldPath - Config key user has been deprecated and will be removed in a future release. Use username instead {}
[INFO ] 2018-07-20T09:39:10,630Z [main] internal.NodeWebServer.connectLocalRpcAsNodeUser - Connecting to node at localhost:10009 as User(user1, permissions=[ALL]) {}
[INFO ] 2018-07-20T09:39:12,041Z [main] internal.RPCClient.logElapsedTime - Startup took 1410 msec {}
[WARN ] 2018-07-20T09:39:13,106Z [main] internal.config.defaultToOldPath - Config key user has been deprecated and will be removed in a future release. Use username instead {}
[INFO ] 2018-07-20T09:39:13,108Z [main] internal.NodeWebServer.connectLocalRpcAsNodeUser - Connecting to node at localhost:10009 as User(user1, permissions=[ALL]) {}
[INFO ] 2018-07-20T09:39:36,265Z [main] internal.RPCClient.logElapsedTime - Startup took 23156 msec {}
[INFO ] 2018-07-20T09:39:36,331Z [main] util.log.initialized - Logging initialized @157612ms to org.eclipse.jetty.util.log.Slf4jLog {}
[INFO ] 2018-07-20T09:39:41,897Z [main] internal.NodeWebServer.buildServletContextHandler - Add plugin web API from attachment com.template.TemplateWebPlugin$$Lambda$33/1425889113@6a358906 {}
[INFO ] 2018-07-20T09:39:42,382Z [main] server.Server.doStart - jetty-9.4.7.v20170914 {}
[INFO ] 2018-07-20T09:39:47,765Z [main] handler.ContextHandler.doStart - Started o.e.j.s.ServletContextHandler@7892635c{/,null,AVAILABLE} {}
[INFO ] 2018-07-20T09:39:47,928Z [main] server.AbstractConnector.doStart - Started ServerConnector@35ab83a7{HTTP/1.1,[http/1.1]}{0.0.0.0:10010} {}
[INFO ] 2018-07-20T09:39:47,928Z [main] server.Server.doStart - Started @169218ms {}
[INFO ] 2018-07-20T09:39:47,929Z [main] internal.NodeWebServer.initWebServer - Starting webserver on address localhost:10010 {}
[INFO ] 2018-07-20T10:11:22,325Z [main] webserver.CmdLineOptions.loadConfig - Config:
{
    # hardcoded value
    "baseDirectory" : "D:\\ubuntu\\Turnover-Box-Chain\\build\\nodes\\Supplier",
    # web-reference.conf @ jar:file:/C:/Users/Xiaoli%20Yang/AppData/Local/capsule/apps/net.corda.webserver.WebServer_3.1-corda/corda-webserver-impl-3.1-corda.jar!/web-reference.conf: 2
    "keyStorePassword" : "cordacadevpass",
    # D:\ubuntu\Turnover-Box-Chain\build\nodes\Supplier\node.conf: 1
    "myLegalName" : "O=Supplier,L=Dusserdorf,C=DE",
    # D:\ubuntu\Turnover-Box-Chain\build\nodes\Supplier\node.conf: 2
    "p2pAddress" : "localhost:10008",
    # D:\ubuntu\Turnover-Box-Chain\build\nodes\Supplier\node.conf: 3
    "rpcSettings" : {
        # D:\ubuntu\Turnover-Box-Chain\build\nodes\Supplier\node.conf: 4
        "address" : "localhost:10009",
        # D:\ubuntu\Turnover-Box-Chain\build\nodes\Supplier\node.conf: 5
        "adminAddress" : "localhost:10049"
    },
    # D:\ubuntu\Turnover-Box-Chain\build\nodes\Supplier\node.conf: 7
    "rpcUsers" : [
        # D:\ubuntu\Turnover-Box-Chain\build\nodes\Supplier\node.conf: 8
        {
            # D:\ubuntu\Turnover-Box-Chain\build\nodes\Supplier\node.conf: 9
            "password" : "test",
            # D:\ubuntu\Turnover-Box-Chain\build\nodes\Supplier\node.conf: 10
            "permissions" : [
                # D:\ubuntu\Turnover-Box-Chain\build\nodes\Supplier\node.conf: 11
                "ALL"
            ],
            # D:\ubuntu\Turnover-Box-Chain\build\nodes\Supplier\node.conf: 13
            "user" : "user1"
        }
    ],
    # web-reference.conf @ jar:file:/C:/Users/Xiaoli%20Yang/AppData/Local/capsule/apps/net.corda.webserver.WebServer_3.1-corda/corda-webserver-impl-3.1-corda.jar!/web-reference.conf: 3
    "trustStorePassword" : "trustpass",
    # web-reference.conf @ jar:file:/C:/Users/Xiaoli%20Yang/AppData/Local/capsule/apps/net.corda.webserver.WebServer_3.1-corda/corda-webserver-impl-3.1-corda.jar!/web-reference.conf: 1
    "useHTTPS" : false,
    # D:\ubuntu\Turnover-Box-Chain\build\nodes\Supplier\node.conf: 16
    "webAddress" : "localhost:10010"
}
 {}
[INFO ] 2018-07-20T10:11:22,716Z [main] Main.main - Main class: /C:/Users/Xiaoli Yang/AppData/Local/capsule/apps/net.corda.webserver.WebServer_3.1-corda/corda-webserver-impl-3.1-corda.jar {}
[INFO ] 2018-07-20T10:11:23,214Z [main] Main.main - CommandLine Args: -Xmx200m -XX:+UseG1GC -agentlib:jdwp=transport=dt_socket,server=y,suspend=n,address=5011 -javaagent:drivers/jolokia-jvm-1.3.7-agent.jar=port=7011,logHandlerClass=net.corda.webserver.JolokiaSlf4Adapter -javaagent:D:\ubuntu\Turnover-Box-Chain\build\nodes\Supplier\corda-webserver.jar -javaagent:C:\Users\Xiaoli Yang\AppData\Local\capsule\apps\net.corda.webserver.WebServer_3.1-corda\quasar-core-0.7.9-jdk8.jar -Dcapsule.address=0.0.0.0 -Dvisualvm.display.name=Corda -Djava.library.path=C:\Program Files\Java\jre1.8.0_172\bin;C:\WINDOWS\Sun\Java\bin;C:\WINDOWS\system32;C:\WINDOWS;C:\Program Files (x86)\Common Files\Oracle\Java\javapath;C:\ProgramData\Oracle\Java\javapath;C:\Program Files (x86)\Intel\iCLS Client;C:\Program Files\Intel\iCLS Client;C:\WINDOWS\system32;C:\WINDOWS;C:\WINDOWS\System32\Wbem;C:\WINDOWS\System32\WindowsPowerShell\v1.0;C:\Program Files (x86)\Intel\Intel(R) Management Engine Components\DAL;C:\Program Files\Intel\Intel(R) Management Engine Components\DAL;C:\Program Files (x86)\Intel\Intel(R) Management Engine Components\IPT;C:\Program Files\Intel\Intel(R) Management Engine Components\IPT;C:\Program Files\Microsoft SQL Server\130\Tools\Binn;C:\Program Files\MiKTeX 2.9\miktex\bin\x64;C:\Program Files (x86)\Java\jre1.8.0_141\lib;C:\Program Files\nodejs;C:\Program Files\MATLAB\R2017b\runtime\win64;C:\Program Files\MATLAB\R2017b\bin;C:\Program Files (x86)\GtkSharp\2.12\bin;C:\Program Files (x86)\Brackets\command;C:\Program Files\Git\cmd;C:\Program Files\Gradle\gradle-4.7\bin;C:\Go\bin;C:\WINDOWS\System32\OpenSSH;C:\Program Files (x86)\NVIDIA Corporation\PhysX\Common;C:\Users\Xiaoli Yang\AppData\Local\Programs\Python\Python35\Scripts;C:\Users\Xiaoli Yang\AppData\Local\Programs\Python\Python35;C:\Users\Xiaoli Yang\AppData\Local\Microsoft\WindowsApps;C:\Program Files (x86)\Microsoft VS Code\bin;C:\Users\Xiaoli Yang\AppData\Roaming\npm;%GOPATH%\bin;C:\Users\Xiaoli Yang\AppData\Local\capsule\apps\net.corda.webserver.WebServer_3.1-corda -Dcapsule.log=1 -Dcapsule.app=net.corda.webserver.WebServer_3.1-corda -Dcapsule.port=51837 -Dname=Supplier-corda-webserver.jar -Dcapsule.jvm.args=-agentlib:jdwp=transport=dt_socket,server=y,suspend=n,address=5011 -javaagent:drivers/jolokia-jvm-1.3.7-agent.jar=port=7011,logHandlerClass=net.corda.webserver.JolokiaSlf4Adapter -DWebserver -Dcapsule.dir=C:\Users\Xiaoli Yang\AppData\Local\capsule\apps\net.corda.webserver.WebServer_3.1-corda -Dcapsule.jar=D:\ubuntu\Turnover-Box-Chain\build\nodes\Supplier\corda-webserver.jar {}
[INFO ] 2018-07-20T10:11:23,787Z [main] Main.main - Application Args:  {}
[INFO ] 2018-07-20T10:11:23,788Z [main] Main.main - bootclasspath: C:\Program Files\Java\jre1.8.0_172\lib\resources.jar;C:\Program Files\Java\jre1.8.0_172\lib\rt.jar;C:\Program Files\Java\jre1.8.0_172\lib\sunrsasign.jar;C:\Program Files\Java\jre1.8.0_172\lib\jsse.jar;C:\Program Files\Java\jre1.8.0_172\lib\jce.jar;C:\Program Files\Java\jre1.8.0_172\lib\charsets.jar;C:\Program Files\Java\jre1.8.0_172\lib\jfr.jar;C:\Program Files\Java\jre1.8.0_172\classes {}
[INFO ] 2018-07-20T10:11:23,788Z [main] Main.main - classpath: D:\ubuntu\Turnover-Box-Chain\build\nodes\Supplier\corda-webserver.jar;C:\Users\Xiaoli Yang\AppData\Local\capsule\apps\net.corda.webserver.WebServer_3.1-corda\corda-rpc-3.1-corda.jar;C:\Users\Xiaoli Yang\AppData\Local\capsule\apps\net.corda.webserver.WebServer_3.1-corda\corda-jackson-3.1-corda.jar;C:\Users\Xiaoli Yang\AppData\Local\capsule\apps\net.corda.webserver.WebServer_3.1-corda\corda-node-api-3.1-corda.jar;C:\Users\Xiaoli Yang\AppData\Local\capsule\apps\net.corda.webserver.WebServer_3.1-corda\corda-core-3.1-corda.jar;C:\Users\Xiaoli Yang\AppData\Local\capsule\apps\net.corda.webserver.WebServer_3.1-corda\jetty-webapp-9.4.7.v20170914.jar;C:\Users\Xiaoli Yang\AppData\Local\capsule\apps\net.corda.webserver.WebServer_3.1-corda\jetty-servlet-9.4.7.v20170914.jar;C:\Users\Xiaoli Yang\AppData\Local\capsule\apps\net.corda.webserver.WebServer_3.1-corda\jersey-container-jetty-http-2.25.jar;C:\Users\Xiaoli Yang\AppData\Local\capsule\apps\net.corda.webserver.WebServer_3.1-corda\jetty-security-9.4.7.v20170914.jar;C:\Users\Xiaoli Yang\AppData\Local\capsule\apps\net.corda.webserver.WebServer_3.1-corda\jetty-server-9.4.7.v20170914.jar;C:\Users\Xiaoli Yang\AppData\Local\capsule\apps\net.corda.webserver.WebServer_3.1-corda\javax.servlet-api-3.1.0.jar;C:\Users\Xiaoli Yang\AppData\Local\capsule\apps\net.corda.webserver.WebServer_3.1-corda\commons-fileupload-1.3.3.jar;C:\Users\Xiaoli Yang\AppData\Local\capsule\apps\net.corda.webserver.WebServer_3.1-corda\log4j-slf4j-impl-2.9.1.jar;C:\Users\Xiaoli Yang\AppData\Local\capsule\apps\net.corda.webserver.WebServer_3.1-corda\log4j-core-2.9.1.jar;C:\Users\Xiaoli Yang\AppData\Local\capsule\apps\net.corda.webserver.WebServer_3.1-corda\jopt-simple-5.0.2.jar;C:\Users\Xiaoli Yang\AppData\Local\capsule\apps\net.corda.webserver.WebServer_3.1-corda\jetty-continuation-9.4.7.v20170914.jar;C:\Users\Xiaoli Yang\AppData\Local\capsule\apps\net.corda.webserver.WebServer_3.1-corda\jersey-container-servlet-core-2.25.jar;C:\Users\Xiaoli Yang\AppData\Local\capsule\apps\net.corda.webserver.WebServer_3.1-corda\jersey-server-2.25.jar;C:\Users\Xiaoli Yang\AppData\Local\capsule\apps\net.corda.webserver.WebServer_3.1-corda\jersey-media-json-jackson-2.25.jar;C:\Users\Xiaoli Yang\AppData\Local\capsule\apps\net.corda.webserver.WebServer_3.1-corda\kotlinx-html-jvm-0.6.3.jar;C:\Users\Xiaoli Yang\AppData\Local\capsule\apps\net.corda.webserver.WebServer_3.1-corda\kotlin-stdlib-jre8-1.1.60.jar;C:\Users\Xiaoli Yang\AppData\Local\capsule\apps\net.corda.webserver.WebServer_3.1-corda\jackson-module-kotlin-2.9.2.jar;C:\Users\Xiaoli Yang\AppData\Local\capsule\apps\net.corda.webserver.WebServer_3.1-corda\kotlin-reflect-1.1.60.jar;C:\Users\Xiaoli Yang\AppData\Local\capsule\apps\net.corda.webserver.WebServer_3.1-corda\cordform-common-3.1.0.jar;C:\Users\Xiaoli Yang\AppData\Local\capsule\apps\net.corda.webserver.WebServer_3.1-corda\jsr305-3.0.2.jar;C:\Users\Xiaoli Yang\AppData\Local\capsule\apps\net.corda.webserver.WebServer_3.1-corda\jcl-over-slf4j-1.7.25.jar;C:\Users\Xiaoli Yang\AppData\Local\capsule\apps\net.corda.webserver.WebServer_3.1-corda\slf4j-api-1.7.25.jar;C:\Users\Xiaoli Yang\AppData\Local\capsule\apps\net.corda.webserver.WebServer_3.1-corda\rxjava-1.2.4.jar;C:\Users\Xiaoli Yang\AppData\Local\capsule\apps\net.corda.webserver.WebServer_3.1-corda\commons-jexl3-3.0.jar;C:\Users\Xiaoli Yang\AppData\Local\capsule\apps\net.corda.webserver.WebServer_3.1-corda\jackson-datatype-jsr310-2.9.2.jar;C:\Users\Xiaoli Yang\AppData\Local\capsule\apps\net.corda.webserver.WebServer_3.1-corda\jackson-jaxrs-json-provider-2.8.4.jar;C:\Users\Xiaoli Yang\AppData\Local\capsule\apps\net.corda.webserver.WebServer_3.1-corda\jackson-jaxrs-base-2.8.4.jar;C:\Users\Xiaoli Yang\AppData\Local\capsule\apps\net.corda.webserver.WebServer_3.1-corda\jackson-module-jaxb-annotations-2.8.4.jar;C:\Users\Xiaoli Yang\AppData\Local\capsule\apps\net.corda.webserver.WebServer_3.1-corda\jackson-databind-2.9.2.jar;C:\Users\Xiaoli Yang\AppData\Local\capsule\apps\net.corda.webserver.WebServer_3.1-corda\eddsa-0.2.0.jar;C:\Users\Xiaoli Yang\AppData\Local\capsule\apps\net.corda.webserver.WebServer_3.1-corda\bcpkix-jdk15on-1.57.jar;C:\Users\Xiaoli Yang\AppData\Local\capsule\apps\net.corda.webserver.WebServer_3.1-corda\bcprov-jdk15on-1.57.jar;C:\Users\Xiaoli Yang\AppData\Local\capsule\apps\net.corda.webserver.WebServer_3.1-corda\hibernate-core-5.2.6.Final.jar;C:\Users\Xiaoli Yang\AppData\Local\capsule\apps\net.corda.webserver.WebServer_3.1-corda\hibernate-jpa-2.1-api-1.0.0.Final.jar;C:\Users\Xiaoli Yang\AppData\Local\capsule\apps\net.corda.webserver.WebServer_3.1-corda\quasar-core-0.7.9-jdk8.jar;C:\Users\Xiaoli Yang\AppData\Local\capsule\apps\net.corda.webserver.WebServer_3.1-corda\jackson-dataformat-yaml-2.9.2.jar;C:\Users\Xiaoli Yang\AppData\Local\capsule\apps\net.corda.webserver.WebServer_3.1-corda\artemis-core-client-2.2.0.jar;C:\Users\Xiaoli Yang\AppData\Local\capsule\apps\net.corda.webserver.WebServer_3.1-corda\artemis-commons-2.2.0.jar;C:\Users\Xiaoli Yang\AppData\Local\capsule\apps\net.corda.webserver.WebServer_3.1-corda\guava-21.0.jar;C:\Users\Xiaoli Yang\AppData\Local\capsule\apps\net.corda.webserver.WebServer_3.1-corda\jetty-xml-9.4.7.v20170914.jar;C:\Users\Xiaoli Yang\AppData\Local\capsule\apps\net.corda.webserver.WebServer_3.1-corda\jolokia-jsr160-1.3.7.jar;C:\Users\Xiaoli Yang\AppData\Local\capsule\apps\net.corda.webserver.WebServer_3.1-corda\jolokia-core-1.3.7.jar;C:\Users\Xiaoli Yang\AppData\Local\capsule\apps\net.corda.webserver.WebServer_3.1-corda\commons-io-2.2.jar;C:\Users\Xiaoli Yang\AppData\Local\capsule\apps\net.corda.webserver.WebServer_3.1-corda\log4j-api-2.9.1.jar;C:\Users\Xiaoli Yang\AppData\Local\capsule\apps\net.corda.webserver.WebServer_3.1-corda\jersey-client-2.25.jar;C:\Users\Xiaoli Yang\AppData\Local\capsule\apps\net.corda.webserver.WebServer_3.1-corda\jersey-media-jaxb-2.25.jar;C:\Users\Xiaoli Yang\AppData\Local\capsule\apps\net.corda.webserver.WebServer_3.1-corda\jersey-common-2.25.jar;C:\Users\Xiaoli Yang\AppData\Local\capsule\apps\net.corda.webserver.WebServer_3.1-corda\jersey-entity-filtering-2.25.jar;C:\Users\Xiaoli Yang\AppData\Local\capsule\apps\net.corda.webserver.WebServer_3.1-corda\javax.ws.rs-api-2.0.1.jar;C:\Users\Xiaoli Yang\AppData\Local\capsule\apps\net.corda.webserver.WebServer_3.1-corda\javax.annotation-api-1.2.jar;C:\Users\Xiaoli Yang\AppData\Local\capsule\apps\net.corda.webserver.WebServer_3.1-corda\hk2-locator-2.5.0-b30.jar;C:\Users\Xiaoli Yang\AppData\Local\capsule\apps\net.corda.webserver.WebServer_3.1-corda\hk2-api-2.5.0-b30.jar;C:\Users\Xiaoli Yang\AppData\Local\capsule\apps\net.corda.webserver.WebServer_3.1-corda\javax.inject-2.5.0-b30.jar;C:\Users\Xiaoli Yang\AppData\Local\capsule\apps\net.corda.webserver.WebServer_3.1-corda\validation-api-1.1.0.Final.jar;C:\Users\Xiaoli Yang\AppData\Local\capsule\apps\net.corda.webserver.WebServer_3.1-corda\jetty-http-9.4.7.v20170914.jar;C:\Users\Xiaoli Yang\AppData\Local\capsule\apps\net.corda.webserver.WebServer_3.1-corda\jetty-io-9.4.7.v20170914.jar;C:\Users\Xiaoli Yang\AppData\Local\capsule\apps\net.corda.webserver.WebServer_3.1-corda\jetty-util-9.4.7.v20170914.jar;C:\Users\Xiaoli Yang\AppData\Local\capsule\apps\net.corda.webserver.WebServer_3.1-corda\jackson-annotations-2.9.0.jar;C:\Users\Xiaoli Yang\AppData\Local\capsule\apps\net.corda.webserver.WebServer_3.1-corda\kotlin-stdlib-jre7-1.1.60.jar;C:\Users\Xiaoli Yang\AppData\Local\capsule\apps\net.corda.webserver.WebServer_3.1-corda\kotlin-stdlib-1.1.60.jar;C:\Users\Xiaoli Yang\AppData\Local\capsule\apps\net.corda.webserver.WebServer_3.1-corda\jackson-core-2.9.2.jar;C:\Users\Xiaoli Yang\AppData\Local\capsule\apps\net.corda.webserver.WebServer_3.1-corda\hibernate-commons-annotations-5.0.1.Final.jar;C:\Users\Xiaoli Yang\AppData\Local\capsule\apps\net.corda.webserver.WebServer_3.1-corda\jboss-logging-3.3.0.Final.jar;C:\Users\Xiaoli Yang\AppData\Local\capsule\apps\net.corda.webserver.WebServer_3.1-corda\javassist-3.20.0-GA.jar;C:\Users\Xiaoli Yang\AppData\Local\capsule\apps\net.corda.webserver.WebServer_3.1-corda\antlr-2.7.7.jar;C:\Users\Xiaoli Yang\AppData\Local\capsule\apps\net.corda.webserver.WebServer_3.1-corda\geronimo-jta_1.1_spec-1.1.1.jar;C:\Users\Xiaoli Yang\AppData\Local\capsule\apps\net.corda.webserver.WebServer_3.1-corda\jandex-2.0.3.Final.jar;C:\Users\Xiaoli Yang\AppData\Local\capsule\apps\net.corda.webserver.WebServer_3.1-corda\classmate-1.3.0.jar;C:\Users\Xiaoli Yang\AppData\Local\capsule\apps\net.corda.webserver.WebServer_3.1-corda\dom4j-1.6.1.jar;C:\Users\Xiaoli Yang\AppData\Local\capsule\apps\net.corda.webserver.WebServer_3.1-corda\cdi-api-1.1.jar;C:\Users\Xiaoli Yang\AppData\Local\capsule\apps\net.corda.webserver.WebServer_3.1-corda\commons-collections4-4.1.jar;C:\Users\Xiaoli Yang\AppData\Local\capsule\apps\net.corda.webserver.WebServer_3.1-corda\commons-beanutils-1.9.3.jar;C:\Users\Xiaoli Yang\AppData\Local\capsule\apps\net.corda.webserver.WebServer_3.1-corda\config-1.3.1.jar;C:\Users\Xiaoli Yang\AppData\Local\capsule\apps\net.corda.webserver.WebServer_3.1-corda\kryo-serializers-0.41.jar;C:\Users\Xiaoli Yang\AppData\Local\capsule\apps\net.corda.webserver.WebServer_3.1-corda\kryo-4.0.0.jar;C:\Users\Xiaoli Yang\AppData\Local\capsule\apps\net.corda.webserver.WebServer_3.1-corda\proton-j-0.21.0.jar;C:\Users\Xiaoli Yang\AppData\Local\capsule\apps\net.corda.webserver.WebServer_3.1-corda\fast-classpath-scanner-2.12.3.jar;C:\Users\Xiaoli Yang\AppData\Local\capsule\apps\net.corda.webserver.WebServer_3.1-corda\snakeyaml-1.18.jar;C:\Users\Xiaoli Yang\AppData\Local\capsule\apps\net.corda.webserver.WebServer_3.1-corda\json-simple-1.1.1.jar;C:\Users\Xiaoli Yang\AppData\Local\capsule\apps\net.corda.webserver.WebServer_3.1-corda\jersey-guava-2.25.jar;C:\Users\Xiaoli Yang\AppData\Local\capsule\apps\net.corda.webserver.WebServer_3.1-corda\osgi-resource-locator-1.0.1.jar;C:\Users\Xiaoli Yang\AppData\Local\capsule\apps\net.corda.webserver.WebServer_3.1-corda\hk2-utils-2.5.0-b30.jar;C:\Users\Xiaoli Yang\AppData\Local\capsule\apps\net.corda.webserver.WebServer_3.1-corda\aopalliance-repackaged-2.5.0-b30.jar;C:\Users\Xiaoli Yang\AppData\Local\capsule\apps\net.corda.webserver.WebServer_3.1-corda\el-api-2.2.jar;C:\Users\Xiaoli Yang\AppData\Local\capsule\apps\net.corda.webserver.WebServer_3.1-corda\jboss-interceptors-api_1.1_spec-1.0.0.Beta1.jar;C:\Users\Xiaoli Yang\AppData\Local\capsule\apps\net.corda.webserver.WebServer_3.1-corda\jsr250-api-1.0.jar;C:\Users\Xiaoli Yang\AppData\Local\capsule\apps\net.corda.webserver.WebServer_3.1-corda\javax.inject-1.jar;C:\Users\Xiaoli Yang\AppData\Local\capsule\apps\net.corda.webserver.WebServer_3.1-corda\commons-collections-3.2.2.jar;C:\Users\Xiaoli Yang\AppData\Local\capsule\apps\net.corda.webserver.WebServer_3.1-corda\jgroups-3.6.13.Final.jar;C:\Users\Xiaoli Yang\AppData\Local\capsule\apps\net.corda.webserver.WebServer_3.1-corda\netty-all-4.1.9.Final.jar;C:\Users\Xiaoli Yang\AppData\Local\capsule\apps\net.corda.webserver.WebServer_3.1-corda\geronimo-json_1.0_spec-1.0-alpha-1.jar;C:\Users\Xiaoli Yang\AppData\Local\capsule\apps\net.corda.webserver.WebServer_3.1-corda\johnzon-core-0.9.5.jar;C:\Users\Xiaoli Yang\AppData\Local\capsule\apps\net.corda.webserver.WebServer_3.1-corda\reflectasm-1.11.3.jar;C:\Users\Xiaoli Yang\AppData\Local\capsule\apps\net.corda.webserver.WebServer_3.1-corda\minlog-1.3.0.jar;C:\Users\Xiaoli Yang\AppData\Local\capsule\apps\net.corda.webserver.WebServer_3.1-corda\objenesis-2.2.jar;C:\Users\Xiaoli Yang\AppData\Local\capsule\apps\net.corda.webserver.WebServer_3.1-corda\asm-5.0.4.jar;C:\Users\Xiaoli Yang\AppData\Local\capsule\apps\net.corda.webserver.WebServer_3.1-corda\annotations-13.0.jar;C:\Users\Xiaoli Yang\AppData\Local\capsule\apps\net.corda.webserver.WebServer_3.1-corda\corda-webserver-impl-3.1-corda.jar;D:\ubuntu\Turnover-Box-Chain\build\nodes\Supplier\cordapps\corda-finance-3.1-corda.jar;D:\ubuntu\Turnover-Box-Chain\build\nodes\Supplier\cordapps\cordapp-0.1.jar;D:\ubuntu\Turnover-Box-Chain\build\nodes\Supplier\cordapps\cordapp-contracts-states-0.1.jar;D:\ubuntu\Turnover-Box-Chain\build\nodes\Supplier\cordapps\Turnover-Box-Chain-0.1.jar;drivers/jolokia-jvm-1.3.7-agent.jar;D:\ubuntu\Turnover-Box-Chain\build\nodes\Supplier\corda-webserver.jar;C:\Users\Xiaoli Yang\AppData\Local\capsule\apps\net.corda.webserver.WebServer_3.1-corda\quasar-core-0.7.9-jdk8.jar {}
[INFO ] 2018-07-20T10:11:23,791Z [main] Main.main - VM Java HotSpot(TM) 64-Bit Server VM Oracle Corporation 25.172-b11 {}
[INFO ] 2018-07-20T10:11:23,793Z [main] Main.main - Machine: DESKTOP-BKO44JE {}
[INFO ] 2018-07-20T10:11:23,793Z [main] Main.main - Working Directory: D:\ubuntu\Turnover-Box-Chain\build\nodes\Supplier {}
[INFO ] 2018-07-20T10:11:36,011Z [main] Main.main - Starting as webserver on localhost:10010 {}
[INFO ] 2018-07-20T10:11:36,552Z [main] BasicInfo.logAndMaybePrint - Starting as webserver: localhost:10010 {}
[WARN ] 2018-07-20T10:11:39,915Z [main] internal.config.defaultToOldPath - Config key user has been deprecated and will be removed in a future release. Use username instead {}
[INFO ] 2018-07-20T10:11:39,927Z [main] internal.NodeWebServer.connectLocalRpcAsNodeUser - Connecting to node at localhost:10009 as User(user1, permissions=[ALL]) {}
[INFO ] 2018-07-20T10:12:25,755Z [main] internal.RPCClient.logElapsedTime - Startup took 21913 msec {}
[WARN ] 2018-07-20T10:12:27,016Z [main] internal.config.defaultToOldPath - Config key user has been deprecated and will be removed in a future release. Use username instead {}
[INFO ] 2018-07-20T10:12:27,020Z [main] internal.NodeWebServer.connectLocalRpcAsNodeUser - Connecting to node at localhost:10009 as User(user1, permissions=[ALL]) {}
[INFO ] 2018-07-20T10:12:28,701Z [main] internal.RPCClient.logElapsedTime - Startup took 1679 msec {}
[WARN ] 2018-07-20T10:12:30,125Z [main] internal.config.defaultToOldPath - Config key user has been deprecated and will be removed in a future release. Use username instead {}
[INFO ] 2018-07-20T10:12:30,126Z [main] internal.NodeWebServer.connectLocalRpcAsNodeUser - Connecting to node at localhost:10009 as User(user1, permissions=[ALL]) {}
[INFO ] 2018-07-20T10:12:32,892Z [main] internal.RPCClient.logElapsedTime - Startup took 2182 msec {}
[WARN ] 2018-07-20T10:12:33,903Z [main] internal.config.defaultToOldPath - Config key user has been deprecated and will be removed in a future release. Use username instead {}
[INFO ] 2018-07-20T10:12:33,904Z [main] internal.NodeWebServer.connectLocalRpcAsNodeUser - Connecting to node at localhost:10009 as User(user1, permissions=[ALL]) {}
[INFO ] 2018-07-20T10:12:35,054Z [main] internal.RPCClient.logElapsedTime - Startup took 1150 msec {}
[WARN ] 2018-07-20T10:12:36,513Z [main] internal.config.defaultToOldPath - Config key user has been deprecated and will be removed in a future release. Use username instead {}
[INFO ] 2018-07-20T10:12:36,514Z [main] internal.NodeWebServer.connectLocalRpcAsNodeUser - Connecting to node at localhost:10009 as User(user1, permissions=[ALL]) {}
[INFO ] 2018-07-20T10:12:39,843Z [main] internal.RPCClient.logElapsedTime - Startup took 3328 msec {}
[WARN ] 2018-07-20T10:12:41,430Z [main] internal.config.defaultToOldPath - Config key user has been deprecated and will be removed in a future release. Use username instead {}
[INFO ] 2018-07-20T10:12:41,442Z [main] internal.NodeWebServer.connectLocalRpcAsNodeUser - Connecting to node at localhost:10009 as User(user1, permissions=[ALL]) {}
[INFO ] 2018-07-20T10:12:42,953Z [main] internal.RPCClient.logElapsedTime - Startup took 1508 msec {}
[WARN ] 2018-07-20T10:12:44,216Z [main] internal.config.defaultToOldPath - Config key user has been deprecated and will be removed in a future release. Use username instead {}
[INFO ] 2018-07-20T10:12:44,219Z [main] internal.NodeWebServer.connectLocalRpcAsNodeUser - Connecting to node at localhost:10009 as User(user1, permissions=[ALL]) {}
[INFO ] 2018-07-20T10:12:46,227Z [main] internal.RPCClient.logElapsedTime - Startup took 2005 msec {}
[WARN ] 2018-07-20T10:12:47,344Z [main] internal.config.defaultToOldPath - Config key user has been deprecated and will be removed in a future release. Use username instead {}
[INFO ] 2018-07-20T10:12:47,346Z [main] internal.NodeWebServer.connectLocalRpcAsNodeUser - Connecting to node at localhost:10009 as User(user1, permissions=[ALL]) {}
[INFO ] 2018-07-20T10:12:48,825Z [main] internal.RPCClient.logElapsedTime - Startup took 1478 msec {}
[WARN ] 2018-07-20T10:12:49,878Z [main] internal.config.defaultToOldPath - Config key user has been deprecated and will be removed in a future release. Use username instead {}
[INFO ] 2018-07-20T10:12:49,880Z [main] internal.NodeWebServer.connectLocalRpcAsNodeUser - Connecting to node at localhost:10009 as User(user1, permissions=[ALL]) {}
[INFO ] 2018-07-20T10:12:51,095Z [main] internal.RPCClient.logElapsedTime - Startup took 1212 msec {}
[WARN ] 2018-07-20T10:12:52,163Z [main] internal.config.defaultToOldPath - Config key user has been deprecated and will be removed in a future release. Use username instead {}
[INFO ] 2018-07-20T10:12:52,164Z [main] internal.NodeWebServer.connectLocalRpcAsNodeUser - Connecting to node at localhost:10009 as User(user1, permissions=[ALL]) {}
[INFO ] 2018-07-20T10:12:53,492Z [main] internal.RPCClient.logElapsedTime - Startup took 1327 msec {}
[WARN ] 2018-07-20T10:12:54,558Z [main] internal.config.defaultToOldPath - Config key user has been deprecated and will be removed in a future release. Use username instead {}
[INFO ] 2018-07-20T10:12:54,560Z [main] internal.NodeWebServer.connectLocalRpcAsNodeUser - Connecting to node at localhost:10009 as User(user1, permissions=[ALL]) {}
[INFO ] 2018-07-20T10:12:55,784Z [main] internal.RPCClient.logElapsedTime - Startup took 1219 msec {}
[WARN ] 2018-07-20T10:12:56,790Z [main] internal.config.defaultToOldPath - Config key user has been deprecated and will be removed in a future release. Use username instead {}
[INFO ] 2018-07-20T10:12:56,792Z [main] internal.NodeWebServer.connectLocalRpcAsNodeUser - Connecting to node at localhost:10009 as User(user1, permissions=[ALL]) {}
[INFO ] 2018-07-20T10:13:22,970Z [main] internal.RPCClient.logElapsedTime - Startup took 26177 msec {}
[INFO ] 2018-07-20T10:13:23,064Z [main] util.log.initialized - Logging initialized @175919ms to org.eclipse.jetty.util.log.Slf4jLog {}
[INFO ] 2018-07-20T10:13:28,234Z [main] internal.NodeWebServer.buildServletContextHandler - Add plugin web API from attachment com.template.TemplateWebPlugin$$Lambda$33/1717005266@51bc649e {}
[INFO ] 2018-07-20T10:13:28,917Z [main] server.Server.doStart - jetty-9.4.7.v20170914 {}
[INFO ] 2018-07-20T10:13:34,746Z [main] handler.ContextHandler.doStart - Started o.e.j.s.ServletContextHandler@4beec7a1{/,null,AVAILABLE} {}
[INFO ] 2018-07-20T10:13:34,808Z [main] server.AbstractConnector.doStart - Started ServerConnector@52d625bd{HTTP/1.1,[http/1.1]}{0.0.0.0:10010} {}
[INFO ] 2018-07-20T10:13:34,809Z [main] server.Server.doStart - Started @187667ms {}
[INFO ] 2018-07-20T10:13:34,809Z [main] internal.NodeWebServer.initWebServer - Starting webserver on address localhost:10010 {}
