[INFO ] 2018-06-09T13:27:21,857Z [main] manifests.Manifests.info - 111 attributes loaded from 124 stream(s) in 6s, 111 saved, 1970 ignored: ["ActiveMQ-Version", "Agent-Class", "Ant-Version", "Application-Class", "Application-Library-Allowable-Codebase", "Application-Name", "Application-Version", "Archiver-Version", "Automatic-Module-Name", "Bnd-LastModified", "Branch", "Build-Date", "Build-Host", "Build-Id", "Build-Java-Version", "Build-Jdk", "Build-Job", "Build-Number", "Build-Timestamp", "Built-By", "Built-OS", "Built-Status", "Bundle-Activator", "Bundle-Category", "Bundle-ClassPath", "Bundle-Copyright", "Bundle-Description", "Bundle-DocURL", "Bundle-License", "Bundle-ManifestVersion", "Bundle-Name", "Bundle-RequiredExecutionEnvironment", "Bundle-SymbolicName", "Bundle-Vendor", "Bundle-Version", "Caller-Allowable-Codebase", "Can-Redefine-Classes", "Can-Retransform-Classes", "Can-Set-Native-Method-Prefix", "Caplets", "Change", "Codebase", "Corda-Platform-Version", "Corda-Release-Version", "Corda-Revision", "Corda-Vendor", "Created-By", "DynamicImport-Package", "Eclipse-BuddyPolicy", "Eclipse-LazyStart", "Export-Package", "Extension-Name", "Fragment-Host", "Gradle-Version", "Ignore-Package", "Implementation-Build", "Implementation-Build-Date", "Implementation-Title", "Implementation-URL", "Implementation-Url", "Implementation-Vendor", "Implementation-Vendor-Id", "Implementation-Version", "Import-Package", "Include-Resource", "JCabi-Build", "JCabi-Date", "JCabi-Version", "JVM-Args", "Java-Agents", "Java-Vendor", "Java-Version", "Kotlin-Runtime-Component", "Kotlin-Version", "Log4jReleaseKey", "Log4jReleaseManager", "Log4jReleaseVersion", "Main-Class", "Main-class", "Manifest-Version", "Min-Java-Version", "Min-Update-Version", "Module-Email", "Module-Origin", "Module-Owner", "Module-Source", "Multi-Release", "Originally-Created-By", "Os-Arch", "Os-Name", "Os-Version", "Package", "Permissions", "Premain-Class", "Private-Package", "Provide-Capability", "Require-Capability", "SCM-Revision", "SCM-url", "Scm-Connection", "Scm-Revision", "Scm-Url", "Service-Component", "Specification-Title", "Specification-Vendor", "Specification-Version", "System-Properties", "Tool", "Trusted-Library", "X-Compile-Source-JDK", "X-Compile-Target-JDK"] {}
[INFO ] 2018-06-09T13:27:22,758Z [main] BasicInfo.printBasicNodeInfo - Logs can be found in                    : D:\ubuntu\Turnover-Box-Chain\build\nodes\Distributor\logs {}
[INFO ] 2018-06-09T13:27:23,909Z [main] config.ConfigHelper.loadConfig - Config:
{
    # reference.conf @ jar:file:/D:/ubuntu/Turnover-Box-Chain/build/nodes/Distributor/corda.jar!/reference.conf: 20
    "activeMQServer" : {
        # reference.conf @ jar:file:/D:/ubuntu/Turnover-Box-Chain/build/nodes/Distributor/corda.jar!/reference.conf: 21
        "bridge" : {
            # reference.conf @ jar:file:/D:/ubuntu/Turnover-Box-Chain/build/nodes/Distributor/corda.jar!/reference.conf: 24
            "maxRetryIntervalMin" : 3,
            # reference.conf @ jar:file:/D:/ubuntu/Turnover-Box-Chain/build/nodes/Distributor/corda.jar!/reference.conf: 22
            "retryIntervalMs" : 5000,
            # reference.conf @ jar:file:/D:/ubuntu/Turnover-Box-Chain/build/nodes/Distributor/corda.jar!/reference.conf: 23
            "retryIntervalMultiplier" : 1.5
        }
    },
    # hardcoded value
    "baseDirectory" : "D:\\ubuntu\\Turnover-Box-Chain\\build\\nodes\\Distributor",
    # merge of reference.conf @ jar:file:/D:/ubuntu/Turnover-Box-Chain/build/nodes/Distributor/corda.jar!/reference.conf: 6,reference.conf @ jar:file:/D:/ubuntu/Turnover-Box-Chain/build/nodes/.cache/apps/net.corda.node.Corda_3.1-corda/corda-node-3.1-corda.jar!/reference.conf: 6
    "dataSourceProperties" : {
        # reference.conf @ jar:file:/D:/ubuntu/Turnover-Box-Chain/build/nodes/Distributor/corda.jar!/reference.conf: 10
        "dataSource.password" : "",
        # merge of reference.conf @ jar:file:/D:/ubuntu/Turnover-Box-Chain/build/nodes/Distributor/corda.jar!/reference.conf: 8,hardcoded value,reference.conf @ jar:file:/D:/ubuntu/Turnover-Box-Chain/build/nodes/Distributor/corda.jar!/reference.conf: 8,reference.conf @ jar:file:/D:/ubuntu/Turnover-Box-Chain/build/nodes/Distributor/corda.jar!/reference.conf: 17
        "dataSource.url" : "jdbc:h2:file:D:\\ubuntu\\Turnover-Box-Chain\\build\\nodes\\Distributor/persistence;DB_CLOSE_ON_EXIT=FALSE;LOCK_TIMEOUT=10000;WRITE_DELAY=100;AUTO_SERVER_PORT=0",
        # reference.conf @ jar:file:/D:/ubuntu/Turnover-Box-Chain/build/nodes/Distributor/corda.jar!/reference.conf: 9
        "dataSource.user" : "sa",
        # reference.conf @ jar:file:/D:/ubuntu/Turnover-Box-Chain/build/nodes/Distributor/corda.jar!/reference.conf: 7
        "dataSourceClassName" : "org.h2.jdbcx.JdbcDataSource"
    },
    # reference.conf @ jar:file:/D:/ubuntu/Turnover-Box-Chain/build/nodes/Distributor/corda.jar!/reference.conf: 12
    "database" : {
        # reference.conf @ jar:file:/D:/ubuntu/Turnover-Box-Chain/build/nodes/Distributor/corda.jar!/reference.conf: 14
        "exportHibernateJMXStatistics" : "false",
        # reference.conf @ jar:file:/D:/ubuntu/Turnover-Box-Chain/build/nodes/Distributor/corda.jar!/reference.conf: 13
        "transactionIsolationLevel" : "REPEATABLE_READ"
    },
    # reference.conf @ jar:file:/D:/ubuntu/Turnover-Box-Chain/build/nodes/Distributor/corda.jar!/reference.conf: 16
    "devMode" : true,
    # reference.conf @ jar:file:/D:/ubuntu/Turnover-Box-Chain/build/nodes/Distributor/corda.jar!/reference.conf: 2
    "emailAddress" : "admin@company.com",
    # reference.conf @ jar:file:/D:/ubuntu/Turnover-Box-Chain/build/nodes/Distributor/corda.jar!/reference.conf: 3
    "exportJMXto" : "http",
    # reference.conf @ jar:file:/D:/ubuntu/Turnover-Box-Chain/build/nodes/Distributor/corda.jar!/reference.conf: 17
    "h2port" : 0,
    # reference.conf @ jar:file:/D:/ubuntu/Turnover-Box-Chain/build/nodes/Distributor/corda.jar!/reference.conf: 4
    "keyStorePassword" : "cordacadevpass",
    # D:\ubuntu\Turnover-Box-Chain\build\nodes\Distributor\node.conf: 1
    "myLegalName" : "O=Distributor,L=Dusserdorf,C=DE",
    # D:\ubuntu\Turnover-Box-Chain\build\nodes\Distributor\node.conf: 2
    "p2pAddress" : "localhost:10011",
    # merge of D:\ubuntu\Turnover-Box-Chain\build\nodes\Distributor\node.conf: 3,reference.conf @ jar:file:/D:/ubuntu/Turnover-Box-Chain/build/nodes/Distributor/corda.jar!/reference.conf: 27
    "rpcSettings" : {
        # D:\ubuntu\Turnover-Box-Chain\build\nodes\Distributor\node.conf: 4
        "address" : "localhost:10012",
        # D:\ubuntu\Turnover-Box-Chain\build\nodes\Distributor\node.conf: 5
        "adminAddress" : "localhost:10052",
        # reference.conf @ jar:file:/D:/ubuntu/Turnover-Box-Chain/build/nodes/Distributor/corda.jar!/reference.conf: 29
        "standAloneBroker" : false,
        # reference.conf @ jar:file:/D:/ubuntu/Turnover-Box-Chain/build/nodes/Distributor/corda.jar!/reference.conf: 28
        "useSsl" : false
    },
    # D:\ubuntu\Turnover-Box-Chain\build\nodes\Distributor\node.conf: 7
    "rpcUsers" : [
        # D:\ubuntu\Turnover-Box-Chain\build\nodes\Distributor\node.conf: 8
        {
            # D:\ubuntu\Turnover-Box-Chain\build\nodes\Distributor\node.conf: 9
            "password" : "test",
            # D:\ubuntu\Turnover-Box-Chain\build\nodes\Distributor\node.conf: 10
            "permissions" : [
                # D:\ubuntu\Turnover-Box-Chain\build\nodes\Distributor\node.conf: 11
                "ALL"
            ],
            # D:\ubuntu\Turnover-Box-Chain\build\nodes\Distributor\node.conf: 13
            "user" : "user1"
        }
    ],
    # reference.conf @ jar:file:/D:/ubuntu/Turnover-Box-Chain/build/nodes/Distributor/corda.jar!/reference.conf: 5
    "trustStorePassword" : "trustpass",
    # reference.conf @ jar:file:/D:/ubuntu/Turnover-Box-Chain/build/nodes/Distributor/corda.jar!/reference.conf: 18
    "useTestClock" : false,
    # reference.conf @ jar:file:/D:/ubuntu/Turnover-Box-Chain/build/nodes/Distributor/corda.jar!/reference.conf: 19
    "verifierType" : "InMemory",
    # D:\ubuntu\Turnover-Box-Chain\build\nodes\Distributor\node.conf: 16
    "webAddress" : "localhost:10012"
}
 {}
[WARN ] 2018-06-09T13:27:31,808Z [main] internal.config.defaultToOldPath - Config key user has been deprecated and will be removed in a future release. Use username instead {}
[INFO ] 2018-06-09T13:27:32,006Z [main] internal.Node.logStartupInfo - Vendor: Corda Open Source {}
[INFO ] 2018-06-09T13:27:32,006Z [main] internal.Node.logStartupInfo - Release: 3.1-corda {}
[INFO ] 2018-06-09T13:27:32,007Z [main] internal.Node.logStartupInfo - Platform Version: 3 {}
[INFO ] 2018-06-09T13:27:32,007Z [main] internal.Node.logStartupInfo - Revision: d193dd85e0908aba9b245e40297f4b2073555905 {}
[INFO ] 2018-06-09T13:27:32,008Z [main] internal.Node.logStartupInfo - PID: 8692 {}
[INFO ] 2018-06-09T13:27:32,009Z [main] internal.Node.logStartupInfo - Main class: /D:/ubuntu/Turnover-Box-Chain/build/nodes/.cache/apps/net.corda.node.Corda_3.1-corda/corda-node-3.1-corda.jar {}
[INFO ] 2018-06-09T13:27:32,009Z [main] internal.Node.logStartupInfo - CommandLine Args: -Xmx200m -XX:+UseG1GC -javaagent:D:\ubuntu\Turnover-Box-Chain\build\nodes\Distributor\corda.jar -javaagent:D:\ubuntu\Turnover-Box-Chain\build\nodes\.cache\apps\net.corda.node.Corda_3.1-corda\quasar-core-0.7.9-jdk8.jar=x(antlr**;bftsmart**;ch**;co.paralleluniverse**;com.codahale**;com.esotericsoftware**;com.fasterxml**;com.google**;com.ibm**;com.intellij**;com.jcabi**;com.nhaarman**;com.opengamma**;com.typesafe**;com.zaxxer**;de.javakaffee**;groovy**;groovyjarjarantlr**;groovyjarjarasm**;io.atomix**;io.github**;io.netty**;jdk**;joptsimple**;junit**;kotlin**;net.bytebuddy**;net.i2p**;org.apache**;org.assertj**;org.bouncycastle**;org.codehaus**;org.crsh**;org.dom4j**;org.fusesource**;org.h2**;org.hamcrest**;org.hibernate**;org.jboss**;org.jcp**;org.joda**;org.junit**;org.mockito**;org.objectweb**;org.objenesis**;org.slf4j**;org.w3c**;org.xml**;org.yaml**;reflectasm**;rx**;org.jolokia**) -Dcapsule.address=0.0.0.0 -Dvisualvm.display.name=Corda -Djava.library.path=C:\Program Files\Java\jdk1.8.0_172\bin;C:\WINDOWS\Sun\Java\bin;C:\WINDOWS\system32;C:\WINDOWS;C:\Program Files (x86)\Common Files\Oracle\Java\javapath;C:\ProgramData\Oracle\Java\javapath;C:\Program Files (x86)\Intel\iCLS Client;C:\Program Files\Intel\iCLS Client;C:\WINDOWS\system32;C:\WINDOWS;C:\WINDOWS\System32\Wbem;C:\WINDOWS\System32\WindowsPowerShell\v1.0;C:\Program Files (x86)\Intel\Intel(R) Management Engine Components\DAL;C:\Program Files\Intel\Intel(R) Management Engine Components\DAL;C:\Program Files (x86)\Intel\Intel(R) Management Engine Components\IPT;C:\Program Files\Intel\Intel(R) Management Engine Components\IPT;C:\Program Files\Microsoft SQL Server\130\Tools\Binn;C:\Program Files\MiKTeX 2.9\miktex\bin\x64;C:\Program Files (x86)\Java\jre1.8.0_141\lib;C:\Program Files\nodejs;C:\Program Files\MATLAB\R2017b\runtime\win64;C:\Program Files\MATLAB\R2017b\bin;C:\Program Files (x86)\GtkSharp\2.12\bin;C:\Program Files (x86)\Brackets\command;C:\Program Files\Git\cmd;C:\Program Files\Gradle\gradle-4.7\bin;C:\Users\Xiaoli Yang\AppData\Local\Programs\Python\Python35\Scripts;C:\Users\Xiaoli Yang\AppData\Local\Programs\Python\Python35;C:\Users\Xiaoli Yang\AppData\Local\Microsoft\WindowsApps;C:\Program Files (x86)\Microsoft VS Code\bin;C:\Users\Xiaoli Yang\AppData\Roaming\npm;D:\ubuntu\Turnover-Box-Chain\build\nodes\.cache\apps\net.corda.node.Corda_3.1-corda -Dcapsule.log=1 -Dcapsule.app=net.corda.node.Corda_3.1-corda -Dcapsule.port=50318 -Dcapsule.dir=D:\ubuntu\Turnover-Box-Chain\build\nodes\.cache\apps\net.corda.node.Corda_3.1-corda -Dcapsule.jar=D:\ubuntu\Turnover-Box-Chain\build\nodes\Distributor\corda.jar {}
[INFO ] 2018-06-09T13:27:32,010Z [main] internal.Node.logStartupInfo - Application Args: --just-generate-node-info {}
[INFO ] 2018-06-09T13:27:32,018Z [main] internal.Node.logStartupInfo - bootclasspath: C:\Program Files\Java\jdk1.8.0_172\jre\lib\resources.jar;C:\Program Files\Java\jdk1.8.0_172\jre\lib\rt.jar;C:\Program Files\Java\jdk1.8.0_172\jre\lib\sunrsasign.jar;C:\Program Files\Java\jdk1.8.0_172\jre\lib\jsse.jar;C:\Program Files\Java\jdk1.8.0_172\jre\lib\jce.jar;C:\Program Files\Java\jdk1.8.0_172\jre\lib\charsets.jar;C:\Program Files\Java\jdk1.8.0_172\jre\lib\jfr.jar;C:\Program Files\Java\jdk1.8.0_172\jre\classes {}
[INFO ] 2018-06-09T13:27:32,018Z [main] internal.Node.logStartupInfo - classpath: D:\ubuntu\Turnover-Box-Chain\build\nodes\Distributor\corda.jar;D:\ubuntu\Turnover-Box-Chain\build\nodes\.cache\apps\net.corda.node.Corda_3.1-corda\corda-rpc-3.1-corda.jar;D:\ubuntu\Turnover-Box-Chain\build\nodes\.cache\apps\net.corda.node.Corda_3.1-corda\corda-node-api-3.1-corda.jar;D:\ubuntu\Turnover-Box-Chain\build\nodes\.cache\apps\net.corda.node.Corda_3.1-corda\corda-confidential-identities-3.1-corda.jar;D:\ubuntu\Turnover-Box-Chain\build\nodes\.cache\apps\net.corda.node.Corda_3.1-corda\cordform-common-3.1.0.jar;D:\ubuntu\Turnover-Box-Chain\build\nodes\.cache\apps\net.corda.node.Corda_3.1-corda\log4j-slf4j-impl-2.9.1.jar;D:\ubuntu\Turnover-Box-Chain\build\nodes\.cache\apps\net.corda.node.Corda_3.1-corda\log4j-web-2.9.1.jar;D:\ubuntu\Turnover-Box-Chain\build\nodes\.cache\apps\net.corda.node.Corda_3.1-corda\jul-to-slf4j-1.7.25.jar;D:\ubuntu\Turnover-Box-Chain\build\nodes\.cache\apps\net.corda.node.Corda_3.1-corda\corda-jackson-3.1-corda.jar;D:\ubuntu\Turnover-Box-Chain\build\nodes\.cache\apps\net.corda.node.Corda_3.1-corda\corda-core-3.1-corda.jar;D:\ubuntu\Turnover-Box-Chain\build\nodes\.cache\apps\net.corda.node.Corda_3.1-corda\kotlin-stdlib-jre8-1.1.60.jar;D:\ubuntu\Turnover-Box-Chain\build\nodes\.cache\apps\net.corda.node.Corda_3.1-corda\jackson-module-kotlin-2.9.2.jar;D:\ubuntu\Turnover-Box-Chain\build\nodes\.cache\apps\net.corda.node.Corda_3.1-corda\kotlin-reflect-1.1.60.jar;D:\ubuntu\Turnover-Box-Chain\build\nodes\.cache\apps\net.corda.node.Corda_3.1-corda\jimfs-1.1.jar;D:\ubuntu\Turnover-Box-Chain\build\nodes\.cache\apps\net.corda.node.Corda_3.1-corda\artemis-amqp-protocol-2.2.0.jar;D:\ubuntu\Turnover-Box-Chain\build\nodes\.cache\apps\net.corda.node.Corda_3.1-corda\artemis-server-2.2.0.jar;D:\ubuntu\Turnover-Box-Chain\build\nodes\.cache\apps\net.corda.node.Corda_3.1-corda\artemis-jdbc-store-2.2.0.jar;D:\ubuntu\Turnover-Box-Chain\build\nodes\.cache\apps\net.corda.node.Corda_3.1-corda\artemis-jms-client-2.2.0.jar;D:\ubuntu\Turnover-Box-Chain\build\nodes\.cache\apps\net.corda.node.Corda_3.1-corda\artemis-core-client-2.2.0.jar;D:\ubuntu\Turnover-Box-Chain\build\nodes\.cache\apps\net.corda.node.Corda_3.1-corda\artemis-journal-2.2.0.jar;D:\ubuntu\Turnover-Box-Chain\build\nodes\.cache\apps\net.corda.node.Corda_3.1-corda\artemis-commons-2.2.0.jar;D:\ubuntu\Turnover-Box-Chain\build\nodes\.cache\apps\net.corda.node.Corda_3.1-corda\guava-21.0.jar;D:\ubuntu\Turnover-Box-Chain\build\nodes\.cache\apps\net.corda.node.Corda_3.1-corda\jopt-simple-5.0.2.jar;D:\ubuntu\Turnover-Box-Chain\build\nodes\.cache\apps\net.corda.node.Corda_3.1-corda\commons-collections4-4.1.jar;D:\ubuntu\Turnover-Box-Chain\build\nodes\.cache\apps\net.corda.node.Corda_3.1-corda\shiro-core-1.4.0.jar;D:\ubuntu\Turnover-Box-Chain\build\nodes\.cache\apps\net.corda.node.Corda_3.1-corda\shiro-config-ogdl-1.4.0.jar;D:\ubuntu\Turnover-Box-Chain\build\nodes\.cache\apps\net.corda.node.Corda_3.1-corda\commons-beanutils-1.9.3.jar;D:\ubuntu\Turnover-Box-Chain\build\nodes\.cache\apps\net.corda.node.Corda_3.1-corda\jansi-1.14.jar;D:\ubuntu\Turnover-Box-Chain\build\nodes\.cache\apps\net.corda.node.Corda_3.1-corda\jcabi-manifests-1.1.jar;D:\ubuntu\Turnover-Box-Chain\build\nodes\.cache\apps\net.corda.node.Corda_3.1-corda\forms_rt-7.0.3.jar;D:\ubuntu\Turnover-Box-Chain\build\nodes\.cache\apps\net.corda.node.Corda_3.1-corda\json-20180130.jar;D:\ubuntu\Turnover-Box-Chain\build\nodes\.cache\apps\net.corda.node.Corda_3.1-corda\metrics-core-3.1.2.jar;D:\ubuntu\Turnover-Box-Chain\build\nodes\.cache\apps\net.corda.node.Corda_3.1-corda\config-1.3.1.jar;D:\ubuntu\Turnover-Box-Chain\build\nodes\.cache\apps\net.corda.node.Corda_3.1-corda\h2-1.4.194.jar;D:\ubuntu\Turnover-Box-Chain\build\nodes\.cache\apps\net.corda.node.Corda_3.1-corda\postgresql-42.1.4.jar;D:\ubuntu\Turnover-Box-Chain\build\nodes\.cache\apps\net.corda.node.Corda_3.1-corda\HikariCP-2.5.1.jar;D:\ubuntu\Turnover-Box-Chain\build\nodes\.cache\apps\net.corda.node.Corda_3.1-corda\hibernate-java8-5.2.6.Final.jar;D:\ubuntu\Turnover-Box-Chain\build\nodes\.cache\apps\net.corda.node.Corda_3.1-corda\hibernate-core-5.2.6.Final.jar;D:\ubuntu\Turnover-Box-Chain\build\nodes\.cache\apps\net.corda.node.Corda_3.1-corda\copycat-client-1.2.3.jar;D:\ubuntu\Turnover-Box-Chain\build\nodes\.cache\apps\net.corda.node.Corda_3.1-corda\copycat-server-1.2.3.jar;D:\ubuntu\Turnover-Box-Chain\build\nodes\.cache\apps\net.corda.node.Corda_3.1-corda\catalyst-netty-1.1.2.jar;D:\ubuntu\Turnover-Box-Chain\build\nodes\.cache\apps\net.corda.node.Corda_3.1-corda\netty-all-4.1.9.Final.jar;D:\ubuntu\Turnover-Box-Chain\build\nodes\.cache\apps\net.corda.node.Corda_3.1-corda\crash.connectors.ssh-cadb53544fbb3c0fb901445da614998a6a419488.jar;D:\ubuntu\Turnover-Box-Chain\build\nodes\.cache\apps\net.corda.node.Corda_3.1-corda\crash.shell-cadb53544fbb3c0fb901445da614998a6a419488.jar;D:\ubuntu\Turnover-Box-Chain\build\nodes\.cache\apps\net.corda.node.Corda_3.1-corda\okhttp-3.5.0.jar;D:\ubuntu\Turnover-Box-Chain\build\nodes\.cache\apps\net.corda.node.Corda_3.1-corda\commons-codec-1.10.jar;D:\ubuntu\Turnover-Box-Chain\build\nodes\.cache\apps\net.corda.node.Corda_3.1-corda\library-master-v1.1-beta-g6215ec8-87.jar;D:\ubuntu\Turnover-Box-Chain\build\nodes\.cache\apps\net.corda.node.Corda_3.1-corda\jolokia-jvm-1.3.7-agent.jar;D:\ubuntu\Turnover-Box-Chain\build\nodes\.cache\apps\net.corda.node.Corda_3.1-corda\quasar-core-0.7.9-jdk8.jar;D:\ubuntu\Turnover-Box-Chain\build\nodes\.cache\apps\net.corda.node.Corda_3.1-corda\commons-fileupload-1.3.3.jar;D:\ubuntu\Turnover-Box-Chain\build\nodes\.cache\apps\net.corda.node.Corda_3.1-corda\kryo-serializers-0.41.jar;D:\ubuntu\Turnover-Box-Chain\build\nodes\.cache\apps\net.corda.node.Corda_3.1-corda\kryo-4.0.0.jar;D:\ubuntu\Turnover-Box-Chain\build\nodes\.cache\apps\net.corda.node.Corda_3.1-corda\proton-j-0.21.0.jar;D:\ubuntu\Turnover-Box-Chain\build\nodes\.cache\apps\net.corda.node.Corda_3.1-corda\fast-classpath-scanner-2.12.3.jar;D:\ubuntu\Turnover-Box-Chain\build\nodes\.cache\apps\net.corda.node.Corda_3.1-corda\jsr305-3.0.2.jar;D:\ubuntu\Turnover-Box-Chain\build\nodes\.cache\apps\net.corda.node.Corda_3.1-corda\jcabi-log-0.14.jar;D:\ubuntu\Turnover-Box-Chain\build\nodes\.cache\apps\net.corda.node.Corda_3.1-corda\copycat-protocol-1.2.3.jar;D:\ubuntu\Turnover-Box-Chain\build\nodes\.cache\apps\net.corda.node.Corda_3.1-corda\catalyst-transport-1.1.2.jar;D:\ubuntu\Turnover-Box-Chain\build\nodes\.cache\apps\net.corda.node.Corda_3.1-corda\mina-core-2.0.16.jar;D:\ubuntu\Turnover-Box-Chain\build\nodes\.cache\apps\net.corda.node.Corda_3.1-corda\shiro-cache-1.4.0.jar;D:\ubuntu\Turnover-Box-Chain\build\nodes\.cache\apps\net.corda.node.Corda_3.1-corda\shiro-crypto-hash-1.4.0.jar;D:\ubuntu\Turnover-Box-Chain\build\nodes\.cache\apps\net.corda.node.Corda_3.1-corda\shiro-crypto-cipher-1.4.0.jar;D:\ubuntu\Turnover-Box-Chain\build\nodes\.cache\apps\net.corda.node.Corda_3.1-corda\shiro-config-core-1.4.0.jar;D:\ubuntu\Turnover-Box-Chain\build\nodes\.cache\apps\net.corda.node.Corda_3.1-corda\shiro-event-1.4.0.jar;D:\ubuntu\Turnover-Box-Chain\build\nodes\.cache\apps\net.corda.node.Corda_3.1-corda\shiro-crypto-core-1.4.0.jar;D:\ubuntu\Turnover-Box-Chain\build\nodes\.cache\apps\net.corda.node.Corda_3.1-corda\shiro-lang-1.4.0.jar;D:\ubuntu\Turnover-Box-Chain\build\nodes\.cache\apps\net.corda.node.Corda_3.1-corda\jcl-over-slf4j-1.7.25.jar;D:\ubuntu\Turnover-Box-Chain\build\nodes\.cache\apps\net.corda.node.Corda_3.1-corda\catalyst-concurrent-1.1.2.jar;D:\ubuntu\Turnover-Box-Chain\build\nodes\.cache\apps\net.corda.node.Corda_3.1-corda\catalyst-serializer-1.1.2.jar;D:\ubuntu\Turnover-Box-Chain\build\nodes\.cache\apps\net.corda.node.Corda_3.1-corda\catalyst-buffer-1.1.2.jar;D:\ubuntu\Turnover-Box-Chain\build\nodes\.cache\apps\net.corda.node.Corda_3.1-corda\catalyst-common-1.1.2.jar;D:\ubuntu\Turnover-Box-Chain\build\nodes\.cache\apps\net.corda.node.Corda_3.1-corda\sshd-pam-0.11.0.jar;D:\ubuntu\Turnover-Box-Chain\build\nodes\.cache\apps\net.corda.node.Corda_3.1-corda\sshd-core-1.6.0.jar;D:\ubuntu\Turnover-Box-Chain\build\nodes\.cache\apps\net.corda.node.Corda_3.1-corda\slf4j-api-1.7.25.jar;D:\ubuntu\Turnover-Box-Chain\build\nodes\.cache\apps\net.corda.node.Corda_3.1-corda\log4j-core-2.9.1.jar;D:\ubuntu\Turnover-Box-Chain\build\nodes\.cache\apps\net.corda.node.Corda_3.1-corda\log4j-api-2.9.1.jar;D:\ubuntu\Turnover-Box-Chain\build\nodes\.cache\apps\net.corda.node.Corda_3.1-corda\kotlin-stdlib-jre7-1.1.60.jar;D:\ubuntu\Turnover-Box-Chain\build\nodes\.cache\apps\net.corda.node.Corda_3.1-corda\kotlin-stdlib-1.1.60.jar;D:\ubuntu\Turnover-Box-Chain\build\nodes\.cache\apps\net.corda.node.Corda_3.1-corda\commons-collections-3.2.2.jar;D:\ubuntu\Turnover-Box-Chain\build\nodes\.cache\apps\net.corda.node.Corda_3.1-corda\hibernate-commons-annotations-5.0.1.Final.jar;D:\ubuntu\Turnover-Box-Chain\build\nodes\.cache\apps\net.corda.node.Corda_3.1-corda\artemis-native-2.2.0.jar;D:\ubuntu\Turnover-Box-Chain\build\nodes\.cache\apps\net.corda.node.Corda_3.1-corda\jboss-logging-3.3.0.Final.jar;D:\ubuntu\Turnover-Box-Chain\build\nodes\.cache\apps\net.corda.node.Corda_3.1-corda\artemis-selector-2.2.0.jar;D:\ubuntu\Turnover-Box-Chain\build\nodes\.cache\apps\net.corda.node.Corda_3.1-corda\jgroups-3.6.13.Final.jar;D:\ubuntu\Turnover-Box-Chain\build\nodes\.cache\apps\net.corda.node.Corda_3.1-corda\geronimo-json_1.0_spec-1.0-alpha-1.jar;D:\ubuntu\Turnover-Box-Chain\build\nodes\.cache\apps\net.corda.node.Corda_3.1-corda\johnzon-core-0.9.5.jar;D:\ubuntu\Turnover-Box-Chain\build\nodes\.cache\apps\net.corda.node.Corda_3.1-corda\forms-1.1-preview.jar;D:\ubuntu\Turnover-Box-Chain\build\nodes\.cache\apps\net.corda.node.Corda_3.1-corda\jdom-1.0.jar;D:\ubuntu\Turnover-Box-Chain\build\nodes\.cache\apps\net.corda.node.Corda_3.1-corda\jackson-dataformat-yaml-2.9.2.jar;D:\ubuntu\Turnover-Box-Chain\build\nodes\.cache\apps\net.corda.node.Corda_3.1-corda\jackson-datatype-jsr310-2.9.2.jar;D:\ubuntu\Turnover-Box-Chain\build\nodes\.cache\apps\net.corda.node.Corda_3.1-corda\hibernate-jpa-2.1-api-1.0.0.Final.jar;D:\ubuntu\Turnover-Box-Chain\build\nodes\.cache\apps\net.corda.node.Corda_3.1-corda\javassist-3.20.0-GA.jar;D:\ubuntu\Turnover-Box-Chain\build\nodes\.cache\apps\net.corda.node.Corda_3.1-corda\antlr-2.7.7.jar;D:\ubuntu\Turnover-Box-Chain\build\nodes\.cache\apps\net.corda.node.Corda_3.1-corda\geronimo-jta_1.1_spec-1.1.1.jar;D:\ubuntu\Turnover-Box-Chain\build\nodes\.cache\apps\net.corda.node.Corda_3.1-corda\jandex-2.0.3.Final.jar;D:\ubuntu\Turnover-Box-Chain\build\nodes\.cache\apps\net.corda.node.Corda_3.1-corda\classmate-1.3.0.jar;D:\ubuntu\Turnover-Box-Chain\build\nodes\.cache\apps\net.corda.node.Corda_3.1-corda\dom4j-1.6.1.jar;D:\ubuntu\Turnover-Box-Chain\build\nodes\.cache\apps\net.corda.node.Corda_3.1-corda\cdi-api-1.1.jar;D:\ubuntu\Turnover-Box-Chain\build\nodes\.cache\apps\net.corda.node.Corda_3.1-corda\crash.cli-cadb53544fbb3c0fb901445da614998a6a419488.jar;D:\ubuntu\Turnover-Box-Chain\build\nodes\.cache\apps\net.corda.node.Corda_3.1-corda\groovy-all-1.8.9.jar;D:\ubuntu\Turnover-Box-Chain\build\nodes\.cache\apps\net.corda.node.Corda_3.1-corda\okio-1.11.0.jar;D:\ubuntu\Turnover-Box-Chain\build\nodes\.cache\apps\net.corda.node.Corda_3.1-corda\jolokia-core-1.3.7.jar;D:\ubuntu\Turnover-Box-Chain\build\nodes\.cache\apps\net.corda.node.Corda_3.1-corda\json-simple-1.1.1.jar;D:\ubuntu\Turnover-Box-Chain\build\nodes\.cache\apps\net.corda.node.Corda_3.1-corda\rxjava-1.2.4.jar;D:\ubuntu\Turnover-Box-Chain\build\nodes\.cache\apps\net.corda.node.Corda_3.1-corda\commons-jexl3-3.0.jar;D:\ubuntu\Turnover-Box-Chain\build\nodes\.cache\apps\net.corda.node.Corda_3.1-corda\jackson-databind-2.9.2.jar;D:\ubuntu\Turnover-Box-Chain\build\nodes\.cache\apps\net.corda.node.Corda_3.1-corda\eddsa-0.2.0.jar;D:\ubuntu\Turnover-Box-Chain\build\nodes\.cache\apps\net.corda.node.Corda_3.1-corda\bcpkix-jdk15on-1.57.jar;D:\ubuntu\Turnover-Box-Chain\build\nodes\.cache\apps\net.corda.node.Corda_3.1-corda\bcprov-jdk15on-1.57.jar;D:\ubuntu\Turnover-Box-Chain\build\nodes\.cache\apps\net.corda.node.Corda_3.1-corda\commons-io-2.2.jar;D:\ubuntu\Turnover-Box-Chain\build\nodes\.cache\apps\net.corda.node.Corda_3.1-corda\reflectasm-1.11.3.jar;D:\ubuntu\Turnover-Box-Chain\build\nodes\.cache\apps\net.corda.node.Corda_3.1-corda\minlog-1.3.0.jar;D:\ubuntu\Turnover-Box-Chain\build\nodes\.cache\apps\net.corda.node.Corda_3.1-corda\objenesis-2.2.jar;D:\ubuntu\Turnover-Box-Chain\build\nodes\.cache\apps\net.corda.node.Corda_3.1-corda\annotations-13.0.jar;D:\ubuntu\Turnover-Box-Chain\build\nodes\.cache\apps\net.corda.node.Corda_3.1-corda\jackson-annotations-2.9.0.jar;D:\ubuntu\Turnover-Box-Chain\build\nodes\.cache\apps\net.corda.node.Corda_3.1-corda\snakeyaml-1.18.jar;D:\ubuntu\Turnover-Box-Chain\build\nodes\.cache\apps\net.corda.node.Corda_3.1-corda\jackson-core-2.9.2.jar;D:\ubuntu\Turnover-Box-Chain\build\nodes\.cache\apps\net.corda.node.Corda_3.1-corda\el-api-2.2.jar;D:\ubuntu\Turnover-Box-Chain\build\nodes\.cache\apps\net.corda.node.Corda_3.1-corda\jboss-interceptors-api_1.1_spec-1.0.0.Beta1.jar;D:\ubuntu\Turnover-Box-Chain\build\nodes\.cache\apps\net.corda.node.Corda_3.1-corda\jsr250-api-1.0.jar;D:\ubuntu\Turnover-Box-Chain\build\nodes\.cache\apps\net.corda.node.Corda_3.1-corda\javax.inject-1.jar;D:\ubuntu\Turnover-Box-Chain\build\nodes\.cache\apps\net.corda.node.Corda_3.1-corda\jpam-1.1.jar;D:\ubuntu\Turnover-Box-Chain\build\nodes\.cache\apps\net.corda.node.Corda_3.1-corda\geronimo-jms_2.0_spec-1.0-alpha-2.jar;D:\ubuntu\Turnover-Box-Chain\build\nodes\.cache\apps\net.corda.node.Corda_3.1-corda\asm-5.0.4.jar;D:\ubuntu\Turnover-Box-Chain\build\nodes\.cache\apps\net.corda.node.Corda_3.1-corda\corda-node-3.1-corda.jar;D:\ubuntu\Turnover-Box-Chain\build\nodes\Distributor\corda.jar;D:\ubuntu\Turnover-Box-Chain\build\nodes\.cache\apps\net.corda.node.Corda_3.1-corda\quasar-core-0.7.9-jdk8.jar {}
[INFO ] 2018-06-09T13:27:32,021Z [main] internal.Node.logStartupInfo - VM Java HotSpot(TM) 64-Bit Server VM Oracle Corporation 25.172-b11 {}
[INFO ] 2018-06-09T13:27:32,022Z [main] internal.Node.logStartupInfo - Machine: DESKTOP-BKO44JE {}
[INFO ] 2018-06-09T13:27:32,023Z [main] internal.Node.logStartupInfo - Working Directory: D:\ubuntu\Turnover-Box-Chain\build\nodes\Distributor {}
[INFO ] 2018-06-09T13:27:32,031Z [main] internal.Node.logStartupInfo - Starting as node on localhost:10011 {}
[INFO ] 2018-06-09T13:27:33,187Z [main] cordapp.CordappLoader.<init> - No CorDapp paths provided {}
[INFO ] 2018-06-09T13:27:35,695Z [main] internal.Node.generateAndSaveNodeInfo - Generating nodeInfo ... {}
[WARN ] 2018-06-09T13:27:35,696Z [main] internal.Node.initCertificate - Corda node is running in dev mode. {}
[INFO ] 2018-06-09T13:27:40,600Z [main] internal.Node.obtainIdentity - identity-private-key not found in key store D:\ubuntu\Turnover-Box-Chain\build\nodes\Distributor\certificates\nodekeystore.jks, generating fresh key! {}
[INFO ] 2018-06-09T13:27:42,006Z [main] BasicInfo.printBasicNodeInfo - Database connection url is              : jdbc:h2:tcp://134.61.144.64:50336/node {}
[INFO ] 2018-06-09T13:27:42,304Z [main] hikari.HikariDataSource.<init> - HikariPool-1 - Started. {}
[INFO ] 2018-06-09T13:27:43,146Z [main] internal.Node.invoke - Connected to H2 database. {}
[INFO ] 2018-06-09T13:27:44,085Z [main] persistence.HibernateConfiguration.<init> - Init HibernateConfiguration for schemas: [CommonSchemaV1(name=net.corda.core.schemas.CommonSchema, version=1), VaultSchemaV1(name=net.corda.node.services.vault.VaultSchema, version=1), NodeInfoSchemaV1(name=net.corda.node.internal.schemas.NodeInfoSchema, version=1), NodeCoreV1(name=net.corda.node.services.schema.NodeSchemaService$NodeCore, version=1)] {}
[INFO ] 2018-06-09T13:27:44,087Z [main] persistence.HibernateConfiguration.makeSessionFactoryForSchemas - Creating session factory for schemas: [CommonSchemaV1(name=net.corda.core.schemas.CommonSchema, version=1), VaultSchemaV1(name=net.corda.node.services.vault.VaultSchema, version=1), NodeInfoSchemaV1(name=net.corda.node.internal.schemas.NodeInfoSchema, version=1), NodeCoreV1(name=net.corda.node.services.schema.NodeSchemaService$NodeCore, version=1)] {}
[INFO ] 2018-06-09T13:27:44,793Z [main] hibernate.Version.logVersion - HHH000412: Hibernate Core {5.2.6.Final} {}
[INFO ] 2018-06-09T13:27:44,799Z [main] cfg.Environment.<clinit> - HHH000206: hibernate.properties not found {}
[INFO ] 2018-06-09T13:27:45,011Z [main] common.Version.<clinit> - HCANN000001: Hibernate Commons Annotations {5.0.1.Final} {}
[INFO ] 2018-06-09T13:27:46,514Z [main] internal.ConnectionProviderInitiator.initiateService - HHH000130: Instantiating explicit connection provider: net.corda.nodeapi.internal.persistence.HibernateConfiguration$NodeDatabaseConnectionProvider {}
[INFO ] 2018-06-09T13:27:46,553Z [main] dialect.Dialect.<init> - HHH000400: Using dialect: org.hibernate.dialect.H2Dialect {}
[INFO ] 2018-06-09T13:27:46,870Z [main] type.BasicTypeRegistry.register - HHH000270: Type registration [materialized_blob] overrides previous : org.hibernate.type.MaterializedBlobType@4d84049a {}
[INFO ] 2018-06-09T13:27:52,815Z [main] connections.access.getIsolatedConnection - HHH10001501: Connection obtained from JdbcConnectionAccess [org.hibernate.engine.jdbc.env.internal.JdbcEnvironmentInitiator$ConnectionProviderJdbcConnectionAccess@72af90e8] for (non-JTA) DDL execution was not in auto-commit mode; the Connection 'local transaction' will be committed and the Connection will be set into auto-commit mode. {}
[INFO ] 2018-06-09T13:27:53,623Z [main] persistence.HibernateConfiguration.makeSessionFactoryForSchemas - Created session factory for schemas: [CommonSchemaV1(name=net.corda.core.schemas.CommonSchema, version=1), VaultSchemaV1(name=net.corda.node.services.vault.VaultSchema, version=1), NodeInfoSchemaV1(name=net.corda.node.internal.schemas.NodeInfoSchema, version=1), NodeCoreV1(name=net.corda.node.services.schema.NodeSchemaService$NodeCore, version=1)] {}
[INFO ] 2018-06-09T13:27:54,477Z [main] internal.QueryTranslatorFactoryInitiator.initiateService - HHH000397: Using ASTQueryTranslatorFactory {}
[INFO ] 2018-06-09T13:27:56,892Z [main] internal.Node.tryDetectIfNotPublicHost - Detected public IP: 134.61.144.64. This will be used instead of the provided "localhost" as the advertised address. {}
[INFO ] 2018-06-09T13:27:56,933Z [main] internal.Node.updateNodeInfo - Node-info has changed so submitting update. Old node-info was null {}
[INFO ] 2018-06-09T13:27:56,934Z [main] network.PersistentNetworkMapCache.addNode - Adding node with info: NodeInfo(addresses=[134.61.144.64:10011], legalIdentitiesAndCerts=[O=Distributor, L=Dusserdorf, C=DE], platformVersion=3, serial=1528550876934) {}
[INFO ] 2018-06-09T13:27:57,053Z [main] network.PersistentNetworkMapCache.addNode - No previous node found {}
[INFO ] 2018-06-09T13:27:58,969Z [main] network.PersistentNetworkMapCache.addNode - Done adding node with info: NodeInfo(addresses=[134.61.144.64:10011], legalIdentitiesAndCerts=[O=Distributor, L=Dusserdorf, C=DE], platformVersion=3, serial=1528550876934) {}
[INFO ] 2018-06-09T13:27:58,970Z [main] internal.Node.updateNodeInfo - New node-info: NodeInfo(addresses=[134.61.144.64:10011], legalIdentitiesAndCerts=[O=Distributor, L=Dusserdorf, C=DE], platformVersion=3, serial=1528550876934) {}
[INFO ] 2018-06-09T13:27:59,542Z [main] internal.Node.run - Node exiting successfully {}
[INFO ] 2018-06-09T13:35:28,176Z [main] manifests.Manifests.info - 111 attributes loaded from 129 stream(s) in 6s, 111 saved, 1990 ignored: ["ActiveMQ-Version", "Agent-Class", "Ant-Version", "Application-Class", "Application-Library-Allowable-Codebase", "Application-Name", "Application-Version", "Archiver-Version", "Automatic-Module-Name", "Bnd-LastModified", "Branch", "Build-Date", "Build-Host", "Build-Id", "Build-Java-Version", "Build-Jdk", "Build-Job", "Build-Number", "Build-Timestamp", "Built-By", "Built-OS", "Built-Status", "Bundle-Activator", "Bundle-Category", "Bundle-ClassPath", "Bundle-Copyright", "Bundle-Description", "Bundle-DocURL", "Bundle-License", "Bundle-ManifestVersion", "Bundle-Name", "Bundle-RequiredExecutionEnvironment", "Bundle-SymbolicName", "Bundle-Vendor", "Bundle-Version", "Caller-Allowable-Codebase", "Can-Redefine-Classes", "Can-Retransform-Classes", "Can-Set-Native-Method-Prefix", "Caplets", "Change", "Codebase", "Corda-Platform-Version", "Corda-Release-Version", "Corda-Revision", "Corda-Vendor", "Created-By", "DynamicImport-Package", "Eclipse-BuddyPolicy", "Eclipse-LazyStart", "Export-Package", "Extension-Name", "Fragment-Host", "Gradle-Version", "Ignore-Package", "Implementation-Build", "Implementation-Build-Date", "Implementation-Title", "Implementation-URL", "Implementation-Url", "Implementation-Vendor", "Implementation-Vendor-Id", "Implementation-Version", "Import-Package", "Include-Resource", "JCabi-Build", "JCabi-Date", "JCabi-Version", "JVM-Args", "Java-Agents", "Java-Vendor", "Java-Version", "Kotlin-Runtime-Component", "Kotlin-Version", "Log4jReleaseKey", "Log4jReleaseManager", "Log4jReleaseVersion", "Main-Class", "Main-class", "Manifest-Version", "Min-Java-Version", "Min-Update-Version", "Module-Email", "Module-Origin", "Module-Owner", "Module-Source", "Multi-Release", "Originally-Created-By", "Os-Arch", "Os-Name", "Os-Version", "Package", "Permissions", "Premain-Class", "Private-Package", "Provide-Capability", "Require-Capability", "SCM-Revision", "SCM-url", "Scm-Connection", "Scm-Revision", "Scm-Url", "Service-Component", "Specification-Title", "Specification-Vendor", "Specification-Version", "System-Properties", "Tool", "Trusted-Library", "X-Compile-Source-JDK", "X-Compile-Target-JDK"] {}
[INFO ] 2018-06-09T13:35:31,174Z [main] BasicInfo.printBasicNodeInfo - Logs can be found in                    : D:\ubuntu\Turnover-Box-Chain\build\nodes\Distributor\logs {}
[INFO ] 2018-06-09T13:35:32,453Z [main] config.ConfigHelper.loadConfig - Config:
{
    # reference.conf @ jar:file:/D:/ubuntu/Turnover-Box-Chain/build/nodes/Distributor/corda.jar!/reference.conf: 20
    "activeMQServer" : {
        # reference.conf @ jar:file:/D:/ubuntu/Turnover-Box-Chain/build/nodes/Distributor/corda.jar!/reference.conf: 21
        "bridge" : {
            # reference.conf @ jar:file:/D:/ubuntu/Turnover-Box-Chain/build/nodes/Distributor/corda.jar!/reference.conf: 24
            "maxRetryIntervalMin" : 3,
            # reference.conf @ jar:file:/D:/ubuntu/Turnover-Box-Chain/build/nodes/Distributor/corda.jar!/reference.conf: 22
            "retryIntervalMs" : 5000,
            # reference.conf @ jar:file:/D:/ubuntu/Turnover-Box-Chain/build/nodes/Distributor/corda.jar!/reference.conf: 23
            "retryIntervalMultiplier" : 1.5
        }
    },
    # hardcoded value
    "baseDirectory" : "D:\\ubuntu\\Turnover-Box-Chain\\build\\nodes\\Distributor",
    # merge of reference.conf @ jar:file:/D:/ubuntu/Turnover-Box-Chain/build/nodes/Distributor/corda.jar!/reference.conf: 6,reference.conf @ jar:file:/C:/Users/Xiaoli%20Yang/AppData/Local/capsule/apps/net.corda.node.Corda_3.1-corda/corda-node-3.1-corda.jar!/reference.conf: 6
    "dataSourceProperties" : {
        # reference.conf @ jar:file:/D:/ubuntu/Turnover-Box-Chain/build/nodes/Distributor/corda.jar!/reference.conf: 10
        "dataSource.password" : "",
        # merge of reference.conf @ jar:file:/D:/ubuntu/Turnover-Box-Chain/build/nodes/Distributor/corda.jar!/reference.conf: 8,hardcoded value,reference.conf @ jar:file:/D:/ubuntu/Turnover-Box-Chain/build/nodes/Distributor/corda.jar!/reference.conf: 8,reference.conf @ jar:file:/D:/ubuntu/Turnover-Box-Chain/build/nodes/Distributor/corda.jar!/reference.conf: 17
        "dataSource.url" : "jdbc:h2:file:D:\\ubuntu\\Turnover-Box-Chain\\build\\nodes\\Distributor/persistence;DB_CLOSE_ON_EXIT=FALSE;LOCK_TIMEOUT=10000;WRITE_DELAY=100;AUTO_SERVER_PORT=0",
        # reference.conf @ jar:file:/D:/ubuntu/Turnover-Box-Chain/build/nodes/Distributor/corda.jar!/reference.conf: 9
        "dataSource.user" : "sa",
        # reference.conf @ jar:file:/D:/ubuntu/Turnover-Box-Chain/build/nodes/Distributor/corda.jar!/reference.conf: 7
        "dataSourceClassName" : "org.h2.jdbcx.JdbcDataSource"
    },
    # reference.conf @ jar:file:/D:/ubuntu/Turnover-Box-Chain/build/nodes/Distributor/corda.jar!/reference.conf: 12
    "database" : {
        # reference.conf @ jar:file:/D:/ubuntu/Turnover-Box-Chain/build/nodes/Distributor/corda.jar!/reference.conf: 14
        "exportHibernateJMXStatistics" : "false",
        # reference.conf @ jar:file:/D:/ubuntu/Turnover-Box-Chain/build/nodes/Distributor/corda.jar!/reference.conf: 13
        "transactionIsolationLevel" : "REPEATABLE_READ"
    },
    # reference.conf @ jar:file:/D:/ubuntu/Turnover-Box-Chain/build/nodes/Distributor/corda.jar!/reference.conf: 16
    "devMode" : true,
    # reference.conf @ jar:file:/D:/ubuntu/Turnover-Box-Chain/build/nodes/Distributor/corda.jar!/reference.conf: 2
    "emailAddress" : "admin@company.com",
    # reference.conf @ jar:file:/D:/ubuntu/Turnover-Box-Chain/build/nodes/Distributor/corda.jar!/reference.conf: 3
    "exportJMXto" : "http",
    # reference.conf @ jar:file:/D:/ubuntu/Turnover-Box-Chain/build/nodes/Distributor/corda.jar!/reference.conf: 17
    "h2port" : 0,
    # reference.conf @ jar:file:/D:/ubuntu/Turnover-Box-Chain/build/nodes/Distributor/corda.jar!/reference.conf: 4
    "keyStorePassword" : "cordacadevpass",
    # D:\ubuntu\Turnover-Box-Chain\build\nodes\Distributor\node.conf: 1
    "myLegalName" : "O=Distributor,L=Dusserdorf,C=DE",
    # D:\ubuntu\Turnover-Box-Chain\build\nodes\Distributor\node.conf: 2
    "p2pAddress" : "localhost:10011",
    # merge of D:\ubuntu\Turnover-Box-Chain\build\nodes\Distributor\node.conf: 3,reference.conf @ jar:file:/D:/ubuntu/Turnover-Box-Chain/build/nodes/Distributor/corda.jar!/reference.conf: 27
    "rpcSettings" : {
        # D:\ubuntu\Turnover-Box-Chain\build\nodes\Distributor\node.conf: 4
        "address" : "localhost:10012",
        # D:\ubuntu\Turnover-Box-Chain\build\nodes\Distributor\node.conf: 5
        "adminAddress" : "localhost:10052",
        # reference.conf @ jar:file:/D:/ubuntu/Turnover-Box-Chain/build/nodes/Distributor/corda.jar!/reference.conf: 29
        "standAloneBroker" : false,
        # reference.conf @ jar:file:/D:/ubuntu/Turnover-Box-Chain/build/nodes/Distributor/corda.jar!/reference.conf: 28
        "useSsl" : false
    },
    # D:\ubuntu\Turnover-Box-Chain\build\nodes\Distributor\node.conf: 7
    "rpcUsers" : [
        # D:\ubuntu\Turnover-Box-Chain\build\nodes\Distributor\node.conf: 8
        {
            # D:\ubuntu\Turnover-Box-Chain\build\nodes\Distributor\node.conf: 9
            "password" : "test",
            # D:\ubuntu\Turnover-Box-Chain\build\nodes\Distributor\node.conf: 10
            "permissions" : [
                # D:\ubuntu\Turnover-Box-Chain\build\nodes\Distributor\node.conf: 11
                "ALL"
            ],
            # D:\ubuntu\Turnover-Box-Chain\build\nodes\Distributor\node.conf: 13
            "user" : "user1"
        }
    ],
    # reference.conf @ jar:file:/D:/ubuntu/Turnover-Box-Chain/build/nodes/Distributor/corda.jar!/reference.conf: 5
    "trustStorePassword" : "trustpass",
    # reference.conf @ jar:file:/D:/ubuntu/Turnover-Box-Chain/build/nodes/Distributor/corda.jar!/reference.conf: 18
    "useTestClock" : false,
    # reference.conf @ jar:file:/D:/ubuntu/Turnover-Box-Chain/build/nodes/Distributor/corda.jar!/reference.conf: 19
    "verifierType" : "InMemory",
    # D:\ubuntu\Turnover-Box-Chain\build\nodes\Distributor\node.conf: 16
    "webAddress" : "localhost:10012"
}
 {}
[WARN ] 2018-06-09T13:35:38,134Z [main] internal.config.defaultToOldPath - Config key user has been deprecated and will be removed in a future release. Use username instead {}
[INFO ] 2018-06-09T13:35:38,422Z [main] internal.Node.logStartupInfo - Vendor: Corda Open Source {}
[INFO ] 2018-06-09T13:35:38,422Z [main] internal.Node.logStartupInfo - Release: 3.1-corda {}
[INFO ] 2018-06-09T13:35:38,422Z [main] internal.Node.logStartupInfo - Platform Version: 3 {}
[INFO ] 2018-06-09T13:35:38,422Z [main] internal.Node.logStartupInfo - Revision: d193dd85e0908aba9b245e40297f4b2073555905 {}
[INFO ] 2018-06-09T13:35:38,424Z [main] internal.Node.logStartupInfo - PID: 14468 {}
[INFO ] 2018-06-09T13:35:38,424Z [main] internal.Node.logStartupInfo - Main class: /C:/Users/Xiaoli Yang/AppData/Local/capsule/apps/net.corda.node.Corda_3.1-corda/corda-node-3.1-corda.jar {}
[INFO ] 2018-06-09T13:35:38,425Z [main] internal.Node.logStartupInfo - CommandLine Args: -Xmx200m -XX:+UseG1GC -agentlib:jdwp=transport=dt_socket,server=y,suspend=n,address=5005 -javaagent:drivers/jolokia-jvm-1.3.7-agent.jar=port=7005,logHandlerClass=net.corda.node.JolokiaSlf4Adapter -javaagent:D:\ubuntu\Turnover-Box-Chain\build\nodes\Distributor\corda.jar -javaagent:C:\Users\Xiaoli Yang\AppData\Local\capsule\apps\net.corda.node.Corda_3.1-corda\quasar-core-0.7.9-jdk8.jar=x(antlr**;bftsmart**;ch**;co.paralleluniverse**;com.codahale**;com.esotericsoftware**;com.fasterxml**;com.google**;com.ibm**;com.intellij**;com.jcabi**;com.nhaarman**;com.opengamma**;com.typesafe**;com.zaxxer**;de.javakaffee**;groovy**;groovyjarjarantlr**;groovyjarjarasm**;io.atomix**;io.github**;io.netty**;jdk**;joptsimple**;junit**;kotlin**;net.bytebuddy**;net.i2p**;org.apache**;org.assertj**;org.bouncycastle**;org.codehaus**;org.crsh**;org.dom4j**;org.fusesource**;org.h2**;org.hamcrest**;org.hibernate**;org.jboss**;org.jcp**;org.joda**;org.junit**;org.mockito**;org.objectweb**;org.objenesis**;org.slf4j**;org.w3c**;org.xml**;org.yaml**;reflectasm**;rx**;org.jolokia**) -Dcapsule.address=0.0.0.0 -Dvisualvm.display.name=Corda -Djava.library.path=C:\Program Files\Java\jre1.8.0_172\bin;C:\WINDOWS\Sun\Java\bin;C:\WINDOWS\system32;C:\WINDOWS;C:\Program Files (x86)\Common Files\Oracle\Java\javapath;C:\ProgramData\Oracle\Java\javapath;C:\Program Files (x86)\Intel\iCLS Client;C:\Program Files\Intel\iCLS Client;C:\WINDOWS\system32;C:\WINDOWS;C:\WINDOWS\System32\Wbem;C:\WINDOWS\System32\WindowsPowerShell\v1.0;C:\Program Files (x86)\Intel\Intel(R) Management Engine Components\DAL;C:\Program Files\Intel\Intel(R) Management Engine Components\DAL;C:\Program Files (x86)\Intel\Intel(R) Management Engine Components\IPT;C:\Program Files\Intel\Intel(R) Management Engine Components\IPT;C:\Program Files\Microsoft SQL Server\130\Tools\Binn;C:\Program Files\MiKTeX 2.9\miktex\bin\x64;C:\Program Files (x86)\Java\jre1.8.0_141\lib;C:\Program Files\nodejs;C:\Program Files\MATLAB\R2017b\runtime\win64;C:\Program Files\MATLAB\R2017b\bin;C:\Program Files (x86)\GtkSharp\2.12\bin;C:\Program Files (x86)\Brackets\command;C:\Program Files\Git\cmd;C:\Program Files\Gradle\gradle-4.7\bin;C:\Users\Xiaoli Yang\AppData\Local\Programs\Python\Python35\Scripts;C:\Users\Xiaoli Yang\AppData\Local\Programs\Python\Python35;C:\Users\Xiaoli Yang\AppData\Local\Microsoft\WindowsApps;C:\Program Files (x86)\Microsoft VS Code\bin;C:\Users\Xiaoli Yang\AppData\Roaming\npm;C:\Users\Xiaoli Yang\AppData\Local\capsule\apps\net.corda.node.Corda_3.1-corda -Dcapsule.log=1 -Dcapsule.app=net.corda.node.Corda_3.1-corda -Dcapsule.port=50531 -Dname=Distributor-corda.jar -Dcapsule.jvm.args=-agentlib:jdwp=transport=dt_socket,server=y,suspend=n,address=5005 -javaagent:drivers/jolokia-jvm-1.3.7-agent.jar=port=7005,logHandlerClass=net.corda.node.JolokiaSlf4Adapter -Dcapsule.dir=C:\Users\Xiaoli Yang\AppData\Local\capsule\apps\net.corda.node.Corda_3.1-corda -Dcapsule.jar=D:\ubuntu\Turnover-Box-Chain\build\nodes\Distributor\corda.jar {}
[INFO ] 2018-06-09T13:35:38,427Z [main] internal.Node.logStartupInfo - Application Args:  {}
[INFO ] 2018-06-09T13:35:38,427Z [main] internal.Node.logStartupInfo - bootclasspath: C:\Program Files\Java\jre1.8.0_172\lib\resources.jar;C:\Program Files\Java\jre1.8.0_172\lib\rt.jar;C:\Program Files\Java\jre1.8.0_172\lib\sunrsasign.jar;C:\Program Files\Java\jre1.8.0_172\lib\jsse.jar;C:\Program Files\Java\jre1.8.0_172\lib\jce.jar;C:\Program Files\Java\jre1.8.0_172\lib\charsets.jar;C:\Program Files\Java\jre1.8.0_172\lib\jfr.jar;C:\Program Files\Java\jre1.8.0_172\classes {}
[INFO ] 2018-06-09T13:35:38,427Z [main] internal.Node.logStartupInfo - classpath: D:\ubuntu\Turnover-Box-Chain\build\nodes\Distributor\corda.jar;C:\Users\Xiaoli Yang\AppData\Local\capsule\apps\net.corda.node.Corda_3.1-corda\corda-rpc-3.1-corda.jar;C:\Users\Xiaoli Yang\AppData\Local\capsule\apps\net.corda.node.Corda_3.1-corda\corda-node-api-3.1-corda.jar;C:\Users\Xiaoli Yang\AppData\Local\capsule\apps\net.corda.node.Corda_3.1-corda\corda-confidential-identities-3.1-corda.jar;C:\Users\Xiaoli Yang\AppData\Local\capsule\apps\net.corda.node.Corda_3.1-corda\cordform-common-3.1.0.jar;C:\Users\Xiaoli Yang\AppData\Local\capsule\apps\net.corda.node.Corda_3.1-corda\log4j-slf4j-impl-2.9.1.jar;C:\Users\Xiaoli Yang\AppData\Local\capsule\apps\net.corda.node.Corda_3.1-corda\log4j-web-2.9.1.jar;C:\Users\Xiaoli Yang\AppData\Local\capsule\apps\net.corda.node.Corda_3.1-corda\jul-to-slf4j-1.7.25.jar;C:\Users\Xiaoli Yang\AppData\Local\capsule\apps\net.corda.node.Corda_3.1-corda\corda-jackson-3.1-corda.jar;C:\Users\Xiaoli Yang\AppData\Local\capsule\apps\net.corda.node.Corda_3.1-corda\corda-core-3.1-corda.jar;C:\Users\Xiaoli Yang\AppData\Local\capsule\apps\net.corda.node.Corda_3.1-corda\kotlin-stdlib-jre8-1.1.60.jar;C:\Users\Xiaoli Yang\AppData\Local\capsule\apps\net.corda.node.Corda_3.1-corda\jackson-module-kotlin-2.9.2.jar;C:\Users\Xiaoli Yang\AppData\Local\capsule\apps\net.corda.node.Corda_3.1-corda\kotlin-reflect-1.1.60.jar;C:\Users\Xiaoli Yang\AppData\Local\capsule\apps\net.corda.node.Corda_3.1-corda\jimfs-1.1.jar;C:\Users\Xiaoli Yang\AppData\Local\capsule\apps\net.corda.node.Corda_3.1-corda\artemis-amqp-protocol-2.2.0.jar;C:\Users\Xiaoli Yang\AppData\Local\capsule\apps\net.corda.node.Corda_3.1-corda\artemis-server-2.2.0.jar;C:\Users\Xiaoli Yang\AppData\Local\capsule\apps\net.corda.node.Corda_3.1-corda\artemis-jdbc-store-2.2.0.jar;C:\Users\Xiaoli Yang\AppData\Local\capsule\apps\net.corda.node.Corda_3.1-corda\artemis-jms-client-2.2.0.jar;C:\Users\Xiaoli Yang\AppData\Local\capsule\apps\net.corda.node.Corda_3.1-corda\artemis-core-client-2.2.0.jar;C:\Users\Xiaoli Yang\AppData\Local\capsule\apps\net.corda.node.Corda_3.1-corda\artemis-journal-2.2.0.jar;C:\Users\Xiaoli Yang\AppData\Local\capsule\apps\net.corda.node.Corda_3.1-corda\artemis-commons-2.2.0.jar;C:\Users\Xiaoli Yang\AppData\Local\capsule\apps\net.corda.node.Corda_3.1-corda\guava-21.0.jar;C:\Users\Xiaoli Yang\AppData\Local\capsule\apps\net.corda.node.Corda_3.1-corda\jopt-simple-5.0.2.jar;C:\Users\Xiaoli Yang\AppData\Local\capsule\apps\net.corda.node.Corda_3.1-corda\commons-collections4-4.1.jar;C:\Users\Xiaoli Yang\AppData\Local\capsule\apps\net.corda.node.Corda_3.1-corda\shiro-core-1.4.0.jar;C:\Users\Xiaoli Yang\AppData\Local\capsule\apps\net.corda.node.Corda_3.1-corda\shiro-config-ogdl-1.4.0.jar;C:\Users\Xiaoli Yang\AppData\Local\capsule\apps\net.corda.node.Corda_3.1-corda\commons-beanutils-1.9.3.jar;C:\Users\Xiaoli Yang\AppData\Local\capsule\apps\net.corda.node.Corda_3.1-corda\jansi-1.14.jar;C:\Users\Xiaoli Yang\AppData\Local\capsule\apps\net.corda.node.Corda_3.1-corda\jcabi-manifests-1.1.jar;C:\Users\Xiaoli Yang\AppData\Local\capsule\apps\net.corda.node.Corda_3.1-corda\forms_rt-7.0.3.jar;C:\Users\Xiaoli Yang\AppData\Local\capsule\apps\net.corda.node.Corda_3.1-corda\json-20180130.jar;C:\Users\Xiaoli Yang\AppData\Local\capsule\apps\net.corda.node.Corda_3.1-corda\metrics-core-3.1.2.jar;C:\Users\Xiaoli Yang\AppData\Local\capsule\apps\net.corda.node.Corda_3.1-corda\config-1.3.1.jar;C:\Users\Xiaoli Yang\AppData\Local\capsule\apps\net.corda.node.Corda_3.1-corda\h2-1.4.194.jar;C:\Users\Xiaoli Yang\AppData\Local\capsule\apps\net.corda.node.Corda_3.1-corda\postgresql-42.1.4.jar;C:\Users\Xiaoli Yang\AppData\Local\capsule\apps\net.corda.node.Corda_3.1-corda\HikariCP-2.5.1.jar;C:\Users\Xiaoli Yang\AppData\Local\capsule\apps\net.corda.node.Corda_3.1-corda\hibernate-java8-5.2.6.Final.jar;C:\Users\Xiaoli Yang\AppData\Local\capsule\apps\net.corda.node.Corda_3.1-corda\hibernate-core-5.2.6.Final.jar;C:\Users\Xiaoli Yang\AppData\Local\capsule\apps\net.corda.node.Corda_3.1-corda\copycat-client-1.2.3.jar;C:\Users\Xiaoli Yang\AppData\Local\capsule\apps\net.corda.node.Corda_3.1-corda\copycat-server-1.2.3.jar;C:\Users\Xiaoli Yang\AppData\Local\capsule\apps\net.corda.node.Corda_3.1-corda\catalyst-netty-1.1.2.jar;C:\Users\Xiaoli Yang\AppData\Local\capsule\apps\net.corda.node.Corda_3.1-corda\netty-all-4.1.9.Final.jar;C:\Users\Xiaoli Yang\AppData\Local\capsule\apps\net.corda.node.Corda_3.1-corda\crash.connectors.ssh-cadb53544fbb3c0fb901445da614998a6a419488.jar;C:\Users\Xiaoli Yang\AppData\Local\capsule\apps\net.corda.node.Corda_3.1-corda\crash.shell-cadb53544fbb3c0fb901445da614998a6a419488.jar;C:\Users\Xiaoli Yang\AppData\Local\capsule\apps\net.corda.node.Corda_3.1-corda\okhttp-3.5.0.jar;C:\Users\Xiaoli Yang\AppData\Local\capsule\apps\net.corda.node.Corda_3.1-corda\commons-codec-1.10.jar;C:\Users\Xiaoli Yang\AppData\Local\capsule\apps\net.corda.node.Corda_3.1-corda\library-master-v1.1-beta-g6215ec8-87.jar;C:\Users\Xiaoli Yang\AppData\Local\capsule\apps\net.corda.node.Corda_3.1-corda\jolokia-jvm-1.3.7-agent.jar;C:\Users\Xiaoli Yang\AppData\Local\capsule\apps\net.corda.node.Corda_3.1-corda\quasar-core-0.7.9-jdk8.jar;C:\Users\Xiaoli Yang\AppData\Local\capsule\apps\net.corda.node.Corda_3.1-corda\commons-fileupload-1.3.3.jar;C:\Users\Xiaoli Yang\AppData\Local\capsule\apps\net.corda.node.Corda_3.1-corda\kryo-serializers-0.41.jar;C:\Users\Xiaoli Yang\AppData\Local\capsule\apps\net.corda.node.Corda_3.1-corda\kryo-4.0.0.jar;C:\Users\Xiaoli Yang\AppData\Local\capsule\apps\net.corda.node.Corda_3.1-corda\proton-j-0.21.0.jar;C:\Users\Xiaoli Yang\AppData\Local\capsule\apps\net.corda.node.Corda_3.1-corda\fast-classpath-scanner-2.12.3.jar;C:\Users\Xiaoli Yang\AppData\Local\capsule\apps\net.corda.node.Corda_3.1-corda\jsr305-3.0.2.jar;C:\Users\Xiaoli Yang\AppData\Local\capsule\apps\net.corda.node.Corda_3.1-corda\jcabi-log-0.14.jar;C:\Users\Xiaoli Yang\AppData\Local\capsule\apps\net.corda.node.Corda_3.1-corda\copycat-protocol-1.2.3.jar;C:\Users\Xiaoli Yang\AppData\Local\capsule\apps\net.corda.node.Corda_3.1-corda\catalyst-transport-1.1.2.jar;C:\Users\Xiaoli Yang\AppData\Local\capsule\apps\net.corda.node.Corda_3.1-corda\mina-core-2.0.16.jar;C:\Users\Xiaoli Yang\AppData\Local\capsule\apps\net.corda.node.Corda_3.1-corda\shiro-cache-1.4.0.jar;C:\Users\Xiaoli Yang\AppData\Local\capsule\apps\net.corda.node.Corda_3.1-corda\shiro-crypto-hash-1.4.0.jar;C:\Users\Xiaoli Yang\AppData\Local\capsule\apps\net.corda.node.Corda_3.1-corda\shiro-crypto-cipher-1.4.0.jar;C:\Users\Xiaoli Yang\AppData\Local\capsule\apps\net.corda.node.Corda_3.1-corda\shiro-config-core-1.4.0.jar;C:\Users\Xiaoli Yang\AppData\Local\capsule\apps\net.corda.node.Corda_3.1-corda\shiro-event-1.4.0.jar;C:\Users\Xiaoli Yang\AppData\Local\capsule\apps\net.corda.node.Corda_3.1-corda\shiro-crypto-core-1.4.0.jar;C:\Users\Xiaoli Yang\AppData\Local\capsule\apps\net.corda.node.Corda_3.1-corda\shiro-lang-1.4.0.jar;C:\Users\Xiaoli Yang\AppData\Local\capsule\apps\net.corda.node.Corda_3.1-corda\jcl-over-slf4j-1.7.25.jar;C:\Users\Xiaoli Yang\AppData\Local\capsule\apps\net.corda.node.Corda_3.1-corda\catalyst-concurrent-1.1.2.jar;C:\Users\Xiaoli Yang\AppData\Local\capsule\apps\net.corda.node.Corda_3.1-corda\catalyst-serializer-1.1.2.jar;C:\Users\Xiaoli Yang\AppData\Local\capsule\apps\net.corda.node.Corda_3.1-corda\catalyst-buffer-1.1.2.jar;C:\Users\Xiaoli Yang\AppData\Local\capsule\apps\net.corda.node.Corda_3.1-corda\catalyst-common-1.1.2.jar;C:\Users\Xiaoli Yang\AppData\Local\capsule\apps\net.corda.node.Corda_3.1-corda\sshd-pam-0.11.0.jar;C:\Users\Xiaoli Yang\AppData\Local\capsule\apps\net.corda.node.Corda_3.1-corda\sshd-core-1.6.0.jar;C:\Users\Xiaoli Yang\AppData\Local\capsule\apps\net.corda.node.Corda_3.1-corda\slf4j-api-1.7.25.jar;C:\Users\Xiaoli Yang\AppData\Local\capsule\apps\net.corda.node.Corda_3.1-corda\log4j-core-2.9.1.jar;C:\Users\Xiaoli Yang\AppData\Local\capsule\apps\net.corda.node.Corda_3.1-corda\log4j-api-2.9.1.jar;C:\Users\Xiaoli Yang\AppData\Local\capsule\apps\net.corda.node.Corda_3.1-corda\kotlin-stdlib-jre7-1.1.60.jar;C:\Users\Xiaoli Yang\AppData\Local\capsule\apps\net.corda.node.Corda_3.1-corda\kotlin-stdlib-1.1.60.jar;C:\Users\Xiaoli Yang\AppData\Local\capsule\apps\net.corda.node.Corda_3.1-corda\commons-collections-3.2.2.jar;C:\Users\Xiaoli Yang\AppData\Local\capsule\apps\net.corda.node.Corda_3.1-corda\hibernate-commons-annotations-5.0.1.Final.jar;C:\Users\Xiaoli Yang\AppData\Local\capsule\apps\net.corda.node.Corda_3.1-corda\artemis-native-2.2.0.jar;C:\Users\Xiaoli Yang\AppData\Local\capsule\apps\net.corda.node.Corda_3.1-corda\jboss-logging-3.3.0.Final.jar;C:\Users\Xiaoli Yang\AppData\Local\capsule\apps\net.corda.node.Corda_3.1-corda\artemis-selector-2.2.0.jar;C:\Users\Xiaoli Yang\AppData\Local\capsule\apps\net.corda.node.Corda_3.1-corda\jgroups-3.6.13.Final.jar;C:\Users\Xiaoli Yang\AppData\Local\capsule\apps\net.corda.node.Corda_3.1-corda\geronimo-json_1.0_spec-1.0-alpha-1.jar;C:\Users\Xiaoli Yang\AppData\Local\capsule\apps\net.corda.node.Corda_3.1-corda\johnzon-core-0.9.5.jar;C:\Users\Xiaoli Yang\AppData\Local\capsule\apps\net.corda.node.Corda_3.1-corda\forms-1.1-preview.jar;C:\Users\Xiaoli Yang\AppData\Local\capsule\apps\net.corda.node.Corda_3.1-corda\jdom-1.0.jar;C:\Users\Xiaoli Yang\AppData\Local\capsule\apps\net.corda.node.Corda_3.1-corda\jackson-dataformat-yaml-2.9.2.jar;C:\Users\Xiaoli Yang\AppData\Local\capsule\apps\net.corda.node.Corda_3.1-corda\jackson-datatype-jsr310-2.9.2.jar;C:\Users\Xiaoli Yang\AppData\Local\capsule\apps\net.corda.node.Corda_3.1-corda\hibernate-jpa-2.1-api-1.0.0.Final.jar;C:\Users\Xiaoli Yang\AppData\Local\capsule\apps\net.corda.node.Corda_3.1-corda\javassist-3.20.0-GA.jar;C:\Users\Xiaoli Yang\AppData\Local\capsule\apps\net.corda.node.Corda_3.1-corda\antlr-2.7.7.jar;C:\Users\Xiaoli Yang\AppData\Local\capsule\apps\net.corda.node.Corda_3.1-corda\geronimo-jta_1.1_spec-1.1.1.jar;C:\Users\Xiaoli Yang\AppData\Local\capsule\apps\net.corda.node.Corda_3.1-corda\jandex-2.0.3.Final.jar;C:\Users\Xiaoli Yang\AppData\Local\capsule\apps\net.corda.node.Corda_3.1-corda\classmate-1.3.0.jar;C:\Users\Xiaoli Yang\AppData\Local\capsule\apps\net.corda.node.Corda_3.1-corda\dom4j-1.6.1.jar;C:\Users\Xiaoli Yang\AppData\Local\capsule\apps\net.corda.node.Corda_3.1-corda\cdi-api-1.1.jar;C:\Users\Xiaoli Yang\AppData\Local\capsule\apps\net.corda.node.Corda_3.1-corda\crash.cli-cadb53544fbb3c0fb901445da614998a6a419488.jar;C:\Users\Xiaoli Yang\AppData\Local\capsule\apps\net.corda.node.Corda_3.1-corda\groovy-all-1.8.9.jar;C:\Users\Xiaoli Yang\AppData\Local\capsule\apps\net.corda.node.Corda_3.1-corda\okio-1.11.0.jar;C:\Users\Xiaoli Yang\AppData\Local\capsule\apps\net.corda.node.Corda_3.1-corda\jolokia-core-1.3.7.jar;C:\Users\Xiaoli Yang\AppData\Local\capsule\apps\net.corda.node.Corda_3.1-corda\json-simple-1.1.1.jar;C:\Users\Xiaoli Yang\AppData\Local\capsule\apps\net.corda.node.Corda_3.1-corda\rxjava-1.2.4.jar;C:\Users\Xiaoli Yang\AppData\Local\capsule\apps\net.corda.node.Corda_3.1-corda\commons-jexl3-3.0.jar;C:\Users\Xiaoli Yang\AppData\Local\capsule\apps\net.corda.node.Corda_3.1-corda\jackson-databind-2.9.2.jar;C:\Users\Xiaoli Yang\AppData\Local\capsule\apps\net.corda.node.Corda_3.1-corda\eddsa-0.2.0.jar;C:\Users\Xiaoli Yang\AppData\Local\capsule\apps\net.corda.node.Corda_3.1-corda\bcpkix-jdk15on-1.57.jar;C:\Users\Xiaoli Yang\AppData\Local\capsule\apps\net.corda.node.Corda_3.1-corda\bcprov-jdk15on-1.57.jar;C:\Users\Xiaoli Yang\AppData\Local\capsule\apps\net.corda.node.Corda_3.1-corda\commons-io-2.2.jar;C:\Users\Xiaoli Yang\AppData\Local\capsule\apps\net.corda.node.Corda_3.1-corda\reflectasm-1.11.3.jar;C:\Users\Xiaoli Yang\AppData\Local\capsule\apps\net.corda.node.Corda_3.1-corda\minlog-1.3.0.jar;C:\Users\Xiaoli Yang\AppData\Local\capsule\apps\net.corda.node.Corda_3.1-corda\objenesis-2.2.jar;C:\Users\Xiaoli Yang\AppData\Local\capsule\apps\net.corda.node.Corda_3.1-corda\annotations-13.0.jar;C:\Users\Xiaoli Yang\AppData\Local\capsule\apps\net.corda.node.Corda_3.1-corda\jackson-annotations-2.9.0.jar;C:\Users\Xiaoli Yang\AppData\Local\capsule\apps\net.corda.node.Corda_3.1-corda\snakeyaml-1.18.jar;C:\Users\Xiaoli Yang\AppData\Local\capsule\apps\net.corda.node.Corda_3.1-corda\jackson-core-2.9.2.jar;C:\Users\Xiaoli Yang\AppData\Local\capsule\apps\net.corda.node.Corda_3.1-corda\el-api-2.2.jar;C:\Users\Xiaoli Yang\AppData\Local\capsule\apps\net.corda.node.Corda_3.1-corda\jboss-interceptors-api_1.1_spec-1.0.0.Beta1.jar;C:\Users\Xiaoli Yang\AppData\Local\capsule\apps\net.corda.node.Corda_3.1-corda\jsr250-api-1.0.jar;C:\Users\Xiaoli Yang\AppData\Local\capsule\apps\net.corda.node.Corda_3.1-corda\javax.inject-1.jar;C:\Users\Xiaoli Yang\AppData\Local\capsule\apps\net.corda.node.Corda_3.1-corda\jpam-1.1.jar;C:\Users\Xiaoli Yang\AppData\Local\capsule\apps\net.corda.node.Corda_3.1-corda\geronimo-jms_2.0_spec-1.0-alpha-2.jar;C:\Users\Xiaoli Yang\AppData\Local\capsule\apps\net.corda.node.Corda_3.1-corda\asm-5.0.4.jar;C:\Users\Xiaoli Yang\AppData\Local\capsule\apps\net.corda.node.Corda_3.1-corda\corda-node-3.1-corda.jar;D:\ubuntu\Turnover-Box-Chain\build\nodes\Distributor\cordapps\corda-finance-3.1-corda.jar;D:\ubuntu\Turnover-Box-Chain\build\nodes\Distributor\cordapps\cordapp-0.1.jar;D:\ubuntu\Turnover-Box-Chain\build\nodes\Distributor\cordapps\cordapp-contracts-states-0.1.jar;D:\ubuntu\Turnover-Box-Chain\build\nodes\Distributor\cordapps\Turnover-Box-Chain-0.1.jar;drivers/jolokia-jvm-1.3.7-agent.jar;D:\ubuntu\Turnover-Box-Chain\build\nodes\Distributor\corda.jar;C:\Users\Xiaoli Yang\AppData\Local\capsule\apps\net.corda.node.Corda_3.1-corda\quasar-core-0.7.9-jdk8.jar {}
[INFO ] 2018-06-09T13:35:38,431Z [main] internal.Node.logStartupInfo - VM Java HotSpot(TM) 64-Bit Server VM Oracle Corporation 25.172-b11 {}
[INFO ] 2018-06-09T13:35:38,431Z [main] internal.Node.logStartupInfo - Machine: DESKTOP-BKO44JE {}
[INFO ] 2018-06-09T13:35:38,432Z [main] internal.Node.logStartupInfo - Working Directory: D:\ubuntu\Turnover-Box-Chain\build\nodes\Distributor {}
[INFO ] 2018-06-09T13:35:38,433Z [main] internal.Node.logStartupInfo - Debug port: dt_socket:5005 {}
[INFO ] 2018-06-09T13:35:38,434Z [main] internal.Node.logStartupInfo - Starting as node on localhost:10011 {}
[INFO ] 2018-06-09T13:35:39,641Z [main] cordapp.CordappLoader.<init> - Loading CorDapps from file:/D:/ubuntu/Turnover-Box-Chain/build/nodes/Distributor/cordapps/corda-finance-3.1-corda.jar, file:/D:/ubuntu/Turnover-Box-Chain/build/nodes/Distributor/cordapps/cordapp-0.1.jar, file:/D:/ubuntu/Turnover-Box-Chain/build/nodes/Distributor/cordapps/cordapp-contracts-states-0.1.jar, file:/D:/ubuntu/Turnover-Box-Chain/build/nodes/Distributor/cordapps/Turnover-Box-Chain-0.1.jar {}
[INFO ] 2018-06-09T13:35:39,804Z [main] cordapp.CordappLoader.scanCordapp - Scanning CorDapp in file:/D:/ubuntu/Turnover-Box-Chain/build/nodes/Distributor/cordapps/corda-finance-3.1-corda.jar {}
[INFO ] 2018-06-09T13:35:40,830Z [main] cordapp.CordappLoader.scanCordapp - Scanning CorDapp in file:/D:/ubuntu/Turnover-Box-Chain/build/nodes/Distributor/cordapps/cordapp-0.1.jar {}
[INFO ] 2018-06-09T13:35:41,671Z [main] cordapp.CordappLoader.scanCordapp - Scanning CorDapp in file:/D:/ubuntu/Turnover-Box-Chain/build/nodes/Distributor/cordapps/cordapp-contracts-states-0.1.jar {}
[INFO ] 2018-06-09T13:35:42,501Z [main] cordapp.CordappLoader.scanCordapp - Scanning CorDapp in file:/D:/ubuntu/Turnover-Box-Chain/build/nodes/Distributor/cordapps/Turnover-Box-Chain-0.1.jar {}
[INFO ] 2018-06-09T13:35:44,166Z [main] internal.Node.start - Node starting up ... {}
[WARN ] 2018-06-09T13:35:44,167Z [main] internal.Node.initCertificate - Corda node is running in dev mode. {}
[INFO ] 2018-06-09T13:35:54,512Z [main] internal.NetworkParametersReader.retrieveNetworkParameters - Loaded network parameters: NetworkParameters(minimumPlatformVersion=1, notaries=[NotaryInfo(identity=O=Notary, L=London, C=GB, validating=true)], maxMessageSize=10485760, maxTransactionSize=2147483647, modifiedTime=2018-06-09T13:32:35.843Z, epoch=1, whitelistedContractImplementations={com.template.TemplateContract=[6BFC6AC951566BEED1E068F3460C1C34797DF47FA171E11888C9A038C4CEBBB4], net.corda.finance.contracts.CommercialPaper=[C202A69645F118009BDFA246DF5AF23E90900D25AFE2666DA3A007E4F7E3305C], net.corda.finance.contracts.JavaCommercialPaper=[C202A69645F118009BDFA246DF5AF23E90900D25AFE2666DA3A007E4F7E3305C], net.corda.finance.contracts.asset.Cash=[C202A69645F118009BDFA246DF5AF23E90900D25AFE2666DA3A007E4F7E3305C], net.corda.finance.contracts.asset.CommodityContract=[C202A69645F118009BDFA246DF5AF23E90900D25AFE2666DA3A007E4F7E3305C], net.corda.finance.contracts.asset.Obligation=[C202A69645F118009BDFA246DF5AF23E90900D25AFE2666DA3A007E4F7E3305C]}) {}
[INFO ] 2018-06-09T13:35:55,389Z [main] BasicInfo.printBasicNodeInfo - Database connection url is              : jdbc:h2:tcp://134.61.144.64:50720/node {}
[INFO ] 2018-06-09T13:35:55,806Z [main] hikari.HikariDataSource.<init> - HikariPool-1 - Started. {}
[INFO ] 2018-06-09T13:35:56,799Z [main] internal.Node.invoke - Connected to H2 database. {}
[INFO ] 2018-06-09T13:35:57,187Z [main] persistence.HibernateConfiguration.<init> - Init HibernateConfiguration for schemas: [CommonSchemaV1(name=net.corda.core.schemas.CommonSchema, version=1), VaultSchemaV1(name=net.corda.node.services.vault.VaultSchema, version=1), NodeInfoSchemaV1(name=net.corda.node.internal.schemas.NodeInfoSchema, version=1), NodeCoreV1(name=net.corda.node.services.schema.NodeSchemaService$NodeCore, version=1), CashSchemaV1(name=net.corda.finance.schemas.CashSchema, version=1), CommercialPaperSchemaV1(name=net.corda.finance.schemas.CommercialPaperSchema, version=1)] {}
[INFO ] 2018-06-09T13:35:57,190Z [main] persistence.HibernateConfiguration.makeSessionFactoryForSchemas - Creating session factory for schemas: [CommonSchemaV1(name=net.corda.core.schemas.CommonSchema, version=1), VaultSchemaV1(name=net.corda.node.services.vault.VaultSchema, version=1), NodeInfoSchemaV1(name=net.corda.node.internal.schemas.NodeInfoSchema, version=1), NodeCoreV1(name=net.corda.node.services.schema.NodeSchemaService$NodeCore, version=1), CashSchemaV1(name=net.corda.finance.schemas.CashSchema, version=1), CommercialPaperSchemaV1(name=net.corda.finance.schemas.CommercialPaperSchema, version=1)] {}
[INFO ] 2018-06-09T13:35:58,048Z [main] hibernate.Version.logVersion - HHH000412: Hibernate Core {5.2.6.Final} {}
[INFO ] 2018-06-09T13:35:58,056Z [main] cfg.Environment.<clinit> - HHH000206: hibernate.properties not found {}
[INFO ] 2018-06-09T13:35:58,313Z [main] common.Version.<clinit> - HCANN000001: Hibernate Commons Annotations {5.0.1.Final} {}
[INFO ] 2018-06-09T13:35:58,738Z [main] internal.ConnectionProviderInitiator.initiateService - HHH000130: Instantiating explicit connection provider: net.corda.nodeapi.internal.persistence.HibernateConfiguration$NodeDatabaseConnectionProvider {}
[INFO ] 2018-06-09T13:35:58,840Z [main] dialect.Dialect.<init> - HHH000400: Using dialect: org.hibernate.dialect.H2Dialect {}
[INFO ] 2018-06-09T13:35:59,126Z [main] type.BasicTypeRegistry.register - HHH000270: Type registration [materialized_blob] overrides previous : org.hibernate.type.MaterializedBlobType@5c997de8 {}
[INFO ] 2018-06-09T13:36:04,408Z [main] connections.access.getIsolatedConnection - HHH10001501: Connection obtained from JdbcConnectionAccess [org.hibernate.engine.jdbc.env.internal.JdbcEnvironmentInitiator$ConnectionProviderJdbcConnectionAccess@de40aa1] for (non-JTA) DDL execution was not in auto-commit mode; the Connection 'local transaction' will be committed and the Connection will be set into auto-commit mode. {}
[INFO ] 2018-06-09T13:36:04,858Z [main] persistence.HibernateConfiguration.makeSessionFactoryForSchemas - Created session factory for schemas: [CommonSchemaV1(name=net.corda.core.schemas.CommonSchema, version=1), VaultSchemaV1(name=net.corda.node.services.vault.VaultSchema, version=1), NodeInfoSchemaV1(name=net.corda.node.internal.schemas.NodeInfoSchema, version=1), NodeCoreV1(name=net.corda.node.services.schema.NodeSchemaService$NodeCore, version=1), CashSchemaV1(name=net.corda.finance.schemas.CashSchema, version=1), CommercialPaperSchemaV1(name=net.corda.finance.schemas.CommercialPaperSchema, version=1)] {}
[INFO ] 2018-06-09T13:36:05,843Z [main] internal.QueryTranslatorFactoryInitiator.initiateService - HHH000397: Using ASTQueryTranslatorFactory {}
[INFO ] 2018-06-09T13:36:08,836Z [main] internal.Node.tryDetectIfNotPublicHost - Detected public IP: 134.61.144.64. This will be used instead of the provided "localhost" as the advertised address. {}
[INFO ] 2018-06-09T13:36:08,967Z [main] internal.Node.updateNodeInfo - Node-info has changed so submitting update. Old node-info was null {}
[INFO ] 2018-06-09T13:36:08,967Z [main] network.PersistentNetworkMapCache.addNode - Adding node with info: NodeInfo(addresses=[134.61.144.64:10011], legalIdentitiesAndCerts=[O=Distributor, L=Dusserdorf, C=DE], platformVersion=3, serial=1528551368967) {}
[INFO ] 2018-06-09T13:36:09,089Z [main] network.PersistentNetworkMapCache.addNode - No previous node found {}
[INFO ] 2018-06-09T13:36:10,462Z [main] network.PersistentNetworkMapCache.addNode - Done adding node with info: NodeInfo(addresses=[134.61.144.64:10011], legalIdentitiesAndCerts=[O=Distributor, L=Dusserdorf, C=DE], platformVersion=3, serial=1528551368967) {}
[INFO ] 2018-06-09T13:36:10,462Z [main] internal.Node.updateNodeInfo - New node-info: NodeInfo(addresses=[134.61.144.64:10011], legalIdentitiesAndCerts=[O=Distributor, L=Dusserdorf, C=DE], platformVersion=3, serial=1528551368967) {}
[INFO ] 2018-06-09T13:36:15,003Z [main] persistence.NodeAttachmentService.invoke - Stored new attachment C202A69645F118009BDFA246DF5AF23E90900D25AFE2666DA3A007E4F7E3305C {}
[INFO ] 2018-06-09T13:36:20,544Z [main] persistence.NodeAttachmentService.invoke - Stored new attachment 6BFC6AC951566BEED1E068F3460C1C34797DF47FA171E11888C9A038C4CEBBB4 {}
[INFO ] 2018-06-09T13:36:22,188Z [main] security.RPCSecurityManagerImpl.buildImpl - Constructing realm from list of users in config [User(user1, permissions=[ALL])] {}
[INFO ] 2018-06-09T13:36:28,889Z [main] BasicInfo.printBasicNodeInfo - Advertised P2P messaging addresses      : 134.61.144.64:10011 {}
[INFO ] 2018-06-09T13:36:29,093Z [main] BasicInfo.printBasicNodeInfo - RPC connection address                  : localhost:10012 {}
[INFO ] 2018-06-09T13:36:29,194Z [main] BasicInfo.printBasicNodeInfo - RPC admin connection address            : localhost:10052 {}
[INFO ] 2018-06-09T13:36:34,798Z [main] messaging.ArtemisMessagingServer.configureAndStartServer - P2P messaging server listening on port 10011 {}
[INFO ] 2018-06-09T13:36:36,299Z [main] internal.ArtemisMessagingClient.start - Connecting to message broker: localhost:10011 {}
[INFO ] 2018-06-09T13:36:40,888Z [main] internal.ArtemisMessagingClient.start - Connecting to message broker: localhost:10011 {}
[INFO ] 2018-06-09T13:36:42,481Z [main] internal.ArtemisMessagingClient.start - Connecting to message broker: localhost:10052 {}
[INFO ] 2018-06-09T13:36:43,365Z [main] messaging.P2PMessagingClient.start - Connecting to message broker: localhost:10011 {}
[INFO ] 2018-06-09T13:36:43,947Z [main] messaging.P2PMessagingClient.createQueueIfAbsent - Create fresh queue p2p.inbound.DLDyVFSL3ByLJdyPwnvevyc3j5o5eJnDsiixWDSC9aENQq bound on same address {}
[INFO ] 2018-06-09T13:36:44,527Z [Thread-0 (ActiveMQ-client-global-threads)] bridging.BridgeControlListener.processControlMessage - Received bridge control message NodeToBridgeSnapshot(nodeIdentity=DLDyVFSL3ByLJdyPwnvevyc3j5o5eJnDsiixWDSC9aENQq, inboxQueues=[p2p.inbound.DLDyVFSL3ByLJdyPwnvevyc3j5o5eJnDsiixWDSC9aENQq], sendQueues=[]) {}
[INFO ] 2018-06-09T13:36:45,564Z [main] internal.Node.installCordaService - Installed net.corda.finance.flows.ConfigHolder Corda service {}
[INFO ] 2018-06-09T13:36:45,577Z [main] internal.Node.registerInitiatedFlowInternal - Registered com.template.TemplateFlow$Initiator to initiate com.template.TemplateFlow$Responder (version 1) {}
[INFO ] 2018-06-09T13:36:49,506Z [main] plugin.PluginManager.getPlugins - Loaded plugin Plugin[type=SSHPlugin,interface=SSHPlugin] {}
[INFO ] 2018-06-09T13:36:49,545Z [main] plugin.PluginManager.getPlugins - Loaded plugin Plugin[type=SSHInlinePlugin,interface=CommandPlugin] {}
[INFO ] 2018-06-09T13:36:49,548Z [main] plugin.PluginManager.getPlugins - Loaded plugin Plugin[type=KeyAuthenticationPlugin,interface=KeyAuthenticationPlugin] {}
[INFO ] 2018-06-09T13:36:49,555Z [main] plugin.PluginManager.getPlugins - Loaded plugin Plugin[type=CRaSHShellFactory,interface=ShellFactory] {}
[INFO ] 2018-06-09T13:36:49,558Z [main] plugin.PluginManager.getPlugins - Loaded plugin Plugin[type=GroovyLanguageProxy,interface=Language] {}
[INFO ] 2018-06-09T13:36:49,569Z [main] plugin.PluginManager.getPlugins - Loaded plugin Plugin[type=JavaLanguage,interface=Language] {}
[INFO ] 2018-06-09T13:36:49,580Z [main] plugin.PluginManager.getPlugins - Loaded plugin Plugin[type=ScriptLanguage,interface=Language] {}
[INFO ] 2018-06-09T13:36:49,585Z [main] plugin.PluginManager.getPlugins - Loaded plugin Plugin[type=JaasAuthenticationPlugin,interface=AuthenticationPlugin] {}
[INFO ] 2018-06-09T13:36:49,590Z [main] plugin.PluginManager.getPlugins - Loaded plugin Plugin[type=SimpleAuthenticationPlugin,interface=AuthenticationPlugin] {}
[INFO ] 2018-06-09T13:36:49,610Z [main] ssh.SSHPlugin.init - Could not boot SSHD due to missing due to missing port configuration {}
[INFO ] 2018-06-09T13:36:49,610Z [main] plugin.PluginManager.getPlugins - Initialized plugin Plugin[type=SSHPlugin,interface=SSHPlugin] {}
[INFO ] 2018-06-09T13:36:49,611Z [main] plugin.PluginManager.getPlugins - Initialized plugin Plugin[type=SSHInlinePlugin,interface=CommandPlugin] {}
[INFO ] 2018-06-09T13:36:49,612Z [main] plugin.PluginManager.getPlugins - Initialized plugin Plugin[type=KeyAuthenticationPlugin,interface=KeyAuthenticationPlugin] {}
[INFO ] 2018-06-09T13:36:49,809Z [main] plugin.PluginManager.getPlugins - Initialized plugin Plugin[type=GroovyLanguageProxy,interface=Language] {}
[INFO ] 2018-06-09T13:36:49,812Z [main] plugin.PluginManager.getPlugins - Initialized plugin Plugin[type=ScriptLanguage,interface=Language] {}
[INFO ] 2018-06-09T13:36:49,927Z [main] plugin.PluginManager.getPlugins - Initialized plugin Plugin[type=CRaSHShellFactory,interface=ShellFactory] {}
[INFO ] 2018-06-09T13:36:49,932Z [main] plugin.PluginManager.getPlugins - Initialized plugin Plugin[type=JaasAuthenticationPlugin,interface=AuthenticationPlugin] {}
[INFO ] 2018-06-09T13:36:49,932Z [main] plugin.PluginManager.getPlugins - Initialized plugin Plugin[type=SimpleAuthenticationPlugin,interface=AuthenticationPlugin] {}
[INFO ] 2018-06-09T13:36:49,937Z [main] plugin.PluginManager.getPlugins - Initialized plugin Plugin[type=CordaAuthenticationPlugin,interface=AuthenticationPlugin] {}
[WARN ] 2018-06-09T13:36:57,672Z [main] utilities.AppendOnlyPersistentMapBase.set - Double insert in net.corda.node.utilities.AppendOnlyPersistentMap for entity class class net.corda.node.services.identity.PersistentIdentityService$PersistentIdentity key C0C4B5A630C682EAD717A2F7B08FDCA6AF860BEB24FC9533F4473BDEE6F066B2, not inserting the second time {}
[INFO ] 2018-06-09T13:36:57,676Z [main] messaging.P2PMessagingClient.updateBridgesOnNetworkChange - Updating bridges on network map change: NodeInfo(addresses=[134.61.144.64:10011], legalIdentitiesAndCerts=[O=Distributor, L=Dusserdorf, C=DE], platformVersion=3, serial=1528551368967) {}
[INFO ] 2018-06-09T13:37:00,066Z [main] BasicInfo.printBasicNodeInfo - Loaded CorDapps                         : corda-finance-3.1-corda, cordapp-0.1, cordapp-contracts-states-0.1, Turnover-Box-Chain-0.1, corda-core-3.1-corda {}
[INFO ] 2018-06-09T13:37:00,491Z [main] BasicInfo.printBasicNodeInfo - Node for "Distributor" started up and registered in 101.54 sec {}
[INFO ] 2018-06-09T13:37:02,183Z [main] messaging.RPCServer.start - Starting RPC server with configuration RPCServerConfiguration(rpcThreadPoolSize=4, reapInterval=PT1S, deduplicationCacheExpiry=PT24H) {}
[INFO ] 2018-06-09T13:37:04,077Z [RxIoScheduler-2] network.PersistentNetworkMapCache.addNode - Adding node with info: NodeInfo(addresses=[134.61.144.64:10008], legalIdentitiesAndCerts=[O=Supplier, L=Dusserdorf, C=DE], platformVersion=3, serial=1528550877053) {}
[INFO ] 2018-06-09T13:37:04,094Z [RxIoScheduler-2] network.PersistentNetworkMapCache.addNode - No previous node found {}
[INFO ] 2018-06-09T13:37:04,187Z [RxIoScheduler-2] messaging.P2PMessagingClient.updateBridgesOnNetworkChange - Updating bridges on network map change: NodeInfo(addresses=[134.61.144.64:10008], legalIdentitiesAndCerts=[O=Supplier, L=Dusserdorf, C=DE], platformVersion=3, serial=1528550877053) {}
[INFO ] 2018-06-09T13:37:04,209Z [RxIoScheduler-2] network.PersistentNetworkMapCache.addNode - Done adding node with info: NodeInfo(addresses=[134.61.144.64:10008], legalIdentitiesAndCerts=[O=Supplier, L=Dusserdorf, C=DE], platformVersion=3, serial=1528550877053) {}
[INFO ] 2018-06-09T13:37:04,210Z [RxIoScheduler-2] network.PersistentNetworkMapCache.addNode - Adding node with info: NodeInfo(addresses=[134.61.144.64:10011], legalIdentitiesAndCerts=[O=Distributor, L=Dusserdorf, C=DE], platformVersion=3, serial=1528550876934) {}
[INFO ] 2018-06-09T13:37:04,493Z [Thread-0 (ActiveMQ-client-global-threads)] messaging.RPCServer.clientArtemisMessageHandler - SUBMITTING {actor_id=user1, actor_owningIdentity=O=Distributor, L=Dusserdorf, C=DE, actor_store_id=NODE_CONFIG, invocation_id=56c652d5-58ae-4519-8576-29940136477f, invocation_timestamp=2018-06-09T13:37:04.449Z, session_id=e2d35d90-22bd-4df3-baca-44485e0f0095, session_timestamp=2018-06-09T13:36:36.847Z}
[INFO ] 2018-06-09T13:37:04,497Z [RxIoScheduler-2] network.PersistentNetworkMapCache.addNode - Discarding older nodeInfo for O=Distributor, L=Dusserdorf, C=DE {}
[INFO ] 2018-06-09T13:37:04,497Z [RxIoScheduler-2] network.PersistentNetworkMapCache.addNode - Adding node with info: NodeInfo(addresses=[134.61.144.64:10002], legalIdentitiesAndCerts=[O=Notary, L=London, C=GB], platformVersion=3, serial=1528550872948) {}
[INFO ] 2018-06-09T13:37:04,570Z [RxIoScheduler-2] network.PersistentNetworkMapCache.addNode - No previous node found {}
[INFO ] 2018-06-09T13:37:04,740Z [RxIoScheduler-2] messaging.P2PMessagingClient.updateBridgesOnNetworkChange - Updating bridges on network map change: NodeInfo(addresses=[134.61.144.64:10002], legalIdentitiesAndCerts=[O=Notary, L=London, C=GB], platformVersion=3, serial=1528550872948) {}
[INFO ] 2018-06-09T13:37:04,771Z [RxIoScheduler-2] network.PersistentNetworkMapCache.addNode - Done adding node with info: NodeInfo(addresses=[134.61.144.64:10002], legalIdentitiesAndCerts=[O=Notary, L=London, C=GB], platformVersion=3, serial=1528550872948) {}
[INFO ] 2018-06-09T13:37:04,772Z [RxIoScheduler-2] network.PersistentNetworkMapCache.addNode - Adding node with info: NodeInfo(addresses=[134.61.144.64:10005], legalIdentitiesAndCerts=[O=Operator, L=Cologne, C=DE], platformVersion=3, serial=1528550874827) {}
[INFO ] 2018-06-09T13:37:04,774Z [RxIoScheduler-2] network.PersistentNetworkMapCache.addNode - No previous node found {}
[INFO ] 2018-06-09T13:37:04,854Z [RxIoScheduler-2] messaging.P2PMessagingClient.updateBridgesOnNetworkChange - Updating bridges on network map change: NodeInfo(addresses=[134.61.144.64:10005], legalIdentitiesAndCerts=[O=Operator, L=Cologne, C=DE], platformVersion=3, serial=1528550874827) {}
[INFO ] 2018-06-09T13:37:04,859Z [RxIoScheduler-2] network.PersistentNetworkMapCache.addNode - Done adding node with info: NodeInfo(addresses=[134.61.144.64:10005], legalIdentitiesAndCerts=[O=Operator, L=Cologne, C=DE], platformVersion=3, serial=1528550874827) {}
[WARN ] 2018-06-09T13:38:11,811Z [Thread-3 (ActiveMQ-server-org.apache.activemq.artemis.core.server.impl.ActiveMQServerImpl$3@5b395ee)] core.client.fail - AMQ212037: Connection failure has been detected: AMQ119014: Did not receive data from /127.0.0.1:51075 within the 60,000ms connection TTL. The connection will now be closed. [code=CONNECTION_TIMEDOUT] {}
[WARN ] 2018-06-09T13:38:11,827Z [Thread-1 (ActiveMQ-client-global-threads)] messaging.RPCServer.bindingRemovalArtemisMessageHandler - Detected RPC client disconnect on address rpc.client.user1.2782686406023337765, scheduling for reaping {}
