[INFO ] 2018-06-09T13:27:17,936Z [main] manifests.Manifests.info - 111 attributes loaded from 124 stream(s) in 9s, 111 saved, 1970 ignored: ["ActiveMQ-Version", "Agent-Class", "Ant-Version", "Application-Class", "Application-Library-Allowable-Codebase", "Application-Name", "Application-Version", "Archiver-Version", "Automatic-Module-Name", "Bnd-LastModified", "Branch", "Build-Date", "Build-Host", "Build-Id", "Build-Java-Version", "Build-Jdk", "Build-Job", "Build-Number", "Build-Timestamp", "Built-By", "Built-OS", "Built-Status", "Bundle-Activator", "Bundle-Category", "Bundle-ClassPath", "Bundle-Copyright", "Bundle-Description", "Bundle-DocURL", "Bundle-License", "Bundle-ManifestVersion", "Bundle-Name", "Bundle-RequiredExecutionEnvironment", "Bundle-SymbolicName", "Bundle-Vendor", "Bundle-Version", "Caller-Allowable-Codebase", "Can-Redefine-Classes", "Can-Retransform-Classes", "Can-Set-Native-Method-Prefix", "Caplets", "Change", "Codebase", "Corda-Platform-Version", "Corda-Release-Version", "Corda-Revision", "Corda-Vendor", "Created-By", "DynamicImport-Package", "Eclipse-BuddyPolicy", "Eclipse-LazyStart", "Export-Package", "Extension-Name", "Fragment-Host", "Gradle-Version", "Ignore-Package", "Implementation-Build", "Implementation-Build-Date", "Implementation-Title", "Implementation-URL", "Implementation-Url", "Implementation-Vendor", "Implementation-Vendor-Id", "Implementation-Version", "Import-Package", "Include-Resource", "JCabi-Build", "JCabi-Date", "JCabi-Version", "JVM-Args", "Java-Agents", "Java-Vendor", "Java-Version", "Kotlin-Runtime-Component", "Kotlin-Version", "Log4jReleaseKey", "Log4jReleaseManager", "Log4jReleaseVersion", "Main-Class", "Main-class", "Manifest-Version", "Min-Java-Version", "Min-Update-Version", "Module-Email", "Module-Origin", "Module-Owner", "Module-Source", "Multi-Release", "Originally-Created-By", "Os-Arch", "Os-Name", "Os-Version", "Package", "Permissions", "Premain-Class", "Private-Package", "Provide-Capability", "Require-Capability", "SCM-Revision", "SCM-url", "Scm-Connection", "Scm-Revision", "Scm-Url", "Service-Component", "Specification-Title", "Specification-Vendor", "Specification-Version", "System-Properties", "Tool", "Trusted-Library", "X-Compile-Source-JDK", "X-Compile-Target-JDK"] {}
[INFO ] 2018-06-09T13:27:18,929Z [main] BasicInfo.printBasicNodeInfo - Logs can be found in                    : D:\ubuntu\Turnover-Box-Chain\build\nodes\Notary\logs {}
[INFO ] 2018-06-09T13:27:19,879Z [main] config.ConfigHelper.loadConfig - Config:
{
    # reference.conf @ jar:file:/D:/ubuntu/Turnover-Box-Chain/build/nodes/Notary/corda.jar!/reference.conf: 20
    "activeMQServer" : {
        # reference.conf @ jar:file:/D:/ubuntu/Turnover-Box-Chain/build/nodes/Notary/corda.jar!/reference.conf: 21
        "bridge" : {
            # reference.conf @ jar:file:/D:/ubuntu/Turnover-Box-Chain/build/nodes/Notary/corda.jar!/reference.conf: 24
            "maxRetryIntervalMin" : 3,
            # reference.conf @ jar:file:/D:/ubuntu/Turnover-Box-Chain/build/nodes/Notary/corda.jar!/reference.conf: 22
            "retryIntervalMs" : 5000,
            # reference.conf @ jar:file:/D:/ubuntu/Turnover-Box-Chain/build/nodes/Notary/corda.jar!/reference.conf: 23
            "retryIntervalMultiplier" : 1.5
        }
    },
    # hardcoded value
    "baseDirectory" : "D:\\ubuntu\\Turnover-Box-Chain\\build\\nodes\\Notary",
    # merge of reference.conf @ jar:file:/D:/ubuntu/Turnover-Box-Chain/build/nodes/Notary/corda.jar!/reference.conf: 6,reference.conf @ jar:file:/D:/ubuntu/Turnover-Box-Chain/build/nodes/.cache/apps/net.corda.node.Corda_3.1-corda/corda-node-3.1-corda.jar!/reference.conf: 6
    "dataSourceProperties" : {
        # reference.conf @ jar:file:/D:/ubuntu/Turnover-Box-Chain/build/nodes/Notary/corda.jar!/reference.conf: 10
        "dataSource.password" : "",
        # merge of reference.conf @ jar:file:/D:/ubuntu/Turnover-Box-Chain/build/nodes/Notary/corda.jar!/reference.conf: 8,hardcoded value,reference.conf @ jar:file:/D:/ubuntu/Turnover-Box-Chain/build/nodes/Notary/corda.jar!/reference.conf: 8,reference.conf @ jar:file:/D:/ubuntu/Turnover-Box-Chain/build/nodes/Notary/corda.jar!/reference.conf: 17
        "dataSource.url" : "jdbc:h2:file:D:\\ubuntu\\Turnover-Box-Chain\\build\\nodes\\Notary/persistence;DB_CLOSE_ON_EXIT=FALSE;LOCK_TIMEOUT=10000;WRITE_DELAY=100;AUTO_SERVER_PORT=0",
        # reference.conf @ jar:file:/D:/ubuntu/Turnover-Box-Chain/build/nodes/Notary/corda.jar!/reference.conf: 9
        "dataSource.user" : "sa",
        # reference.conf @ jar:file:/D:/ubuntu/Turnover-Box-Chain/build/nodes/Notary/corda.jar!/reference.conf: 7
        "dataSourceClassName" : "org.h2.jdbcx.JdbcDataSource"
    },
    # reference.conf @ jar:file:/D:/ubuntu/Turnover-Box-Chain/build/nodes/Notary/corda.jar!/reference.conf: 12
    "database" : {
        # reference.conf @ jar:file:/D:/ubuntu/Turnover-Box-Chain/build/nodes/Notary/corda.jar!/reference.conf: 14
        "exportHibernateJMXStatistics" : "false",
        # reference.conf @ jar:file:/D:/ubuntu/Turnover-Box-Chain/build/nodes/Notary/corda.jar!/reference.conf: 13
        "transactionIsolationLevel" : "REPEATABLE_READ"
    },
    # reference.conf @ jar:file:/D:/ubuntu/Turnover-Box-Chain/build/nodes/Notary/corda.jar!/reference.conf: 16
    "devMode" : true,
    # reference.conf @ jar:file:/D:/ubuntu/Turnover-Box-Chain/build/nodes/Notary/corda.jar!/reference.conf: 2
    "emailAddress" : "admin@company.com",
    # reference.conf @ jar:file:/D:/ubuntu/Turnover-Box-Chain/build/nodes/Notary/corda.jar!/reference.conf: 3
    "exportJMXto" : "http",
    # reference.conf @ jar:file:/D:/ubuntu/Turnover-Box-Chain/build/nodes/Notary/corda.jar!/reference.conf: 17
    "h2port" : 0,
    # reference.conf @ jar:file:/D:/ubuntu/Turnover-Box-Chain/build/nodes/Notary/corda.jar!/reference.conf: 4
    "keyStorePassword" : "cordacadevpass",
    # D:\ubuntu\Turnover-Box-Chain\build\nodes\Notary\node.conf: 1
    "myLegalName" : "O=Notary,L=London,C=GB",
    # D:\ubuntu\Turnover-Box-Chain\build\nodes\Notary\node.conf: 2
    "notary" : {
        # D:\ubuntu\Turnover-Box-Chain\build\nodes\Notary\node.conf: 3
        "validating" : true
    },
    # D:\ubuntu\Turnover-Box-Chain\build\nodes\Notary\node.conf: 5
    "p2pAddress" : "localhost:10002",
    # reference.conf @ jar:file:/D:/ubuntu/Turnover-Box-Chain/build/nodes/Notary/corda.jar!/reference.conf: 27
    "rpcSettings" : {
        # reference.conf @ jar:file:/D:/ubuntu/Turnover-Box-Chain/build/nodes/Notary/corda.jar!/reference.conf: 29
        "standAloneBroker" : false,
        # reference.conf @ jar:file:/D:/ubuntu/Turnover-Box-Chain/build/nodes/Notary/corda.jar!/reference.conf: 28
        "useSsl" : false
    },
    # D:\ubuntu\Turnover-Box-Chain\build\nodes\Notary\node.conf: 6
    "rpcUsers" : [],
    # reference.conf @ jar:file:/D:/ubuntu/Turnover-Box-Chain/build/nodes/Notary/corda.jar!/reference.conf: 5
    "trustStorePassword" : "trustpass",
    # reference.conf @ jar:file:/D:/ubuntu/Turnover-Box-Chain/build/nodes/Notary/corda.jar!/reference.conf: 18
    "useTestClock" : false,
    # reference.conf @ jar:file:/D:/ubuntu/Turnover-Box-Chain/build/nodes/Notary/corda.jar!/reference.conf: 19
    "verifierType" : "InMemory"
}
 {}
[INFO ] 2018-06-09T13:27:26,379Z [main] internal.Node.logStartupInfo - Vendor: Corda Open Source {}
[INFO ] 2018-06-09T13:27:26,379Z [main] internal.Node.logStartupInfo - Release: 3.1-corda {}
[INFO ] 2018-06-09T13:27:26,379Z [main] internal.Node.logStartupInfo - Platform Version: 3 {}
[INFO ] 2018-06-09T13:27:26,380Z [main] internal.Node.logStartupInfo - Revision: d193dd85e0908aba9b245e40297f4b2073555905 {}
[INFO ] 2018-06-09T13:27:26,381Z [main] internal.Node.logStartupInfo - PID: 9260 {}
[INFO ] 2018-06-09T13:27:26,381Z [main] internal.Node.logStartupInfo - Main class: /D:/ubuntu/Turnover-Box-Chain/build/nodes/.cache/apps/net.corda.node.Corda_3.1-corda/corda-node-3.1-corda.jar {}
[INFO ] 2018-06-09T13:27:26,382Z [main] internal.Node.logStartupInfo - CommandLine Args: -Xmx200m -XX:+UseG1GC -javaagent:D:\ubuntu\Turnover-Box-Chain\build\nodes\Notary\corda.jar -javaagent:D:\ubuntu\Turnover-Box-Chain\build\nodes\.cache\apps\net.corda.node.Corda_3.1-corda\quasar-core-0.7.9-jdk8.jar=x(antlr**;bftsmart**;ch**;co.paralleluniverse**;com.codahale**;com.esotericsoftware**;com.fasterxml**;com.google**;com.ibm**;com.intellij**;com.jcabi**;com.nhaarman**;com.opengamma**;com.typesafe**;com.zaxxer**;de.javakaffee**;groovy**;groovyjarjarantlr**;groovyjarjarasm**;io.atomix**;io.github**;io.netty**;jdk**;joptsimple**;junit**;kotlin**;net.bytebuddy**;net.i2p**;org.apache**;org.assertj**;org.bouncycastle**;org.codehaus**;org.crsh**;org.dom4j**;org.fusesource**;org.h2**;org.hamcrest**;org.hibernate**;org.jboss**;org.jcp**;org.joda**;org.junit**;org.mockito**;org.objectweb**;org.objenesis**;org.slf4j**;org.w3c**;org.xml**;org.yaml**;reflectasm**;rx**;org.jolokia**) -Dcapsule.address=0.0.0.0 -Dvisualvm.display.name=Corda -Djava.library.path=C:\Program Files\Java\jdk1.8.0_172\bin;C:\WINDOWS\Sun\Java\bin;C:\WINDOWS\system32;C:\WINDOWS;C:\Program Files (x86)\Common Files\Oracle\Java\javapath;C:\ProgramData\Oracle\Java\javapath;C:\Program Files (x86)\Intel\iCLS Client;C:\Program Files\Intel\iCLS Client;C:\WINDOWS\system32;C:\WINDOWS;C:\WINDOWS\System32\Wbem;C:\WINDOWS\System32\WindowsPowerShell\v1.0;C:\Program Files (x86)\Intel\Intel(R) Management Engine Components\DAL;C:\Program Files\Intel\Intel(R) Management Engine Components\DAL;C:\Program Files (x86)\Intel\Intel(R) Management Engine Components\IPT;C:\Program Files\Intel\Intel(R) Management Engine Components\IPT;C:\Program Files\Microsoft SQL Server\130\Tools\Binn;C:\Program Files\MiKTeX 2.9\miktex\bin\x64;C:\Program Files (x86)\Java\jre1.8.0_141\lib;C:\Program Files\nodejs;C:\Program Files\MATLAB\R2017b\runtime\win64;C:\Program Files\MATLAB\R2017b\bin;C:\Program Files (x86)\GtkSharp\2.12\bin;C:\Program Files (x86)\Brackets\command;C:\Program Files\Git\cmd;C:\Program Files\Gradle\gradle-4.7\bin;C:\Users\Xiaoli Yang\AppData\Local\Programs\Python\Python35\Scripts;C:\Users\Xiaoli Yang\AppData\Local\Programs\Python\Python35;C:\Users\Xiaoli Yang\AppData\Local\Microsoft\WindowsApps;C:\Program Files (x86)\Microsoft VS Code\bin;C:\Users\Xiaoli Yang\AppData\Roaming\npm;D:\ubuntu\Turnover-Box-Chain\build\nodes\.cache\apps\net.corda.node.Corda_3.1-corda -Dcapsule.log=1 -Dcapsule.app=net.corda.node.Corda_3.1-corda -Dcapsule.port=50315 -Dcapsule.dir=D:\ubuntu\Turnover-Box-Chain\build\nodes\.cache\apps\net.corda.node.Corda_3.1-corda -Dcapsule.jar=D:\ubuntu\Turnover-Box-Chain\build\nodes\Notary\corda.jar {}
[INFO ] 2018-06-09T13:27:26,383Z [main] internal.Node.logStartupInfo - Application Args: --just-generate-node-info {}
[INFO ] 2018-06-09T13:27:26,383Z [main] internal.Node.logStartupInfo - bootclasspath: C:\Program Files\Java\jdk1.8.0_172\jre\lib\resources.jar;C:\Program Files\Java\jdk1.8.0_172\jre\lib\rt.jar;C:\Program Files\Java\jdk1.8.0_172\jre\lib\sunrsasign.jar;C:\Program Files\Java\jdk1.8.0_172\jre\lib\jsse.jar;C:\Program Files\Java\jdk1.8.0_172\jre\lib\jce.jar;C:\Program Files\Java\jdk1.8.0_172\jre\lib\charsets.jar;C:\Program Files\Java\jdk1.8.0_172\jre\lib\jfr.jar;C:\Program Files\Java\jdk1.8.0_172\jre\classes {}
[INFO ] 2018-06-09T13:27:26,384Z [main] internal.Node.logStartupInfo - classpath: D:\ubuntu\Turnover-Box-Chain\build\nodes\Notary\corda.jar;D:\ubuntu\Turnover-Box-Chain\build\nodes\.cache\apps\net.corda.node.Corda_3.1-corda\corda-rpc-3.1-corda.jar;D:\ubuntu\Turnover-Box-Chain\build\nodes\.cache\apps\net.corda.node.Corda_3.1-corda\corda-node-api-3.1-corda.jar;D:\ubuntu\Turnover-Box-Chain\build\nodes\.cache\apps\net.corda.node.Corda_3.1-corda\corda-confidential-identities-3.1-corda.jar;D:\ubuntu\Turnover-Box-Chain\build\nodes\.cache\apps\net.corda.node.Corda_3.1-corda\cordform-common-3.1.0.jar;D:\ubuntu\Turnover-Box-Chain\build\nodes\.cache\apps\net.corda.node.Corda_3.1-corda\log4j-slf4j-impl-2.9.1.jar;D:\ubuntu\Turnover-Box-Chain\build\nodes\.cache\apps\net.corda.node.Corda_3.1-corda\log4j-web-2.9.1.jar;D:\ubuntu\Turnover-Box-Chain\build\nodes\.cache\apps\net.corda.node.Corda_3.1-corda\jul-to-slf4j-1.7.25.jar;D:\ubuntu\Turnover-Box-Chain\build\nodes\.cache\apps\net.corda.node.Corda_3.1-corda\corda-jackson-3.1-corda.jar;D:\ubuntu\Turnover-Box-Chain\build\nodes\.cache\apps\net.corda.node.Corda_3.1-corda\corda-core-3.1-corda.jar;D:\ubuntu\Turnover-Box-Chain\build\nodes\.cache\apps\net.corda.node.Corda_3.1-corda\kotlin-stdlib-jre8-1.1.60.jar;D:\ubuntu\Turnover-Box-Chain\build\nodes\.cache\apps\net.corda.node.Corda_3.1-corda\jackson-module-kotlin-2.9.2.jar;D:\ubuntu\Turnover-Box-Chain\build\nodes\.cache\apps\net.corda.node.Corda_3.1-corda\kotlin-reflect-1.1.60.jar;D:\ubuntu\Turnover-Box-Chain\build\nodes\.cache\apps\net.corda.node.Corda_3.1-corda\jimfs-1.1.jar;D:\ubuntu\Turnover-Box-Chain\build\nodes\.cache\apps\net.corda.node.Corda_3.1-corda\artemis-amqp-protocol-2.2.0.jar;D:\ubuntu\Turnover-Box-Chain\build\nodes\.cache\apps\net.corda.node.Corda_3.1-corda\artemis-server-2.2.0.jar;D:\ubuntu\Turnover-Box-Chain\build\nodes\.cache\apps\net.corda.node.Corda_3.1-corda\artemis-jdbc-store-2.2.0.jar;D:\ubuntu\Turnover-Box-Chain\build\nodes\.cache\apps\net.corda.node.Corda_3.1-corda\artemis-jms-client-2.2.0.jar;D:\ubuntu\Turnover-Box-Chain\build\nodes\.cache\apps\net.corda.node.Corda_3.1-corda\artemis-core-client-2.2.0.jar;D:\ubuntu\Turnover-Box-Chain\build\nodes\.cache\apps\net.corda.node.Corda_3.1-corda\artemis-journal-2.2.0.jar;D:\ubuntu\Turnover-Box-Chain\build\nodes\.cache\apps\net.corda.node.Corda_3.1-corda\artemis-commons-2.2.0.jar;D:\ubuntu\Turnover-Box-Chain\build\nodes\.cache\apps\net.corda.node.Corda_3.1-corda\guava-21.0.jar;D:\ubuntu\Turnover-Box-Chain\build\nodes\.cache\apps\net.corda.node.Corda_3.1-corda\jopt-simple-5.0.2.jar;D:\ubuntu\Turnover-Box-Chain\build\nodes\.cache\apps\net.corda.node.Corda_3.1-corda\commons-collections4-4.1.jar;D:\ubuntu\Turnover-Box-Chain\build\nodes\.cache\apps\net.corda.node.Corda_3.1-corda\shiro-core-1.4.0.jar;D:\ubuntu\Turnover-Box-Chain\build\nodes\.cache\apps\net.corda.node.Corda_3.1-corda\shiro-config-ogdl-1.4.0.jar;D:\ubuntu\Turnover-Box-Chain\build\nodes\.cache\apps\net.corda.node.Corda_3.1-corda\commons-beanutils-1.9.3.jar;D:\ubuntu\Turnover-Box-Chain\build\nodes\.cache\apps\net.corda.node.Corda_3.1-corda\jansi-1.14.jar;D:\ubuntu\Turnover-Box-Chain\build\nodes\.cache\apps\net.corda.node.Corda_3.1-corda\jcabi-manifests-1.1.jar;D:\ubuntu\Turnover-Box-Chain\build\nodes\.cache\apps\net.corda.node.Corda_3.1-corda\forms_rt-7.0.3.jar;D:\ubuntu\Turnover-Box-Chain\build\nodes\.cache\apps\net.corda.node.Corda_3.1-corda\json-20180130.jar;D:\ubuntu\Turnover-Box-Chain\build\nodes\.cache\apps\net.corda.node.Corda_3.1-corda\metrics-core-3.1.2.jar;D:\ubuntu\Turnover-Box-Chain\build\nodes\.cache\apps\net.corda.node.Corda_3.1-corda\config-1.3.1.jar;D:\ubuntu\Turnover-Box-Chain\build\nodes\.cache\apps\net.corda.node.Corda_3.1-corda\h2-1.4.194.jar;D:\ubuntu\Turnover-Box-Chain\build\nodes\.cache\apps\net.corda.node.Corda_3.1-corda\postgresql-42.1.4.jar;D:\ubuntu\Turnover-Box-Chain\build\nodes\.cache\apps\net.corda.node.Corda_3.1-corda\HikariCP-2.5.1.jar;D:\ubuntu\Turnover-Box-Chain\build\nodes\.cache\apps\net.corda.node.Corda_3.1-corda\hibernate-java8-5.2.6.Final.jar;D:\ubuntu\Turnover-Box-Chain\build\nodes\.cache\apps\net.corda.node.Corda_3.1-corda\hibernate-core-5.2.6.Final.jar;D:\ubuntu\Turnover-Box-Chain\build\nodes\.cache\apps\net.corda.node.Corda_3.1-corda\copycat-client-1.2.3.jar;D:\ubuntu\Turnover-Box-Chain\build\nodes\.cache\apps\net.corda.node.Corda_3.1-corda\copycat-server-1.2.3.jar;D:\ubuntu\Turnover-Box-Chain\build\nodes\.cache\apps\net.corda.node.Corda_3.1-corda\catalyst-netty-1.1.2.jar;D:\ubuntu\Turnover-Box-Chain\build\nodes\.cache\apps\net.corda.node.Corda_3.1-corda\netty-all-4.1.9.Final.jar;D:\ubuntu\Turnover-Box-Chain\build\nodes\.cache\apps\net.corda.node.Corda_3.1-corda\crash.connectors.ssh-cadb53544fbb3c0fb901445da614998a6a419488.jar;D:\ubuntu\Turnover-Box-Chain\build\nodes\.cache\apps\net.corda.node.Corda_3.1-corda\crash.shell-cadb53544fbb3c0fb901445da614998a6a419488.jar;D:\ubuntu\Turnover-Box-Chain\build\nodes\.cache\apps\net.corda.node.Corda_3.1-corda\okhttp-3.5.0.jar;D:\ubuntu\Turnover-Box-Chain\build\nodes\.cache\apps\net.corda.node.Corda_3.1-corda\commons-codec-1.10.jar;D:\ubuntu\Turnover-Box-Chain\build\nodes\.cache\apps\net.corda.node.Corda_3.1-corda\library-master-v1.1-beta-g6215ec8-87.jar;D:\ubuntu\Turnover-Box-Chain\build\nodes\.cache\apps\net.corda.node.Corda_3.1-corda\jolokia-jvm-1.3.7-agent.jar;D:\ubuntu\Turnover-Box-Chain\build\nodes\.cache\apps\net.corda.node.Corda_3.1-corda\quasar-core-0.7.9-jdk8.jar;D:\ubuntu\Turnover-Box-Chain\build\nodes\.cache\apps\net.corda.node.Corda_3.1-corda\commons-fileupload-1.3.3.jar;D:\ubuntu\Turnover-Box-Chain\build\nodes\.cache\apps\net.corda.node.Corda_3.1-corda\kryo-serializers-0.41.jar;D:\ubuntu\Turnover-Box-Chain\build\nodes\.cache\apps\net.corda.node.Corda_3.1-corda\kryo-4.0.0.jar;D:\ubuntu\Turnover-Box-Chain\build\nodes\.cache\apps\net.corda.node.Corda_3.1-corda\proton-j-0.21.0.jar;D:\ubuntu\Turnover-Box-Chain\build\nodes\.cache\apps\net.corda.node.Corda_3.1-corda\fast-classpath-scanner-2.12.3.jar;D:\ubuntu\Turnover-Box-Chain\build\nodes\.cache\apps\net.corda.node.Corda_3.1-corda\jsr305-3.0.2.jar;D:\ubuntu\Turnover-Box-Chain\build\nodes\.cache\apps\net.corda.node.Corda_3.1-corda\jcabi-log-0.14.jar;D:\ubuntu\Turnover-Box-Chain\build\nodes\.cache\apps\net.corda.node.Corda_3.1-corda\copycat-protocol-1.2.3.jar;D:\ubuntu\Turnover-Box-Chain\build\nodes\.cache\apps\net.corda.node.Corda_3.1-corda\catalyst-transport-1.1.2.jar;D:\ubuntu\Turnover-Box-Chain\build\nodes\.cache\apps\net.corda.node.Corda_3.1-corda\mina-core-2.0.16.jar;D:\ubuntu\Turnover-Box-Chain\build\nodes\.cache\apps\net.corda.node.Corda_3.1-corda\shiro-cache-1.4.0.jar;D:\ubuntu\Turnover-Box-Chain\build\nodes\.cache\apps\net.corda.node.Corda_3.1-corda\shiro-crypto-hash-1.4.0.jar;D:\ubuntu\Turnover-Box-Chain\build\nodes\.cache\apps\net.corda.node.Corda_3.1-corda\shiro-crypto-cipher-1.4.0.jar;D:\ubuntu\Turnover-Box-Chain\build\nodes\.cache\apps\net.corda.node.Corda_3.1-corda\shiro-config-core-1.4.0.jar;D:\ubuntu\Turnover-Box-Chain\build\nodes\.cache\apps\net.corda.node.Corda_3.1-corda\shiro-event-1.4.0.jar;D:\ubuntu\Turnover-Box-Chain\build\nodes\.cache\apps\net.corda.node.Corda_3.1-corda\shiro-crypto-core-1.4.0.jar;D:\ubuntu\Turnover-Box-Chain\build\nodes\.cache\apps\net.corda.node.Corda_3.1-corda\shiro-lang-1.4.0.jar;D:\ubuntu\Turnover-Box-Chain\build\nodes\.cache\apps\net.corda.node.Corda_3.1-corda\jcl-over-slf4j-1.7.25.jar;D:\ubuntu\Turnover-Box-Chain\build\nodes\.cache\apps\net.corda.node.Corda_3.1-corda\catalyst-concurrent-1.1.2.jar;D:\ubuntu\Turnover-Box-Chain\build\nodes\.cache\apps\net.corda.node.Corda_3.1-corda\catalyst-serializer-1.1.2.jar;D:\ubuntu\Turnover-Box-Chain\build\nodes\.cache\apps\net.corda.node.Corda_3.1-corda\catalyst-buffer-1.1.2.jar;D:\ubuntu\Turnover-Box-Chain\build\nodes\.cache\apps\net.corda.node.Corda_3.1-corda\catalyst-common-1.1.2.jar;D:\ubuntu\Turnover-Box-Chain\build\nodes\.cache\apps\net.corda.node.Corda_3.1-corda\sshd-pam-0.11.0.jar;D:\ubuntu\Turnover-Box-Chain\build\nodes\.cache\apps\net.corda.node.Corda_3.1-corda\sshd-core-1.6.0.jar;D:\ubuntu\Turnover-Box-Chain\build\nodes\.cache\apps\net.corda.node.Corda_3.1-corda\slf4j-api-1.7.25.jar;D:\ubuntu\Turnover-Box-Chain\build\nodes\.cache\apps\net.corda.node.Corda_3.1-corda\log4j-core-2.9.1.jar;D:\ubuntu\Turnover-Box-Chain\build\nodes\.cache\apps\net.corda.node.Corda_3.1-corda\log4j-api-2.9.1.jar;D:\ubuntu\Turnover-Box-Chain\build\nodes\.cache\apps\net.corda.node.Corda_3.1-corda\kotlin-stdlib-jre7-1.1.60.jar;D:\ubuntu\Turnover-Box-Chain\build\nodes\.cache\apps\net.corda.node.Corda_3.1-corda\kotlin-stdlib-1.1.60.jar;D:\ubuntu\Turnover-Box-Chain\build\nodes\.cache\apps\net.corda.node.Corda_3.1-corda\commons-collections-3.2.2.jar;D:\ubuntu\Turnover-Box-Chain\build\nodes\.cache\apps\net.corda.node.Corda_3.1-corda\hibernate-commons-annotations-5.0.1.Final.jar;D:\ubuntu\Turnover-Box-Chain\build\nodes\.cache\apps\net.corda.node.Corda_3.1-corda\artemis-native-2.2.0.jar;D:\ubuntu\Turnover-Box-Chain\build\nodes\.cache\apps\net.corda.node.Corda_3.1-corda\jboss-logging-3.3.0.Final.jar;D:\ubuntu\Turnover-Box-Chain\build\nodes\.cache\apps\net.corda.node.Corda_3.1-corda\artemis-selector-2.2.0.jar;D:\ubuntu\Turnover-Box-Chain\build\nodes\.cache\apps\net.corda.node.Corda_3.1-corda\jgroups-3.6.13.Final.jar;D:\ubuntu\Turnover-Box-Chain\build\nodes\.cache\apps\net.corda.node.Corda_3.1-corda\geronimo-json_1.0_spec-1.0-alpha-1.jar;D:\ubuntu\Turnover-Box-Chain\build\nodes\.cache\apps\net.corda.node.Corda_3.1-corda\johnzon-core-0.9.5.jar;D:\ubuntu\Turnover-Box-Chain\build\nodes\.cache\apps\net.corda.node.Corda_3.1-corda\forms-1.1-preview.jar;D:\ubuntu\Turnover-Box-Chain\build\nodes\.cache\apps\net.corda.node.Corda_3.1-corda\jdom-1.0.jar;D:\ubuntu\Turnover-Box-Chain\build\nodes\.cache\apps\net.corda.node.Corda_3.1-corda\jackson-dataformat-yaml-2.9.2.jar;D:\ubuntu\Turnover-Box-Chain\build\nodes\.cache\apps\net.corda.node.Corda_3.1-corda\jackson-datatype-jsr310-2.9.2.jar;D:\ubuntu\Turnover-Box-Chain\build\nodes\.cache\apps\net.corda.node.Corda_3.1-corda\hibernate-jpa-2.1-api-1.0.0.Final.jar;D:\ubuntu\Turnover-Box-Chain\build\nodes\.cache\apps\net.corda.node.Corda_3.1-corda\javassist-3.20.0-GA.jar;D:\ubuntu\Turnover-Box-Chain\build\nodes\.cache\apps\net.corda.node.Corda_3.1-corda\antlr-2.7.7.jar;D:\ubuntu\Turnover-Box-Chain\build\nodes\.cache\apps\net.corda.node.Corda_3.1-corda\geronimo-jta_1.1_spec-1.1.1.jar;D:\ubuntu\Turnover-Box-Chain\build\nodes\.cache\apps\net.corda.node.Corda_3.1-corda\jandex-2.0.3.Final.jar;D:\ubuntu\Turnover-Box-Chain\build\nodes\.cache\apps\net.corda.node.Corda_3.1-corda\classmate-1.3.0.jar;D:\ubuntu\Turnover-Box-Chain\build\nodes\.cache\apps\net.corda.node.Corda_3.1-corda\dom4j-1.6.1.jar;D:\ubuntu\Turnover-Box-Chain\build\nodes\.cache\apps\net.corda.node.Corda_3.1-corda\cdi-api-1.1.jar;D:\ubuntu\Turnover-Box-Chain\build\nodes\.cache\apps\net.corda.node.Corda_3.1-corda\crash.cli-cadb53544fbb3c0fb901445da614998a6a419488.jar;D:\ubuntu\Turnover-Box-Chain\build\nodes\.cache\apps\net.corda.node.Corda_3.1-corda\groovy-all-1.8.9.jar;D:\ubuntu\Turnover-Box-Chain\build\nodes\.cache\apps\net.corda.node.Corda_3.1-corda\okio-1.11.0.jar;D:\ubuntu\Turnover-Box-Chain\build\nodes\.cache\apps\net.corda.node.Corda_3.1-corda\jolokia-core-1.3.7.jar;D:\ubuntu\Turnover-Box-Chain\build\nodes\.cache\apps\net.corda.node.Corda_3.1-corda\json-simple-1.1.1.jar;D:\ubuntu\Turnover-Box-Chain\build\nodes\.cache\apps\net.corda.node.Corda_3.1-corda\rxjava-1.2.4.jar;D:\ubuntu\Turnover-Box-Chain\build\nodes\.cache\apps\net.corda.node.Corda_3.1-corda\commons-jexl3-3.0.jar;D:\ubuntu\Turnover-Box-Chain\build\nodes\.cache\apps\net.corda.node.Corda_3.1-corda\jackson-databind-2.9.2.jar;D:\ubuntu\Turnover-Box-Chain\build\nodes\.cache\apps\net.corda.node.Corda_3.1-corda\eddsa-0.2.0.jar;D:\ubuntu\Turnover-Box-Chain\build\nodes\.cache\apps\net.corda.node.Corda_3.1-corda\bcpkix-jdk15on-1.57.jar;D:\ubuntu\Turnover-Box-Chain\build\nodes\.cache\apps\net.corda.node.Corda_3.1-corda\bcprov-jdk15on-1.57.jar;D:\ubuntu\Turnover-Box-Chain\build\nodes\.cache\apps\net.corda.node.Corda_3.1-corda\commons-io-2.2.jar;D:\ubuntu\Turnover-Box-Chain\build\nodes\.cache\apps\net.corda.node.Corda_3.1-corda\reflectasm-1.11.3.jar;D:\ubuntu\Turnover-Box-Chain\build\nodes\.cache\apps\net.corda.node.Corda_3.1-corda\minlog-1.3.0.jar;D:\ubuntu\Turnover-Box-Chain\build\nodes\.cache\apps\net.corda.node.Corda_3.1-corda\objenesis-2.2.jar;D:\ubuntu\Turnover-Box-Chain\build\nodes\.cache\apps\net.corda.node.Corda_3.1-corda\annotations-13.0.jar;D:\ubuntu\Turnover-Box-Chain\build\nodes\.cache\apps\net.corda.node.Corda_3.1-corda\jackson-annotations-2.9.0.jar;D:\ubuntu\Turnover-Box-Chain\build\nodes\.cache\apps\net.corda.node.Corda_3.1-corda\snakeyaml-1.18.jar;D:\ubuntu\Turnover-Box-Chain\build\nodes\.cache\apps\net.corda.node.Corda_3.1-corda\jackson-core-2.9.2.jar;D:\ubuntu\Turnover-Box-Chain\build\nodes\.cache\apps\net.corda.node.Corda_3.1-corda\el-api-2.2.jar;D:\ubuntu\Turnover-Box-Chain\build\nodes\.cache\apps\net.corda.node.Corda_3.1-corda\jboss-interceptors-api_1.1_spec-1.0.0.Beta1.jar;D:\ubuntu\Turnover-Box-Chain\build\nodes\.cache\apps\net.corda.node.Corda_3.1-corda\jsr250-api-1.0.jar;D:\ubuntu\Turnover-Box-Chain\build\nodes\.cache\apps\net.corda.node.Corda_3.1-corda\javax.inject-1.jar;D:\ubuntu\Turnover-Box-Chain\build\nodes\.cache\apps\net.corda.node.Corda_3.1-corda\jpam-1.1.jar;D:\ubuntu\Turnover-Box-Chain\build\nodes\.cache\apps\net.corda.node.Corda_3.1-corda\geronimo-jms_2.0_spec-1.0-alpha-2.jar;D:\ubuntu\Turnover-Box-Chain\build\nodes\.cache\apps\net.corda.node.Corda_3.1-corda\asm-5.0.4.jar;D:\ubuntu\Turnover-Box-Chain\build\nodes\.cache\apps\net.corda.node.Corda_3.1-corda\corda-node-3.1-corda.jar;D:\ubuntu\Turnover-Box-Chain\build\nodes\Notary\corda.jar;D:\ubuntu\Turnover-Box-Chain\build\nodes\.cache\apps\net.corda.node.Corda_3.1-corda\quasar-core-0.7.9-jdk8.jar {}
[INFO ] 2018-06-09T13:27:26,387Z [main] internal.Node.logStartupInfo - VM Java HotSpot(TM) 64-Bit Server VM Oracle Corporation 25.172-b11 {}
[INFO ] 2018-06-09T13:27:26,388Z [main] internal.Node.logStartupInfo - Machine: DESKTOP-BKO44JE {}
[INFO ] 2018-06-09T13:27:26,388Z [main] internal.Node.logStartupInfo - Working Directory: D:\ubuntu\Turnover-Box-Chain\build\nodes\Notary {}
[INFO ] 2018-06-09T13:27:26,390Z [main] internal.Node.logStartupInfo - Starting as node on localhost:10002 {}
[INFO ] 2018-06-09T13:27:26,836Z [main] cordapp.CordappLoader.<init> - No CorDapp paths provided {}
[INFO ] 2018-06-09T13:27:29,724Z [main] internal.Node.generateAndSaveNodeInfo - Generating nodeInfo ... {}
[WARN ] 2018-06-09T13:27:29,724Z [main] internal.Node.initCertificate - Corda node is running in dev mode. {}
[INFO ] 2018-06-09T13:27:36,953Z [main] internal.Node.obtainIdentity - identity-private-key not found in key store D:\ubuntu\Turnover-Box-Chain\build\nodes\Notary\certificates\nodekeystore.jks, generating fresh key! {}
[INFO ] 2018-06-09T13:27:38,504Z [main] BasicInfo.printBasicNodeInfo - Database connection url is              : jdbc:h2:tcp://134.61.144.64:50331/node {}
[INFO ] 2018-06-09T13:27:39,120Z [main] hikari.HikariDataSource.<init> - HikariPool-1 - Started. {}
[INFO ] 2018-06-09T13:27:39,631Z [main] internal.Node.invoke - Connected to H2 database. {}
[INFO ] 2018-06-09T13:27:39,737Z [main] persistence.HibernateConfiguration.<init> - Init HibernateConfiguration for schemas: [CommonSchemaV1(name=net.corda.core.schemas.CommonSchema, version=1), VaultSchemaV1(name=net.corda.node.services.vault.VaultSchema, version=1), NodeInfoSchemaV1(name=net.corda.node.internal.schemas.NodeInfoSchema, version=1), NodeCoreV1(name=net.corda.node.services.schema.NodeSchemaService$NodeCore, version=1)] {}
[INFO ] 2018-06-09T13:27:39,740Z [main] persistence.HibernateConfiguration.makeSessionFactoryForSchemas - Creating session factory for schemas: [CommonSchemaV1(name=net.corda.core.schemas.CommonSchema, version=1), VaultSchemaV1(name=net.corda.node.services.vault.VaultSchema, version=1), NodeInfoSchemaV1(name=net.corda.node.internal.schemas.NodeInfoSchema, version=1), NodeCoreV1(name=net.corda.node.services.schema.NodeSchemaService$NodeCore, version=1)] {}
[INFO ] 2018-06-09T13:27:40,657Z [main] hibernate.Version.logVersion - HHH000412: Hibernate Core {5.2.6.Final} {}
[INFO ] 2018-06-09T13:27:40,768Z [main] cfg.Environment.<clinit> - HHH000206: hibernate.properties not found {}
[INFO ] 2018-06-09T13:27:40,981Z [main] common.Version.<clinit> - HCANN000001: Hibernate Commons Annotations {5.0.1.Final} {}
[INFO ] 2018-06-09T13:27:41,238Z [main] internal.ConnectionProviderInitiator.initiateService - HHH000130: Instantiating explicit connection provider: net.corda.nodeapi.internal.persistence.HibernateConfiguration$NodeDatabaseConnectionProvider {}
[INFO ] 2018-06-09T13:27:41,265Z [main] dialect.Dialect.<init> - HHH000400: Using dialect: org.hibernate.dialect.H2Dialect {}
[INFO ] 2018-06-09T13:27:41,631Z [main] type.BasicTypeRegistry.register - HHH000270: Type registration [materialized_blob] overrides previous : org.hibernate.type.MaterializedBlobType@7da34b26 {}
[INFO ] 2018-06-09T13:27:47,519Z [main] connections.access.getIsolatedConnection - HHH10001501: Connection obtained from JdbcConnectionAccess [org.hibernate.engine.jdbc.env.internal.JdbcEnvironmentInitiator$ConnectionProviderJdbcConnectionAccess@73a845cb] for (non-JTA) DDL execution was not in auto-commit mode; the Connection 'local transaction' will be committed and the Connection will be set into auto-commit mode. {}
[INFO ] 2018-06-09T13:27:47,998Z [main] persistence.HibernateConfiguration.makeSessionFactoryForSchemas - Created session factory for schemas: [CommonSchemaV1(name=net.corda.core.schemas.CommonSchema, version=1), VaultSchemaV1(name=net.corda.node.services.vault.VaultSchema, version=1), NodeInfoSchemaV1(name=net.corda.node.internal.schemas.NodeInfoSchema, version=1), NodeCoreV1(name=net.corda.node.services.schema.NodeSchemaService$NodeCore, version=1)] {}
[INFO ] 2018-06-09T13:27:49,005Z [main] internal.QueryTranslatorFactoryInitiator.initiateService - HHH000397: Using ASTQueryTranslatorFactory {}
[INFO ] 2018-06-09T13:27:52,818Z [main] internal.Node.tryDetectIfNotPublicHost - Detected public IP: 134.61.144.64. This will be used instead of the provided "localhost" as the advertised address. {}
[INFO ] 2018-06-09T13:27:52,947Z [main] internal.Node.updateNodeInfo - Node-info has changed so submitting update. Old node-info was null {}
[INFO ] 2018-06-09T13:27:52,948Z [main] network.PersistentNetworkMapCache.addNode - Adding node with info: NodeInfo(addresses=[134.61.144.64:10002], legalIdentitiesAndCerts=[O=Notary, L=London, C=GB], platformVersion=3, serial=1528550872948) {}
[INFO ] 2018-06-09T13:27:53,024Z [main] network.PersistentNetworkMapCache.addNode - No previous node found {}
[INFO ] 2018-06-09T13:27:55,692Z [main] network.PersistentNetworkMapCache.addNode - Done adding node with info: NodeInfo(addresses=[134.61.144.64:10002], legalIdentitiesAndCerts=[O=Notary, L=London, C=GB], platformVersion=3, serial=1528550872948) {}
[INFO ] 2018-06-09T13:27:55,693Z [main] internal.Node.updateNodeInfo - New node-info: NodeInfo(addresses=[134.61.144.64:10002], legalIdentitiesAndCerts=[O=Notary, L=London, C=GB], platformVersion=3, serial=1528550872948) {}
[INFO ] 2018-06-09T13:27:56,940Z [main] internal.Node.run - Node exiting successfully {}
[INFO ] 2018-06-09T13:35:28,934Z [main] manifests.Manifests.info - 111 attributes loaded from 129 stream(s) in 6s, 111 saved, 1990 ignored: ["ActiveMQ-Version", "Agent-Class", "Ant-Version", "Application-Class", "Application-Library-Allowable-Codebase", "Application-Name", "Application-Version", "Archiver-Version", "Automatic-Module-Name", "Bnd-LastModified", "Branch", "Build-Date", "Build-Host", "Build-Id", "Build-Java-Version", "Build-Jdk", "Build-Job", "Build-Number", "Build-Timestamp", "Built-By", "Built-OS", "Built-Status", "Bundle-Activator", "Bundle-Category", "Bundle-ClassPath", "Bundle-Copyright", "Bundle-Description", "Bundle-DocURL", "Bundle-License", "Bundle-ManifestVersion", "Bundle-Name", "Bundle-RequiredExecutionEnvironment", "Bundle-SymbolicName", "Bundle-Vendor", "Bundle-Version", "Caller-Allowable-Codebase", "Can-Redefine-Classes", "Can-Retransform-Classes", "Can-Set-Native-Method-Prefix", "Caplets", "Change", "Codebase", "Corda-Platform-Version", "Corda-Release-Version", "Corda-Revision", "Corda-Vendor", "Created-By", "DynamicImport-Package", "Eclipse-BuddyPolicy", "Eclipse-LazyStart", "Export-Package", "Extension-Name", "Fragment-Host", "Gradle-Version", "Ignore-Package", "Implementation-Build", "Implementation-Build-Date", "Implementation-Title", "Implementation-URL", "Implementation-Url", "Implementation-Vendor", "Implementation-Vendor-Id", "Implementation-Version", "Import-Package", "Include-Resource", "JCabi-Build", "JCabi-Date", "JCabi-Version", "JVM-Args", "Java-Agents", "Java-Vendor", "Java-Version", "Kotlin-Runtime-Component", "Kotlin-Version", "Log4jReleaseKey", "Log4jReleaseManager", "Log4jReleaseVersion", "Main-Class", "Main-class", "Manifest-Version", "Min-Java-Version", "Min-Update-Version", "Module-Email", "Module-Origin", "Module-Owner", "Module-Source", "Multi-Release", "Originally-Created-By", "Os-Arch", "Os-Name", "Os-Version", "Package", "Permissions", "Premain-Class", "Private-Package", "Provide-Capability", "Require-Capability", "SCM-Revision", "SCM-url", "Scm-Connection", "Scm-Revision", "Scm-Url", "Service-Component", "Specification-Title", "Specification-Vendor", "Specification-Version", "System-Properties", "Tool", "Trusted-Library", "X-Compile-Source-JDK", "X-Compile-Target-JDK"] {}
[INFO ] 2018-06-09T13:35:32,272Z [main] BasicInfo.printBasicNodeInfo - Logs can be found in                    : D:\ubuntu\Turnover-Box-Chain\build\nodes\Notary\logs {}
[INFO ] 2018-06-09T13:35:33,229Z [main] config.ConfigHelper.loadConfig - Config:
{
    # reference.conf @ jar:file:/D:/ubuntu/Turnover-Box-Chain/build/nodes/Notary/corda.jar!/reference.conf: 20
    "activeMQServer" : {
        # reference.conf @ jar:file:/D:/ubuntu/Turnover-Box-Chain/build/nodes/Notary/corda.jar!/reference.conf: 21
        "bridge" : {
            # reference.conf @ jar:file:/D:/ubuntu/Turnover-Box-Chain/build/nodes/Notary/corda.jar!/reference.conf: 24
            "maxRetryIntervalMin" : 3,
            # reference.conf @ jar:file:/D:/ubuntu/Turnover-Box-Chain/build/nodes/Notary/corda.jar!/reference.conf: 22
            "retryIntervalMs" : 5000,
            # reference.conf @ jar:file:/D:/ubuntu/Turnover-Box-Chain/build/nodes/Notary/corda.jar!/reference.conf: 23
            "retryIntervalMultiplier" : 1.5
        }
    },
    # hardcoded value
    "baseDirectory" : "D:\\ubuntu\\Turnover-Box-Chain\\build\\nodes\\Notary",
    # merge of reference.conf @ jar:file:/D:/ubuntu/Turnover-Box-Chain/build/nodes/Notary/corda.jar!/reference.conf: 6,reference.conf @ jar:file:/C:/Users/Xiaoli%20Yang/AppData/Local/capsule/apps/net.corda.node.Corda_3.1-corda/corda-node-3.1-corda.jar!/reference.conf: 6
    "dataSourceProperties" : {
        # reference.conf @ jar:file:/D:/ubuntu/Turnover-Box-Chain/build/nodes/Notary/corda.jar!/reference.conf: 10
        "dataSource.password" : "",
        # merge of reference.conf @ jar:file:/D:/ubuntu/Turnover-Box-Chain/build/nodes/Notary/corda.jar!/reference.conf: 8,hardcoded value,reference.conf @ jar:file:/D:/ubuntu/Turnover-Box-Chain/build/nodes/Notary/corda.jar!/reference.conf: 8,reference.conf @ jar:file:/D:/ubuntu/Turnover-Box-Chain/build/nodes/Notary/corda.jar!/reference.conf: 17
        "dataSource.url" : "jdbc:h2:file:D:\\ubuntu\\Turnover-Box-Chain\\build\\nodes\\Notary/persistence;DB_CLOSE_ON_EXIT=FALSE;LOCK_TIMEOUT=10000;WRITE_DELAY=100;AUTO_SERVER_PORT=0",
        # reference.conf @ jar:file:/D:/ubuntu/Turnover-Box-Chain/build/nodes/Notary/corda.jar!/reference.conf: 9
        "dataSource.user" : "sa",
        # reference.conf @ jar:file:/D:/ubuntu/Turnover-Box-Chain/build/nodes/Notary/corda.jar!/reference.conf: 7
        "dataSourceClassName" : "org.h2.jdbcx.JdbcDataSource"
    },
    # reference.conf @ jar:file:/D:/ubuntu/Turnover-Box-Chain/build/nodes/Notary/corda.jar!/reference.conf: 12
    "database" : {
        # reference.conf @ jar:file:/D:/ubuntu/Turnover-Box-Chain/build/nodes/Notary/corda.jar!/reference.conf: 14
        "exportHibernateJMXStatistics" : "false",
        # reference.conf @ jar:file:/D:/ubuntu/Turnover-Box-Chain/build/nodes/Notary/corda.jar!/reference.conf: 13
        "transactionIsolationLevel" : "REPEATABLE_READ"
    },
    # reference.conf @ jar:file:/D:/ubuntu/Turnover-Box-Chain/build/nodes/Notary/corda.jar!/reference.conf: 16
    "devMode" : true,
    # reference.conf @ jar:file:/D:/ubuntu/Turnover-Box-Chain/build/nodes/Notary/corda.jar!/reference.conf: 2
    "emailAddress" : "admin@company.com",
    # reference.conf @ jar:file:/D:/ubuntu/Turnover-Box-Chain/build/nodes/Notary/corda.jar!/reference.conf: 3
    "exportJMXto" : "http",
    # reference.conf @ jar:file:/D:/ubuntu/Turnover-Box-Chain/build/nodes/Notary/corda.jar!/reference.conf: 17
    "h2port" : 0,
    # reference.conf @ jar:file:/D:/ubuntu/Turnover-Box-Chain/build/nodes/Notary/corda.jar!/reference.conf: 4
    "keyStorePassword" : "cordacadevpass",
    # D:\ubuntu\Turnover-Box-Chain\build\nodes\Notary\node.conf: 1
    "myLegalName" : "O=Notary,L=London,C=GB",
    # D:\ubuntu\Turnover-Box-Chain\build\nodes\Notary\node.conf: 2
    "notary" : {
        # D:\ubuntu\Turnover-Box-Chain\build\nodes\Notary\node.conf: 3
        "validating" : true
    },
    # D:\ubuntu\Turnover-Box-Chain\build\nodes\Notary\node.conf: 5
    "p2pAddress" : "localhost:10002",
    # reference.conf @ jar:file:/D:/ubuntu/Turnover-Box-Chain/build/nodes/Notary/corda.jar!/reference.conf: 27
    "rpcSettings" : {
        # reference.conf @ jar:file:/D:/ubuntu/Turnover-Box-Chain/build/nodes/Notary/corda.jar!/reference.conf: 29
        "standAloneBroker" : false,
        # reference.conf @ jar:file:/D:/ubuntu/Turnover-Box-Chain/build/nodes/Notary/corda.jar!/reference.conf: 28
        "useSsl" : false
    },
    # D:\ubuntu\Turnover-Box-Chain\build\nodes\Notary\node.conf: 6
    "rpcUsers" : [],
    # reference.conf @ jar:file:/D:/ubuntu/Turnover-Box-Chain/build/nodes/Notary/corda.jar!/reference.conf: 5
    "trustStorePassword" : "trustpass",
    # reference.conf @ jar:file:/D:/ubuntu/Turnover-Box-Chain/build/nodes/Notary/corda.jar!/reference.conf: 18
    "useTestClock" : false,
    # reference.conf @ jar:file:/D:/ubuntu/Turnover-Box-Chain/build/nodes/Notary/corda.jar!/reference.conf: 19
    "verifierType" : "InMemory"
}
 {}
[INFO ] 2018-06-09T13:35:40,110Z [main] internal.Node.logStartupInfo - Vendor: Corda Open Source {}
[INFO ] 2018-06-09T13:35:40,110Z [main] internal.Node.logStartupInfo - Release: 3.1-corda {}
[INFO ] 2018-06-09T13:35:40,111Z [main] internal.Node.logStartupInfo - Platform Version: 3 {}
[INFO ] 2018-06-09T13:35:40,111Z [main] internal.Node.logStartupInfo - Revision: d193dd85e0908aba9b245e40297f4b2073555905 {}
[INFO ] 2018-06-09T13:35:40,112Z [main] internal.Node.logStartupInfo - PID: 14776 {}
[INFO ] 2018-06-09T13:35:40,113Z [main] internal.Node.logStartupInfo - Main class: /C:/Users/Xiaoli Yang/AppData/Local/capsule/apps/net.corda.node.Corda_3.1-corda/corda-node-3.1-corda.jar {}
[INFO ] 2018-06-09T13:35:40,113Z [main] internal.Node.logStartupInfo - CommandLine Args: -Xmx200m -XX:+UseG1GC -agentlib:jdwp=transport=dt_socket,server=y,suspend=n,address=5007 -javaagent:drivers/jolokia-jvm-1.3.7-agent.jar=port=7007,logHandlerClass=net.corda.node.JolokiaSlf4Adapter -javaagent:D:\ubuntu\Turnover-Box-Chain\build\nodes\Notary\corda.jar -javaagent:C:\Users\Xiaoli Yang\AppData\Local\capsule\apps\net.corda.node.Corda_3.1-corda\quasar-core-0.7.9-jdk8.jar=x(antlr**;bftsmart**;ch**;co.paralleluniverse**;com.codahale**;com.esotericsoftware**;com.fasterxml**;com.google**;com.ibm**;com.intellij**;com.jcabi**;com.nhaarman**;com.opengamma**;com.typesafe**;com.zaxxer**;de.javakaffee**;groovy**;groovyjarjarantlr**;groovyjarjarasm**;io.atomix**;io.github**;io.netty**;jdk**;joptsimple**;junit**;kotlin**;net.bytebuddy**;net.i2p**;org.apache**;org.assertj**;org.bouncycastle**;org.codehaus**;org.crsh**;org.dom4j**;org.fusesource**;org.h2**;org.hamcrest**;org.hibernate**;org.jboss**;org.jcp**;org.joda**;org.junit**;org.mockito**;org.objectweb**;org.objenesis**;org.slf4j**;org.w3c**;org.xml**;org.yaml**;reflectasm**;rx**;org.jolokia**) -Dcapsule.address=0.0.0.0 -Dvisualvm.display.name=Corda -Djava.library.path=C:\Program Files\Java\jre1.8.0_172\bin;C:\WINDOWS\Sun\Java\bin;C:\WINDOWS\system32;C:\WINDOWS;C:\Program Files (x86)\Common Files\Oracle\Java\javapath;C:\ProgramData\Oracle\Java\javapath;C:\Program Files (x86)\Intel\iCLS Client;C:\Program Files\Intel\iCLS Client;C:\WINDOWS\system32;C:\WINDOWS;C:\WINDOWS\System32\Wbem;C:\WINDOWS\System32\WindowsPowerShell\v1.0;C:\Program Files (x86)\Intel\Intel(R) Management Engine Components\DAL;C:\Program Files\Intel\Intel(R) Management Engine Components\DAL;C:\Program Files (x86)\Intel\Intel(R) Management Engine Components\IPT;C:\Program Files\Intel\Intel(R) Management Engine Components\IPT;C:\Program Files\Microsoft SQL Server\130\Tools\Binn;C:\Program Files\MiKTeX 2.9\miktex\bin\x64;C:\Program Files (x86)\Java\jre1.8.0_141\lib;C:\Program Files\nodejs;C:\Program Files\MATLAB\R2017b\runtime\win64;C:\Program Files\MATLAB\R2017b\bin;C:\Program Files (x86)\GtkSharp\2.12\bin;C:\Program Files (x86)\Brackets\command;C:\Program Files\Git\cmd;C:\Program Files\Gradle\gradle-4.7\bin;C:\Users\Xiaoli Yang\AppData\Local\Programs\Python\Python35\Scripts;C:\Users\Xiaoli Yang\AppData\Local\Programs\Python\Python35;C:\Users\Xiaoli Yang\AppData\Local\Microsoft\WindowsApps;C:\Program Files (x86)\Microsoft VS Code\bin;C:\Users\Xiaoli Yang\AppData\Roaming\npm;C:\Users\Xiaoli Yang\AppData\Local\capsule\apps\net.corda.node.Corda_3.1-corda -Dcapsule.log=1 -Dcapsule.app=net.corda.node.Corda_3.1-corda -Dcapsule.port=50537 -Dname=Notary-corda.jar -Dcapsule.jvm.args=-agentlib:jdwp=transport=dt_socket,server=y,suspend=n,address=5007 -javaagent:drivers/jolokia-jvm-1.3.7-agent.jar=port=7007,logHandlerClass=net.corda.node.JolokiaSlf4Adapter -Dcapsule.dir=C:\Users\Xiaoli Yang\AppData\Local\capsule\apps\net.corda.node.Corda_3.1-corda -Dcapsule.jar=D:\ubuntu\Turnover-Box-Chain\build\nodes\Notary\corda.jar {}
[INFO ] 2018-06-09T13:35:40,125Z [main] internal.Node.logStartupInfo - Application Args:  {}
[INFO ] 2018-06-09T13:35:40,125Z [main] internal.Node.logStartupInfo - bootclasspath: C:\Program Files\Java\jre1.8.0_172\lib\resources.jar;C:\Program Files\Java\jre1.8.0_172\lib\rt.jar;C:\Program Files\Java\jre1.8.0_172\lib\sunrsasign.jar;C:\Program Files\Java\jre1.8.0_172\lib\jsse.jar;C:\Program Files\Java\jre1.8.0_172\lib\jce.jar;C:\Program Files\Java\jre1.8.0_172\lib\charsets.jar;C:\Program Files\Java\jre1.8.0_172\lib\jfr.jar;C:\Program Files\Java\jre1.8.0_172\classes {}
[INFO ] 2018-06-09T13:35:40,125Z [main] internal.Node.logStartupInfo - classpath: D:\ubuntu\Turnover-Box-Chain\build\nodes\Notary\corda.jar;C:\Users\Xiaoli Yang\AppData\Local\capsule\apps\net.corda.node.Corda_3.1-corda\corda-rpc-3.1-corda.jar;C:\Users\Xiaoli Yang\AppData\Local\capsule\apps\net.corda.node.Corda_3.1-corda\corda-node-api-3.1-corda.jar;C:\Users\Xiaoli Yang\AppData\Local\capsule\apps\net.corda.node.Corda_3.1-corda\corda-confidential-identities-3.1-corda.jar;C:\Users\Xiaoli Yang\AppData\Local\capsule\apps\net.corda.node.Corda_3.1-corda\cordform-common-3.1.0.jar;C:\Users\Xiaoli Yang\AppData\Local\capsule\apps\net.corda.node.Corda_3.1-corda\log4j-slf4j-impl-2.9.1.jar;C:\Users\Xiaoli Yang\AppData\Local\capsule\apps\net.corda.node.Corda_3.1-corda\log4j-web-2.9.1.jar;C:\Users\Xiaoli Yang\AppData\Local\capsule\apps\net.corda.node.Corda_3.1-corda\jul-to-slf4j-1.7.25.jar;C:\Users\Xiaoli Yang\AppData\Local\capsule\apps\net.corda.node.Corda_3.1-corda\corda-jackson-3.1-corda.jar;C:\Users\Xiaoli Yang\AppData\Local\capsule\apps\net.corda.node.Corda_3.1-corda\corda-core-3.1-corda.jar;C:\Users\Xiaoli Yang\AppData\Local\capsule\apps\net.corda.node.Corda_3.1-corda\kotlin-stdlib-jre8-1.1.60.jar;C:\Users\Xiaoli Yang\AppData\Local\capsule\apps\net.corda.node.Corda_3.1-corda\jackson-module-kotlin-2.9.2.jar;C:\Users\Xiaoli Yang\AppData\Local\capsule\apps\net.corda.node.Corda_3.1-corda\kotlin-reflect-1.1.60.jar;C:\Users\Xiaoli Yang\AppData\Local\capsule\apps\net.corda.node.Corda_3.1-corda\jimfs-1.1.jar;C:\Users\Xiaoli Yang\AppData\Local\capsule\apps\net.corda.node.Corda_3.1-corda\artemis-amqp-protocol-2.2.0.jar;C:\Users\Xiaoli Yang\AppData\Local\capsule\apps\net.corda.node.Corda_3.1-corda\artemis-server-2.2.0.jar;C:\Users\Xiaoli Yang\AppData\Local\capsule\apps\net.corda.node.Corda_3.1-corda\artemis-jdbc-store-2.2.0.jar;C:\Users\Xiaoli Yang\AppData\Local\capsule\apps\net.corda.node.Corda_3.1-corda\artemis-jms-client-2.2.0.jar;C:\Users\Xiaoli Yang\AppData\Local\capsule\apps\net.corda.node.Corda_3.1-corda\artemis-core-client-2.2.0.jar;C:\Users\Xiaoli Yang\AppData\Local\capsule\apps\net.corda.node.Corda_3.1-corda\artemis-journal-2.2.0.jar;C:\Users\Xiaoli Yang\AppData\Local\capsule\apps\net.corda.node.Corda_3.1-corda\artemis-commons-2.2.0.jar;C:\Users\Xiaoli Yang\AppData\Local\capsule\apps\net.corda.node.Corda_3.1-corda\guava-21.0.jar;C:\Users\Xiaoli Yang\AppData\Local\capsule\apps\net.corda.node.Corda_3.1-corda\jopt-simple-5.0.2.jar;C:\Users\Xiaoli Yang\AppData\Local\capsule\apps\net.corda.node.Corda_3.1-corda\commons-collections4-4.1.jar;C:\Users\Xiaoli Yang\AppData\Local\capsule\apps\net.corda.node.Corda_3.1-corda\shiro-core-1.4.0.jar;C:\Users\Xiaoli Yang\AppData\Local\capsule\apps\net.corda.node.Corda_3.1-corda\shiro-config-ogdl-1.4.0.jar;C:\Users\Xiaoli Yang\AppData\Local\capsule\apps\net.corda.node.Corda_3.1-corda\commons-beanutils-1.9.3.jar;C:\Users\Xiaoli Yang\AppData\Local\capsule\apps\net.corda.node.Corda_3.1-corda\jansi-1.14.jar;C:\Users\Xiaoli Yang\AppData\Local\capsule\apps\net.corda.node.Corda_3.1-corda\jcabi-manifests-1.1.jar;C:\Users\Xiaoli Yang\AppData\Local\capsule\apps\net.corda.node.Corda_3.1-corda\forms_rt-7.0.3.jar;C:\Users\Xiaoli Yang\AppData\Local\capsule\apps\net.corda.node.Corda_3.1-corda\json-20180130.jar;C:\Users\Xiaoli Yang\AppData\Local\capsule\apps\net.corda.node.Corda_3.1-corda\metrics-core-3.1.2.jar;C:\Users\Xiaoli Yang\AppData\Local\capsule\apps\net.corda.node.Corda_3.1-corda\config-1.3.1.jar;C:\Users\Xiaoli Yang\AppData\Local\capsule\apps\net.corda.node.Corda_3.1-corda\h2-1.4.194.jar;C:\Users\Xiaoli Yang\AppData\Local\capsule\apps\net.corda.node.Corda_3.1-corda\postgresql-42.1.4.jar;C:\Users\Xiaoli Yang\AppData\Local\capsule\apps\net.corda.node.Corda_3.1-corda\HikariCP-2.5.1.jar;C:\Users\Xiaoli Yang\AppData\Local\capsule\apps\net.corda.node.Corda_3.1-corda\hibernate-java8-5.2.6.Final.jar;C:\Users\Xiaoli Yang\AppData\Local\capsule\apps\net.corda.node.Corda_3.1-corda\hibernate-core-5.2.6.Final.jar;C:\Users\Xiaoli Yang\AppData\Local\capsule\apps\net.corda.node.Corda_3.1-corda\copycat-client-1.2.3.jar;C:\Users\Xiaoli Yang\AppData\Local\capsule\apps\net.corda.node.Corda_3.1-corda\copycat-server-1.2.3.jar;C:\Users\Xiaoli Yang\AppData\Local\capsule\apps\net.corda.node.Corda_3.1-corda\catalyst-netty-1.1.2.jar;C:\Users\Xiaoli Yang\AppData\Local\capsule\apps\net.corda.node.Corda_3.1-corda\netty-all-4.1.9.Final.jar;C:\Users\Xiaoli Yang\AppData\Local\capsule\apps\net.corda.node.Corda_3.1-corda\crash.connectors.ssh-cadb53544fbb3c0fb901445da614998a6a419488.jar;C:\Users\Xiaoli Yang\AppData\Local\capsule\apps\net.corda.node.Corda_3.1-corda\crash.shell-cadb53544fbb3c0fb901445da614998a6a419488.jar;C:\Users\Xiaoli Yang\AppData\Local\capsule\apps\net.corda.node.Corda_3.1-corda\okhttp-3.5.0.jar;C:\Users\Xiaoli Yang\AppData\Local\capsule\apps\net.corda.node.Corda_3.1-corda\commons-codec-1.10.jar;C:\Users\Xiaoli Yang\AppData\Local\capsule\apps\net.corda.node.Corda_3.1-corda\library-master-v1.1-beta-g6215ec8-87.jar;C:\Users\Xiaoli Yang\AppData\Local\capsule\apps\net.corda.node.Corda_3.1-corda\jolokia-jvm-1.3.7-agent.jar;C:\Users\Xiaoli Yang\AppData\Local\capsule\apps\net.corda.node.Corda_3.1-corda\quasar-core-0.7.9-jdk8.jar;C:\Users\Xiaoli Yang\AppData\Local\capsule\apps\net.corda.node.Corda_3.1-corda\commons-fileupload-1.3.3.jar;C:\Users\Xiaoli Yang\AppData\Local\capsule\apps\net.corda.node.Corda_3.1-corda\kryo-serializers-0.41.jar;C:\Users\Xiaoli Yang\AppData\Local\capsule\apps\net.corda.node.Corda_3.1-corda\kryo-4.0.0.jar;C:\Users\Xiaoli Yang\AppData\Local\capsule\apps\net.corda.node.Corda_3.1-corda\proton-j-0.21.0.jar;C:\Users\Xiaoli Yang\AppData\Local\capsule\apps\net.corda.node.Corda_3.1-corda\fast-classpath-scanner-2.12.3.jar;C:\Users\Xiaoli Yang\AppData\Local\capsule\apps\net.corda.node.Corda_3.1-corda\jsr305-3.0.2.jar;C:\Users\Xiaoli Yang\AppData\Local\capsule\apps\net.corda.node.Corda_3.1-corda\jcabi-log-0.14.jar;C:\Users\Xiaoli Yang\AppData\Local\capsule\apps\net.corda.node.Corda_3.1-corda\copycat-protocol-1.2.3.jar;C:\Users\Xiaoli Yang\AppData\Local\capsule\apps\net.corda.node.Corda_3.1-corda\catalyst-transport-1.1.2.jar;C:\Users\Xiaoli Yang\AppData\Local\capsule\apps\net.corda.node.Corda_3.1-corda\mina-core-2.0.16.jar;C:\Users\Xiaoli Yang\AppData\Local\capsule\apps\net.corda.node.Corda_3.1-corda\shiro-cache-1.4.0.jar;C:\Users\Xiaoli Yang\AppData\Local\capsule\apps\net.corda.node.Corda_3.1-corda\shiro-crypto-hash-1.4.0.jar;C:\Users\Xiaoli Yang\AppData\Local\capsule\apps\net.corda.node.Corda_3.1-corda\shiro-crypto-cipher-1.4.0.jar;C:\Users\Xiaoli Yang\AppData\Local\capsule\apps\net.corda.node.Corda_3.1-corda\shiro-config-core-1.4.0.jar;C:\Users\Xiaoli Yang\AppData\Local\capsule\apps\net.corda.node.Corda_3.1-corda\shiro-event-1.4.0.jar;C:\Users\Xiaoli Yang\AppData\Local\capsule\apps\net.corda.node.Corda_3.1-corda\shiro-crypto-core-1.4.0.jar;C:\Users\Xiaoli Yang\AppData\Local\capsule\apps\net.corda.node.Corda_3.1-corda\shiro-lang-1.4.0.jar;C:\Users\Xiaoli Yang\AppData\Local\capsule\apps\net.corda.node.Corda_3.1-corda\jcl-over-slf4j-1.7.25.jar;C:\Users\Xiaoli Yang\AppData\Local\capsule\apps\net.corda.node.Corda_3.1-corda\catalyst-concurrent-1.1.2.jar;C:\Users\Xiaoli Yang\AppData\Local\capsule\apps\net.corda.node.Corda_3.1-corda\catalyst-serializer-1.1.2.jar;C:\Users\Xiaoli Yang\AppData\Local\capsule\apps\net.corda.node.Corda_3.1-corda\catalyst-buffer-1.1.2.jar;C:\Users\Xiaoli Yang\AppData\Local\capsule\apps\net.corda.node.Corda_3.1-corda\catalyst-common-1.1.2.jar;C:\Users\Xiaoli Yang\AppData\Local\capsule\apps\net.corda.node.Corda_3.1-corda\sshd-pam-0.11.0.jar;C:\Users\Xiaoli Yang\AppData\Local\capsule\apps\net.corda.node.Corda_3.1-corda\sshd-core-1.6.0.jar;C:\Users\Xiaoli Yang\AppData\Local\capsule\apps\net.corda.node.Corda_3.1-corda\slf4j-api-1.7.25.jar;C:\Users\Xiaoli Yang\AppData\Local\capsule\apps\net.corda.node.Corda_3.1-corda\log4j-core-2.9.1.jar;C:\Users\Xiaoli Yang\AppData\Local\capsule\apps\net.corda.node.Corda_3.1-corda\log4j-api-2.9.1.jar;C:\Users\Xiaoli Yang\AppData\Local\capsule\apps\net.corda.node.Corda_3.1-corda\kotlin-stdlib-jre7-1.1.60.jar;C:\Users\Xiaoli Yang\AppData\Local\capsule\apps\net.corda.node.Corda_3.1-corda\kotlin-stdlib-1.1.60.jar;C:\Users\Xiaoli Yang\AppData\Local\capsule\apps\net.corda.node.Corda_3.1-corda\commons-collections-3.2.2.jar;C:\Users\Xiaoli Yang\AppData\Local\capsule\apps\net.corda.node.Corda_3.1-corda\hibernate-commons-annotations-5.0.1.Final.jar;C:\Users\Xiaoli Yang\AppData\Local\capsule\apps\net.corda.node.Corda_3.1-corda\artemis-native-2.2.0.jar;C:\Users\Xiaoli Yang\AppData\Local\capsule\apps\net.corda.node.Corda_3.1-corda\jboss-logging-3.3.0.Final.jar;C:\Users\Xiaoli Yang\AppData\Local\capsule\apps\net.corda.node.Corda_3.1-corda\artemis-selector-2.2.0.jar;C:\Users\Xiaoli Yang\AppData\Local\capsule\apps\net.corda.node.Corda_3.1-corda\jgroups-3.6.13.Final.jar;C:\Users\Xiaoli Yang\AppData\Local\capsule\apps\net.corda.node.Corda_3.1-corda\geronimo-json_1.0_spec-1.0-alpha-1.jar;C:\Users\Xiaoli Yang\AppData\Local\capsule\apps\net.corda.node.Corda_3.1-corda\johnzon-core-0.9.5.jar;C:\Users\Xiaoli Yang\AppData\Local\capsule\apps\net.corda.node.Corda_3.1-corda\forms-1.1-preview.jar;C:\Users\Xiaoli Yang\AppData\Local\capsule\apps\net.corda.node.Corda_3.1-corda\jdom-1.0.jar;C:\Users\Xiaoli Yang\AppData\Local\capsule\apps\net.corda.node.Corda_3.1-corda\jackson-dataformat-yaml-2.9.2.jar;C:\Users\Xiaoli Yang\AppData\Local\capsule\apps\net.corda.node.Corda_3.1-corda\jackson-datatype-jsr310-2.9.2.jar;C:\Users\Xiaoli Yang\AppData\Local\capsule\apps\net.corda.node.Corda_3.1-corda\hibernate-jpa-2.1-api-1.0.0.Final.jar;C:\Users\Xiaoli Yang\AppData\Local\capsule\apps\net.corda.node.Corda_3.1-corda\javassist-3.20.0-GA.jar;C:\Users\Xiaoli Yang\AppData\Local\capsule\apps\net.corda.node.Corda_3.1-corda\antlr-2.7.7.jar;C:\Users\Xiaoli Yang\AppData\Local\capsule\apps\net.corda.node.Corda_3.1-corda\geronimo-jta_1.1_spec-1.1.1.jar;C:\Users\Xiaoli Yang\AppData\Local\capsule\apps\net.corda.node.Corda_3.1-corda\jandex-2.0.3.Final.jar;C:\Users\Xiaoli Yang\AppData\Local\capsule\apps\net.corda.node.Corda_3.1-corda\classmate-1.3.0.jar;C:\Users\Xiaoli Yang\AppData\Local\capsule\apps\net.corda.node.Corda_3.1-corda\dom4j-1.6.1.jar;C:\Users\Xiaoli Yang\AppData\Local\capsule\apps\net.corda.node.Corda_3.1-corda\cdi-api-1.1.jar;C:\Users\Xiaoli Yang\AppData\Local\capsule\apps\net.corda.node.Corda_3.1-corda\crash.cli-cadb53544fbb3c0fb901445da614998a6a419488.jar;C:\Users\Xiaoli Yang\AppData\Local\capsule\apps\net.corda.node.Corda_3.1-corda\groovy-all-1.8.9.jar;C:\Users\Xiaoli Yang\AppData\Local\capsule\apps\net.corda.node.Corda_3.1-corda\okio-1.11.0.jar;C:\Users\Xiaoli Yang\AppData\Local\capsule\apps\net.corda.node.Corda_3.1-corda\jolokia-core-1.3.7.jar;C:\Users\Xiaoli Yang\AppData\Local\capsule\apps\net.corda.node.Corda_3.1-corda\json-simple-1.1.1.jar;C:\Users\Xiaoli Yang\AppData\Local\capsule\apps\net.corda.node.Corda_3.1-corda\rxjava-1.2.4.jar;C:\Users\Xiaoli Yang\AppData\Local\capsule\apps\net.corda.node.Corda_3.1-corda\commons-jexl3-3.0.jar;C:\Users\Xiaoli Yang\AppData\Local\capsule\apps\net.corda.node.Corda_3.1-corda\jackson-databind-2.9.2.jar;C:\Users\Xiaoli Yang\AppData\Local\capsule\apps\net.corda.node.Corda_3.1-corda\eddsa-0.2.0.jar;C:\Users\Xiaoli Yang\AppData\Local\capsule\apps\net.corda.node.Corda_3.1-corda\bcpkix-jdk15on-1.57.jar;C:\Users\Xiaoli Yang\AppData\Local\capsule\apps\net.corda.node.Corda_3.1-corda\bcprov-jdk15on-1.57.jar;C:\Users\Xiaoli Yang\AppData\Local\capsule\apps\net.corda.node.Corda_3.1-corda\commons-io-2.2.jar;C:\Users\Xiaoli Yang\AppData\Local\capsule\apps\net.corda.node.Corda_3.1-corda\reflectasm-1.11.3.jar;C:\Users\Xiaoli Yang\AppData\Local\capsule\apps\net.corda.node.Corda_3.1-corda\minlog-1.3.0.jar;C:\Users\Xiaoli Yang\AppData\Local\capsule\apps\net.corda.node.Corda_3.1-corda\objenesis-2.2.jar;C:\Users\Xiaoli Yang\AppData\Local\capsule\apps\net.corda.node.Corda_3.1-corda\annotations-13.0.jar;C:\Users\Xiaoli Yang\AppData\Local\capsule\apps\net.corda.node.Corda_3.1-corda\jackson-annotations-2.9.0.jar;C:\Users\Xiaoli Yang\AppData\Local\capsule\apps\net.corda.node.Corda_3.1-corda\snakeyaml-1.18.jar;C:\Users\Xiaoli Yang\AppData\Local\capsule\apps\net.corda.node.Corda_3.1-corda\jackson-core-2.9.2.jar;C:\Users\Xiaoli Yang\AppData\Local\capsule\apps\net.corda.node.Corda_3.1-corda\el-api-2.2.jar;C:\Users\Xiaoli Yang\AppData\Local\capsule\apps\net.corda.node.Corda_3.1-corda\jboss-interceptors-api_1.1_spec-1.0.0.Beta1.jar;C:\Users\Xiaoli Yang\AppData\Local\capsule\apps\net.corda.node.Corda_3.1-corda\jsr250-api-1.0.jar;C:\Users\Xiaoli Yang\AppData\Local\capsule\apps\net.corda.node.Corda_3.1-corda\javax.inject-1.jar;C:\Users\Xiaoli Yang\AppData\Local\capsule\apps\net.corda.node.Corda_3.1-corda\jpam-1.1.jar;C:\Users\Xiaoli Yang\AppData\Local\capsule\apps\net.corda.node.Corda_3.1-corda\geronimo-jms_2.0_spec-1.0-alpha-2.jar;C:\Users\Xiaoli Yang\AppData\Local\capsule\apps\net.corda.node.Corda_3.1-corda\asm-5.0.4.jar;C:\Users\Xiaoli Yang\AppData\Local\capsule\apps\net.corda.node.Corda_3.1-corda\corda-node-3.1-corda.jar;D:\ubuntu\Turnover-Box-Chain\build\nodes\Notary\cordapps\corda-finance-3.1-corda.jar;D:\ubuntu\Turnover-Box-Chain\build\nodes\Notary\cordapps\cordapp-0.1.jar;D:\ubuntu\Turnover-Box-Chain\build\nodes\Notary\cordapps\cordapp-contracts-states-0.1.jar;D:\ubuntu\Turnover-Box-Chain\build\nodes\Notary\cordapps\Turnover-Box-Chain-0.1.jar;drivers/jolokia-jvm-1.3.7-agent.jar;D:\ubuntu\Turnover-Box-Chain\build\nodes\Notary\corda.jar;C:\Users\Xiaoli Yang\AppData\Local\capsule\apps\net.corda.node.Corda_3.1-corda\quasar-core-0.7.9-jdk8.jar {}
[INFO ] 2018-06-09T13:35:40,130Z [main] internal.Node.logStartupInfo - VM Java HotSpot(TM) 64-Bit Server VM Oracle Corporation 25.172-b11 {}
[INFO ] 2018-06-09T13:35:40,131Z [main] internal.Node.logStartupInfo - Machine: DESKTOP-BKO44JE {}
[INFO ] 2018-06-09T13:35:40,132Z [main] internal.Node.logStartupInfo - Working Directory: D:\ubuntu\Turnover-Box-Chain\build\nodes\Notary {}
[INFO ] 2018-06-09T13:35:40,135Z [main] internal.Node.logStartupInfo - Debug port: dt_socket:5007 {}
[INFO ] 2018-06-09T13:35:40,135Z [main] internal.Node.logStartupInfo - Starting as node on localhost:10002 {}
[INFO ] 2018-06-09T13:35:41,236Z [main] cordapp.CordappLoader.<init> - Loading CorDapps from file:/D:/ubuntu/Turnover-Box-Chain/build/nodes/Notary/cordapps/corda-finance-3.1-corda.jar, file:/D:/ubuntu/Turnover-Box-Chain/build/nodes/Notary/cordapps/cordapp-0.1.jar, file:/D:/ubuntu/Turnover-Box-Chain/build/nodes/Notary/cordapps/cordapp-contracts-states-0.1.jar, file:/D:/ubuntu/Turnover-Box-Chain/build/nodes/Notary/cordapps/Turnover-Box-Chain-0.1.jar {}
[INFO ] 2018-06-09T13:35:42,359Z [main] cordapp.CordappLoader.scanCordapp - Scanning CorDapp in file:/D:/ubuntu/Turnover-Box-Chain/build/nodes/Notary/cordapps/corda-finance-3.1-corda.jar {}
[INFO ] 2018-06-09T13:35:43,934Z [main] cordapp.CordappLoader.scanCordapp - Scanning CorDapp in file:/D:/ubuntu/Turnover-Box-Chain/build/nodes/Notary/cordapps/cordapp-0.1.jar {}
[INFO ] 2018-06-09T13:35:44,197Z [main] cordapp.CordappLoader.scanCordapp - Scanning CorDapp in file:/D:/ubuntu/Turnover-Box-Chain/build/nodes/Notary/cordapps/cordapp-contracts-states-0.1.jar {}
[INFO ] 2018-06-09T13:35:44,964Z [main] cordapp.CordappLoader.scanCordapp - Scanning CorDapp in file:/D:/ubuntu/Turnover-Box-Chain/build/nodes/Notary/cordapps/Turnover-Box-Chain-0.1.jar {}
[INFO ] 2018-06-09T13:35:50,186Z [main] internal.Node.start - Node starting up ... {}
[WARN ] 2018-06-09T13:35:50,186Z [main] internal.Node.initCertificate - Corda node is running in dev mode. {}
[INFO ] 2018-06-09T13:35:57,546Z [main] internal.NetworkParametersReader.retrieveNetworkParameters - Loaded network parameters: NetworkParameters(minimumPlatformVersion=1, notaries=[NotaryInfo(identity=O=Notary, L=London, C=GB, validating=true)], maxMessageSize=10485760, maxTransactionSize=2147483647, modifiedTime=2018-06-09T13:32:35.843Z, epoch=1, whitelistedContractImplementations={com.template.TemplateContract=[6BFC6AC951566BEED1E068F3460C1C34797DF47FA171E11888C9A038C4CEBBB4], net.corda.finance.contracts.CommercialPaper=[C202A69645F118009BDFA246DF5AF23E90900D25AFE2666DA3A007E4F7E3305C], net.corda.finance.contracts.JavaCommercialPaper=[C202A69645F118009BDFA246DF5AF23E90900D25AFE2666DA3A007E4F7E3305C], net.corda.finance.contracts.asset.Cash=[C202A69645F118009BDFA246DF5AF23E90900D25AFE2666DA3A007E4F7E3305C], net.corda.finance.contracts.asset.CommodityContract=[C202A69645F118009BDFA246DF5AF23E90900D25AFE2666DA3A007E4F7E3305C], net.corda.finance.contracts.asset.Obligation=[C202A69645F118009BDFA246DF5AF23E90900D25AFE2666DA3A007E4F7E3305C]}) {}
[INFO ] 2018-06-09T13:35:59,073Z [main] BasicInfo.printBasicNodeInfo - Database connection url is              : jdbc:h2:tcp://134.61.144.64:50732/node {}
[INFO ] 2018-06-09T13:35:59,556Z [main] hikari.HikariDataSource.<init> - HikariPool-1 - Started. {}
[INFO ] 2018-06-09T13:36:01,154Z [main] internal.Node.invoke - Connected to H2 database. {}
[INFO ] 2018-06-09T13:36:01,578Z [main] persistence.HibernateConfiguration.<init> - Init HibernateConfiguration for schemas: [CommonSchemaV1(name=net.corda.core.schemas.CommonSchema, version=1), VaultSchemaV1(name=net.corda.node.services.vault.VaultSchema, version=1), NodeInfoSchemaV1(name=net.corda.node.internal.schemas.NodeInfoSchema, version=1), NodeCoreV1(name=net.corda.node.services.schema.NodeSchemaService$NodeCore, version=1), NodeNotaryV1(name=net.corda.node.services.schema.NodeSchemaService$NodeNotary, version=1), CashSchemaV1(name=net.corda.finance.schemas.CashSchema, version=1), CommercialPaperSchemaV1(name=net.corda.finance.schemas.CommercialPaperSchema, version=1)] {}
[INFO ] 2018-06-09T13:36:01,586Z [main] persistence.HibernateConfiguration.makeSessionFactoryForSchemas - Creating session factory for schemas: [CommonSchemaV1(name=net.corda.core.schemas.CommonSchema, version=1), VaultSchemaV1(name=net.corda.node.services.vault.VaultSchema, version=1), NodeInfoSchemaV1(name=net.corda.node.internal.schemas.NodeInfoSchema, version=1), NodeCoreV1(name=net.corda.node.services.schema.NodeSchemaService$NodeCore, version=1), NodeNotaryV1(name=net.corda.node.services.schema.NodeSchemaService$NodeNotary, version=1), CashSchemaV1(name=net.corda.finance.schemas.CashSchema, version=1), CommercialPaperSchemaV1(name=net.corda.finance.schemas.CommercialPaperSchema, version=1)] {}
[INFO ] 2018-06-09T13:36:02,418Z [main] hibernate.Version.logVersion - HHH000412: Hibernate Core {5.2.6.Final} {}
[INFO ] 2018-06-09T13:36:02,421Z [main] cfg.Environment.<clinit> - HHH000206: hibernate.properties not found {}
[INFO ] 2018-06-09T13:36:02,717Z [main] common.Version.<clinit> - HCANN000001: Hibernate Commons Annotations {5.0.1.Final} {}
[INFO ] 2018-06-09T13:36:03,211Z [main] internal.ConnectionProviderInitiator.initiateService - HHH000130: Instantiating explicit connection provider: net.corda.nodeapi.internal.persistence.HibernateConfiguration$NodeDatabaseConnectionProvider {}
[INFO ] 2018-06-09T13:36:03,279Z [main] dialect.Dialect.<init> - HHH000400: Using dialect: org.hibernate.dialect.H2Dialect {}
[INFO ] 2018-06-09T13:36:03,686Z [main] type.BasicTypeRegistry.register - HHH000270: Type registration [materialized_blob] overrides previous : org.hibernate.type.MaterializedBlobType@7d685f4e {}
[INFO ] 2018-06-09T13:36:10,985Z [main] connections.access.getIsolatedConnection - HHH10001501: Connection obtained from JdbcConnectionAccess [org.hibernate.engine.jdbc.env.internal.JdbcEnvironmentInitiator$ConnectionProviderJdbcConnectionAccess@5020e5ab] for (non-JTA) DDL execution was not in auto-commit mode; the Connection 'local transaction' will be committed and the Connection will be set into auto-commit mode. {}
[INFO ] 2018-06-09T13:36:11,545Z [main] persistence.HibernateConfiguration.makeSessionFactoryForSchemas - Created session factory for schemas: [CommonSchemaV1(name=net.corda.core.schemas.CommonSchema, version=1), VaultSchemaV1(name=net.corda.node.services.vault.VaultSchema, version=1), NodeInfoSchemaV1(name=net.corda.node.internal.schemas.NodeInfoSchema, version=1), NodeCoreV1(name=net.corda.node.services.schema.NodeSchemaService$NodeCore, version=1), NodeNotaryV1(name=net.corda.node.services.schema.NodeSchemaService$NodeNotary, version=1), CashSchemaV1(name=net.corda.finance.schemas.CashSchema, version=1), CommercialPaperSchemaV1(name=net.corda.finance.schemas.CommercialPaperSchema, version=1)] {}
[INFO ] 2018-06-09T13:36:12,332Z [main] internal.QueryTranslatorFactoryInitiator.initiateService - HHH000397: Using ASTQueryTranslatorFactory {}
[INFO ] 2018-06-09T13:36:17,221Z [main] internal.Node.tryDetectIfNotPublicHost - Detected public IP: 134.61.144.64. This will be used instead of the provided "localhost" as the advertised address. {}
[INFO ] 2018-06-09T13:36:17,299Z [main] internal.Node.updateNodeInfo - Node-info has changed so submitting update. Old node-info was null {}
[INFO ] 2018-06-09T13:36:17,300Z [main] network.PersistentNetworkMapCache.addNode - Adding node with info: NodeInfo(addresses=[134.61.144.64:10002], legalIdentitiesAndCerts=[O=Notary, L=London, C=GB], platformVersion=3, serial=1528551377300) {}
[INFO ] 2018-06-09T13:36:17,591Z [main] network.PersistentNetworkMapCache.addNode - No previous node found {}
[INFO ] 2018-06-09T13:36:19,273Z [main] network.PersistentNetworkMapCache.addNode - Done adding node with info: NodeInfo(addresses=[134.61.144.64:10002], legalIdentitiesAndCerts=[O=Notary, L=London, C=GB], platformVersion=3, serial=1528551377300) {}
[INFO ] 2018-06-09T13:36:19,273Z [main] internal.Node.updateNodeInfo - New node-info: NodeInfo(addresses=[134.61.144.64:10002], legalIdentitiesAndCerts=[O=Notary, L=London, C=GB], platformVersion=3, serial=1528551377300) {}
[INFO ] 2018-06-09T13:36:23,677Z [main] persistence.NodeAttachmentService.invoke - Stored new attachment C202A69645F118009BDFA246DF5AF23E90900D25AFE2666DA3A007E4F7E3305C {}
[INFO ] 2018-06-09T13:36:25,231Z [main] persistence.NodeAttachmentService.invoke - Stored new attachment 6BFC6AC951566BEED1E068F3460C1C34797DF47FA171E11888C9A038C4CEBBB4 {}
[INFO ] 2018-06-09T13:36:26,621Z [main] security.RPCSecurityManagerImpl.buildImpl - Constructing realm from list of users in config [] {}
[INFO ] 2018-06-09T13:36:27,338Z [main] BasicInfo.printBasicNodeInfo - Advertised P2P messaging addresses      : 134.61.144.64:10002 {}
[INFO ] 2018-06-09T13:36:28,307Z [main] internal.Node.makeNotaryService - Running core notary: net.corda.node.services.transactions.ValidatingNotaryService {}
[INFO ] 2018-06-09T13:36:35,448Z [main] messaging.ArtemisMessagingServer.configureAndStartServer - P2P messaging server listening on port 10002 {}
[INFO ] 2018-06-09T13:36:35,471Z [main] internal.ArtemisMessagingClient.start - Connecting to message broker: localhost:10002 {}
[INFO ] 2018-06-09T13:36:40,133Z [main] internal.ArtemisMessagingClient.start - Connecting to message broker: localhost:10002 {}
[INFO ] 2018-06-09T13:36:41,361Z [main] messaging.P2PMessagingClient.start - Connecting to message broker: localhost:10002 {}
[INFO ] 2018-06-09T13:36:41,640Z [main] messaging.P2PMessagingClient.createQueueIfAbsent - Create fresh queue p2p.inbound.DL3X3WtVQFLiWrLH1GkxHQhJfbVmWa5Tz7iZssWVHQokb9 bound on same address {}
[INFO ] 2018-06-09T13:36:42,585Z [Thread-0 (ActiveMQ-client-global-threads)] bridging.BridgeControlListener.processControlMessage - Received bridge control message NodeToBridgeSnapshot(nodeIdentity=DL3X3WtVQFLiWrLH1GkxHQhJfbVmWa5Tz7iZssWVHQokb9, inboxQueues=[p2p.inbound.DL3X3WtVQFLiWrLH1GkxHQhJfbVmWa5Tz7iZssWVHQokb9], sendQueues=[]) {}
[INFO ] 2018-06-09T13:36:43,283Z [main] internal.Node.installCordaService - Installed net.corda.finance.flows.ConfigHolder Corda service {}
[INFO ] 2018-06-09T13:36:43,508Z [main] internal.Node.registerInitiatedFlowInternal - Registered com.template.TemplateFlow$Initiator to initiate com.template.TemplateFlow$Responder (version 1) {}
[INFO ] 2018-06-09T13:36:47,658Z [main] plugin.PluginManager.getPlugins - Loaded plugin Plugin[type=SSHPlugin,interface=SSHPlugin] {}
[INFO ] 2018-06-09T13:36:47,663Z [main] plugin.PluginManager.getPlugins - Loaded plugin Plugin[type=SSHInlinePlugin,interface=CommandPlugin] {}
[INFO ] 2018-06-09T13:36:47,668Z [main] plugin.PluginManager.getPlugins - Loaded plugin Plugin[type=KeyAuthenticationPlugin,interface=KeyAuthenticationPlugin] {}
[INFO ] 2018-06-09T13:36:47,674Z [main] plugin.PluginManager.getPlugins - Loaded plugin Plugin[type=CRaSHShellFactory,interface=ShellFactory] {}
[INFO ] 2018-06-09T13:36:47,678Z [main] plugin.PluginManager.getPlugins - Loaded plugin Plugin[type=GroovyLanguageProxy,interface=Language] {}
[INFO ] 2018-06-09T13:36:47,763Z [main] plugin.PluginManager.getPlugins - Loaded plugin Plugin[type=JavaLanguage,interface=Language] {}
[INFO ] 2018-06-09T13:36:47,764Z [main] plugin.PluginManager.getPlugins - Loaded plugin Plugin[type=ScriptLanguage,interface=Language] {}
[INFO ] 2018-06-09T13:36:47,767Z [main] plugin.PluginManager.getPlugins - Loaded plugin Plugin[type=JaasAuthenticationPlugin,interface=AuthenticationPlugin] {}
[INFO ] 2018-06-09T13:36:47,769Z [main] plugin.PluginManager.getPlugins - Loaded plugin Plugin[type=SimpleAuthenticationPlugin,interface=AuthenticationPlugin] {}
[INFO ] 2018-06-09T13:36:47,806Z [main] ssh.SSHPlugin.init - Could not boot SSHD due to missing due to missing port configuration {}
[INFO ] 2018-06-09T13:36:47,807Z [main] plugin.PluginManager.getPlugins - Initialized plugin Plugin[type=SSHPlugin,interface=SSHPlugin] {}
[INFO ] 2018-06-09T13:36:47,808Z [main] plugin.PluginManager.getPlugins - Initialized plugin Plugin[type=SSHInlinePlugin,interface=CommandPlugin] {}
[INFO ] 2018-06-09T13:36:47,809Z [main] plugin.PluginManager.getPlugins - Initialized plugin Plugin[type=KeyAuthenticationPlugin,interface=KeyAuthenticationPlugin] {}
[INFO ] 2018-06-09T13:36:47,939Z [main] plugin.PluginManager.getPlugins - Initialized plugin Plugin[type=GroovyLanguageProxy,interface=Language] {}
[INFO ] 2018-06-09T13:36:47,941Z [main] plugin.PluginManager.getPlugins - Initialized plugin Plugin[type=ScriptLanguage,interface=Language] {}
[INFO ] 2018-06-09T13:36:47,983Z [main] plugin.PluginManager.getPlugins - Initialized plugin Plugin[type=CRaSHShellFactory,interface=ShellFactory] {}
[INFO ] 2018-06-09T13:36:47,983Z [main] plugin.PluginManager.getPlugins - Initialized plugin Plugin[type=JaasAuthenticationPlugin,interface=AuthenticationPlugin] {}
[INFO ] 2018-06-09T13:36:47,984Z [main] plugin.PluginManager.getPlugins - Initialized plugin Plugin[type=SimpleAuthenticationPlugin,interface=AuthenticationPlugin] {}
[INFO ] 2018-06-09T13:36:47,984Z [main] plugin.PluginManager.getPlugins - Initialized plugin Plugin[type=CordaAuthenticationPlugin,interface=AuthenticationPlugin] {}
[WARN ] 2018-06-09T13:36:53,798Z [main] utilities.AppendOnlyPersistentMapBase.set - Double insert in net.corda.node.utilities.AppendOnlyPersistentMap for entity class class net.corda.node.services.identity.PersistentIdentityService$PersistentIdentity key 2569A4669AA0F61BD34F8E9D9AA00D68581BCD15C440FB675190418DDD4543E8, not inserting the second time {}
[INFO ] 2018-06-09T13:36:53,816Z [main] messaging.P2PMessagingClient.updateBridgesOnNetworkChange - Updating bridges on network map change: NodeInfo(addresses=[134.61.144.64:10002], legalIdentitiesAndCerts=[O=Notary, L=London, C=GB], platformVersion=3, serial=1528551377300) {}
[INFO ] 2018-06-09T13:36:54,402Z [main] BasicInfo.printBasicNodeInfo - Loaded CorDapps                         : corda-finance-3.1-corda, cordapp-0.1, cordapp-contracts-states-0.1, Turnover-Box-Chain-0.1, corda-core-3.1-corda {}
[INFO ] 2018-06-09T13:36:54,600Z [main] BasicInfo.printBasicNodeInfo - Node for "Notary" started up and registered in 95.36 sec {}
[INFO ] 2018-06-09T13:37:00,534Z [RxIoScheduler-2] network.PersistentNetworkMapCache.addNode - Adding node with info: NodeInfo(addresses=[134.61.144.64:10008], legalIdentitiesAndCerts=[O=Supplier, L=Dusserdorf, C=DE], platformVersion=3, serial=1528550877053) {}
[INFO ] 2018-06-09T13:37:00,541Z [RxIoScheduler-2] network.PersistentNetworkMapCache.addNode - No previous node found {}
[INFO ] 2018-06-09T13:37:00,643Z [RxIoScheduler-2] messaging.P2PMessagingClient.updateBridgesOnNetworkChange - Updating bridges on network map change: NodeInfo(addresses=[134.61.144.64:10008], legalIdentitiesAndCerts=[O=Supplier, L=Dusserdorf, C=DE], platformVersion=3, serial=1528550877053) {}
[INFO ] 2018-06-09T13:37:00,671Z [RxIoScheduler-2] network.PersistentNetworkMapCache.addNode - Done adding node with info: NodeInfo(addresses=[134.61.144.64:10008], legalIdentitiesAndCerts=[O=Supplier, L=Dusserdorf, C=DE], platformVersion=3, serial=1528550877053) {}
[INFO ] 2018-06-09T13:37:00,683Z [RxIoScheduler-2] network.PersistentNetworkMapCache.addNode - Adding node with info: NodeInfo(addresses=[134.61.144.64:10011], legalIdentitiesAndCerts=[O=Distributor, L=Dusserdorf, C=DE], platformVersion=3, serial=1528550876934) {}
[INFO ] 2018-06-09T13:37:00,688Z [RxIoScheduler-2] network.PersistentNetworkMapCache.addNode - No previous node found {}
[INFO ] 2018-06-09T13:37:00,968Z [RxIoScheduler-2] messaging.P2PMessagingClient.updateBridgesOnNetworkChange - Updating bridges on network map change: NodeInfo(addresses=[134.61.144.64:10011], legalIdentitiesAndCerts=[O=Distributor, L=Dusserdorf, C=DE], platformVersion=3, serial=1528550876934) {}
[INFO ] 2018-06-09T13:37:01,000Z [RxIoScheduler-2] network.PersistentNetworkMapCache.addNode - Done adding node with info: NodeInfo(addresses=[134.61.144.64:10011], legalIdentitiesAndCerts=[O=Distributor, L=Dusserdorf, C=DE], platformVersion=3, serial=1528550876934) {}
[INFO ] 2018-06-09T13:37:01,059Z [RxIoScheduler-2] network.PersistentNetworkMapCache.addNode - Adding node with info: NodeInfo(addresses=[134.61.144.64:10002], legalIdentitiesAndCerts=[O=Notary, L=London, C=GB], platformVersion=3, serial=1528550872948) {}
[INFO ] 2018-06-09T13:37:01,170Z [RxIoScheduler-2] network.PersistentNetworkMapCache.addNode - Discarding older nodeInfo for O=Notary, L=London, C=GB {}
[INFO ] 2018-06-09T13:37:01,171Z [RxIoScheduler-2] network.PersistentNetworkMapCache.addNode - Adding node with info: NodeInfo(addresses=[134.61.144.64:10005], legalIdentitiesAndCerts=[O=Operator, L=Cologne, C=DE], platformVersion=3, serial=1528550874827) {}
[INFO ] 2018-06-09T13:37:01,175Z [RxIoScheduler-2] network.PersistentNetworkMapCache.addNode - No previous node found {}
[INFO ] 2018-06-09T13:37:01,312Z [RxIoScheduler-2] messaging.P2PMessagingClient.updateBridgesOnNetworkChange - Updating bridges on network map change: NodeInfo(addresses=[134.61.144.64:10005], legalIdentitiesAndCerts=[O=Operator, L=Cologne, C=DE], platformVersion=3, serial=1528550874827) {}
[INFO ] 2018-06-09T13:37:01,321Z [RxIoScheduler-2] network.PersistentNetworkMapCache.addNode - Done adding node with info: NodeInfo(addresses=[134.61.144.64:10005], legalIdentitiesAndCerts=[O=Operator, L=Cologne, C=DE], platformVersion=3, serial=1528550874827) {}
