[INFO ] 2018-07-14T19:57:52,935Z [main] webserver.CmdLineOptions.loadConfig - Config:
{
    # hardcoded value
    "baseDirectory" : "D:\\ubuntu\\Turnover-Box-Chain\\build\\nodes\\Operator",
    # web-reference.conf @ jar:file:/C:/Users/Xiaoli%20Yang/AppData/Local/capsule/apps/net.corda.webserver.WebServer_3.1-corda/corda-webserver-impl-3.1-corda.jar!/web-reference.conf: 2
    "keyStorePassword" : "cordacadevpass",
    # D:\ubuntu\Turnover-Box-Chain\build\nodes\Operator\node.conf: 1
    "myLegalName" : "O=Operator,L=Cologne,C=DE",
    # D:\ubuntu\Turnover-Box-Chain\build\nodes\Operator\node.conf: 2
    "p2pAddress" : "localhost:10005",
    # D:\ubuntu\Turnover-Box-Chain\build\nodes\Operator\node.conf: 3
    "rpcSettings" : {
        # D:\ubuntu\Turnover-Box-Chain\build\nodes\Operator\node.conf: 4
        "address" : "localhost:10006",
        # D:\ubuntu\Turnover-Box-Chain\build\nodes\Operator\node.conf: 5
        "adminAddress" : "localhost:10046"
    },
    # D:\ubuntu\Turnover-Box-Chain\build\nodes\Operator\node.conf: 7
    "rpcUsers" : [
        # D:\ubuntu\Turnover-Box-Chain\build\nodes\Operator\node.conf: 8
        {
            # D:\ubuntu\Turnover-Box-Chain\build\nodes\Operator\node.conf: 9
            "password" : "test",
            # D:\ubuntu\Turnover-Box-Chain\build\nodes\Operator\node.conf: 10
            "permissions" : [
                # D:\ubuntu\Turnover-Box-Chain\build\nodes\Operator\node.conf: 11
                "ALL"
            ],
            # D:\ubuntu\Turnover-Box-Chain\build\nodes\Operator\node.conf: 13
            "user" : "user1"
        }
    ],
    # web-reference.conf @ jar:file:/C:/Users/Xiaoli%20Yang/AppData/Local/capsule/apps/net.corda.webserver.WebServer_3.1-corda/corda-webserver-impl-3.1-corda.jar!/web-reference.conf: 3
    "trustStorePassword" : "trustpass",
    # web-reference.conf @ jar:file:/C:/Users/Xiaoli%20Yang/AppData/Local/capsule/apps/net.corda.webserver.WebServer_3.1-corda/corda-webserver-impl-3.1-corda.jar!/web-reference.conf: 1
    "useHTTPS" : false,
    # D:\ubuntu\Turnover-Box-Chain\build\nodes\Operator\node.conf: 16
    "webAddress" : "localhost:10007"
}
 {}
[INFO ] 2018-07-14T19:57:53,032Z [main] Main.main - Main class: /C:/Users/Xiaoli Yang/AppData/Local/capsule/apps/net.corda.webserver.WebServer_3.1-corda/corda-webserver-impl-3.1-corda.jar {}
[INFO ] 2018-07-14T19:57:53,212Z [main] Main.main - CommandLine Args: -Xmx200m -XX:+UseG1GC -agentlib:jdwp=transport=dt_socket,server=y,suspend=n,address=5009 -javaagent:drivers/jolokia-jvm-1.3.7-agent.jar=port=7009,logHandlerClass=net.corda.webserver.JolokiaSlf4Adapter -javaagent:D:\ubuntu\Turnover-Box-Chain\build\nodes\Operator\corda-webserver.jar -javaagent:C:\Users\Xiaoli Yang\AppData\Local\capsule\apps\net.corda.webserver.WebServer_3.1-corda\quasar-core-0.7.9-jdk8.jar -Dcapsule.address=0.0.0.0 -Dvisualvm.display.name=Corda -Djava.library.path=C:\Program Files\Java\jre1.8.0_172\bin;C:\WINDOWS\Sun\Java\bin;C:\WINDOWS\system32;C:\WINDOWS;C:\Program Files (x86)\Common Files\Oracle\Java\javapath;C:\ProgramData\Oracle\Java\javapath;C:\Program Files (x86)\Intel\iCLS Client;C:\Program Files\Intel\iCLS Client;C:\WINDOWS\system32;C:\WINDOWS;C:\WINDOWS\System32\Wbem;C:\WINDOWS\System32\WindowsPowerShell\v1.0;C:\Program Files (x86)\Intel\Intel(R) Management Engine Components\DAL;C:\Program Files\Intel\Intel(R) Management Engine Components\DAL;C:\Program Files (x86)\Intel\Intel(R) Management Engine Components\IPT;C:\Program Files\Intel\Intel(R) Management Engine Components\IPT;C:\Program Files\Microsoft SQL Server\130\Tools\Binn;C:\Program Files\MiKTeX 2.9\miktex\bin\x64;C:\Program Files (x86)\Java\jre1.8.0_141\lib;C:\Program Files\nodejs;C:\Program Files\MATLAB\R2017b\runtime\win64;C:\Program Files\MATLAB\R2017b\bin;C:\Program Files (x86)\GtkSharp\2.12\bin;C:\Program Files (x86)\Brackets\command;C:\Program Files\Git\cmd;C:\Program Files\Gradle\gradle-4.7\bin;C:\Go\bin;C:\WINDOWS\System32\OpenSSH;C:\Users\Xiaoli Yang\AppData\Local\Programs\Python\Python35\Scripts;C:\Users\Xiaoli Yang\AppData\Local\Programs\Python\Python35;C:\Users\Xiaoli Yang\AppData\Local\Microsoft\WindowsApps;C:\Program Files (x86)\Microsoft VS Code\bin;C:\Users\Xiaoli Yang\AppData\Roaming\npm;%GOPATH%\bin;C:\Users\Xiaoli Yang\AppData\Local\capsule\apps\net.corda.webserver.WebServer_3.1-corda -Dcapsule.log=1 -Dcapsule.app=net.corda.webserver.WebServer_3.1-corda -Dcapsule.port=49205 -Dname=Operator-corda-webserver.jar -Dcapsule.jvm.args=-agentlib:jdwp=transport=dt_socket,server=y,suspend=n,address=5009 -javaagent:drivers/jolokia-jvm-1.3.7-agent.jar=port=7009,logHandlerClass=net.corda.webserver.JolokiaSlf4Adapter -DWebserver -Dcapsule.dir=C:\Users\Xiaoli Yang\AppData\Local\capsule\apps\net.corda.webserver.WebServer_3.1-corda -Dcapsule.jar=D:\ubuntu\Turnover-Box-Chain\build\nodes\Operator\corda-webserver.jar {}
[INFO ] 2018-07-14T19:57:53,805Z [main] Main.main - Application Args:  {}
[INFO ] 2018-07-14T19:57:53,805Z [main] Main.main - bootclasspath: C:\Program Files\Java\jre1.8.0_172\lib\resources.jar;C:\Program Files\Java\jre1.8.0_172\lib\rt.jar;C:\Program Files\Java\jre1.8.0_172\lib\sunrsasign.jar;C:\Program Files\Java\jre1.8.0_172\lib\jsse.jar;C:\Program Files\Java\jre1.8.0_172\lib\jce.jar;C:\Program Files\Java\jre1.8.0_172\lib\charsets.jar;C:\Program Files\Java\jre1.8.0_172\lib\jfr.jar;C:\Program Files\Java\jre1.8.0_172\classes {}
[INFO ] 2018-07-14T19:57:53,805Z [main] Main.main - classpath: D:\ubuntu\Turnover-Box-Chain\build\nodes\Operator\corda-webserver.jar;C:\Users\Xiaoli Yang\AppData\Local\capsule\apps\net.corda.webserver.WebServer_3.1-corda\corda-rpc-3.1-corda.jar;C:\Users\Xiaoli Yang\AppData\Local\capsule\apps\net.corda.webserver.WebServer_3.1-corda\corda-jackson-3.1-corda.jar;C:\Users\Xiaoli Yang\AppData\Local\capsule\apps\net.corda.webserver.WebServer_3.1-corda\corda-node-api-3.1-corda.jar;C:\Users\Xiaoli Yang\AppData\Local\capsule\apps\net.corda.webserver.WebServer_3.1-corda\corda-core-3.1-corda.jar;C:\Users\Xiaoli Yang\AppData\Local\capsule\apps\net.corda.webserver.WebServer_3.1-corda\jetty-webapp-9.4.7.v20170914.jar;C:\Users\Xiaoli Yang\AppData\Local\capsule\apps\net.corda.webserver.WebServer_3.1-corda\jetty-servlet-9.4.7.v20170914.jar;C:\Users\Xiaoli Yang\AppData\Local\capsule\apps\net.corda.webserver.WebServer_3.1-corda\jersey-container-jetty-http-2.25.jar;C:\Users\Xiaoli Yang\AppData\Local\capsule\apps\net.corda.webserver.WebServer_3.1-corda\jetty-security-9.4.7.v20170914.jar;C:\Users\Xiaoli Yang\AppData\Local\capsule\apps\net.corda.webserver.WebServer_3.1-corda\jetty-server-9.4.7.v20170914.jar;C:\Users\Xiaoli Yang\AppData\Local\capsule\apps\net.corda.webserver.WebServer_3.1-corda\javax.servlet-api-3.1.0.jar;C:\Users\Xiaoli Yang\AppData\Local\capsule\apps\net.corda.webserver.WebServer_3.1-corda\commons-fileupload-1.3.3.jar;C:\Users\Xiaoli Yang\AppData\Local\capsule\apps\net.corda.webserver.WebServer_3.1-corda\log4j-slf4j-impl-2.9.1.jar;C:\Users\Xiaoli Yang\AppData\Local\capsule\apps\net.corda.webserver.WebServer_3.1-corda\log4j-core-2.9.1.jar;C:\Users\Xiaoli Yang\AppData\Local\capsule\apps\net.corda.webserver.WebServer_3.1-corda\jopt-simple-5.0.2.jar;C:\Users\Xiaoli Yang\AppData\Local\capsule\apps\net.corda.webserver.WebServer_3.1-corda\jetty-continuation-9.4.7.v20170914.jar;C:\Users\Xiaoli Yang\AppData\Local\capsule\apps\net.corda.webserver.WebServer_3.1-corda\jersey-container-servlet-core-2.25.jar;C:\Users\Xiaoli Yang\AppData\Local\capsule\apps\net.corda.webserver.WebServer_3.1-corda\jersey-server-2.25.jar;C:\Users\Xiaoli Yang\AppData\Local\capsule\apps\net.corda.webserver.WebServer_3.1-corda\jersey-media-json-jackson-2.25.jar;C:\Users\Xiaoli Yang\AppData\Local\capsule\apps\net.corda.webserver.WebServer_3.1-corda\kotlinx-html-jvm-0.6.3.jar;C:\Users\Xiaoli Yang\AppData\Local\capsule\apps\net.corda.webserver.WebServer_3.1-corda\kotlin-stdlib-jre8-1.1.60.jar;C:\Users\Xiaoli Yang\AppData\Local\capsule\apps\net.corda.webserver.WebServer_3.1-corda\jackson-module-kotlin-2.9.2.jar;C:\Users\Xiaoli Yang\AppData\Local\capsule\apps\net.corda.webserver.WebServer_3.1-corda\kotlin-reflect-1.1.60.jar;C:\Users\Xiaoli Yang\AppData\Local\capsule\apps\net.corda.webserver.WebServer_3.1-corda\cordform-common-3.1.0.jar;C:\Users\Xiaoli Yang\AppData\Local\capsule\apps\net.corda.webserver.WebServer_3.1-corda\jsr305-3.0.2.jar;C:\Users\Xiaoli Yang\AppData\Local\capsule\apps\net.corda.webserver.WebServer_3.1-corda\jcl-over-slf4j-1.7.25.jar;C:\Users\Xiaoli Yang\AppData\Local\capsule\apps\net.corda.webserver.WebServer_3.1-corda\slf4j-api-1.7.25.jar;C:\Users\Xiaoli Yang\AppData\Local\capsule\apps\net.corda.webserver.WebServer_3.1-corda\rxjava-1.2.4.jar;C:\Users\Xiaoli Yang\AppData\Local\capsule\apps\net.corda.webserver.WebServer_3.1-corda\commons-jexl3-3.0.jar;C:\Users\Xiaoli Yang\AppData\Local\capsule\apps\net.corda.webserver.WebServer_3.1-corda\jackson-datatype-jsr310-2.9.2.jar;C:\Users\Xiaoli Yang\AppData\Local\capsule\apps\net.corda.webserver.WebServer_3.1-corda\jackson-jaxrs-json-provider-2.8.4.jar;C:\Users\Xiaoli Yang\AppData\Local\capsule\apps\net.corda.webserver.WebServer_3.1-corda\jackson-jaxrs-base-2.8.4.jar;C:\Users\Xiaoli Yang\AppData\Local\capsule\apps\net.corda.webserver.WebServer_3.1-corda\jackson-module-jaxb-annotations-2.8.4.jar;C:\Users\Xiaoli Yang\AppData\Local\capsule\apps\net.corda.webserver.WebServer_3.1-corda\jackson-databind-2.9.2.jar;C:\Users\Xiaoli Yang\AppData\Local\capsule\apps\net.corda.webserver.WebServer_3.1-corda\eddsa-0.2.0.jar;C:\Users\Xiaoli Yang\AppData\Local\capsule\apps\net.corda.webserver.WebServer_3.1-corda\bcpkix-jdk15on-1.57.jar;C:\Users\Xiaoli Yang\AppData\Local\capsule\apps\net.corda.webserver.WebServer_3.1-corda\bcprov-jdk15on-1.57.jar;C:\Users\Xiaoli Yang\AppData\Local\capsule\apps\net.corda.webserver.WebServer_3.1-corda\hibernate-core-5.2.6.Final.jar;C:\Users\Xiaoli Yang\AppData\Local\capsule\apps\net.corda.webserver.WebServer_3.1-corda\hibernate-jpa-2.1-api-1.0.0.Final.jar;C:\Users\Xiaoli Yang\AppData\Local\capsule\apps\net.corda.webserver.WebServer_3.1-corda\quasar-core-0.7.9-jdk8.jar;C:\Users\Xiaoli Yang\AppData\Local\capsule\apps\net.corda.webserver.WebServer_3.1-corda\jackson-dataformat-yaml-2.9.2.jar;C:\Users\Xiaoli Yang\AppData\Local\capsule\apps\net.corda.webserver.WebServer_3.1-corda\artemis-core-client-2.2.0.jar;C:\Users\Xiaoli Yang\AppData\Local\capsule\apps\net.corda.webserver.WebServer_3.1-corda\artemis-commons-2.2.0.jar;C:\Users\Xiaoli Yang\AppData\Local\capsule\apps\net.corda.webserver.WebServer_3.1-corda\guava-21.0.jar;C:\Users\Xiaoli Yang\AppData\Local\capsule\apps\net.corda.webserver.WebServer_3.1-corda\jetty-xml-9.4.7.v20170914.jar;C:\Users\Xiaoli Yang\AppData\Local\capsule\apps\net.corda.webserver.WebServer_3.1-corda\jolokia-jsr160-1.3.7.jar;C:\Users\Xiaoli Yang\AppData\Local\capsule\apps\net.corda.webserver.WebServer_3.1-corda\jolokia-core-1.3.7.jar;C:\Users\Xiaoli Yang\AppData\Local\capsule\apps\net.corda.webserver.WebServer_3.1-corda\commons-io-2.2.jar;C:\Users\Xiaoli Yang\AppData\Local\capsule\apps\net.corda.webserver.WebServer_3.1-corda\log4j-api-2.9.1.jar;C:\Users\Xiaoli Yang\AppData\Local\capsule\apps\net.corda.webserver.WebServer_3.1-corda\jersey-client-2.25.jar;C:\Users\Xiaoli Yang\AppData\Local\capsule\apps\net.corda.webserver.WebServer_3.1-corda\jersey-media-jaxb-2.25.jar;C:\Users\Xiaoli Yang\AppData\Local\capsule\apps\net.corda.webserver.WebServer_3.1-corda\jersey-common-2.25.jar;C:\Users\Xiaoli Yang\AppData\Local\capsule\apps\net.corda.webserver.WebServer_3.1-corda\jersey-entity-filtering-2.25.jar;C:\Users\Xiaoli Yang\AppData\Local\capsule\apps\net.corda.webserver.WebServer_3.1-corda\javax.ws.rs-api-2.0.1.jar;C:\Users\Xiaoli Yang\AppData\Local\capsule\apps\net.corda.webserver.WebServer_3.1-corda\javax.annotation-api-1.2.jar;C:\Users\Xiaoli Yang\AppData\Local\capsule\apps\net.corda.webserver.WebServer_3.1-corda\hk2-locator-2.5.0-b30.jar;C:\Users\Xiaoli Yang\AppData\Local\capsule\apps\net.corda.webserver.WebServer_3.1-corda\hk2-api-2.5.0-b30.jar;C:\Users\Xiaoli Yang\AppData\Local\capsule\apps\net.corda.webserver.WebServer_3.1-corda\javax.inject-2.5.0-b30.jar;C:\Users\Xiaoli Yang\AppData\Local\capsule\apps\net.corda.webserver.WebServer_3.1-corda\validation-api-1.1.0.Final.jar;C:\Users\Xiaoli Yang\AppData\Local\capsule\apps\net.corda.webserver.WebServer_3.1-corda\jetty-http-9.4.7.v20170914.jar;C:\Users\Xiaoli Yang\AppData\Local\capsule\apps\net.corda.webserver.WebServer_3.1-corda\jetty-io-9.4.7.v20170914.jar;C:\Users\Xiaoli Yang\AppData\Local\capsule\apps\net.corda.webserver.WebServer_3.1-corda\jetty-util-9.4.7.v20170914.jar;C:\Users\Xiaoli Yang\AppData\Local\capsule\apps\net.corda.webserver.WebServer_3.1-corda\jackson-annotations-2.9.0.jar;C:\Users\Xiaoli Yang\AppData\Local\capsule\apps\net.corda.webserver.WebServer_3.1-corda\kotlin-stdlib-jre7-1.1.60.jar;C:\Users\Xiaoli Yang\AppData\Local\capsule\apps\net.corda.webserver.WebServer_3.1-corda\kotlin-stdlib-1.1.60.jar;C:\Users\Xiaoli Yang\AppData\Local\capsule\apps\net.corda.webserver.WebServer_3.1-corda\jackson-core-2.9.2.jar;C:\Users\Xiaoli Yang\AppData\Local\capsule\apps\net.corda.webserver.WebServer_3.1-corda\hibernate-commons-annotations-5.0.1.Final.jar;C:\Users\Xiaoli Yang\AppData\Local\capsule\apps\net.corda.webserver.WebServer_3.1-corda\jboss-logging-3.3.0.Final.jar;C:\Users\Xiaoli Yang\AppData\Local\capsule\apps\net.corda.webserver.WebServer_3.1-corda\javassist-3.20.0-GA.jar;C:\Users\Xiaoli Yang\AppData\Local\capsule\apps\net.corda.webserver.WebServer_3.1-corda\antlr-2.7.7.jar;C:\Users\Xiaoli Yang\AppData\Local\capsule\apps\net.corda.webserver.WebServer_3.1-corda\geronimo-jta_1.1_spec-1.1.1.jar;C:\Users\Xiaoli Yang\AppData\Local\capsule\apps\net.corda.webserver.WebServer_3.1-corda\jandex-2.0.3.Final.jar;C:\Users\Xiaoli Yang\AppData\Local\capsule\apps\net.corda.webserver.WebServer_3.1-corda\classmate-1.3.0.jar;C:\Users\Xiaoli Yang\AppData\Local\capsule\apps\net.corda.webserver.WebServer_3.1-corda\dom4j-1.6.1.jar;C:\Users\Xiaoli Yang\AppData\Local\capsule\apps\net.corda.webserver.WebServer_3.1-corda\cdi-api-1.1.jar;C:\Users\Xiaoli Yang\AppData\Local\capsule\apps\net.corda.webserver.WebServer_3.1-corda\commons-collections4-4.1.jar;C:\Users\Xiaoli Yang\AppData\Local\capsule\apps\net.corda.webserver.WebServer_3.1-corda\commons-beanutils-1.9.3.jar;C:\Users\Xiaoli Yang\AppData\Local\capsule\apps\net.corda.webserver.WebServer_3.1-corda\config-1.3.1.jar;C:\Users\Xiaoli Yang\AppData\Local\capsule\apps\net.corda.webserver.WebServer_3.1-corda\kryo-serializers-0.41.jar;C:\Users\Xiaoli Yang\AppData\Local\capsule\apps\net.corda.webserver.WebServer_3.1-corda\kryo-4.0.0.jar;C:\Users\Xiaoli Yang\AppData\Local\capsule\apps\net.corda.webserver.WebServer_3.1-corda\proton-j-0.21.0.jar;C:\Users\Xiaoli Yang\AppData\Local\capsule\apps\net.corda.webserver.WebServer_3.1-corda\fast-classpath-scanner-2.12.3.jar;C:\Users\Xiaoli Yang\AppData\Local\capsule\apps\net.corda.webserver.WebServer_3.1-corda\snakeyaml-1.18.jar;C:\Users\Xiaoli Yang\AppData\Local\capsule\apps\net.corda.webserver.WebServer_3.1-corda\json-simple-1.1.1.jar;C:\Users\Xiaoli Yang\AppData\Local\capsule\apps\net.corda.webserver.WebServer_3.1-corda\jersey-guava-2.25.jar;C:\Users\Xiaoli Yang\AppData\Local\capsule\apps\net.corda.webserver.WebServer_3.1-corda\osgi-resource-locator-1.0.1.jar;C:\Users\Xiaoli Yang\AppData\Local\capsule\apps\net.corda.webserver.WebServer_3.1-corda\hk2-utils-2.5.0-b30.jar;C:\Users\Xiaoli Yang\AppData\Local\capsule\apps\net.corda.webserver.WebServer_3.1-corda\aopalliance-repackaged-2.5.0-b30.jar;C:\Users\Xiaoli Yang\AppData\Local\capsule\apps\net.corda.webserver.WebServer_3.1-corda\el-api-2.2.jar;C:\Users\Xiaoli Yang\AppData\Local\capsule\apps\net.corda.webserver.WebServer_3.1-corda\jboss-interceptors-api_1.1_spec-1.0.0.Beta1.jar;C:\Users\Xiaoli Yang\AppData\Local\capsule\apps\net.corda.webserver.WebServer_3.1-corda\jsr250-api-1.0.jar;C:\Users\Xiaoli Yang\AppData\Local\capsule\apps\net.corda.webserver.WebServer_3.1-corda\javax.inject-1.jar;C:\Users\Xiaoli Yang\AppData\Local\capsule\apps\net.corda.webserver.WebServer_3.1-corda\commons-collections-3.2.2.jar;C:\Users\Xiaoli Yang\AppData\Local\capsule\apps\net.corda.webserver.WebServer_3.1-corda\jgroups-3.6.13.Final.jar;C:\Users\Xiaoli Yang\AppData\Local\capsule\apps\net.corda.webserver.WebServer_3.1-corda\netty-all-4.1.9.Final.jar;C:\Users\Xiaoli Yang\AppData\Local\capsule\apps\net.corda.webserver.WebServer_3.1-corda\geronimo-json_1.0_spec-1.0-alpha-1.jar;C:\Users\Xiaoli Yang\AppData\Local\capsule\apps\net.corda.webserver.WebServer_3.1-corda\johnzon-core-0.9.5.jar;C:\Users\Xiaoli Yang\AppData\Local\capsule\apps\net.corda.webserver.WebServer_3.1-corda\reflectasm-1.11.3.jar;C:\Users\Xiaoli Yang\AppData\Local\capsule\apps\net.corda.webserver.WebServer_3.1-corda\minlog-1.3.0.jar;C:\Users\Xiaoli Yang\AppData\Local\capsule\apps\net.corda.webserver.WebServer_3.1-corda\objenesis-2.2.jar;C:\Users\Xiaoli Yang\AppData\Local\capsule\apps\net.corda.webserver.WebServer_3.1-corda\asm-5.0.4.jar;C:\Users\Xiaoli Yang\AppData\Local\capsule\apps\net.corda.webserver.WebServer_3.1-corda\annotations-13.0.jar;C:\Users\Xiaoli Yang\AppData\Local\capsule\apps\net.corda.webserver.WebServer_3.1-corda\corda-webserver-impl-3.1-corda.jar;D:\ubuntu\Turnover-Box-Chain\build\nodes\Operator\cordapps\corda-finance-3.1-corda.jar;D:\ubuntu\Turnover-Box-Chain\build\nodes\Operator\cordapps\cordapp-0.1.jar;D:\ubuntu\Turnover-Box-Chain\build\nodes\Operator\cordapps\cordapp-contracts-states-0.1.jar;D:\ubuntu\Turnover-Box-Chain\build\nodes\Operator\cordapps\Turnover-Box-Chain-0.1.jar;drivers/jolokia-jvm-1.3.7-agent.jar;D:\ubuntu\Turnover-Box-Chain\build\nodes\Operator\corda-webserver.jar;C:\Users\Xiaoli Yang\AppData\Local\capsule\apps\net.corda.webserver.WebServer_3.1-corda\quasar-core-0.7.9-jdk8.jar {}
[INFO ] 2018-07-14T19:57:53,810Z [main] Main.main - VM Java HotSpot(TM) 64-Bit Server VM Oracle Corporation 25.172-b11 {}
[INFO ] 2018-07-14T19:57:53,811Z [main] Main.main - Machine: DESKTOP-BKO44JE {}
[INFO ] 2018-07-14T19:57:53,812Z [main] Main.main - Working Directory: D:\ubuntu\Turnover-Box-Chain\build\nodes\Operator {}
[INFO ] 2018-07-14T19:57:58,642Z [main] Main.main - Starting as webserver on localhost:10007 {}
[INFO ] 2018-07-14T19:57:58,853Z [main] BasicInfo.logAndMaybePrint - Starting as webserver: localhost:10007 {}
[WARN ] 2018-07-14T19:57:59,492Z [main] internal.config.defaultToOldPath - Config key user has been deprecated and will be removed in a future release. Use username instead {}
[INFO ] 2018-07-14T19:57:59,512Z [main] internal.NodeWebServer.connectLocalRpcAsNodeUser - Connecting to node at localhost:10006 as User(user1, permissions=[ALL]) {}
[INFO ] 2018-07-14T19:58:24,806Z [main] internal.RPCClient.logElapsedTime - Startup took 22129 msec {}
[WARN ] 2018-07-14T19:58:26,026Z [main] internal.config.defaultToOldPath - Config key user has been deprecated and will be removed in a future release. Use username instead {}
[INFO ] 2018-07-14T19:58:26,029Z [main] internal.NodeWebServer.connectLocalRpcAsNodeUser - Connecting to node at localhost:10006 as User(user1, permissions=[ALL]) {}
[INFO ] 2018-07-14T19:58:27,846Z [main] internal.RPCClient.logElapsedTime - Startup took 1814 msec {}
[WARN ] 2018-07-14T19:58:29,052Z [main] internal.config.defaultToOldPath - Config key user has been deprecated and will be removed in a future release. Use username instead {}
[INFO ] 2018-07-14T19:58:29,057Z [main] internal.NodeWebServer.connectLocalRpcAsNodeUser - Connecting to node at localhost:10006 as User(user1, permissions=[ALL]) {}
[INFO ] 2018-07-14T19:58:32,657Z [main] internal.RPCClient.logElapsedTime - Startup took 3599 msec {}
[WARN ] 2018-07-14T19:58:34,055Z [main] internal.config.defaultToOldPath - Config key user has been deprecated and will be removed in a future release. Use username instead {}
[INFO ] 2018-07-14T19:58:34,056Z [main] internal.NodeWebServer.connectLocalRpcAsNodeUser - Connecting to node at localhost:10006 as User(user1, permissions=[ALL]) {}
[INFO ] 2018-07-14T19:58:35,776Z [main] internal.RPCClient.logElapsedTime - Startup took 1718 msec {}
[WARN ] 2018-07-14T19:58:36,933Z [main] internal.config.defaultToOldPath - Config key user has been deprecated and will be removed in a future release. Use username instead {}
[INFO ] 2018-07-14T19:58:36,934Z [main] internal.NodeWebServer.connectLocalRpcAsNodeUser - Connecting to node at localhost:10006 as User(user1, permissions=[ALL]) {}
[INFO ] 2018-07-14T19:58:38,238Z [main] internal.RPCClient.logElapsedTime - Startup took 1302 msec {}
[WARN ] 2018-07-14T19:58:39,511Z [main] internal.config.defaultToOldPath - Config key user has been deprecated and will be removed in a future release. Use username instead {}
[INFO ] 2018-07-14T19:58:39,512Z [main] internal.NodeWebServer.connectLocalRpcAsNodeUser - Connecting to node at localhost:10006 as User(user1, permissions=[ALL]) {}
[INFO ] 2018-07-14T19:58:41,535Z [main] internal.RPCClient.logElapsedTime - Startup took 2023 msec {}
[WARN ] 2018-07-14T19:58:42,684Z [main] internal.config.defaultToOldPath - Config key user has been deprecated and will be removed in a future release. Use username instead {}
[INFO ] 2018-07-14T19:58:42,686Z [main] internal.NodeWebServer.connectLocalRpcAsNodeUser - Connecting to node at localhost:10006 as User(user1, permissions=[ALL]) {}
[INFO ] 2018-07-14T19:58:45,274Z [main] internal.RPCClient.logElapsedTime - Startup took 2585 msec {}
[WARN ] 2018-07-14T19:58:46,551Z [main] internal.config.defaultToOldPath - Config key user has been deprecated and will be removed in a future release. Use username instead {}
[INFO ] 2018-07-14T19:58:46,552Z [main] internal.NodeWebServer.connectLocalRpcAsNodeUser - Connecting to node at localhost:10006 as User(user1, permissions=[ALL]) {}
[INFO ] 2018-07-14T19:58:48,056Z [main] internal.RPCClient.logElapsedTime - Startup took 1502 msec {}
[WARN ] 2018-07-14T19:58:49,381Z [main] internal.config.defaultToOldPath - Config key user has been deprecated and will be removed in a future release. Use username instead {}
[INFO ] 2018-07-14T19:58:49,382Z [main] internal.NodeWebServer.connectLocalRpcAsNodeUser - Connecting to node at localhost:10006 as User(user1, permissions=[ALL]) {}
[INFO ] 2018-07-14T19:58:51,305Z [main] internal.RPCClient.logElapsedTime - Startup took 1921 msec {}
[WARN ] 2018-07-14T19:58:52,319Z [main] internal.config.defaultToOldPath - Config key user has been deprecated and will be removed in a future release. Use username instead {}
[INFO ] 2018-07-14T19:58:52,321Z [main] internal.NodeWebServer.connectLocalRpcAsNodeUser - Connecting to node at localhost:10006 as User(user1, permissions=[ALL]) {}
[INFO ] 2018-07-14T19:58:53,789Z [main] internal.RPCClient.logElapsedTime - Startup took 1468 msec {}
[WARN ] 2018-07-14T19:58:54,936Z [main] internal.config.defaultToOldPath - Config key user has been deprecated and will be removed in a future release. Use username instead {}
[INFO ] 2018-07-14T19:58:54,939Z [main] internal.NodeWebServer.connectLocalRpcAsNodeUser - Connecting to node at localhost:10006 as User(user1, permissions=[ALL]) {}
[INFO ] 2018-07-14T19:58:58,026Z [main] internal.RPCClient.logElapsedTime - Startup took 3086 msec {}
[WARN ] 2018-07-14T19:58:59,413Z [main] internal.config.defaultToOldPath - Config key user has been deprecated and will be removed in a future release. Use username instead {}
[INFO ] 2018-07-14T19:58:59,413Z [main] internal.NodeWebServer.connectLocalRpcAsNodeUser - Connecting to node at localhost:10006 as User(user1, permissions=[ALL]) {}
[INFO ] 2018-07-14T19:59:01,588Z [main] internal.RPCClient.logElapsedTime - Startup took 2174 msec {}
[WARN ] 2018-07-14T19:59:03,604Z [main] internal.config.defaultToOldPath - Config key user has been deprecated and will be removed in a future release. Use username instead {}
[INFO ] 2018-07-14T19:59:03,605Z [main] internal.NodeWebServer.connectLocalRpcAsNodeUser - Connecting to node at localhost:10006 as User(user1, permissions=[ALL]) {}
[INFO ] 2018-07-14T19:59:05,137Z [main] internal.RPCClient.logElapsedTime - Startup took 1531 msec {}
[WARN ] 2018-07-14T19:59:06,305Z [main] internal.config.defaultToOldPath - Config key user has been deprecated and will be removed in a future release. Use username instead {}
[INFO ] 2018-07-14T19:59:06,306Z [main] internal.NodeWebServer.connectLocalRpcAsNodeUser - Connecting to node at localhost:10006 as User(user1, permissions=[ALL]) {}
[INFO ] 2018-07-14T19:59:07,739Z [main] internal.RPCClient.logElapsedTime - Startup took 1431 msec {}
[WARN ] 2018-07-14T19:59:08,754Z [main] internal.config.defaultToOldPath - Config key user has been deprecated and will be removed in a future release. Use username instead {}
[INFO ] 2018-07-14T19:59:08,755Z [main] internal.NodeWebServer.connectLocalRpcAsNodeUser - Connecting to node at localhost:10006 as User(user1, permissions=[ALL]) {}
[INFO ] 2018-07-14T19:59:09,937Z [main] internal.RPCClient.logElapsedTime - Startup took 1181 msec {}
[WARN ] 2018-07-14T19:59:11,599Z [main] internal.config.defaultToOldPath - Config key user has been deprecated and will be removed in a future release. Use username instead {}
[INFO ] 2018-07-14T19:59:11,602Z [main] internal.NodeWebServer.connectLocalRpcAsNodeUser - Connecting to node at localhost:10006 as User(user1, permissions=[ALL]) {}
[INFO ] 2018-07-14T19:59:12,977Z [main] internal.RPCClient.logElapsedTime - Startup took 1374 msec {}
[WARN ] 2018-07-14T19:59:13,991Z [main] internal.config.defaultToOldPath - Config key user has been deprecated and will be removed in a future release. Use username instead {}
[INFO ] 2018-07-14T19:59:13,992Z [main] internal.NodeWebServer.connectLocalRpcAsNodeUser - Connecting to node at localhost:10006 as User(user1, permissions=[ALL]) {}
[INFO ] 2018-07-14T19:59:15,031Z [main] internal.RPCClient.logElapsedTime - Startup took 1039 msec {}
[WARN ] 2018-07-14T19:59:16,040Z [main] internal.config.defaultToOldPath - Config key user has been deprecated and will be removed in a future release. Use username instead {}
[INFO ] 2018-07-14T19:59:16,041Z [main] internal.NodeWebServer.connectLocalRpcAsNodeUser - Connecting to node at localhost:10006 as User(user1, permissions=[ALL]) {}
[INFO ] 2018-07-14T19:59:17,234Z [main] internal.RPCClient.logElapsedTime - Startup took 1193 msec {}
[WARN ] 2018-07-14T19:59:18,290Z [main] internal.config.defaultToOldPath - Config key user has been deprecated and will be removed in a future release. Use username instead {}
[INFO ] 2018-07-14T19:59:18,291Z [main] internal.NodeWebServer.connectLocalRpcAsNodeUser - Connecting to node at localhost:10006 as User(user1, permissions=[ALL]) {}
[INFO ] 2018-07-14T19:59:19,729Z [main] internal.RPCClient.logElapsedTime - Startup took 1437 msec {}
[WARN ] 2018-07-14T19:59:21,735Z [main] internal.config.defaultToOldPath - Config key user has been deprecated and will be removed in a future release. Use username instead {}
[INFO ] 2018-07-14T19:59:21,737Z [main] internal.NodeWebServer.connectLocalRpcAsNodeUser - Connecting to node at localhost:10006 as User(user1, permissions=[ALL]) {}
[INFO ] 2018-07-14T19:59:23,803Z [main] internal.RPCClient.logElapsedTime - Startup took 2062 msec {}
[WARN ] 2018-07-14T19:59:26,091Z [main] internal.config.defaultToOldPath - Config key user has been deprecated and will be removed in a future release. Use username instead {}
[INFO ] 2018-07-14T19:59:26,093Z [main] internal.NodeWebServer.connectLocalRpcAsNodeUser - Connecting to node at localhost:10006 as User(user1, permissions=[ALL]) {}
[INFO ] 2018-07-14T19:59:28,740Z [main] internal.RPCClient.logElapsedTime - Startup took 2645 msec {}
[WARN ] 2018-07-14T19:59:29,762Z [main] internal.config.defaultToOldPath - Config key user has been deprecated and will be removed in a future release. Use username instead {}
[INFO ] 2018-07-14T19:59:29,763Z [main] internal.NodeWebServer.connectLocalRpcAsNodeUser - Connecting to node at localhost:10006 as User(user1, permissions=[ALL]) {}
[INFO ] 2018-07-14T19:59:30,957Z [main] internal.RPCClient.logElapsedTime - Startup took 1193 msec {}
[WARN ] 2018-07-14T19:59:31,982Z [main] internal.config.defaultToOldPath - Config key user has been deprecated and will be removed in a future release. Use username instead {}
[INFO ] 2018-07-14T19:59:31,983Z [main] internal.NodeWebServer.connectLocalRpcAsNodeUser - Connecting to node at localhost:10006 as User(user1, permissions=[ALL]) {}
[INFO ] 2018-07-14T19:59:33,336Z [main] internal.RPCClient.logElapsedTime - Startup took 1324 msec {}
[WARN ] 2018-07-14T19:59:34,541Z [main] internal.config.defaultToOldPath - Config key user has been deprecated and will be removed in a future release. Use username instead {}
[INFO ] 2018-07-14T19:59:34,542Z [main] internal.NodeWebServer.connectLocalRpcAsNodeUser - Connecting to node at localhost:10006 as User(user1, permissions=[ALL]) {}
[INFO ] 2018-07-14T19:59:35,973Z [main] internal.RPCClient.logElapsedTime - Startup took 1430 msec {}
[WARN ] 2018-07-14T19:59:37,262Z [main] internal.config.defaultToOldPath - Config key user has been deprecated and will be removed in a future release. Use username instead {}
[INFO ] 2018-07-14T19:59:37,275Z [main] internal.NodeWebServer.connectLocalRpcAsNodeUser - Connecting to node at localhost:10006 as User(user1, permissions=[ALL]) {}
[INFO ] 2018-07-14T19:59:38,740Z [main] internal.RPCClient.logElapsedTime - Startup took 1443 msec {}
[WARN ] 2018-07-14T19:59:40,640Z [main] internal.config.defaultToOldPath - Config key user has been deprecated and will be removed in a future release. Use username instead {}
[INFO ] 2018-07-14T19:59:40,642Z [main] internal.NodeWebServer.connectLocalRpcAsNodeUser - Connecting to node at localhost:10006 as User(user1, permissions=[ALL]) {}
[INFO ] 2018-07-14T19:59:42,451Z [main] internal.RPCClient.logElapsedTime - Startup took 1808 msec {}
[WARN ] 2018-07-14T19:59:43,583Z [main] internal.config.defaultToOldPath - Config key user has been deprecated and will be removed in a future release. Use username instead {}
[INFO ] 2018-07-14T19:59:43,584Z [main] internal.NodeWebServer.connectLocalRpcAsNodeUser - Connecting to node at localhost:10006 as User(user1, permissions=[ALL]) {}
[INFO ] 2018-07-14T19:59:45,729Z [main] internal.RPCClient.logElapsedTime - Startup took 2143 msec {}
[WARN ] 2018-07-14T19:59:47,661Z [main] internal.config.defaultToOldPath - Config key user has been deprecated and will be removed in a future release. Use username instead {}
[INFO ] 2018-07-14T19:59:47,662Z [main] internal.NodeWebServer.connectLocalRpcAsNodeUser - Connecting to node at localhost:10006 as User(user1, permissions=[ALL]) {}
[INFO ] 2018-07-14T19:59:49,034Z [main] internal.RPCClient.logElapsedTime - Startup took 1372 msec {}
[WARN ] 2018-07-14T19:59:50,392Z [main] internal.config.defaultToOldPath - Config key user has been deprecated and will be removed in a future release. Use username instead {}
[INFO ] 2018-07-14T19:59:50,398Z [main] internal.NodeWebServer.connectLocalRpcAsNodeUser - Connecting to node at localhost:10006 as User(user1, permissions=[ALL]) {}
[INFO ] 2018-07-14T19:59:53,446Z [main] internal.RPCClient.logElapsedTime - Startup took 3047 msec {}
[WARN ] 2018-07-14T19:59:54,516Z [main] internal.config.defaultToOldPath - Config key user has been deprecated and will be removed in a future release. Use username instead {}
[INFO ] 2018-07-14T19:59:54,517Z [main] internal.NodeWebServer.connectLocalRpcAsNodeUser - Connecting to node at localhost:10006 as User(user1, permissions=[ALL]) {}
[INFO ] 2018-07-14T19:59:56,354Z [main] internal.RPCClient.logElapsedTime - Startup took 1836 msec {}
[WARN ] 2018-07-14T19:59:57,807Z [main] internal.config.defaultToOldPath - Config key user has been deprecated and will be removed in a future release. Use username instead {}
[INFO ] 2018-07-14T19:59:57,808Z [main] internal.NodeWebServer.connectLocalRpcAsNodeUser - Connecting to node at localhost:10006 as User(user1, permissions=[ALL]) {}
[INFO ] 2018-07-14T20:00:00,235Z [main] internal.RPCClient.logElapsedTime - Startup took 2426 msec {}
[WARN ] 2018-07-14T20:00:01,260Z [main] internal.config.defaultToOldPath - Config key user has been deprecated and will be removed in a future release. Use username instead {}
[INFO ] 2018-07-14T20:00:01,281Z [main] internal.NodeWebServer.connectLocalRpcAsNodeUser - Connecting to node at localhost:10006 as User(user1, permissions=[ALL]) {}
[INFO ] 2018-07-14T20:00:02,651Z [main] internal.RPCClient.logElapsedTime - Startup took 1368 msec {}
[WARN ] 2018-07-14T20:00:03,684Z [main] internal.config.defaultToOldPath - Config key user has been deprecated and will be removed in a future release. Use username instead {}
[INFO ] 2018-07-14T20:00:03,685Z [main] internal.NodeWebServer.connectLocalRpcAsNodeUser - Connecting to node at localhost:10006 as User(user1, permissions=[ALL]) {}
[INFO ] 2018-07-14T20:00:04,839Z [main] internal.RPCClient.logElapsedTime - Startup took 1152 msec {}
[WARN ] 2018-07-14T20:00:05,843Z [main] internal.config.defaultToOldPath - Config key user has been deprecated and will be removed in a future release. Use username instead {}
[INFO ] 2018-07-14T20:00:05,844Z [main] internal.NodeWebServer.connectLocalRpcAsNodeUser - Connecting to node at localhost:10006 as User(user1, permissions=[ALL]) {}
[INFO ] 2018-07-14T20:00:06,937Z [main] internal.RPCClient.logElapsedTime - Startup took 1091 msec {}
[WARN ] 2018-07-14T20:00:07,954Z [main] internal.config.defaultToOldPath - Config key user has been deprecated and will be removed in a future release. Use username instead {}
[INFO ] 2018-07-14T20:00:07,956Z [main] internal.NodeWebServer.connectLocalRpcAsNodeUser - Connecting to node at localhost:10006 as User(user1, permissions=[ALL]) {}
[INFO ] 2018-07-14T20:00:49,044Z [main] internal.RPCClient.logElapsedTime - Startup took 41080 msec {}
[INFO ] 2018-07-14T20:00:49,169Z [main] util.log.initialized - Logging initialized @223480ms to org.eclipse.jetty.util.log.Slf4jLog {}
[INFO ] 2018-07-14T20:00:53,908Z [main] internal.NodeWebServer.buildServletContextHandler - Add plugin web API from attachment com.template.TemplateWebPlugin$$Lambda$33/1439007204@eaa07bb {}
[INFO ] 2018-07-14T20:00:54,324Z [main] server.Server.doStart - jetty-9.4.7.v20170914 {}
[INFO ] 2018-07-14T20:00:58,996Z [main] handler.ContextHandler.doStart - Started o.e.j.s.ServletContextHandler@7ab20a7{/,null,AVAILABLE} {}
[INFO ] 2018-07-14T20:00:59,067Z [main] server.AbstractConnector.doStart - Started ServerConnector@f359e65{HTTP/1.1,[http/1.1]}{0.0.0.0:10007} {}
[INFO ] 2018-07-14T20:00:59,067Z [main] server.Server.doStart - Started @233390ms {}
[INFO ] 2018-07-14T20:00:59,068Z [main] internal.NodeWebServer.initWebServer - Starting webserver on address localhost:10007 {}
