[INFO ] 2018-07-14T19:57:55,925Z [main] webserver.CmdLineOptions.loadConfig - Config:
{
    # hardcoded value
    "baseDirectory" : "D:\\ubuntu\\Turnover-Box-Chain\\build\\nodes\\Distributor",
    # web-reference.conf @ jar:file:/C:/Users/Xiaoli%20Yang/AppData/Local/capsule/apps/net.corda.webserver.WebServer_3.1-corda/corda-webserver-impl-3.1-corda.jar!/web-reference.conf: 2
    "keyStorePassword" : "cordacadevpass",
    # D:\ubuntu\Turnover-Box-Chain\build\nodes\Distributor\node.conf: 1
    "myLegalName" : "O=Distributor,L=Dusserdorf,C=DE",
    # D:\ubuntu\Turnover-Box-Chain\build\nodes\Distributor\node.conf: 2
    "p2pAddress" : "localhost:10011",
    # D:\ubuntu\Turnover-Box-Chain\build\nodes\Distributor\node.conf: 3
    "rpcSettings" : {
        # D:\ubuntu\Turnover-Box-Chain\build\nodes\Distributor\node.conf: 4
        "address" : "localhost:10012",
        # D:\ubuntu\Turnover-Box-Chain\build\nodes\Distributor\node.conf: 5
        "adminAddress" : "localhost:10052"
    },
    # D:\ubuntu\Turnover-Box-Chain\build\nodes\Distributor\node.conf: 7
    "rpcUsers" : [
        # D:\ubuntu\Turnover-Box-Chain\build\nodes\Distributor\node.conf: 8
        {
            # D:\ubuntu\Turnover-Box-Chain\build\nodes\Distributor\node.conf: 9
            "password" : "test",
            # D:\ubuntu\Turnover-Box-Chain\build\nodes\Distributor\node.conf: 10
            "permissions" : [
                # D:\ubuntu\Turnover-Box-Chain\build\nodes\Distributor\node.conf: 11
                "ALL"
            ],
            # D:\ubuntu\Turnover-Box-Chain\build\nodes\Distributor\node.conf: 13
            "user" : "user1"
        }
    ],
    # web-reference.conf @ jar:file:/C:/Users/Xiaoli%20Yang/AppData/Local/capsule/apps/net.corda.webserver.WebServer_3.1-corda/corda-webserver-impl-3.1-corda.jar!/web-reference.conf: 3
    "trustStorePassword" : "trustpass",
    # web-reference.conf @ jar:file:/C:/Users/Xiaoli%20Yang/AppData/Local/capsule/apps/net.corda.webserver.WebServer_3.1-corda/corda-webserver-impl-3.1-corda.jar!/web-reference.conf: 1
    "useHTTPS" : false,
    # D:\ubuntu\Turnover-Box-Chain\build\nodes\Distributor\node.conf: 16
    "webAddress" : "localhost:10012"
}
 {}
[INFO ] 2018-07-14T19:57:56,022Z [main] Main.main - Main class: /C:/Users/Xiaoli Yang/AppData/Local/capsule/apps/net.corda.webserver.WebServer_3.1-corda/corda-webserver-impl-3.1-corda.jar {}
[INFO ] 2018-07-14T19:57:56,320Z [main] Main.main - CommandLine Args: -Xmx200m -XX:+UseG1GC -agentlib:jdwp=transport=dt_socket,server=y,suspend=n,address=5006 -javaagent:drivers/jolokia-jvm-1.3.7-agent.jar=port=7006,logHandlerClass=net.corda.webserver.JolokiaSlf4Adapter -javaagent:C:\Users\Xiaoli Yang\AppData\Local\capsule\apps\net.corda.webserver.WebServer_3.1-corda\quasar-core-0.7.9-jdk8.jar -javaagent:D:\ubuntu\Turnover-Box-Chain\build\nodes\Distributor\corda-webserver.jar -Dcapsule.address=0.0.0.0 -Dvisualvm.display.name=Corda -Djava.library.path=C:\Program Files\Java\jre1.8.0_172\bin;C:\WINDOWS\Sun\Java\bin;C:\WINDOWS\system32;C:\WINDOWS;C:\Program Files (x86)\Common Files\Oracle\Java\javapath;C:\ProgramData\Oracle\Java\javapath;C:\Program Files (x86)\Intel\iCLS Client;C:\Program Files\Intel\iCLS Client;C:\WINDOWS\system32;C:\WINDOWS;C:\WINDOWS\System32\Wbem;C:\WINDOWS\System32\WindowsPowerShell\v1.0;C:\Program Files (x86)\Intel\Intel(R) Management Engine Components\DAL;C:\Program Files\Intel\Intel(R) Management Engine Components\DAL;C:\Program Files (x86)\Intel\Intel(R) Management Engine Components\IPT;C:\Program Files\Intel\Intel(R) Management Engine Components\IPT;C:\Program Files\Microsoft SQL Server\130\Tools\Binn;C:\Program Files\MiKTeX 2.9\miktex\bin\x64;C:\Program Files (x86)\Java\jre1.8.0_141\lib;C:\Program Files\nodejs;C:\Program Files\MATLAB\R2017b\runtime\win64;C:\Program Files\MATLAB\R2017b\bin;C:\Program Files (x86)\GtkSharp\2.12\bin;C:\Program Files (x86)\Brackets\command;C:\Program Files\Git\cmd;C:\Program Files\Gradle\gradle-4.7\bin;C:\Go\bin;C:\WINDOWS\System32\OpenSSH;C:\Users\Xiaoli Yang\AppData\Local\Programs\Python\Python35\Scripts;C:\Users\Xiaoli Yang\AppData\Local\Programs\Python\Python35;C:\Users\Xiaoli Yang\AppData\Local\Microsoft\WindowsApps;C:\Program Files (x86)\Microsoft VS Code\bin;C:\Users\Xiaoli Yang\AppData\Roaming\npm;%GOPATH%\bin;C:\Users\Xiaoli Yang\AppData\Local\capsule\apps\net.corda.webserver.WebServer_3.1-corda -Dcapsule.log=1 -Dcapsule.app=net.corda.webserver.WebServer_3.1-corda -Dcapsule.port=49202 -Dname=Distributor-corda-webserver.jar -Dcapsule.jvm.args=-agentlib:jdwp=transport=dt_socket,server=y,suspend=n,address=5006 -javaagent:drivers/jolokia-jvm-1.3.7-agent.jar=port=7006,logHandlerClass=net.corda.webserver.JolokiaSlf4Adapter -DWebserver -Dcapsule.dir=C:\Users\Xiaoli Yang\AppData\Local\capsule\apps\net.corda.webserver.WebServer_3.1-corda -Dcapsule.jar=D:\ubuntu\Turnover-Box-Chain\build\nodes\Distributor\corda-webserver.jar {}
[INFO ] 2018-07-14T19:57:56,678Z [main] Main.main - Application Args:  {}
[INFO ] 2018-07-14T19:57:56,678Z [main] Main.main - bootclasspath: C:\Program Files\Java\jre1.8.0_172\lib\resources.jar;C:\Program Files\Java\jre1.8.0_172\lib\rt.jar;C:\Program Files\Java\jre1.8.0_172\lib\sunrsasign.jar;C:\Program Files\Java\jre1.8.0_172\lib\jsse.jar;C:\Program Files\Java\jre1.8.0_172\lib\jce.jar;C:\Program Files\Java\jre1.8.0_172\lib\charsets.jar;C:\Program Files\Java\jre1.8.0_172\lib\jfr.jar;C:\Program Files\Java\jre1.8.0_172\classes {}
[INFO ] 2018-07-14T19:57:56,679Z [main] Main.main - classpath: D:\ubuntu\Turnover-Box-Chain\build\nodes\Distributor\corda-webserver.jar;C:\Users\Xiaoli Yang\AppData\Local\capsule\apps\net.corda.webserver.WebServer_3.1-corda\corda-rpc-3.1-corda.jar;C:\Users\Xiaoli Yang\AppData\Local\capsule\apps\net.corda.webserver.WebServer_3.1-corda\corda-jackson-3.1-corda.jar;C:\Users\Xiaoli Yang\AppData\Local\capsule\apps\net.corda.webserver.WebServer_3.1-corda\corda-node-api-3.1-corda.jar;C:\Users\Xiaoli Yang\AppData\Local\capsule\apps\net.corda.webserver.WebServer_3.1-corda\corda-core-3.1-corda.jar;C:\Users\Xiaoli Yang\AppData\Local\capsule\apps\net.corda.webserver.WebServer_3.1-corda\jetty-webapp-9.4.7.v20170914.jar;C:\Users\Xiaoli Yang\AppData\Local\capsule\apps\net.corda.webserver.WebServer_3.1-corda\jetty-servlet-9.4.7.v20170914.jar;C:\Users\Xiaoli Yang\AppData\Local\capsule\apps\net.corda.webserver.WebServer_3.1-corda\jersey-container-jetty-http-2.25.jar;C:\Users\Xiaoli Yang\AppData\Local\capsule\apps\net.corda.webserver.WebServer_3.1-corda\jetty-security-9.4.7.v20170914.jar;C:\Users\Xiaoli Yang\AppData\Local\capsule\apps\net.corda.webserver.WebServer_3.1-corda\jetty-server-9.4.7.v20170914.jar;C:\Users\Xiaoli Yang\AppData\Local\capsule\apps\net.corda.webserver.WebServer_3.1-corda\javax.servlet-api-3.1.0.jar;C:\Users\Xiaoli Yang\AppData\Local\capsule\apps\net.corda.webserver.WebServer_3.1-corda\commons-fileupload-1.3.3.jar;C:\Users\Xiaoli Yang\AppData\Local\capsule\apps\net.corda.webserver.WebServer_3.1-corda\log4j-slf4j-impl-2.9.1.jar;C:\Users\Xiaoli Yang\AppData\Local\capsule\apps\net.corda.webserver.WebServer_3.1-corda\log4j-core-2.9.1.jar;C:\Users\Xiaoli Yang\AppData\Local\capsule\apps\net.corda.webserver.WebServer_3.1-corda\jopt-simple-5.0.2.jar;C:\Users\Xiaoli Yang\AppData\Local\capsule\apps\net.corda.webserver.WebServer_3.1-corda\jetty-continuation-9.4.7.v20170914.jar;C:\Users\Xiaoli Yang\AppData\Local\capsule\apps\net.corda.webserver.WebServer_3.1-corda\jersey-container-servlet-core-2.25.jar;C:\Users\Xiaoli Yang\AppData\Local\capsule\apps\net.corda.webserver.WebServer_3.1-corda\jersey-server-2.25.jar;C:\Users\Xiaoli Yang\AppData\Local\capsule\apps\net.corda.webserver.WebServer_3.1-corda\jersey-media-json-jackson-2.25.jar;C:\Users\Xiaoli Yang\AppData\Local\capsule\apps\net.corda.webserver.WebServer_3.1-corda\kotlinx-html-jvm-0.6.3.jar;C:\Users\Xiaoli Yang\AppData\Local\capsule\apps\net.corda.webserver.WebServer_3.1-corda\kotlin-stdlib-jre8-1.1.60.jar;C:\Users\Xiaoli Yang\AppData\Local\capsule\apps\net.corda.webserver.WebServer_3.1-corda\jackson-module-kotlin-2.9.2.jar;C:\Users\Xiaoli Yang\AppData\Local\capsule\apps\net.corda.webserver.WebServer_3.1-corda\kotlin-reflect-1.1.60.jar;C:\Users\Xiaoli Yang\AppData\Local\capsule\apps\net.corda.webserver.WebServer_3.1-corda\cordform-common-3.1.0.jar;C:\Users\Xiaoli Yang\AppData\Local\capsule\apps\net.corda.webserver.WebServer_3.1-corda\jsr305-3.0.2.jar;C:\Users\Xiaoli Yang\AppData\Local\capsule\apps\net.corda.webserver.WebServer_3.1-corda\jcl-over-slf4j-1.7.25.jar;C:\Users\Xiaoli Yang\AppData\Local\capsule\apps\net.corda.webserver.WebServer_3.1-corda\slf4j-api-1.7.25.jar;C:\Users\Xiaoli Yang\AppData\Local\capsule\apps\net.corda.webserver.WebServer_3.1-corda\rxjava-1.2.4.jar;C:\Users\Xiaoli Yang\AppData\Local\capsule\apps\net.corda.webserver.WebServer_3.1-corda\commons-jexl3-3.0.jar;C:\Users\Xiaoli Yang\AppData\Local\capsule\apps\net.corda.webserver.WebServer_3.1-corda\jackson-datatype-jsr310-2.9.2.jar;C:\Users\Xiaoli Yang\AppData\Local\capsule\apps\net.corda.webserver.WebServer_3.1-corda\jackson-jaxrs-json-provider-2.8.4.jar;C:\Users\Xiaoli Yang\AppData\Local\capsule\apps\net.corda.webserver.WebServer_3.1-corda\jackson-jaxrs-base-2.8.4.jar;C:\Users\Xiaoli Yang\AppData\Local\capsule\apps\net.corda.webserver.WebServer_3.1-corda\jackson-module-jaxb-annotations-2.8.4.jar;C:\Users\Xiaoli Yang\AppData\Local\capsule\apps\net.corda.webserver.WebServer_3.1-corda\jackson-databind-2.9.2.jar;C:\Users\Xiaoli Yang\AppData\Local\capsule\apps\net.corda.webserver.WebServer_3.1-corda\eddsa-0.2.0.jar;C:\Users\Xiaoli Yang\AppData\Local\capsule\apps\net.corda.webserver.WebServer_3.1-corda\bcpkix-jdk15on-1.57.jar;C:\Users\Xiaoli Yang\AppData\Local\capsule\apps\net.corda.webserver.WebServer_3.1-corda\bcprov-jdk15on-1.57.jar;C:\Users\Xiaoli Yang\AppData\Local\capsule\apps\net.corda.webserver.WebServer_3.1-corda\hibernate-core-5.2.6.Final.jar;C:\Users\Xiaoli Yang\AppData\Local\capsule\apps\net.corda.webserver.WebServer_3.1-corda\hibernate-jpa-2.1-api-1.0.0.Final.jar;C:\Users\Xiaoli Yang\AppData\Local\capsule\apps\net.corda.webserver.WebServer_3.1-corda\quasar-core-0.7.9-jdk8.jar;C:\Users\Xiaoli Yang\AppData\Local\capsule\apps\net.corda.webserver.WebServer_3.1-corda\jackson-dataformat-yaml-2.9.2.jar;C:\Users\Xiaoli Yang\AppData\Local\capsule\apps\net.corda.webserver.WebServer_3.1-corda\artemis-core-client-2.2.0.jar;C:\Users\Xiaoli Yang\AppData\Local\capsule\apps\net.corda.webserver.WebServer_3.1-corda\artemis-commons-2.2.0.jar;C:\Users\Xiaoli Yang\AppData\Local\capsule\apps\net.corda.webserver.WebServer_3.1-corda\guava-21.0.jar;C:\Users\Xiaoli Yang\AppData\Local\capsule\apps\net.corda.webserver.WebServer_3.1-corda\jetty-xml-9.4.7.v20170914.jar;C:\Users\Xiaoli Yang\AppData\Local\capsule\apps\net.corda.webserver.WebServer_3.1-corda\jolokia-jsr160-1.3.7.jar;C:\Users\Xiaoli Yang\AppData\Local\capsule\apps\net.corda.webserver.WebServer_3.1-corda\jolokia-core-1.3.7.jar;C:\Users\Xiaoli Yang\AppData\Local\capsule\apps\net.corda.webserver.WebServer_3.1-corda\commons-io-2.2.jar;C:\Users\Xiaoli Yang\AppData\Local\capsule\apps\net.corda.webserver.WebServer_3.1-corda\log4j-api-2.9.1.jar;C:\Users\Xiaoli Yang\AppData\Local\capsule\apps\net.corda.webserver.WebServer_3.1-corda\jersey-client-2.25.jar;C:\Users\Xiaoli Yang\AppData\Local\capsule\apps\net.corda.webserver.WebServer_3.1-corda\jersey-media-jaxb-2.25.jar;C:\Users\Xiaoli Yang\AppData\Local\capsule\apps\net.corda.webserver.WebServer_3.1-corda\jersey-common-2.25.jar;C:\Users\Xiaoli Yang\AppData\Local\capsule\apps\net.corda.webserver.WebServer_3.1-corda\jersey-entity-filtering-2.25.jar;C:\Users\Xiaoli Yang\AppData\Local\capsule\apps\net.corda.webserver.WebServer_3.1-corda\javax.ws.rs-api-2.0.1.jar;C:\Users\Xiaoli Yang\AppData\Local\capsule\apps\net.corda.webserver.WebServer_3.1-corda\javax.annotation-api-1.2.jar;C:\Users\Xiaoli Yang\AppData\Local\capsule\apps\net.corda.webserver.WebServer_3.1-corda\hk2-locator-2.5.0-b30.jar;C:\Users\Xiaoli Yang\AppData\Local\capsule\apps\net.corda.webserver.WebServer_3.1-corda\hk2-api-2.5.0-b30.jar;C:\Users\Xiaoli Yang\AppData\Local\capsule\apps\net.corda.webserver.WebServer_3.1-corda\javax.inject-2.5.0-b30.jar;C:\Users\Xiaoli Yang\AppData\Local\capsule\apps\net.corda.webserver.WebServer_3.1-corda\validation-api-1.1.0.Final.jar;C:\Users\Xiaoli Yang\AppData\Local\capsule\apps\net.corda.webserver.WebServer_3.1-corda\jetty-http-9.4.7.v20170914.jar;C:\Users\Xiaoli Yang\AppData\Local\capsule\apps\net.corda.webserver.WebServer_3.1-corda\jetty-io-9.4.7.v20170914.jar;C:\Users\Xiaoli Yang\AppData\Local\capsule\apps\net.corda.webserver.WebServer_3.1-corda\jetty-util-9.4.7.v20170914.jar;C:\Users\Xiaoli Yang\AppData\Local\capsule\apps\net.corda.webserver.WebServer_3.1-corda\jackson-annotations-2.9.0.jar;C:\Users\Xiaoli Yang\AppData\Local\capsule\apps\net.corda.webserver.WebServer_3.1-corda\kotlin-stdlib-jre7-1.1.60.jar;C:\Users\Xiaoli Yang\AppData\Local\capsule\apps\net.corda.webserver.WebServer_3.1-corda\kotlin-stdlib-1.1.60.jar;C:\Users\Xiaoli Yang\AppData\Local\capsule\apps\net.corda.webserver.WebServer_3.1-corda\jackson-core-2.9.2.jar;C:\Users\Xiaoli Yang\AppData\Local\capsule\apps\net.corda.webserver.WebServer_3.1-corda\hibernate-commons-annotations-5.0.1.Final.jar;C:\Users\Xiaoli Yang\AppData\Local\capsule\apps\net.corda.webserver.WebServer_3.1-corda\jboss-logging-3.3.0.Final.jar;C:\Users\Xiaoli Yang\AppData\Local\capsule\apps\net.corda.webserver.WebServer_3.1-corda\javassist-3.20.0-GA.jar;C:\Users\Xiaoli Yang\AppData\Local\capsule\apps\net.corda.webserver.WebServer_3.1-corda\antlr-2.7.7.jar;C:\Users\Xiaoli Yang\AppData\Local\capsule\apps\net.corda.webserver.WebServer_3.1-corda\geronimo-jta_1.1_spec-1.1.1.jar;C:\Users\Xiaoli Yang\AppData\Local\capsule\apps\net.corda.webserver.WebServer_3.1-corda\jandex-2.0.3.Final.jar;C:\Users\Xiaoli Yang\AppData\Local\capsule\apps\net.corda.webserver.WebServer_3.1-corda\classmate-1.3.0.jar;C:\Users\Xiaoli Yang\AppData\Local\capsule\apps\net.corda.webserver.WebServer_3.1-corda\dom4j-1.6.1.jar;C:\Users\Xiaoli Yang\AppData\Local\capsule\apps\net.corda.webserver.WebServer_3.1-corda\cdi-api-1.1.jar;C:\Users\Xiaoli Yang\AppData\Local\capsule\apps\net.corda.webserver.WebServer_3.1-corda\commons-collections4-4.1.jar;C:\Users\Xiaoli Yang\AppData\Local\capsule\apps\net.corda.webserver.WebServer_3.1-corda\commons-beanutils-1.9.3.jar;C:\Users\Xiaoli Yang\AppData\Local\capsule\apps\net.corda.webserver.WebServer_3.1-corda\config-1.3.1.jar;C:\Users\Xiaoli Yang\AppData\Local\capsule\apps\net.corda.webserver.WebServer_3.1-corda\kryo-serializers-0.41.jar;C:\Users\Xiaoli Yang\AppData\Local\capsule\apps\net.corda.webserver.WebServer_3.1-corda\kryo-4.0.0.jar;C:\Users\Xiaoli Yang\AppData\Local\capsule\apps\net.corda.webserver.WebServer_3.1-corda\proton-j-0.21.0.jar;C:\Users\Xiaoli Yang\AppData\Local\capsule\apps\net.corda.webserver.WebServer_3.1-corda\fast-classpath-scanner-2.12.3.jar;C:\Users\Xiaoli Yang\AppData\Local\capsule\apps\net.corda.webserver.WebServer_3.1-corda\snakeyaml-1.18.jar;C:\Users\Xiaoli Yang\AppData\Local\capsule\apps\net.corda.webserver.WebServer_3.1-corda\json-simple-1.1.1.jar;C:\Users\Xiaoli Yang\AppData\Local\capsule\apps\net.corda.webserver.WebServer_3.1-corda\jersey-guava-2.25.jar;C:\Users\Xiaoli Yang\AppData\Local\capsule\apps\net.corda.webserver.WebServer_3.1-corda\osgi-resource-locator-1.0.1.jar;C:\Users\Xiaoli Yang\AppData\Local\capsule\apps\net.corda.webserver.WebServer_3.1-corda\hk2-utils-2.5.0-b30.jar;C:\Users\Xiaoli Yang\AppData\Local\capsule\apps\net.corda.webserver.WebServer_3.1-corda\aopalliance-repackaged-2.5.0-b30.jar;C:\Users\Xiaoli Yang\AppData\Local\capsule\apps\net.corda.webserver.WebServer_3.1-corda\el-api-2.2.jar;C:\Users\Xiaoli Yang\AppData\Local\capsule\apps\net.corda.webserver.WebServer_3.1-corda\jboss-interceptors-api_1.1_spec-1.0.0.Beta1.jar;C:\Users\Xiaoli Yang\AppData\Local\capsule\apps\net.corda.webserver.WebServer_3.1-corda\jsr250-api-1.0.jar;C:\Users\Xiaoli Yang\AppData\Local\capsule\apps\net.corda.webserver.WebServer_3.1-corda\javax.inject-1.jar;C:\Users\Xiaoli Yang\AppData\Local\capsule\apps\net.corda.webserver.WebServer_3.1-corda\commons-collections-3.2.2.jar;C:\Users\Xiaoli Yang\AppData\Local\capsule\apps\net.corda.webserver.WebServer_3.1-corda\jgroups-3.6.13.Final.jar;C:\Users\Xiaoli Yang\AppData\Local\capsule\apps\net.corda.webserver.WebServer_3.1-corda\netty-all-4.1.9.Final.jar;C:\Users\Xiaoli Yang\AppData\Local\capsule\apps\net.corda.webserver.WebServer_3.1-corda\geronimo-json_1.0_spec-1.0-alpha-1.jar;C:\Users\Xiaoli Yang\AppData\Local\capsule\apps\net.corda.webserver.WebServer_3.1-corda\johnzon-core-0.9.5.jar;C:\Users\Xiaoli Yang\AppData\Local\capsule\apps\net.corda.webserver.WebServer_3.1-corda\reflectasm-1.11.3.jar;C:\Users\Xiaoli Yang\AppData\Local\capsule\apps\net.corda.webserver.WebServer_3.1-corda\minlog-1.3.0.jar;C:\Users\Xiaoli Yang\AppData\Local\capsule\apps\net.corda.webserver.WebServer_3.1-corda\objenesis-2.2.jar;C:\Users\Xiaoli Yang\AppData\Local\capsule\apps\net.corda.webserver.WebServer_3.1-corda\asm-5.0.4.jar;C:\Users\Xiaoli Yang\AppData\Local\capsule\apps\net.corda.webserver.WebServer_3.1-corda\annotations-13.0.jar;C:\Users\Xiaoli Yang\AppData\Local\capsule\apps\net.corda.webserver.WebServer_3.1-corda\corda-webserver-impl-3.1-corda.jar;D:\ubuntu\Turnover-Box-Chain\build\nodes\Distributor\cordapps\corda-finance-3.1-corda.jar;D:\ubuntu\Turnover-Box-Chain\build\nodes\Distributor\cordapps\cordapp-0.1.jar;D:\ubuntu\Turnover-Box-Chain\build\nodes\Distributor\cordapps\cordapp-contracts-states-0.1.jar;D:\ubuntu\Turnover-Box-Chain\build\nodes\Distributor\cordapps\Turnover-Box-Chain-0.1.jar;drivers/jolokia-jvm-1.3.7-agent.jar;C:\Users\Xiaoli Yang\AppData\Local\capsule\apps\net.corda.webserver.WebServer_3.1-corda\quasar-core-0.7.9-jdk8.jar;D:\ubuntu\Turnover-Box-Chain\build\nodes\Distributor\corda-webserver.jar {}
[INFO ] 2018-07-14T19:57:56,683Z [main] Main.main - VM Java HotSpot(TM) 64-Bit Server VM Oracle Corporation 25.172-b11 {}
[INFO ] 2018-07-14T19:57:56,685Z [main] Main.main - Machine: DESKTOP-BKO44JE {}
[INFO ] 2018-07-14T19:57:56,687Z [main] Main.main - Working Directory: D:\ubuntu\Turnover-Box-Chain\build\nodes\Distributor {}
[INFO ] 2018-07-14T19:58:01,050Z [main] Main.main - Starting as webserver on localhost:10012 {}
[INFO ] 2018-07-14T19:58:01,373Z [main] BasicInfo.logAndMaybePrint - Starting as webserver: localhost:10012 {}
[WARN ] 2018-07-14T19:58:02,193Z [main] internal.config.defaultToOldPath - Config key user has been deprecated and will be removed in a future release. Use username instead {}
[INFO ] 2018-07-14T19:58:02,214Z [main] internal.NodeWebServer.connectLocalRpcAsNodeUser - Connecting to node at localhost:10012 as User(user1, permissions=[ALL]) {}
[INFO ] 2018-07-14T19:58:31,582Z [main] internal.RPCClient.logElapsedTime - Startup took 23916 msec {}
[WARN ] 2018-07-14T19:58:32,948Z [main] internal.config.defaultToOldPath - Config key user has been deprecated and will be removed in a future release. Use username instead {}
[INFO ] 2018-07-14T19:58:32,950Z [main] internal.NodeWebServer.connectLocalRpcAsNodeUser - Connecting to node at localhost:10012 as User(user1, permissions=[ALL]) {}
[INFO ] 2018-07-14T19:58:35,629Z [main] internal.RPCClient.logElapsedTime - Startup took 2676 msec {}
[WARN ] 2018-07-14T19:58:36,920Z [main] internal.config.defaultToOldPath - Config key user has been deprecated and will be removed in a future release. Use username instead {}
[INFO ] 2018-07-14T19:58:36,921Z [main] internal.NodeWebServer.connectLocalRpcAsNodeUser - Connecting to node at localhost:10012 as User(user1, permissions=[ALL]) {}
[INFO ] 2018-07-14T19:58:38,240Z [main] internal.RPCClient.logElapsedTime - Startup took 1318 msec {}
[WARN ] 2018-07-14T19:58:39,523Z [main] internal.config.defaultToOldPath - Config key user has been deprecated and will be removed in a future release. Use username instead {}
[INFO ] 2018-07-14T19:58:39,525Z [main] internal.NodeWebServer.connectLocalRpcAsNodeUser - Connecting to node at localhost:10012 as User(user1, permissions=[ALL]) {}
[INFO ] 2018-07-14T19:58:41,536Z [main] internal.RPCClient.logElapsedTime - Startup took 2010 msec {}
[WARN ] 2018-07-14T19:58:42,694Z [main] internal.config.defaultToOldPath - Config key user has been deprecated and will be removed in a future release. Use username instead {}
[INFO ] 2018-07-14T19:58:42,696Z [main] internal.NodeWebServer.connectLocalRpcAsNodeUser - Connecting to node at localhost:10012 as User(user1, permissions=[ALL]) {}
[INFO ] 2018-07-14T19:58:46,635Z [main] internal.RPCClient.logElapsedTime - Startup took 3938 msec {}
[WARN ] 2018-07-14T19:58:47,787Z [main] internal.config.defaultToOldPath - Config key user has been deprecated and will be removed in a future release. Use username instead {}
[INFO ] 2018-07-14T19:58:47,789Z [main] internal.NodeWebServer.connectLocalRpcAsNodeUser - Connecting to node at localhost:10012 as User(user1, permissions=[ALL]) {}
[INFO ] 2018-07-14T19:58:49,871Z [main] internal.RPCClient.logElapsedTime - Startup took 2080 msec {}
[WARN ] 2018-07-14T19:58:50,946Z [main] internal.config.defaultToOldPath - Config key user has been deprecated and will be removed in a future release. Use username instead {}
[INFO ] 2018-07-14T19:58:50,947Z [main] internal.NodeWebServer.connectLocalRpcAsNodeUser - Connecting to node at localhost:10012 as User(user1, permissions=[ALL]) {}
[INFO ] 2018-07-14T19:58:52,194Z [main] internal.RPCClient.logElapsedTime - Startup took 1245 msec {}
[WARN ] 2018-07-14T19:58:53,802Z [main] internal.config.defaultToOldPath - Config key user has been deprecated and will be removed in a future release. Use username instead {}
[INFO ] 2018-07-14T19:58:53,804Z [main] internal.NodeWebServer.connectLocalRpcAsNodeUser - Connecting to node at localhost:10012 as User(user1, permissions=[ALL]) {}
[INFO ] 2018-07-14T19:58:56,004Z [main] internal.RPCClient.logElapsedTime - Startup took 2199 msec {}
[WARN ] 2018-07-14T19:58:57,748Z [main] internal.config.defaultToOldPath - Config key user has been deprecated and will be removed in a future release. Use username instead {}
[INFO ] 2018-07-14T19:58:57,749Z [main] internal.NodeWebServer.connectLocalRpcAsNodeUser - Connecting to node at localhost:10012 as User(user1, permissions=[ALL]) {}
[INFO ] 2018-07-14T19:58:59,792Z [main] internal.RPCClient.logElapsedTime - Startup took 2042 msec {}
[WARN ] 2018-07-14T19:59:01,045Z [main] internal.config.defaultToOldPath - Config key user has been deprecated and will be removed in a future release. Use username instead {}
[INFO ] 2018-07-14T19:59:01,048Z [main] internal.NodeWebServer.connectLocalRpcAsNodeUser - Connecting to node at localhost:10012 as User(user1, permissions=[ALL]) {}
[INFO ] 2018-07-14T19:59:03,411Z [main] internal.RPCClient.logElapsedTime - Startup took 2362 msec {}
[WARN ] 2018-07-14T19:59:04,545Z [main] internal.config.defaultToOldPath - Config key user has been deprecated and will be removed in a future release. Use username instead {}
[INFO ] 2018-07-14T19:59:04,547Z [main] internal.NodeWebServer.connectLocalRpcAsNodeUser - Connecting to node at localhost:10012 as User(user1, permissions=[ALL]) {}
[INFO ] 2018-07-14T19:59:06,184Z [main] internal.RPCClient.logElapsedTime - Startup took 1636 msec {}
[WARN ] 2018-07-14T19:59:07,296Z [main] internal.config.defaultToOldPath - Config key user has been deprecated and will be removed in a future release. Use username instead {}
[INFO ] 2018-07-14T19:59:07,298Z [main] internal.NodeWebServer.connectLocalRpcAsNodeUser - Connecting to node at localhost:10012 as User(user1, permissions=[ALL]) {}
[INFO ] 2018-07-14T19:59:08,737Z [main] internal.RPCClient.logElapsedTime - Startup took 1438 msec {}
[WARN ] 2018-07-14T19:59:09,785Z [main] internal.config.defaultToOldPath - Config key user has been deprecated and will be removed in a future release. Use username instead {}
[INFO ] 2018-07-14T19:59:09,786Z [main] internal.NodeWebServer.connectLocalRpcAsNodeUser - Connecting to node at localhost:10012 as User(user1, permissions=[ALL]) {}
[INFO ] 2018-07-14T19:59:11,222Z [main] internal.RPCClient.logElapsedTime - Startup took 1434 msec {}
[WARN ] 2018-07-14T19:59:12,394Z [main] internal.config.defaultToOldPath - Config key user has been deprecated and will be removed in a future release. Use username instead {}
[INFO ] 2018-07-14T19:59:12,398Z [main] internal.NodeWebServer.connectLocalRpcAsNodeUser - Connecting to node at localhost:10012 as User(user1, permissions=[ALL]) {}
[INFO ] 2018-07-14T19:59:13,737Z [main] internal.RPCClient.logElapsedTime - Startup took 1337 msec {}
[WARN ] 2018-07-14T19:59:14,797Z [main] internal.config.defaultToOldPath - Config key user has been deprecated and will be removed in a future release. Use username instead {}
[INFO ] 2018-07-14T19:59:14,799Z [main] internal.NodeWebServer.connectLocalRpcAsNodeUser - Connecting to node at localhost:10012 as User(user1, permissions=[ALL]) {}
[INFO ] 2018-07-14T19:59:16,031Z [main] internal.RPCClient.logElapsedTime - Startup took 1231 msec {}
[WARN ] 2018-07-14T19:59:17,082Z [main] internal.config.defaultToOldPath - Config key user has been deprecated and will be removed in a future release. Use username instead {}
[INFO ] 2018-07-14T19:59:17,084Z [main] internal.NodeWebServer.connectLocalRpcAsNodeUser - Connecting to node at localhost:10012 as User(user1, permissions=[ALL]) {}
[INFO ] 2018-07-14T19:59:18,432Z [main] internal.RPCClient.logElapsedTime - Startup took 1348 msec {}
[WARN ] 2018-07-14T19:59:19,801Z [main] internal.config.defaultToOldPath - Config key user has been deprecated and will be removed in a future release. Use username instead {}
[INFO ] 2018-07-14T19:59:19,802Z [main] internal.NodeWebServer.connectLocalRpcAsNodeUser - Connecting to node at localhost:10012 as User(user1, permissions=[ALL]) {}
[INFO ] 2018-07-14T19:59:21,624Z [main] internal.RPCClient.logElapsedTime - Startup took 1821 msec {}
[WARN ] 2018-07-14T19:59:22,771Z [main] internal.config.defaultToOldPath - Config key user has been deprecated and will be removed in a future release. Use username instead {}
[INFO ] 2018-07-14T19:59:22,788Z [main] internal.NodeWebServer.connectLocalRpcAsNodeUser - Connecting to node at localhost:10012 as User(user1, permissions=[ALL]) {}
[INFO ] 2018-07-14T19:59:25,610Z [main] internal.RPCClient.logElapsedTime - Startup took 2821 msec {}
[WARN ] 2018-07-14T19:59:26,852Z [main] internal.config.defaultToOldPath - Config key user has been deprecated and will be removed in a future release. Use username instead {}
[INFO ] 2018-07-14T19:59:26,853Z [main] internal.NodeWebServer.connectLocalRpcAsNodeUser - Connecting to node at localhost:10012 as User(user1, permissions=[ALL]) {}
[INFO ] 2018-07-14T19:59:29,442Z [main] internal.RPCClient.logElapsedTime - Startup took 2587 msec {}
[WARN ] 2018-07-14T19:59:30,539Z [main] internal.config.defaultToOldPath - Config key user has been deprecated and will be removed in a future release. Use username instead {}
[INFO ] 2018-07-14T19:59:30,542Z [main] internal.NodeWebServer.connectLocalRpcAsNodeUser - Connecting to node at localhost:10012 as User(user1, permissions=[ALL]) {}
[INFO ] 2018-07-14T19:59:32,438Z [main] internal.RPCClient.logElapsedTime - Startup took 1894 msec {}
[WARN ] 2018-07-14T19:59:33,601Z [main] internal.config.defaultToOldPath - Config key user has been deprecated and will be removed in a future release. Use username instead {}
[INFO ] 2018-07-14T19:59:33,602Z [main] internal.NodeWebServer.connectLocalRpcAsNodeUser - Connecting to node at localhost:10012 as User(user1, permissions=[ALL]) {}
[INFO ] 2018-07-14T19:59:35,037Z [main] internal.RPCClient.logElapsedTime - Startup took 1434 msec {}
[WARN ] 2018-07-14T19:59:36,212Z [main] internal.config.defaultToOldPath - Config key user has been deprecated and will be removed in a future release. Use username instead {}
[INFO ] 2018-07-14T19:59:36,213Z [main] internal.NodeWebServer.connectLocalRpcAsNodeUser - Connecting to node at localhost:10012 as User(user1, permissions=[ALL]) {}
[INFO ] 2018-07-14T19:59:37,537Z [main] internal.RPCClient.logElapsedTime - Startup took 1323 msec {}
[WARN ] 2018-07-14T19:59:38,636Z [main] internal.config.defaultToOldPath - Config key user has been deprecated and will be removed in a future release. Use username instead {}
[INFO ] 2018-07-14T19:59:38,637Z [main] internal.NodeWebServer.connectLocalRpcAsNodeUser - Connecting to node at localhost:10012 as User(user1, permissions=[ALL]) {}
[INFO ] 2018-07-14T19:59:40,593Z [main] internal.RPCClient.logElapsedTime - Startup took 1955 msec {}
[WARN ] 2018-07-14T19:59:41,769Z [main] internal.config.defaultToOldPath - Config key user has been deprecated and will be removed in a future release. Use username instead {}
[INFO ] 2018-07-14T19:59:41,775Z [main] internal.NodeWebServer.connectLocalRpcAsNodeUser - Connecting to node at localhost:10012 as User(user1, permissions=[ALL]) {}
[INFO ] 2018-07-14T19:59:43,642Z [main] internal.RPCClient.logElapsedTime - Startup took 1866 msec {}
[WARN ] 2018-07-14T19:59:44,788Z [main] internal.config.defaultToOldPath - Config key user has been deprecated and will be removed in a future release. Use username instead {}
[INFO ] 2018-07-14T19:59:44,793Z [main] internal.NodeWebServer.connectLocalRpcAsNodeUser - Connecting to node at localhost:10012 as User(user1, permissions=[ALL]) {}
[INFO ] 2018-07-14T19:59:46,631Z [main] internal.RPCClient.logElapsedTime - Startup took 1826 msec {}
[WARN ] 2018-07-14T19:59:47,742Z [main] internal.config.defaultToOldPath - Config key user has been deprecated and will be removed in a future release. Use username instead {}
[INFO ] 2018-07-14T19:59:47,748Z [main] internal.NodeWebServer.connectLocalRpcAsNodeUser - Connecting to node at localhost:10012 as User(user1, permissions=[ALL]) {}
[INFO ] 2018-07-14T19:59:49,037Z [main] internal.RPCClient.logElapsedTime - Startup took 1288 msec {}
[WARN ] 2018-07-14T19:59:50,369Z [main] internal.config.defaultToOldPath - Config key user has been deprecated and will be removed in a future release. Use username instead {}
[INFO ] 2018-07-14T19:59:50,371Z [main] internal.NodeWebServer.connectLocalRpcAsNodeUser - Connecting to node at localhost:10012 as User(user1, permissions=[ALL]) {}
[INFO ] 2018-07-14T19:59:53,443Z [main] internal.RPCClient.logElapsedTime - Startup took 3070 msec {}
[WARN ] 2018-07-14T19:59:54,528Z [main] internal.config.defaultToOldPath - Config key user has been deprecated and will be removed in a future release. Use username instead {}
[INFO ] 2018-07-14T19:59:54,529Z [main] internal.NodeWebServer.connectLocalRpcAsNodeUser - Connecting to node at localhost:10012 as User(user1, permissions=[ALL]) {}
[INFO ] 2018-07-14T19:59:56,357Z [main] internal.RPCClient.logElapsedTime - Startup took 1827 msec {}
[WARN ] 2018-07-14T19:59:57,834Z [main] internal.config.defaultToOldPath - Config key user has been deprecated and will be removed in a future release. Use username instead {}
[INFO ] 2018-07-14T19:59:57,840Z [main] internal.NodeWebServer.connectLocalRpcAsNodeUser - Connecting to node at localhost:10012 as User(user1, permissions=[ALL]) {}
[INFO ] 2018-07-14T20:00:00,237Z [main] internal.RPCClient.logElapsedTime - Startup took 2395 msec {}
[WARN ] 2018-07-14T20:00:01,385Z [main] internal.config.defaultToOldPath - Config key user has been deprecated and will be removed in a future release. Use username instead {}
[INFO ] 2018-07-14T20:00:01,385Z [main] internal.NodeWebServer.connectLocalRpcAsNodeUser - Connecting to node at localhost:10012 as User(user1, permissions=[ALL]) {}
[INFO ] 2018-07-14T20:00:02,652Z [main] internal.RPCClient.logElapsedTime - Startup took 1267 msec {}
[WARN ] 2018-07-14T20:00:03,703Z [main] internal.config.defaultToOldPath - Config key user has been deprecated and will be removed in a future release. Use username instead {}
[INFO ] 2018-07-14T20:00:03,704Z [main] internal.NodeWebServer.connectLocalRpcAsNodeUser - Connecting to node at localhost:10012 as User(user1, permissions=[ALL]) {}
[INFO ] 2018-07-14T20:00:04,841Z [main] internal.RPCClient.logElapsedTime - Startup took 1136 msec {}
[WARN ] 2018-07-14T20:00:05,844Z [main] internal.config.defaultToOldPath - Config key user has been deprecated and will be removed in a future release. Use username instead {}
[INFO ] 2018-07-14T20:00:05,845Z [main] internal.NodeWebServer.connectLocalRpcAsNodeUser - Connecting to node at localhost:10012 as User(user1, permissions=[ALL]) {}
[INFO ] 2018-07-14T20:00:06,938Z [main] internal.RPCClient.logElapsedTime - Startup took 1092 msec {}
[WARN ] 2018-07-14T20:00:07,956Z [main] internal.config.defaultToOldPath - Config key user has been deprecated and will be removed in a future release. Use username instead {}
[INFO ] 2018-07-14T20:00:07,964Z [main] internal.NodeWebServer.connectLocalRpcAsNodeUser - Connecting to node at localhost:10012 as User(user1, permissions=[ALL]) {}
[INFO ] 2018-07-14T20:00:44,658Z [main] internal.RPCClient.logElapsedTime - Startup took 36694 msec {}
[INFO ] 2018-07-14T20:00:44,760Z [main] util.log.initialized - Logging initialized @219257ms to org.eclipse.jetty.util.log.Slf4jLog {}
[INFO ] 2018-07-14T20:00:51,084Z [main] internal.NodeWebServer.buildServletContextHandler - Add plugin web API from attachment com.template.TemplateWebPlugin$$Lambda$33/262572507@75a6bd06 {}
[INFO ] 2018-07-14T20:00:51,643Z [main] server.Server.doStart - jetty-9.4.7.v20170914 {}
[INFO ] 2018-07-14T20:00:57,308Z [main] handler.ContextHandler.doStart - Started o.e.j.s.ServletContextHandler@7d1b96b9{/,null,AVAILABLE} {}
[ERROR] 2018-07-14T20:00:57,310Z [main] Main.main - Exception during node startup {}
java.net.BindException: Address already in use: bind
	at sun.nio.ch.Net.bind0(Native Method) ~[?:1.8.0_172]
	at sun.nio.ch.Net.bind(Unknown Source) ~[?:1.8.0_172]
	at sun.nio.ch.Net.bind(Unknown Source) ~[?:1.8.0_172]
	at sun.nio.ch.ServerSocketChannelImpl.bind(Unknown Source) ~[?:1.8.0_172]
	at sun.nio.ch.ServerSocketAdaptor.bind(Unknown Source) ~[?:1.8.0_172]
	at org.eclipse.jetty.server.ServerConnector.openAcceptChannel(ServerConnector.java:334) ~[jetty-server-9.4.7.v20170914.jar:9.4.7.v20170914]
	at org.eclipse.jetty.server.ServerConnector.open(ServerConnector.java:302) ~[jetty-server-9.4.7.v20170914.jar:9.4.7.v20170914]
	at org.eclipse.jetty.server.AbstractNetworkConnector.doStart(AbstractNetworkConnector.java:80) ~[jetty-server-9.4.7.v20170914.jar:9.4.7.v20170914]
	at org.eclipse.jetty.server.ServerConnector.doStart(ServerConnector.java:238) ~[jetty-server-9.4.7.v20170914.jar:9.4.7.v20170914]
	at org.eclipse.jetty.util.component.AbstractLifeCycle.start(AbstractLifeCycle.java:68) ~[jetty-util-9.4.7.v20170914.jar:9.4.7.v20170914]
	at org.eclipse.jetty.server.Server.doStart(Server.java:428) ~[jetty-server-9.4.7.v20170914.jar:9.4.7.v20170914]
	at org.eclipse.jetty.util.component.AbstractLifeCycle.start(AbstractLifeCycle.java:68) ~[jetty-util-9.4.7.v20170914.jar:9.4.7.v20170914]
	at net.corda.webserver.internal.NodeWebServer.initWebServer(NodeWebServer.kt:90) ~[corda-webserver-impl-3.1-corda.jar:?]
	at net.corda.webserver.internal.NodeWebServer.start(NodeWebServer.kt:45) ~[corda-webserver-impl-3.1-corda.jar:?]
	at net.corda.webserver.WebServer.main(WebServer.kt:64) [corda-webserver-impl-3.1-corda.jar:?]
