[INFO ] 2018-09-14T17:56:52,185Z [main] manifests.Manifests.info - 111 attributes loaded from 124 stream(s) in 8s, 111 saved, 1970 ignored: ["ActiveMQ-Version", "Agent-Class", "Ant-Version", "Application-Class", "Application-Library-Allowable-Codebase", "Application-Name", "Application-Version", "Archiver-Version", "Automatic-Module-Name", "Bnd-LastModified", "Branch", "Build-Date", "Build-Host", "Build-Id", "Build-Java-Version", "Build-Jdk", "Build-Job", "Build-Number", "Build-Timestamp", "Built-By", "Built-OS", "Built-Status", "Bundle-Activator", "Bundle-Category", "Bundle-ClassPath", "Bundle-Copyright", "Bundle-Description", "Bundle-DocURL", "Bundle-License", "Bundle-ManifestVersion", "Bundle-Name", "Bundle-RequiredExecutionEnvironment", "Bundle-SymbolicName", "Bundle-Vendor", "Bundle-Version", "Caller-Allowable-Codebase", "Can-Redefine-Classes", "Can-Retransform-Classes", "Can-Set-Native-Method-Prefix", "Caplets", "Change", "Codebase", "Corda-Platform-Version", "Corda-Release-Version", "Corda-Revision", "Corda-Vendor", "Created-By", "DynamicImport-Package", "Eclipse-BuddyPolicy", "Eclipse-LazyStart", "Export-Package", "Extension-Name", "Fragment-Host", "Gradle-Version", "Ignore-Package", "Implementation-Build", "Implementation-Build-Date", "Implementation-Title", "Implementation-URL", "Implementation-Url", "Implementation-Vendor", "Implementation-Vendor-Id", "Implementation-Version", "Import-Package", "Include-Resource", "JCabi-Build", "JCabi-Date", "JCabi-Version", "JVM-Args", "Java-Agents", "Java-Vendor", "Java-Version", "Kotlin-Runtime-Component", "Kotlin-Version", "Log4jReleaseKey", "Log4jReleaseManager", "Log4jReleaseVersion", "Main-Class", "Main-class", "Manifest-Version", "Min-Java-Version", "Min-Update-Version", "Module-Email", "Module-Origin", "Module-Owner", "Module-Source", "Multi-Release", "Originally-Created-By", "Os-Arch", "Os-Name", "Os-Version", "Package", "Permissions", "Premain-Class", "Private-Package", "Provide-Capability", "Require-Capability", "SCM-Revision", "SCM-url", "Scm-Connection", "Scm-Revision", "Scm-Url", "Service-Component", "Specification-Title", "Specification-Vendor", "Specification-Version", "System-Properties", "Tool", "Trusted-Library", "X-Compile-Source-JDK", "X-Compile-Target-JDK"] {}
[INFO ] 2018-09-14T17:56:54,960Z [main] BasicInfo.printBasicNodeInfo - Logs can be found in                    : D:\ubuntu\Turnover-Box-Chain\build\nodes\Operator\logs {}
[INFO ] 2018-09-14T17:56:56,572Z [main] config.ConfigHelper.loadConfig - Config:
{
    # reference.conf @ jar:file:/D:/ubuntu/Turnover-Box-Chain/build/nodes/Operator/corda.jar!/reference.conf: 20
    "activeMQServer" : {
        # reference.conf @ jar:file:/D:/ubuntu/Turnover-Box-Chain/build/nodes/Operator/corda.jar!/reference.conf: 21
        "bridge" : {
            # reference.conf @ jar:file:/D:/ubuntu/Turnover-Box-Chain/build/nodes/Operator/corda.jar!/reference.conf: 24
            "maxRetryIntervalMin" : 3,
            # reference.conf @ jar:file:/D:/ubuntu/Turnover-Box-Chain/build/nodes/Operator/corda.jar!/reference.conf: 22
            "retryIntervalMs" : 5000,
            # reference.conf @ jar:file:/D:/ubuntu/Turnover-Box-Chain/build/nodes/Operator/corda.jar!/reference.conf: 23
            "retryIntervalMultiplier" : 1.5
        }
    },
    # hardcoded value
    "baseDirectory" : "D:\\ubuntu\\Turnover-Box-Chain\\build\\nodes\\Operator",
    # merge of reference.conf @ jar:file:/D:/ubuntu/Turnover-Box-Chain/build/nodes/Operator/corda.jar!/reference.conf: 6,reference.conf @ jar:file:/D:/ubuntu/Turnover-Box-Chain/build/nodes/.cache/apps/net.corda.node.Corda_3.1-corda/corda-node-3.1-corda.jar!/reference.conf: 6
    "dataSourceProperties" : {
        # reference.conf @ jar:file:/D:/ubuntu/Turnover-Box-Chain/build/nodes/Operator/corda.jar!/reference.conf: 10
        "dataSource.password" : "",
        # merge of reference.conf @ jar:file:/D:/ubuntu/Turnover-Box-Chain/build/nodes/Operator/corda.jar!/reference.conf: 8,hardcoded value,reference.conf @ jar:file:/D:/ubuntu/Turnover-Box-Chain/build/nodes/Operator/corda.jar!/reference.conf: 8,reference.conf @ jar:file:/D:/ubuntu/Turnover-Box-Chain/build/nodes/Operator/corda.jar!/reference.conf: 17
        "dataSource.url" : "jdbc:h2:file:D:\\ubuntu\\Turnover-Box-Chain\\build\\nodes\\Operator/persistence;DB_CLOSE_ON_EXIT=FALSE;LOCK_TIMEOUT=10000;WRITE_DELAY=100;AUTO_SERVER_PORT=0",
        # reference.conf @ jar:file:/D:/ubuntu/Turnover-Box-Chain/build/nodes/Operator/corda.jar!/reference.conf: 9
        "dataSource.user" : "sa",
        # reference.conf @ jar:file:/D:/ubuntu/Turnover-Box-Chain/build/nodes/Operator/corda.jar!/reference.conf: 7
        "dataSourceClassName" : "org.h2.jdbcx.JdbcDataSource"
    },
    # reference.conf @ jar:file:/D:/ubuntu/Turnover-Box-Chain/build/nodes/Operator/corda.jar!/reference.conf: 12
    "database" : {
        # reference.conf @ jar:file:/D:/ubuntu/Turnover-Box-Chain/build/nodes/Operator/corda.jar!/reference.conf: 14
        "exportHibernateJMXStatistics" : "false",
        # reference.conf @ jar:file:/D:/ubuntu/Turnover-Box-Chain/build/nodes/Operator/corda.jar!/reference.conf: 13
        "transactionIsolationLevel" : "REPEATABLE_READ"
    },
    # reference.conf @ jar:file:/D:/ubuntu/Turnover-Box-Chain/build/nodes/Operator/corda.jar!/reference.conf: 16
    "devMode" : true,
    # reference.conf @ jar:file:/D:/ubuntu/Turnover-Box-Chain/build/nodes/Operator/corda.jar!/reference.conf: 2
    "emailAddress" : "admin@company.com",
    # reference.conf @ jar:file:/D:/ubuntu/Turnover-Box-Chain/build/nodes/Operator/corda.jar!/reference.conf: 3
    "exportJMXto" : "http",
    # reference.conf @ jar:file:/D:/ubuntu/Turnover-Box-Chain/build/nodes/Operator/corda.jar!/reference.conf: 17
    "h2port" : 0,
    # reference.conf @ jar:file:/D:/ubuntu/Turnover-Box-Chain/build/nodes/Operator/corda.jar!/reference.conf: 4
    "keyStorePassword" : "cordacadevpass",
    # D:\ubuntu\Turnover-Box-Chain\build\nodes\Operator\node.conf: 1
    "myLegalName" : "O=Operator,L=Cologne,C=DE",
    # D:\ubuntu\Turnover-Box-Chain\build\nodes\Operator\node.conf: 2
    "p2pAddress" : "localhost:10005",
    # merge of D:\ubuntu\Turnover-Box-Chain\build\nodes\Operator\node.conf: 3,reference.conf @ jar:file:/D:/ubuntu/Turnover-Box-Chain/build/nodes/Operator/corda.jar!/reference.conf: 27
    "rpcSettings" : {
        # D:\ubuntu\Turnover-Box-Chain\build\nodes\Operator\node.conf: 4
        "address" : "localhost:10006",
        # D:\ubuntu\Turnover-Box-Chain\build\nodes\Operator\node.conf: 5
        "adminAddress" : "localhost:10046",
        # reference.conf @ jar:file:/D:/ubuntu/Turnover-Box-Chain/build/nodes/Operator/corda.jar!/reference.conf: 29
        "standAloneBroker" : false,
        # reference.conf @ jar:file:/D:/ubuntu/Turnover-Box-Chain/build/nodes/Operator/corda.jar!/reference.conf: 28
        "useSsl" : false
    },
    # D:\ubuntu\Turnover-Box-Chain\build\nodes\Operator\node.conf: 7
    "rpcUsers" : [
        # D:\ubuntu\Turnover-Box-Chain\build\nodes\Operator\node.conf: 8
        {
            # D:\ubuntu\Turnover-Box-Chain\build\nodes\Operator\node.conf: 9
            "password" : "test",
            # D:\ubuntu\Turnover-Box-Chain\build\nodes\Operator\node.conf: 10
            "permissions" : [
                # D:\ubuntu\Turnover-Box-Chain\build\nodes\Operator\node.conf: 11
                "ALL"
            ],
            # D:\ubuntu\Turnover-Box-Chain\build\nodes\Operator\node.conf: 13
            "user" : "user1"
        }
    ],
    # reference.conf @ jar:file:/D:/ubuntu/Turnover-Box-Chain/build/nodes/Operator/corda.jar!/reference.conf: 5
    "trustStorePassword" : "trustpass",
    # reference.conf @ jar:file:/D:/ubuntu/Turnover-Box-Chain/build/nodes/Operator/corda.jar!/reference.conf: 18
    "useTestClock" : false,
    # reference.conf @ jar:file:/D:/ubuntu/Turnover-Box-Chain/build/nodes/Operator/corda.jar!/reference.conf: 19
    "verifierType" : "InMemory",
    # D:\ubuntu\Turnover-Box-Chain\build\nodes\Operator\node.conf: 16
    "webAddress" : "localhost:10007"
}
 {}
[WARN ] 2018-09-14T17:57:01,457Z [main] internal.config.defaultToOldPath - Config key user has been deprecated and will be removed in a future release. Use username instead {}
[INFO ] 2018-09-14T17:57:01,662Z [main] internal.Node.logStartupInfo - Vendor: Corda Open Source {}
[INFO ] 2018-09-14T17:57:01,662Z [main] internal.Node.logStartupInfo - Release: 3.1-corda {}
[INFO ] 2018-09-14T17:57:01,662Z [main] internal.Node.logStartupInfo - Platform Version: 3 {}
[INFO ] 2018-09-14T17:57:01,663Z [main] internal.Node.logStartupInfo - Revision: d193dd85e0908aba9b245e40297f4b2073555905 {}
[INFO ] 2018-09-14T17:57:01,664Z [main] internal.Node.logStartupInfo - PID: 18256 {}
[INFO ] 2018-09-14T17:57:01,664Z [main] internal.Node.logStartupInfo - Main class: /D:/ubuntu/Turnover-Box-Chain/build/nodes/.cache/apps/net.corda.node.Corda_3.1-corda/corda-node-3.1-corda.jar {}
[INFO ] 2018-09-14T17:57:01,665Z [main] internal.Node.logStartupInfo - CommandLine Args: -Xmx200m -XX:+UseG1GC -javaagent:D:\ubuntu\Turnover-Box-Chain\build\nodes\Operator\corda.jar -javaagent:D:\ubuntu\Turnover-Box-Chain\build\nodes\.cache\apps\net.corda.node.Corda_3.1-corda\quasar-core-0.7.9-jdk8.jar=x(antlr**;bftsmart**;ch**;co.paralleluniverse**;com.codahale**;com.esotericsoftware**;com.fasterxml**;com.google**;com.ibm**;com.intellij**;com.jcabi**;com.nhaarman**;com.opengamma**;com.typesafe**;com.zaxxer**;de.javakaffee**;groovy**;groovyjarjarantlr**;groovyjarjarasm**;io.atomix**;io.github**;io.netty**;jdk**;joptsimple**;junit**;kotlin**;net.bytebuddy**;net.i2p**;org.apache**;org.assertj**;org.bouncycastle**;org.codehaus**;org.crsh**;org.dom4j**;org.fusesource**;org.h2**;org.hamcrest**;org.hibernate**;org.jboss**;org.jcp**;org.joda**;org.junit**;org.mockito**;org.objectweb**;org.objenesis**;org.slf4j**;org.w3c**;org.xml**;org.yaml**;reflectasm**;rx**;org.jolokia**) -Dcapsule.address=0.0.0.0 -Dvisualvm.display.name=Corda -Djava.library.path=C:\Program Files\Java\jdk1.8.0_172\bin;C:\WINDOWS\Sun\Java\bin;C:\WINDOWS\system32;C:\WINDOWS;C:\Program Files (x86)\Common Files\Oracle\Java\javapath;C:\ProgramData\Oracle\Java\javapath;C:\Program Files (x86)\Intel\iCLS Client;C:\Program Files\Intel\iCLS Client;C:\WINDOWS\system32;C:\WINDOWS;C:\WINDOWS\System32\Wbem;C:\WINDOWS\System32\WindowsPowerShell\v1.0;C:\Program Files (x86)\Intel\Intel(R) Management Engine Components\DAL;C:\Program Files\Intel\Intel(R) Management Engine Components\DAL;C:\Program Files (x86)\Intel\Intel(R) Management Engine Components\IPT;C:\Program Files\Intel\Intel(R) Management Engine Components\IPT;C:\Program Files\Microsoft SQL Server\130\Tools\Binn;C:\Program Files\MiKTeX 2.9\miktex\bin\x64;C:\Program Files (x86)\Java\jre1.8.0_141\lib;C:\Program Files\nodejs;C:\Program Files\MATLAB\R2017b\runtime\win64;C:\Program Files\MATLAB\R2017b\bin;C:\Program Files (x86)\GtkSharp\2.12\bin;C:\Program Files (x86)\Brackets\command;C:\Program Files\Git\cmd;C:\Program Files\Gradle\gradle-4.7\bin;C:\Go\bin;C:\WINDOWS\System32\OpenSSH;C:\Program Files (x86)\NVIDIA Corporation\PhysX\Common;C:\Users\Xiaoli Yang\AppData\Local\Programs\Python\Python35\Scripts;C:\Users\Xiaoli Yang\AppData\Local\Programs\Python\Python35;C:\Users\Xiaoli Yang\AppData\Local\Microsoft\WindowsApps;C:\Program Files (x86)\Microsoft VS Code\bin;C:\Users\Xiaoli Yang\AppData\Roaming\npm;%GOPATH%\bin;D:\ubuntu\Turnover-Box-Chain\build\nodes\.cache\apps\net.corda.node.Corda_3.1-corda -Dcapsule.log=1 -Dcapsule.app=net.corda.node.Corda_3.1-corda -Dcapsule.port=63264 -Dcapsule.dir=D:\ubuntu\Turnover-Box-Chain\build\nodes\.cache\apps\net.corda.node.Corda_3.1-corda -Dcapsule.jar=D:\ubuntu\Turnover-Box-Chain\build\nodes\Operator\corda.jar {}
[INFO ] 2018-09-14T17:57:01,666Z [main] internal.Node.logStartupInfo - Application Args: --just-generate-node-info {}
[INFO ] 2018-09-14T17:57:01,666Z [main] internal.Node.logStartupInfo - bootclasspath: C:\Program Files\Java\jdk1.8.0_172\jre\lib\resources.jar;C:\Program Files\Java\jdk1.8.0_172\jre\lib\rt.jar;C:\Program Files\Java\jdk1.8.0_172\jre\lib\sunrsasign.jar;C:\Program Files\Java\jdk1.8.0_172\jre\lib\jsse.jar;C:\Program Files\Java\jdk1.8.0_172\jre\lib\jce.jar;C:\Program Files\Java\jdk1.8.0_172\jre\lib\charsets.jar;C:\Program Files\Java\jdk1.8.0_172\jre\lib\jfr.jar;C:\Program Files\Java\jdk1.8.0_172\jre\classes {}
[INFO ] 2018-09-14T17:57:01,666Z [main] internal.Node.logStartupInfo - classpath: D:\ubuntu\Turnover-Box-Chain\build\nodes\Operator\corda.jar;D:\ubuntu\Turnover-Box-Chain\build\nodes\.cache\apps\net.corda.node.Corda_3.1-corda\corda-rpc-3.1-corda.jar;D:\ubuntu\Turnover-Box-Chain\build\nodes\.cache\apps\net.corda.node.Corda_3.1-corda\corda-node-api-3.1-corda.jar;D:\ubuntu\Turnover-Box-Chain\build\nodes\.cache\apps\net.corda.node.Corda_3.1-corda\corda-confidential-identities-3.1-corda.jar;D:\ubuntu\Turnover-Box-Chain\build\nodes\.cache\apps\net.corda.node.Corda_3.1-corda\cordform-common-3.1.0.jar;D:\ubuntu\Turnover-Box-Chain\build\nodes\.cache\apps\net.corda.node.Corda_3.1-corda\log4j-slf4j-impl-2.9.1.jar;D:\ubuntu\Turnover-Box-Chain\build\nodes\.cache\apps\net.corda.node.Corda_3.1-corda\log4j-web-2.9.1.jar;D:\ubuntu\Turnover-Box-Chain\build\nodes\.cache\apps\net.corda.node.Corda_3.1-corda\jul-to-slf4j-1.7.25.jar;D:\ubuntu\Turnover-Box-Chain\build\nodes\.cache\apps\net.corda.node.Corda_3.1-corda\corda-jackson-3.1-corda.jar;D:\ubuntu\Turnover-Box-Chain\build\nodes\.cache\apps\net.corda.node.Corda_3.1-corda\corda-core-3.1-corda.jar;D:\ubuntu\Turnover-Box-Chain\build\nodes\.cache\apps\net.corda.node.Corda_3.1-corda\kotlin-stdlib-jre8-1.1.60.jar;D:\ubuntu\Turnover-Box-Chain\build\nodes\.cache\apps\net.corda.node.Corda_3.1-corda\jackson-module-kotlin-2.9.2.jar;D:\ubuntu\Turnover-Box-Chain\build\nodes\.cache\apps\net.corda.node.Corda_3.1-corda\kotlin-reflect-1.1.60.jar;D:\ubuntu\Turnover-Box-Chain\build\nodes\.cache\apps\net.corda.node.Corda_3.1-corda\jimfs-1.1.jar;D:\ubuntu\Turnover-Box-Chain\build\nodes\.cache\apps\net.corda.node.Corda_3.1-corda\artemis-amqp-protocol-2.2.0.jar;D:\ubuntu\Turnover-Box-Chain\build\nodes\.cache\apps\net.corda.node.Corda_3.1-corda\artemis-server-2.2.0.jar;D:\ubuntu\Turnover-Box-Chain\build\nodes\.cache\apps\net.corda.node.Corda_3.1-corda\artemis-jdbc-store-2.2.0.jar;D:\ubuntu\Turnover-Box-Chain\build\nodes\.cache\apps\net.corda.node.Corda_3.1-corda\artemis-jms-client-2.2.0.jar;D:\ubuntu\Turnover-Box-Chain\build\nodes\.cache\apps\net.corda.node.Corda_3.1-corda\artemis-core-client-2.2.0.jar;D:\ubuntu\Turnover-Box-Chain\build\nodes\.cache\apps\net.corda.node.Corda_3.1-corda\artemis-journal-2.2.0.jar;D:\ubuntu\Turnover-Box-Chain\build\nodes\.cache\apps\net.corda.node.Corda_3.1-corda\artemis-commons-2.2.0.jar;D:\ubuntu\Turnover-Box-Chain\build\nodes\.cache\apps\net.corda.node.Corda_3.1-corda\guava-21.0.jar;D:\ubuntu\Turnover-Box-Chain\build\nodes\.cache\apps\net.corda.node.Corda_3.1-corda\jopt-simple-5.0.2.jar;D:\ubuntu\Turnover-Box-Chain\build\nodes\.cache\apps\net.corda.node.Corda_3.1-corda\commons-collections4-4.1.jar;D:\ubuntu\Turnover-Box-Chain\build\nodes\.cache\apps\net.corda.node.Corda_3.1-corda\shiro-core-1.4.0.jar;D:\ubuntu\Turnover-Box-Chain\build\nodes\.cache\apps\net.corda.node.Corda_3.1-corda\shiro-config-ogdl-1.4.0.jar;D:\ubuntu\Turnover-Box-Chain\build\nodes\.cache\apps\net.corda.node.Corda_3.1-corda\commons-beanutils-1.9.3.jar;D:\ubuntu\Turnover-Box-Chain\build\nodes\.cache\apps\net.corda.node.Corda_3.1-corda\jansi-1.14.jar;D:\ubuntu\Turnover-Box-Chain\build\nodes\.cache\apps\net.corda.node.Corda_3.1-corda\jcabi-manifests-1.1.jar;D:\ubuntu\Turnover-Box-Chain\build\nodes\.cache\apps\net.corda.node.Corda_3.1-corda\forms_rt-7.0.3.jar;D:\ubuntu\Turnover-Box-Chain\build\nodes\.cache\apps\net.corda.node.Corda_3.1-corda\json-20180130.jar;D:\ubuntu\Turnover-Box-Chain\build\nodes\.cache\apps\net.corda.node.Corda_3.1-corda\metrics-core-3.1.2.jar;D:\ubuntu\Turnover-Box-Chain\build\nodes\.cache\apps\net.corda.node.Corda_3.1-corda\config-1.3.1.jar;D:\ubuntu\Turnover-Box-Chain\build\nodes\.cache\apps\net.corda.node.Corda_3.1-corda\h2-1.4.194.jar;D:\ubuntu\Turnover-Box-Chain\build\nodes\.cache\apps\net.corda.node.Corda_3.1-corda\postgresql-42.1.4.jar;D:\ubuntu\Turnover-Box-Chain\build\nodes\.cache\apps\net.corda.node.Corda_3.1-corda\HikariCP-2.5.1.jar;D:\ubuntu\Turnover-Box-Chain\build\nodes\.cache\apps\net.corda.node.Corda_3.1-corda\hibernate-java8-5.2.6.Final.jar;D:\ubuntu\Turnover-Box-Chain\build\nodes\.cache\apps\net.corda.node.Corda_3.1-corda\hibernate-core-5.2.6.Final.jar;D:\ubuntu\Turnover-Box-Chain\build\nodes\.cache\apps\net.corda.node.Corda_3.1-corda\copycat-client-1.2.3.jar;D:\ubuntu\Turnover-Box-Chain\build\nodes\.cache\apps\net.corda.node.Corda_3.1-corda\copycat-server-1.2.3.jar;D:\ubuntu\Turnover-Box-Chain\build\nodes\.cache\apps\net.corda.node.Corda_3.1-corda\catalyst-netty-1.1.2.jar;D:\ubuntu\Turnover-Box-Chain\build\nodes\.cache\apps\net.corda.node.Corda_3.1-corda\netty-all-4.1.9.Final.jar;D:\ubuntu\Turnover-Box-Chain\build\nodes\.cache\apps\net.corda.node.Corda_3.1-corda\crash.connectors.ssh-cadb53544fbb3c0fb901445da614998a6a419488.jar;D:\ubuntu\Turnover-Box-Chain\build\nodes\.cache\apps\net.corda.node.Corda_3.1-corda\crash.shell-cadb53544fbb3c0fb901445da614998a6a419488.jar;D:\ubuntu\Turnover-Box-Chain\build\nodes\.cache\apps\net.corda.node.Corda_3.1-corda\okhttp-3.5.0.jar;D:\ubuntu\Turnover-Box-Chain\build\nodes\.cache\apps\net.corda.node.Corda_3.1-corda\commons-codec-1.10.jar;D:\ubuntu\Turnover-Box-Chain\build\nodes\.cache\apps\net.corda.node.Corda_3.1-corda\library-master-v1.1-beta-g6215ec8-87.jar;D:\ubuntu\Turnover-Box-Chain\build\nodes\.cache\apps\net.corda.node.Corda_3.1-corda\jolokia-jvm-1.3.7-agent.jar;D:\ubuntu\Turnover-Box-Chain\build\nodes\.cache\apps\net.corda.node.Corda_3.1-corda\quasar-core-0.7.9-jdk8.jar;D:\ubuntu\Turnover-Box-Chain\build\nodes\.cache\apps\net.corda.node.Corda_3.1-corda\commons-fileupload-1.3.3.jar;D:\ubuntu\Turnover-Box-Chain\build\nodes\.cache\apps\net.corda.node.Corda_3.1-corda\kryo-serializers-0.41.jar;D:\ubuntu\Turnover-Box-Chain\build\nodes\.cache\apps\net.corda.node.Corda_3.1-corda\kryo-4.0.0.jar;D:\ubuntu\Turnover-Box-Chain\build\nodes\.cache\apps\net.corda.node.Corda_3.1-corda\proton-j-0.21.0.jar;D:\ubuntu\Turnover-Box-Chain\build\nodes\.cache\apps\net.corda.node.Corda_3.1-corda\fast-classpath-scanner-2.12.3.jar;D:\ubuntu\Turnover-Box-Chain\build\nodes\.cache\apps\net.corda.node.Corda_3.1-corda\jsr305-3.0.2.jar;D:\ubuntu\Turnover-Box-Chain\build\nodes\.cache\apps\net.corda.node.Corda_3.1-corda\jcabi-log-0.14.jar;D:\ubuntu\Turnover-Box-Chain\build\nodes\.cache\apps\net.corda.node.Corda_3.1-corda\copycat-protocol-1.2.3.jar;D:\ubuntu\Turnover-Box-Chain\build\nodes\.cache\apps\net.corda.node.Corda_3.1-corda\catalyst-transport-1.1.2.jar;D:\ubuntu\Turnover-Box-Chain\build\nodes\.cache\apps\net.corda.node.Corda_3.1-corda\mina-core-2.0.16.jar;D:\ubuntu\Turnover-Box-Chain\build\nodes\.cache\apps\net.corda.node.Corda_3.1-corda\shiro-cache-1.4.0.jar;D:\ubuntu\Turnover-Box-Chain\build\nodes\.cache\apps\net.corda.node.Corda_3.1-corda\shiro-crypto-hash-1.4.0.jar;D:\ubuntu\Turnover-Box-Chain\build\nodes\.cache\apps\net.corda.node.Corda_3.1-corda\shiro-crypto-cipher-1.4.0.jar;D:\ubuntu\Turnover-Box-Chain\build\nodes\.cache\apps\net.corda.node.Corda_3.1-corda\shiro-config-core-1.4.0.jar;D:\ubuntu\Turnover-Box-Chain\build\nodes\.cache\apps\net.corda.node.Corda_3.1-corda\shiro-event-1.4.0.jar;D:\ubuntu\Turnover-Box-Chain\build\nodes\.cache\apps\net.corda.node.Corda_3.1-corda\shiro-crypto-core-1.4.0.jar;D:\ubuntu\Turnover-Box-Chain\build\nodes\.cache\apps\net.corda.node.Corda_3.1-corda\shiro-lang-1.4.0.jar;D:\ubuntu\Turnover-Box-Chain\build\nodes\.cache\apps\net.corda.node.Corda_3.1-corda\jcl-over-slf4j-1.7.25.jar;D:\ubuntu\Turnover-Box-Chain\build\nodes\.cache\apps\net.corda.node.Corda_3.1-corda\catalyst-concurrent-1.1.2.jar;D:\ubuntu\Turnover-Box-Chain\build\nodes\.cache\apps\net.corda.node.Corda_3.1-corda\catalyst-serializer-1.1.2.jar;D:\ubuntu\Turnover-Box-Chain\build\nodes\.cache\apps\net.corda.node.Corda_3.1-corda\catalyst-buffer-1.1.2.jar;D:\ubuntu\Turnover-Box-Chain\build\nodes\.cache\apps\net.corda.node.Corda_3.1-corda\catalyst-common-1.1.2.jar;D:\ubuntu\Turnover-Box-Chain\build\nodes\.cache\apps\net.corda.node.Corda_3.1-corda\sshd-pam-0.11.0.jar;D:\ubuntu\Turnover-Box-Chain\build\nodes\.cache\apps\net.corda.node.Corda_3.1-corda\sshd-core-1.6.0.jar;D:\ubuntu\Turnover-Box-Chain\build\nodes\.cache\apps\net.corda.node.Corda_3.1-corda\slf4j-api-1.7.25.jar;D:\ubuntu\Turnover-Box-Chain\build\nodes\.cache\apps\net.corda.node.Corda_3.1-corda\log4j-core-2.9.1.jar;D:\ubuntu\Turnover-Box-Chain\build\nodes\.cache\apps\net.corda.node.Corda_3.1-corda\log4j-api-2.9.1.jar;D:\ubuntu\Turnover-Box-Chain\build\nodes\.cache\apps\net.corda.node.Corda_3.1-corda\kotlin-stdlib-jre7-1.1.60.jar;D:\ubuntu\Turnover-Box-Chain\build\nodes\.cache\apps\net.corda.node.Corda_3.1-corda\kotlin-stdlib-1.1.60.jar;D:\ubuntu\Turnover-Box-Chain\build\nodes\.cache\apps\net.corda.node.Corda_3.1-corda\commons-collections-3.2.2.jar;D:\ubuntu\Turnover-Box-Chain\build\nodes\.cache\apps\net.corda.node.Corda_3.1-corda\hibernate-commons-annotations-5.0.1.Final.jar;D:\ubuntu\Turnover-Box-Chain\build\nodes\.cache\apps\net.corda.node.Corda_3.1-corda\artemis-native-2.2.0.jar;D:\ubuntu\Turnover-Box-Chain\build\nodes\.cache\apps\net.corda.node.Corda_3.1-corda\jboss-logging-3.3.0.Final.jar;D:\ubuntu\Turnover-Box-Chain\build\nodes\.cache\apps\net.corda.node.Corda_3.1-corda\artemis-selector-2.2.0.jar;D:\ubuntu\Turnover-Box-Chain\build\nodes\.cache\apps\net.corda.node.Corda_3.1-corda\jgroups-3.6.13.Final.jar;D:\ubuntu\Turnover-Box-Chain\build\nodes\.cache\apps\net.corda.node.Corda_3.1-corda\geronimo-json_1.0_spec-1.0-alpha-1.jar;D:\ubuntu\Turnover-Box-Chain\build\nodes\.cache\apps\net.corda.node.Corda_3.1-corda\johnzon-core-0.9.5.jar;D:\ubuntu\Turnover-Box-Chain\build\nodes\.cache\apps\net.corda.node.Corda_3.1-corda\forms-1.1-preview.jar;D:\ubuntu\Turnover-Box-Chain\build\nodes\.cache\apps\net.corda.node.Corda_3.1-corda\jdom-1.0.jar;D:\ubuntu\Turnover-Box-Chain\build\nodes\.cache\apps\net.corda.node.Corda_3.1-corda\jackson-dataformat-yaml-2.9.2.jar;D:\ubuntu\Turnover-Box-Chain\build\nodes\.cache\apps\net.corda.node.Corda_3.1-corda\jackson-datatype-jsr310-2.9.2.jar;D:\ubuntu\Turnover-Box-Chain\build\nodes\.cache\apps\net.corda.node.Corda_3.1-corda\hibernate-jpa-2.1-api-1.0.0.Final.jar;D:\ubuntu\Turnover-Box-Chain\build\nodes\.cache\apps\net.corda.node.Corda_3.1-corda\javassist-3.20.0-GA.jar;D:\ubuntu\Turnover-Box-Chain\build\nodes\.cache\apps\net.corda.node.Corda_3.1-corda\antlr-2.7.7.jar;D:\ubuntu\Turnover-Box-Chain\build\nodes\.cache\apps\net.corda.node.Corda_3.1-corda\geronimo-jta_1.1_spec-1.1.1.jar;D:\ubuntu\Turnover-Box-Chain\build\nodes\.cache\apps\net.corda.node.Corda_3.1-corda\jandex-2.0.3.Final.jar;D:\ubuntu\Turnover-Box-Chain\build\nodes\.cache\apps\net.corda.node.Corda_3.1-corda\classmate-1.3.0.jar;D:\ubuntu\Turnover-Box-Chain\build\nodes\.cache\apps\net.corda.node.Corda_3.1-corda\dom4j-1.6.1.jar;D:\ubuntu\Turnover-Box-Chain\build\nodes\.cache\apps\net.corda.node.Corda_3.1-corda\cdi-api-1.1.jar;D:\ubuntu\Turnover-Box-Chain\build\nodes\.cache\apps\net.corda.node.Corda_3.1-corda\crash.cli-cadb53544fbb3c0fb901445da614998a6a419488.jar;D:\ubuntu\Turnover-Box-Chain\build\nodes\.cache\apps\net.corda.node.Corda_3.1-corda\groovy-all-1.8.9.jar;D:\ubuntu\Turnover-Box-Chain\build\nodes\.cache\apps\net.corda.node.Corda_3.1-corda\okio-1.11.0.jar;D:\ubuntu\Turnover-Box-Chain\build\nodes\.cache\apps\net.corda.node.Corda_3.1-corda\jolokia-core-1.3.7.jar;D:\ubuntu\Turnover-Box-Chain\build\nodes\.cache\apps\net.corda.node.Corda_3.1-corda\json-simple-1.1.1.jar;D:\ubuntu\Turnover-Box-Chain\build\nodes\.cache\apps\net.corda.node.Corda_3.1-corda\rxjava-1.2.4.jar;D:\ubuntu\Turnover-Box-Chain\build\nodes\.cache\apps\net.corda.node.Corda_3.1-corda\commons-jexl3-3.0.jar;D:\ubuntu\Turnover-Box-Chain\build\nodes\.cache\apps\net.corda.node.Corda_3.1-corda\jackson-databind-2.9.2.jar;D:\ubuntu\Turnover-Box-Chain\build\nodes\.cache\apps\net.corda.node.Corda_3.1-corda\eddsa-0.2.0.jar;D:\ubuntu\Turnover-Box-Chain\build\nodes\.cache\apps\net.corda.node.Corda_3.1-corda\bcpkix-jdk15on-1.57.jar;D:\ubuntu\Turnover-Box-Chain\build\nodes\.cache\apps\net.corda.node.Corda_3.1-corda\bcprov-jdk15on-1.57.jar;D:\ubuntu\Turnover-Box-Chain\build\nodes\.cache\apps\net.corda.node.Corda_3.1-corda\commons-io-2.2.jar;D:\ubuntu\Turnover-Box-Chain\build\nodes\.cache\apps\net.corda.node.Corda_3.1-corda\reflectasm-1.11.3.jar;D:\ubuntu\Turnover-Box-Chain\build\nodes\.cache\apps\net.corda.node.Corda_3.1-corda\minlog-1.3.0.jar;D:\ubuntu\Turnover-Box-Chain\build\nodes\.cache\apps\net.corda.node.Corda_3.1-corda\objenesis-2.2.jar;D:\ubuntu\Turnover-Box-Chain\build\nodes\.cache\apps\net.corda.node.Corda_3.1-corda\annotations-13.0.jar;D:\ubuntu\Turnover-Box-Chain\build\nodes\.cache\apps\net.corda.node.Corda_3.1-corda\jackson-annotations-2.9.0.jar;D:\ubuntu\Turnover-Box-Chain\build\nodes\.cache\apps\net.corda.node.Corda_3.1-corda\snakeyaml-1.18.jar;D:\ubuntu\Turnover-Box-Chain\build\nodes\.cache\apps\net.corda.node.Corda_3.1-corda\jackson-core-2.9.2.jar;D:\ubuntu\Turnover-Box-Chain\build\nodes\.cache\apps\net.corda.node.Corda_3.1-corda\el-api-2.2.jar;D:\ubuntu\Turnover-Box-Chain\build\nodes\.cache\apps\net.corda.node.Corda_3.1-corda\jboss-interceptors-api_1.1_spec-1.0.0.Beta1.jar;D:\ubuntu\Turnover-Box-Chain\build\nodes\.cache\apps\net.corda.node.Corda_3.1-corda\jsr250-api-1.0.jar;D:\ubuntu\Turnover-Box-Chain\build\nodes\.cache\apps\net.corda.node.Corda_3.1-corda\javax.inject-1.jar;D:\ubuntu\Turnover-Box-Chain\build\nodes\.cache\apps\net.corda.node.Corda_3.1-corda\jpam-1.1.jar;D:\ubuntu\Turnover-Box-Chain\build\nodes\.cache\apps\net.corda.node.Corda_3.1-corda\geronimo-jms_2.0_spec-1.0-alpha-2.jar;D:\ubuntu\Turnover-Box-Chain\build\nodes\.cache\apps\net.corda.node.Corda_3.1-corda\asm-5.0.4.jar;D:\ubuntu\Turnover-Box-Chain\build\nodes\.cache\apps\net.corda.node.Corda_3.1-corda\corda-node-3.1-corda.jar;D:\ubuntu\Turnover-Box-Chain\build\nodes\Operator\corda.jar;D:\ubuntu\Turnover-Box-Chain\build\nodes\.cache\apps\net.corda.node.Corda_3.1-corda\quasar-core-0.7.9-jdk8.jar {}
[INFO ] 2018-09-14T17:57:01,671Z [main] internal.Node.logStartupInfo - VM Java HotSpot(TM) 64-Bit Server VM Oracle Corporation 25.172-b11 {}
[INFO ] 2018-09-14T17:57:01,671Z [main] internal.Node.logStartupInfo - Machine: DESKTOP-BKO44JE {}
[INFO ] 2018-09-14T17:57:01,672Z [main] internal.Node.logStartupInfo - Working Directory: D:\ubuntu\Turnover-Box-Chain\build\nodes\Operator {}
[INFO ] 2018-09-14T17:57:01,673Z [main] internal.Node.logStartupInfo - Starting as node on localhost:10005 {}
[INFO ] 2018-09-14T17:57:02,410Z [main] cordapp.CordappLoader.<init> - No CorDapp paths provided {}
[INFO ] 2018-09-14T17:57:05,115Z [main] internal.Node.generateAndSaveNodeInfo - Generating nodeInfo ... {}
[WARN ] 2018-09-14T17:57:05,116Z [main] internal.Node.initCertificate - Corda node is running in dev mode. {}
[INFO ] 2018-09-14T17:57:11,363Z [main] internal.Node.obtainIdentity - identity-private-key not found in key store D:\ubuntu\Turnover-Box-Chain\build\nodes\Operator\certificates\nodekeystore.jks, generating fresh key! {}
[INFO ] 2018-09-14T17:57:14,560Z [main] BasicInfo.printBasicNodeInfo - Database connection url is              : jdbc:h2:tcp://134.61.76.167:63288/node {}
[INFO ] 2018-09-14T17:57:14,764Z [main] hikari.HikariDataSource.<init> - HikariPool-1 - Started. {}
[INFO ] 2018-09-14T17:57:15,496Z [main] internal.Node.invoke - Connected to H2 database. {}
[INFO ] 2018-09-14T17:57:16,287Z [main] persistence.HibernateConfiguration.<init> - Init HibernateConfiguration for schemas: [CommonSchemaV1(name=net.corda.core.schemas.CommonSchema, version=1), VaultSchemaV1(name=net.corda.node.services.vault.VaultSchema, version=1), NodeInfoSchemaV1(name=net.corda.node.internal.schemas.NodeInfoSchema, version=1), NodeCoreV1(name=net.corda.node.services.schema.NodeSchemaService$NodeCore, version=1)] {}
[INFO ] 2018-09-14T17:57:16,300Z [main] persistence.HibernateConfiguration.makeSessionFactoryForSchemas - Creating session factory for schemas: [CommonSchemaV1(name=net.corda.core.schemas.CommonSchema, version=1), VaultSchemaV1(name=net.corda.node.services.vault.VaultSchema, version=1), NodeInfoSchemaV1(name=net.corda.node.internal.schemas.NodeInfoSchema, version=1), NodeCoreV1(name=net.corda.node.services.schema.NodeSchemaService$NodeCore, version=1)] {}
[INFO ] 2018-09-14T17:57:17,327Z [main] hibernate.Version.logVersion - HHH000412: Hibernate Core {5.2.6.Final} {}
[INFO ] 2018-09-14T17:57:17,330Z [main] cfg.Environment.<clinit> - HHH000206: hibernate.properties not found {}
[INFO ] 2018-09-14T17:57:17,774Z [main] common.Version.<clinit> - HCANN000001: Hibernate Commons Annotations {5.0.1.Final} {}
[INFO ] 2018-09-14T17:57:18,546Z [main] internal.ConnectionProviderInitiator.initiateService - HHH000130: Instantiating explicit connection provider: net.corda.nodeapi.internal.persistence.HibernateConfiguration$NodeDatabaseConnectionProvider {}
[INFO ] 2018-09-14T17:57:18,646Z [main] dialect.Dialect.<init> - HHH000400: Using dialect: org.hibernate.dialect.H2Dialect {}
[INFO ] 2018-09-14T17:57:19,080Z [main] type.BasicTypeRegistry.register - HHH000270: Type registration [materialized_blob] overrides previous : org.hibernate.type.MaterializedBlobType@60990e5c {}
[INFO ] 2018-09-14T17:57:25,721Z [main] connections.access.getIsolatedConnection - HHH10001501: Connection obtained from JdbcConnectionAccess [org.hibernate.engine.jdbc.env.internal.JdbcEnvironmentInitiator$ConnectionProviderJdbcConnectionAccess@23121d14] for (non-JTA) DDL execution was not in auto-commit mode; the Connection 'local transaction' will be committed and the Connection will be set into auto-commit mode. {}
[INFO ] 2018-09-14T17:57:27,032Z [main] persistence.HibernateConfiguration.makeSessionFactoryForSchemas - Created session factory for schemas: [CommonSchemaV1(name=net.corda.core.schemas.CommonSchema, version=1), VaultSchemaV1(name=net.corda.node.services.vault.VaultSchema, version=1), NodeInfoSchemaV1(name=net.corda.node.internal.schemas.NodeInfoSchema, version=1), NodeCoreV1(name=net.corda.node.services.schema.NodeSchemaService$NodeCore, version=1)] {}
[INFO ] 2018-09-14T17:57:28,071Z [main] internal.QueryTranslatorFactoryInitiator.initiateService - HHH000397: Using ASTQueryTranslatorFactory {}
[INFO ] 2018-09-14T17:57:31,859Z [main] internal.Node.tryDetectIfNotPublicHost - Detected public IP: 134.61.76.167. This will be used instead of the provided "localhost" as the advertised address. {}
[INFO ] 2018-09-14T17:57:32,096Z [main] internal.Node.updateNodeInfo - Node-info has changed so submitting update. Old node-info was null {}
[INFO ] 2018-09-14T17:57:32,098Z [main] network.PersistentNetworkMapCache.addNode - Adding node with info: NodeInfo(addresses=[134.61.76.167:10005], legalIdentitiesAndCerts=[O=Operator, L=Cologne, C=DE], platformVersion=3, serial=1536947852098) {}
[INFO ] 2018-09-14T17:57:32,216Z [main] network.PersistentNetworkMapCache.addNode - No previous node found {}
[INFO ] 2018-09-14T17:57:34,902Z [main] network.PersistentNetworkMapCache.addNode - Done adding node with info: NodeInfo(addresses=[134.61.76.167:10005], legalIdentitiesAndCerts=[O=Operator, L=Cologne, C=DE], platformVersion=3, serial=1536947852098) {}
[INFO ] 2018-09-14T17:57:34,902Z [main] internal.Node.updateNodeInfo - New node-info: NodeInfo(addresses=[134.61.76.167:10005], legalIdentitiesAndCerts=[O=Operator, L=Cologne, C=DE], platformVersion=3, serial=1536947852098) {}
[INFO ] 2018-09-14T17:57:35,721Z [main] internal.Node.run - Node exiting successfully {}
[INFO ] 2018-09-14T18:03:11,229Z [main] manifests.Manifests.info - 111 attributes loaded from 129 stream(s) in 5s, 111 saved, 1990 ignored: ["ActiveMQ-Version", "Agent-Class", "Ant-Version", "Application-Class", "Application-Library-Allowable-Codebase", "Application-Name", "Application-Version", "Archiver-Version", "Automatic-Module-Name", "Bnd-LastModified", "Branch", "Build-Date", "Build-Host", "Build-Id", "Build-Java-Version", "Build-Jdk", "Build-Job", "Build-Number", "Build-Timestamp", "Built-By", "Built-OS", "Built-Status", "Bundle-Activator", "Bundle-Category", "Bundle-ClassPath", "Bundle-Copyright", "Bundle-Description", "Bundle-DocURL", "Bundle-License", "Bundle-ManifestVersion", "Bundle-Name", "Bundle-RequiredExecutionEnvironment", "Bundle-SymbolicName", "Bundle-Vendor", "Bundle-Version", "Caller-Allowable-Codebase", "Can-Redefine-Classes", "Can-Retransform-Classes", "Can-Set-Native-Method-Prefix", "Caplets", "Change", "Codebase", "Corda-Platform-Version", "Corda-Release-Version", "Corda-Revision", "Corda-Vendor", "Created-By", "DynamicImport-Package", "Eclipse-BuddyPolicy", "Eclipse-LazyStart", "Export-Package", "Extension-Name", "Fragment-Host", "Gradle-Version", "Ignore-Package", "Implementation-Build", "Implementation-Build-Date", "Implementation-Title", "Implementation-URL", "Implementation-Url", "Implementation-Vendor", "Implementation-Vendor-Id", "Implementation-Version", "Import-Package", "Include-Resource", "JCabi-Build", "JCabi-Date", "JCabi-Version", "JVM-Args", "Java-Agents", "Java-Vendor", "Java-Version", "Kotlin-Runtime-Component", "Kotlin-Version", "Log4jReleaseKey", "Log4jReleaseManager", "Log4jReleaseVersion", "Main-Class", "Main-class", "Manifest-Version", "Min-Java-Version", "Min-Update-Version", "Module-Email", "Module-Origin", "Module-Owner", "Module-Source", "Multi-Release", "Originally-Created-By", "Os-Arch", "Os-Name", "Os-Version", "Package", "Permissions", "Premain-Class", "Private-Package", "Provide-Capability", "Require-Capability", "SCM-Revision", "SCM-url", "Scm-Connection", "Scm-Revision", "Scm-Url", "Service-Component", "Specification-Title", "Specification-Vendor", "Specification-Version", "System-Properties", "Tool", "Trusted-Library", "X-Compile-Source-JDK", "X-Compile-Target-JDK"] {}
[INFO ] 2018-09-14T18:06:21,922Z [main] BasicInfo.printBasicNodeInfo - Logs can be found in                    : D:\ubuntu\Turnover-Box-Chain\build\nodes\Operator\logs {}
[INFO ] 2018-09-14T18:06:22,044Z [main] config.ConfigHelper.loadConfig - Config:
{
    # reference.conf @ jar:file:/D:/ubuntu/Turnover-Box-Chain/build/nodes/Operator/corda.jar!/reference.conf: 20
    "activeMQServer" : {
        # reference.conf @ jar:file:/D:/ubuntu/Turnover-Box-Chain/build/nodes/Operator/corda.jar!/reference.conf: 21
        "bridge" : {
            # reference.conf @ jar:file:/D:/ubuntu/Turnover-Box-Chain/build/nodes/Operator/corda.jar!/reference.conf: 24
            "maxRetryIntervalMin" : 3,
            # reference.conf @ jar:file:/D:/ubuntu/Turnover-Box-Chain/build/nodes/Operator/corda.jar!/reference.conf: 22
            "retryIntervalMs" : 5000,
            # reference.conf @ jar:file:/D:/ubuntu/Turnover-Box-Chain/build/nodes/Operator/corda.jar!/reference.conf: 23
            "retryIntervalMultiplier" : 1.5
        }
    },
    # hardcoded value
    "baseDirectory" : "D:\\ubuntu\\Turnover-Box-Chain\\build\\nodes\\Operator",
    # merge of reference.conf @ jar:file:/D:/ubuntu/Turnover-Box-Chain/build/nodes/Operator/corda.jar!/reference.conf: 6,reference.conf @ jar:file:/C:/Users/Xiaoli%20Yang/AppData/Local/capsule/apps/net.corda.node.Corda_3.1-corda/corda-node-3.1-corda.jar!/reference.conf: 6
    "dataSourceProperties" : {
        # reference.conf @ jar:file:/D:/ubuntu/Turnover-Box-Chain/build/nodes/Operator/corda.jar!/reference.conf: 10
        "dataSource.password" : "",
        # merge of reference.conf @ jar:file:/D:/ubuntu/Turnover-Box-Chain/build/nodes/Operator/corda.jar!/reference.conf: 8,hardcoded value,reference.conf @ jar:file:/D:/ubuntu/Turnover-Box-Chain/build/nodes/Operator/corda.jar!/reference.conf: 8,reference.conf @ jar:file:/D:/ubuntu/Turnover-Box-Chain/build/nodes/Operator/corda.jar!/reference.conf: 17
        "dataSource.url" : "jdbc:h2:file:D:\\ubuntu\\Turnover-Box-Chain\\build\\nodes\\Operator/persistence;DB_CLOSE_ON_EXIT=FALSE;LOCK_TIMEOUT=10000;WRITE_DELAY=100;AUTO_SERVER_PORT=0",
        # reference.conf @ jar:file:/D:/ubuntu/Turnover-Box-Chain/build/nodes/Operator/corda.jar!/reference.conf: 9
        "dataSource.user" : "sa",
        # reference.conf @ jar:file:/D:/ubuntu/Turnover-Box-Chain/build/nodes/Operator/corda.jar!/reference.conf: 7
        "dataSourceClassName" : "org.h2.jdbcx.JdbcDataSource"
    },
    # reference.conf @ jar:file:/D:/ubuntu/Turnover-Box-Chain/build/nodes/Operator/corda.jar!/reference.conf: 12
    "database" : {
        # reference.conf @ jar:file:/D:/ubuntu/Turnover-Box-Chain/build/nodes/Operator/corda.jar!/reference.conf: 14
        "exportHibernateJMXStatistics" : "false",
        # reference.conf @ jar:file:/D:/ubuntu/Turnover-Box-Chain/build/nodes/Operator/corda.jar!/reference.conf: 13
        "transactionIsolationLevel" : "REPEATABLE_READ"
    },
    # reference.conf @ jar:file:/D:/ubuntu/Turnover-Box-Chain/build/nodes/Operator/corda.jar!/reference.conf: 16
    "devMode" : true,
    # reference.conf @ jar:file:/D:/ubuntu/Turnover-Box-Chain/build/nodes/Operator/corda.jar!/reference.conf: 2
    "emailAddress" : "admin@company.com",
    # reference.conf @ jar:file:/D:/ubuntu/Turnover-Box-Chain/build/nodes/Operator/corda.jar!/reference.conf: 3
    "exportJMXto" : "http",
    # reference.conf @ jar:file:/D:/ubuntu/Turnover-Box-Chain/build/nodes/Operator/corda.jar!/reference.conf: 17
    "h2port" : 0,
    # reference.conf @ jar:file:/D:/ubuntu/Turnover-Box-Chain/build/nodes/Operator/corda.jar!/reference.conf: 4
    "keyStorePassword" : "cordacadevpass",
    # D:\ubuntu\Turnover-Box-Chain\build\nodes\Operator\node.conf: 1
    "myLegalName" : "O=Operator,L=Cologne,C=DE",
    # D:\ubuntu\Turnover-Box-Chain\build\nodes\Operator\node.conf: 2
    "p2pAddress" : "localhost:10005",
    # merge of D:\ubuntu\Turnover-Box-Chain\build\nodes\Operator\node.conf: 3,reference.conf @ jar:file:/D:/ubuntu/Turnover-Box-Chain/build/nodes/Operator/corda.jar!/reference.conf: 27
    "rpcSettings" : {
        # D:\ubuntu\Turnover-Box-Chain\build\nodes\Operator\node.conf: 4
        "address" : "localhost:10006",
        # D:\ubuntu\Turnover-Box-Chain\build\nodes\Operator\node.conf: 5
        "adminAddress" : "localhost:10046",
        # reference.conf @ jar:file:/D:/ubuntu/Turnover-Box-Chain/build/nodes/Operator/corda.jar!/reference.conf: 29
        "standAloneBroker" : false,
        # reference.conf @ jar:file:/D:/ubuntu/Turnover-Box-Chain/build/nodes/Operator/corda.jar!/reference.conf: 28
        "useSsl" : false
    },
    # D:\ubuntu\Turnover-Box-Chain\build\nodes\Operator\node.conf: 7
    "rpcUsers" : [
        # D:\ubuntu\Turnover-Box-Chain\build\nodes\Operator\node.conf: 8
        {
            # D:\ubuntu\Turnover-Box-Chain\build\nodes\Operator\node.conf: 9
            "password" : "test",
            # D:\ubuntu\Turnover-Box-Chain\build\nodes\Operator\node.conf: 10
            "permissions" : [
                # D:\ubuntu\Turnover-Box-Chain\build\nodes\Operator\node.conf: 11
                "ALL"
            ],
            # D:\ubuntu\Turnover-Box-Chain\build\nodes\Operator\node.conf: 13
            "user" : "user1"
        }
    ],
    # reference.conf @ jar:file:/D:/ubuntu/Turnover-Box-Chain/build/nodes/Operator/corda.jar!/reference.conf: 5
    "trustStorePassword" : "trustpass",
    # reference.conf @ jar:file:/D:/ubuntu/Turnover-Box-Chain/build/nodes/Operator/corda.jar!/reference.conf: 18
    "useTestClock" : false,
    # reference.conf @ jar:file:/D:/ubuntu/Turnover-Box-Chain/build/nodes/Operator/corda.jar!/reference.conf: 19
    "verifierType" : "InMemory",
    # D:\ubuntu\Turnover-Box-Chain\build\nodes\Operator\node.conf: 16
    "webAddress" : "localhost:10007"
}
 {}
[WARN ] 2018-09-14T18:06:23,124Z [main] internal.config.defaultToOldPath - Config key user has been deprecated and will be removed in a future release. Use username instead {}
[INFO ] 2018-09-14T18:06:23,188Z [main] internal.Node.logStartupInfo - Vendor: Corda Open Source {}
[INFO ] 2018-09-14T18:06:23,189Z [main] internal.Node.logStartupInfo - Release: 3.1-corda {}
[INFO ] 2018-09-14T18:06:23,189Z [main] internal.Node.logStartupInfo - Platform Version: 3 {}
[INFO ] 2018-09-14T18:06:23,189Z [main] internal.Node.logStartupInfo - Revision: d193dd85e0908aba9b245e40297f4b2073555905 {}
[INFO ] 2018-09-14T18:06:23,193Z [main] internal.Node.logStartupInfo - PID: 8092 {}
[INFO ] 2018-09-14T18:06:23,194Z [main] internal.Node.logStartupInfo - Main class: /C:/Users/Xiaoli Yang/AppData/Local/capsule/apps/net.corda.node.Corda_3.1-corda/corda-node-3.1-corda.jar {}
[INFO ] 2018-09-14T18:06:23,195Z [main] internal.Node.logStartupInfo - CommandLine Args: -Xmx200m -XX:+UseG1GC -agentlib:jdwp=transport=dt_socket,server=y,suspend=n,address=5008 -javaagent:drivers/jolokia-jvm-1.3.7-agent.jar=port=7008,logHandlerClass=net.corda.node.JolokiaSlf4Adapter -javaagent:D:\ubuntu\Turnover-Box-Chain\build\nodes\Operator\corda.jar -javaagent:C:\Users\Xiaoli Yang\AppData\Local\capsule\apps\net.corda.node.Corda_3.1-corda\quasar-core-0.7.9-jdk8.jar=x(antlr**;bftsmart**;ch**;co.paralleluniverse**;com.codahale**;com.esotericsoftware**;com.fasterxml**;com.google**;com.ibm**;com.intellij**;com.jcabi**;com.nhaarman**;com.opengamma**;com.typesafe**;com.zaxxer**;de.javakaffee**;groovy**;groovyjarjarantlr**;groovyjarjarasm**;io.atomix**;io.github**;io.netty**;jdk**;joptsimple**;junit**;kotlin**;net.bytebuddy**;net.i2p**;org.apache**;org.assertj**;org.bouncycastle**;org.codehaus**;org.crsh**;org.dom4j**;org.fusesource**;org.h2**;org.hamcrest**;org.hibernate**;org.jboss**;org.jcp**;org.joda**;org.junit**;org.mockito**;org.objectweb**;org.objenesis**;org.slf4j**;org.w3c**;org.xml**;org.yaml**;reflectasm**;rx**;org.jolokia**) -Dcapsule.address=0.0.0.0 -Dvisualvm.display.name=Corda -Djava.library.path=C:\Program Files\Java\jre1.8.0_172\bin;C:\WINDOWS\Sun\Java\bin;C:\WINDOWS\system32;C:\WINDOWS;C:\Program Files (x86)\Common Files\Oracle\Java\javapath;C:\ProgramData\Oracle\Java\javapath;C:\Program Files (x86)\Intel\iCLS Client;C:\Program Files\Intel\iCLS Client;C:\WINDOWS\system32;C:\WINDOWS;C:\WINDOWS\System32\Wbem;C:\WINDOWS\System32\WindowsPowerShell\v1.0;C:\Program Files (x86)\Intel\Intel(R) Management Engine Components\DAL;C:\Program Files\Intel\Intel(R) Management Engine Components\DAL;C:\Program Files (x86)\Intel\Intel(R) Management Engine Components\IPT;C:\Program Files\Intel\Intel(R) Management Engine Components\IPT;C:\Program Files\Microsoft SQL Server\130\Tools\Binn;C:\Program Files\MiKTeX 2.9\miktex\bin\x64;C:\Program Files (x86)\Java\jre1.8.0_141\lib;C:\Program Files\nodejs;C:\Program Files\MATLAB\R2017b\runtime\win64;C:\Program Files\MATLAB\R2017b\bin;C:\Program Files (x86)\GtkSharp\2.12\bin;C:\Program Files (x86)\Brackets\command;C:\Program Files\Git\cmd;C:\Program Files\Gradle\gradle-4.7\bin;C:\Go\bin;C:\WINDOWS\System32\OpenSSH;C:\Program Files (x86)\NVIDIA Corporation\PhysX\Common;C:\Users\Xiaoli Yang\AppData\Local\Programs\Python\Python35\Scripts;C:\Users\Xiaoli Yang\AppData\Local\Programs\Python\Python35;C:\Users\Xiaoli Yang\AppData\Local\Microsoft\WindowsApps;C:\Program Files (x86)\Microsoft VS Code\bin;C:\Users\Xiaoli Yang\AppData\Roaming\npm;%GOPATH%\bin;C:\Users\Xiaoli Yang\AppData\Local\capsule\apps\net.corda.node.Corda_3.1-corda -Dcapsule.log=1 -Dcapsule.app=net.corda.node.Corda_3.1-corda -Dcapsule.port=63427 -Dname=Operator-corda.jar -Dcapsule.jvm.args=-agentlib:jdwp=transport=dt_socket,server=y,suspend=n,address=5008 -javaagent:drivers/jolokia-jvm-1.3.7-agent.jar=port=7008,logHandlerClass=net.corda.node.JolokiaSlf4Adapter -Dcapsule.dir=C:\Users\Xiaoli Yang\AppData\Local\capsule\apps\net.corda.node.Corda_3.1-corda -Dcapsule.jar=D:\ubuntu\Turnover-Box-Chain\build\nodes\Operator\corda.jar {}
[INFO ] 2018-09-14T18:06:23,196Z [main] internal.Node.logStartupInfo - Application Args:  {}
[INFO ] 2018-09-14T18:06:23,196Z [main] internal.Node.logStartupInfo - bootclasspath: C:\Program Files\Java\jre1.8.0_172\lib\resources.jar;C:\Program Files\Java\jre1.8.0_172\lib\rt.jar;C:\Program Files\Java\jre1.8.0_172\lib\sunrsasign.jar;C:\Program Files\Java\jre1.8.0_172\lib\jsse.jar;C:\Program Files\Java\jre1.8.0_172\lib\jce.jar;C:\Program Files\Java\jre1.8.0_172\lib\charsets.jar;C:\Program Files\Java\jre1.8.0_172\lib\jfr.jar;C:\Program Files\Java\jre1.8.0_172\classes {}
[INFO ] 2018-09-14T18:06:23,196Z [main] internal.Node.logStartupInfo - classpath: D:\ubuntu\Turnover-Box-Chain\build\nodes\Operator\corda.jar;C:\Users\Xiaoli Yang\AppData\Local\capsule\apps\net.corda.node.Corda_3.1-corda\corda-rpc-3.1-corda.jar;C:\Users\Xiaoli Yang\AppData\Local\capsule\apps\net.corda.node.Corda_3.1-corda\corda-node-api-3.1-corda.jar;C:\Users\Xiaoli Yang\AppData\Local\capsule\apps\net.corda.node.Corda_3.1-corda\corda-confidential-identities-3.1-corda.jar;C:\Users\Xiaoli Yang\AppData\Local\capsule\apps\net.corda.node.Corda_3.1-corda\cordform-common-3.1.0.jar;C:\Users\Xiaoli Yang\AppData\Local\capsule\apps\net.corda.node.Corda_3.1-corda\log4j-slf4j-impl-2.9.1.jar;C:\Users\Xiaoli Yang\AppData\Local\capsule\apps\net.corda.node.Corda_3.1-corda\log4j-web-2.9.1.jar;C:\Users\Xiaoli Yang\AppData\Local\capsule\apps\net.corda.node.Corda_3.1-corda\jul-to-slf4j-1.7.25.jar;C:\Users\Xiaoli Yang\AppData\Local\capsule\apps\net.corda.node.Corda_3.1-corda\corda-jackson-3.1-corda.jar;C:\Users\Xiaoli Yang\AppData\Local\capsule\apps\net.corda.node.Corda_3.1-corda\corda-core-3.1-corda.jar;C:\Users\Xiaoli Yang\AppData\Local\capsule\apps\net.corda.node.Corda_3.1-corda\kotlin-stdlib-jre8-1.1.60.jar;C:\Users\Xiaoli Yang\AppData\Local\capsule\apps\net.corda.node.Corda_3.1-corda\jackson-module-kotlin-2.9.2.jar;C:\Users\Xiaoli Yang\AppData\Local\capsule\apps\net.corda.node.Corda_3.1-corda\kotlin-reflect-1.1.60.jar;C:\Users\Xiaoli Yang\AppData\Local\capsule\apps\net.corda.node.Corda_3.1-corda\jimfs-1.1.jar;C:\Users\Xiaoli Yang\AppData\Local\capsule\apps\net.corda.node.Corda_3.1-corda\artemis-amqp-protocol-2.2.0.jar;C:\Users\Xiaoli Yang\AppData\Local\capsule\apps\net.corda.node.Corda_3.1-corda\artemis-server-2.2.0.jar;C:\Users\Xiaoli Yang\AppData\Local\capsule\apps\net.corda.node.Corda_3.1-corda\artemis-jdbc-store-2.2.0.jar;C:\Users\Xiaoli Yang\AppData\Local\capsule\apps\net.corda.node.Corda_3.1-corda\artemis-jms-client-2.2.0.jar;C:\Users\Xiaoli Yang\AppData\Local\capsule\apps\net.corda.node.Corda_3.1-corda\artemis-core-client-2.2.0.jar;C:\Users\Xiaoli Yang\AppData\Local\capsule\apps\net.corda.node.Corda_3.1-corda\artemis-journal-2.2.0.jar;C:\Users\Xiaoli Yang\AppData\Local\capsule\apps\net.corda.node.Corda_3.1-corda\artemis-commons-2.2.0.jar;C:\Users\Xiaoli Yang\AppData\Local\capsule\apps\net.corda.node.Corda_3.1-corda\guava-21.0.jar;C:\Users\Xiaoli Yang\AppData\Local\capsule\apps\net.corda.node.Corda_3.1-corda\jopt-simple-5.0.2.jar;C:\Users\Xiaoli Yang\AppData\Local\capsule\apps\net.corda.node.Corda_3.1-corda\commons-collections4-4.1.jar;C:\Users\Xiaoli Yang\AppData\Local\capsule\apps\net.corda.node.Corda_3.1-corda\shiro-core-1.4.0.jar;C:\Users\Xiaoli Yang\AppData\Local\capsule\apps\net.corda.node.Corda_3.1-corda\shiro-config-ogdl-1.4.0.jar;C:\Users\Xiaoli Yang\AppData\Local\capsule\apps\net.corda.node.Corda_3.1-corda\commons-beanutils-1.9.3.jar;C:\Users\Xiaoli Yang\AppData\Local\capsule\apps\net.corda.node.Corda_3.1-corda\jansi-1.14.jar;C:\Users\Xiaoli Yang\AppData\Local\capsule\apps\net.corda.node.Corda_3.1-corda\jcabi-manifests-1.1.jar;C:\Users\Xiaoli Yang\AppData\Local\capsule\apps\net.corda.node.Corda_3.1-corda\forms_rt-7.0.3.jar;C:\Users\Xiaoli Yang\AppData\Local\capsule\apps\net.corda.node.Corda_3.1-corda\json-20180130.jar;C:\Users\Xiaoli Yang\AppData\Local\capsule\apps\net.corda.node.Corda_3.1-corda\metrics-core-3.1.2.jar;C:\Users\Xiaoli Yang\AppData\Local\capsule\apps\net.corda.node.Corda_3.1-corda\config-1.3.1.jar;C:\Users\Xiaoli Yang\AppData\Local\capsule\apps\net.corda.node.Corda_3.1-corda\h2-1.4.194.jar;C:\Users\Xiaoli Yang\AppData\Local\capsule\apps\net.corda.node.Corda_3.1-corda\postgresql-42.1.4.jar;C:\Users\Xiaoli Yang\AppData\Local\capsule\apps\net.corda.node.Corda_3.1-corda\HikariCP-2.5.1.jar;C:\Users\Xiaoli Yang\AppData\Local\capsule\apps\net.corda.node.Corda_3.1-corda\hibernate-java8-5.2.6.Final.jar;C:\Users\Xiaoli Yang\AppData\Local\capsule\apps\net.corda.node.Corda_3.1-corda\hibernate-core-5.2.6.Final.jar;C:\Users\Xiaoli Yang\AppData\Local\capsule\apps\net.corda.node.Corda_3.1-corda\copycat-client-1.2.3.jar;C:\Users\Xiaoli Yang\AppData\Local\capsule\apps\net.corda.node.Corda_3.1-corda\copycat-server-1.2.3.jar;C:\Users\Xiaoli Yang\AppData\Local\capsule\apps\net.corda.node.Corda_3.1-corda\catalyst-netty-1.1.2.jar;C:\Users\Xiaoli Yang\AppData\Local\capsule\apps\net.corda.node.Corda_3.1-corda\netty-all-4.1.9.Final.jar;C:\Users\Xiaoli Yang\AppData\Local\capsule\apps\net.corda.node.Corda_3.1-corda\crash.connectors.ssh-cadb53544fbb3c0fb901445da614998a6a419488.jar;C:\Users\Xiaoli Yang\AppData\Local\capsule\apps\net.corda.node.Corda_3.1-corda\crash.shell-cadb53544fbb3c0fb901445da614998a6a419488.jar;C:\Users\Xiaoli Yang\AppData\Local\capsule\apps\net.corda.node.Corda_3.1-corda\okhttp-3.5.0.jar;C:\Users\Xiaoli Yang\AppData\Local\capsule\apps\net.corda.node.Corda_3.1-corda\commons-codec-1.10.jar;C:\Users\Xiaoli Yang\AppData\Local\capsule\apps\net.corda.node.Corda_3.1-corda\library-master-v1.1-beta-g6215ec8-87.jar;C:\Users\Xiaoli Yang\AppData\Local\capsule\apps\net.corda.node.Corda_3.1-corda\jolokia-jvm-1.3.7-agent.jar;C:\Users\Xiaoli Yang\AppData\Local\capsule\apps\net.corda.node.Corda_3.1-corda\quasar-core-0.7.9-jdk8.jar;C:\Users\Xiaoli Yang\AppData\Local\capsule\apps\net.corda.node.Corda_3.1-corda\commons-fileupload-1.3.3.jar;C:\Users\Xiaoli Yang\AppData\Local\capsule\apps\net.corda.node.Corda_3.1-corda\kryo-serializers-0.41.jar;C:\Users\Xiaoli Yang\AppData\Local\capsule\apps\net.corda.node.Corda_3.1-corda\kryo-4.0.0.jar;C:\Users\Xiaoli Yang\AppData\Local\capsule\apps\net.corda.node.Corda_3.1-corda\proton-j-0.21.0.jar;C:\Users\Xiaoli Yang\AppData\Local\capsule\apps\net.corda.node.Corda_3.1-corda\fast-classpath-scanner-2.12.3.jar;C:\Users\Xiaoli Yang\AppData\Local\capsule\apps\net.corda.node.Corda_3.1-corda\jsr305-3.0.2.jar;C:\Users\Xiaoli Yang\AppData\Local\capsule\apps\net.corda.node.Corda_3.1-corda\jcabi-log-0.14.jar;C:\Users\Xiaoli Yang\AppData\Local\capsule\apps\net.corda.node.Corda_3.1-corda\copycat-protocol-1.2.3.jar;C:\Users\Xiaoli Yang\AppData\Local\capsule\apps\net.corda.node.Corda_3.1-corda\catalyst-transport-1.1.2.jar;C:\Users\Xiaoli Yang\AppData\Local\capsule\apps\net.corda.node.Corda_3.1-corda\mina-core-2.0.16.jar;C:\Users\Xiaoli Yang\AppData\Local\capsule\apps\net.corda.node.Corda_3.1-corda\shiro-cache-1.4.0.jar;C:\Users\Xiaoli Yang\AppData\Local\capsule\apps\net.corda.node.Corda_3.1-corda\shiro-crypto-hash-1.4.0.jar;C:\Users\Xiaoli Yang\AppData\Local\capsule\apps\net.corda.node.Corda_3.1-corda\shiro-crypto-cipher-1.4.0.jar;C:\Users\Xiaoli Yang\AppData\Local\capsule\apps\net.corda.node.Corda_3.1-corda\shiro-config-core-1.4.0.jar;C:\Users\Xiaoli Yang\AppData\Local\capsule\apps\net.corda.node.Corda_3.1-corda\shiro-event-1.4.0.jar;C:\Users\Xiaoli Yang\AppData\Local\capsule\apps\net.corda.node.Corda_3.1-corda\shiro-crypto-core-1.4.0.jar;C:\Users\Xiaoli Yang\AppData\Local\capsule\apps\net.corda.node.Corda_3.1-corda\shiro-lang-1.4.0.jar;C:\Users\Xiaoli Yang\AppData\Local\capsule\apps\net.corda.node.Corda_3.1-corda\jcl-over-slf4j-1.7.25.jar;C:\Users\Xiaoli Yang\AppData\Local\capsule\apps\net.corda.node.Corda_3.1-corda\catalyst-concurrent-1.1.2.jar;C:\Users\Xiaoli Yang\AppData\Local\capsule\apps\net.corda.node.Corda_3.1-corda\catalyst-serializer-1.1.2.jar;C:\Users\Xiaoli Yang\AppData\Local\capsule\apps\net.corda.node.Corda_3.1-corda\catalyst-buffer-1.1.2.jar;C:\Users\Xiaoli Yang\AppData\Local\capsule\apps\net.corda.node.Corda_3.1-corda\catalyst-common-1.1.2.jar;C:\Users\Xiaoli Yang\AppData\Local\capsule\apps\net.corda.node.Corda_3.1-corda\sshd-pam-0.11.0.jar;C:\Users\Xiaoli Yang\AppData\Local\capsule\apps\net.corda.node.Corda_3.1-corda\sshd-core-1.6.0.jar;C:\Users\Xiaoli Yang\AppData\Local\capsule\apps\net.corda.node.Corda_3.1-corda\slf4j-api-1.7.25.jar;C:\Users\Xiaoli Yang\AppData\Local\capsule\apps\net.corda.node.Corda_3.1-corda\log4j-core-2.9.1.jar;C:\Users\Xiaoli Yang\AppData\Local\capsule\apps\net.corda.node.Corda_3.1-corda\log4j-api-2.9.1.jar;C:\Users\Xiaoli Yang\AppData\Local\capsule\apps\net.corda.node.Corda_3.1-corda\kotlin-stdlib-jre7-1.1.60.jar;C:\Users\Xiaoli Yang\AppData\Local\capsule\apps\net.corda.node.Corda_3.1-corda\kotlin-stdlib-1.1.60.jar;C:\Users\Xiaoli Yang\AppData\Local\capsule\apps\net.corda.node.Corda_3.1-corda\commons-collections-3.2.2.jar;C:\Users\Xiaoli Yang\AppData\Local\capsule\apps\net.corda.node.Corda_3.1-corda\hibernate-commons-annotations-5.0.1.Final.jar;C:\Users\Xiaoli Yang\AppData\Local\capsule\apps\net.corda.node.Corda_3.1-corda\artemis-native-2.2.0.jar;C:\Users\Xiaoli Yang\AppData\Local\capsule\apps\net.corda.node.Corda_3.1-corda\jboss-logging-3.3.0.Final.jar;C:\Users\Xiaoli Yang\AppData\Local\capsule\apps\net.corda.node.Corda_3.1-corda\artemis-selector-2.2.0.jar;C:\Users\Xiaoli Yang\AppData\Local\capsule\apps\net.corda.node.Corda_3.1-corda\jgroups-3.6.13.Final.jar;C:\Users\Xiaoli Yang\AppData\Local\capsule\apps\net.corda.node.Corda_3.1-corda\geronimo-json_1.0_spec-1.0-alpha-1.jar;C:\Users\Xiaoli Yang\AppData\Local\capsule\apps\net.corda.node.Corda_3.1-corda\johnzon-core-0.9.5.jar;C:\Users\Xiaoli Yang\AppData\Local\capsule\apps\net.corda.node.Corda_3.1-corda\forms-1.1-preview.jar;C:\Users\Xiaoli Yang\AppData\Local\capsule\apps\net.corda.node.Corda_3.1-corda\jdom-1.0.jar;C:\Users\Xiaoli Yang\AppData\Local\capsule\apps\net.corda.node.Corda_3.1-corda\jackson-dataformat-yaml-2.9.2.jar;C:\Users\Xiaoli Yang\AppData\Local\capsule\apps\net.corda.node.Corda_3.1-corda\jackson-datatype-jsr310-2.9.2.jar;C:\Users\Xiaoli Yang\AppData\Local\capsule\apps\net.corda.node.Corda_3.1-corda\hibernate-jpa-2.1-api-1.0.0.Final.jar;C:\Users\Xiaoli Yang\AppData\Local\capsule\apps\net.corda.node.Corda_3.1-corda\javassist-3.20.0-GA.jar;C:\Users\Xiaoli Yang\AppData\Local\capsule\apps\net.corda.node.Corda_3.1-corda\antlr-2.7.7.jar;C:\Users\Xiaoli Yang\AppData\Local\capsule\apps\net.corda.node.Corda_3.1-corda\geronimo-jta_1.1_spec-1.1.1.jar;C:\Users\Xiaoli Yang\AppData\Local\capsule\apps\net.corda.node.Corda_3.1-corda\jandex-2.0.3.Final.jar;C:\Users\Xiaoli Yang\AppData\Local\capsule\apps\net.corda.node.Corda_3.1-corda\classmate-1.3.0.jar;C:\Users\Xiaoli Yang\AppData\Local\capsule\apps\net.corda.node.Corda_3.1-corda\dom4j-1.6.1.jar;C:\Users\Xiaoli Yang\AppData\Local\capsule\apps\net.corda.node.Corda_3.1-corda\cdi-api-1.1.jar;C:\Users\Xiaoli Yang\AppData\Local\capsule\apps\net.corda.node.Corda_3.1-corda\crash.cli-cadb53544fbb3c0fb901445da614998a6a419488.jar;C:\Users\Xiaoli Yang\AppData\Local\capsule\apps\net.corda.node.Corda_3.1-corda\groovy-all-1.8.9.jar;C:\Users\Xiaoli Yang\AppData\Local\capsule\apps\net.corda.node.Corda_3.1-corda\okio-1.11.0.jar;C:\Users\Xiaoli Yang\AppData\Local\capsule\apps\net.corda.node.Corda_3.1-corda\jolokia-core-1.3.7.jar;C:\Users\Xiaoli Yang\AppData\Local\capsule\apps\net.corda.node.Corda_3.1-corda\json-simple-1.1.1.jar;C:\Users\Xiaoli Yang\AppData\Local\capsule\apps\net.corda.node.Corda_3.1-corda\rxjava-1.2.4.jar;C:\Users\Xiaoli Yang\AppData\Local\capsule\apps\net.corda.node.Corda_3.1-corda\commons-jexl3-3.0.jar;C:\Users\Xiaoli Yang\AppData\Local\capsule\apps\net.corda.node.Corda_3.1-corda\jackson-databind-2.9.2.jar;C:\Users\Xiaoli Yang\AppData\Local\capsule\apps\net.corda.node.Corda_3.1-corda\eddsa-0.2.0.jar;C:\Users\Xiaoli Yang\AppData\Local\capsule\apps\net.corda.node.Corda_3.1-corda\bcpkix-jdk15on-1.57.jar;C:\Users\Xiaoli Yang\AppData\Local\capsule\apps\net.corda.node.Corda_3.1-corda\bcprov-jdk15on-1.57.jar;C:\Users\Xiaoli Yang\AppData\Local\capsule\apps\net.corda.node.Corda_3.1-corda\commons-io-2.2.jar;C:\Users\Xiaoli Yang\AppData\Local\capsule\apps\net.corda.node.Corda_3.1-corda\reflectasm-1.11.3.jar;C:\Users\Xiaoli Yang\AppData\Local\capsule\apps\net.corda.node.Corda_3.1-corda\minlog-1.3.0.jar;C:\Users\Xiaoli Yang\AppData\Local\capsule\apps\net.corda.node.Corda_3.1-corda\objenesis-2.2.jar;C:\Users\Xiaoli Yang\AppData\Local\capsule\apps\net.corda.node.Corda_3.1-corda\annotations-13.0.jar;C:\Users\Xiaoli Yang\AppData\Local\capsule\apps\net.corda.node.Corda_3.1-corda\jackson-annotations-2.9.0.jar;C:\Users\Xiaoli Yang\AppData\Local\capsule\apps\net.corda.node.Corda_3.1-corda\snakeyaml-1.18.jar;C:\Users\Xiaoli Yang\AppData\Local\capsule\apps\net.corda.node.Corda_3.1-corda\jackson-core-2.9.2.jar;C:\Users\Xiaoli Yang\AppData\Local\capsule\apps\net.corda.node.Corda_3.1-corda\el-api-2.2.jar;C:\Users\Xiaoli Yang\AppData\Local\capsule\apps\net.corda.node.Corda_3.1-corda\jboss-interceptors-api_1.1_spec-1.0.0.Beta1.jar;C:\Users\Xiaoli Yang\AppData\Local\capsule\apps\net.corda.node.Corda_3.1-corda\jsr250-api-1.0.jar;C:\Users\Xiaoli Yang\AppData\Local\capsule\apps\net.corda.node.Corda_3.1-corda\javax.inject-1.jar;C:\Users\Xiaoli Yang\AppData\Local\capsule\apps\net.corda.node.Corda_3.1-corda\jpam-1.1.jar;C:\Users\Xiaoli Yang\AppData\Local\capsule\apps\net.corda.node.Corda_3.1-corda\geronimo-jms_2.0_spec-1.0-alpha-2.jar;C:\Users\Xiaoli Yang\AppData\Local\capsule\apps\net.corda.node.Corda_3.1-corda\asm-5.0.4.jar;C:\Users\Xiaoli Yang\AppData\Local\capsule\apps\net.corda.node.Corda_3.1-corda\corda-node-3.1-corda.jar;D:\ubuntu\Turnover-Box-Chain\build\nodes\Operator\cordapps\corda-finance-3.1-corda.jar;D:\ubuntu\Turnover-Box-Chain\build\nodes\Operator\cordapps\cordapp-0.1.jar;D:\ubuntu\Turnover-Box-Chain\build\nodes\Operator\cordapps\cordapp-contracts-states-0.1.jar;D:\ubuntu\Turnover-Box-Chain\build\nodes\Operator\cordapps\Turnover-Box-Chain-0.1.jar;drivers/jolokia-jvm-1.3.7-agent.jar;D:\ubuntu\Turnover-Box-Chain\build\nodes\Operator\corda.jar;C:\Users\Xiaoli Yang\AppData\Local\capsule\apps\net.corda.node.Corda_3.1-corda\quasar-core-0.7.9-jdk8.jar {}
[INFO ] 2018-09-14T18:06:23,199Z [main] internal.Node.logStartupInfo - VM Java HotSpot(TM) 64-Bit Server VM Oracle Corporation 25.172-b11 {}
[INFO ] 2018-09-14T18:06:23,199Z [main] internal.Node.logStartupInfo - Machine: DESKTOP-BKO44JE {}
[INFO ] 2018-09-14T18:06:23,200Z [main] internal.Node.logStartupInfo - Working Directory: D:\ubuntu\Turnover-Box-Chain\build\nodes\Operator {}
[INFO ] 2018-09-14T18:06:23,200Z [main] internal.Node.logStartupInfo - Debug port: dt_socket:5008 {}
[INFO ] 2018-09-14T18:06:23,200Z [main] internal.Node.logStartupInfo - Starting as node on localhost:10005 {}
[INFO ] 2018-09-14T18:06:23,396Z [main] cordapp.CordappLoader.<init> - Loading CorDapps from file:/D:/ubuntu/Turnover-Box-Chain/build/nodes/Operator/cordapps/corda-finance-3.1-corda.jar, file:/D:/ubuntu/Turnover-Box-Chain/build/nodes/Operator/cordapps/cordapp-0.1.jar, file:/D:/ubuntu/Turnover-Box-Chain/build/nodes/Operator/cordapps/cordapp-contracts-states-0.1.jar, file:/D:/ubuntu/Turnover-Box-Chain/build/nodes/Operator/cordapps/Turnover-Box-Chain-0.1.jar {}
[INFO ] 2018-09-14T18:06:23,519Z [main] cordapp.CordappLoader.scanCordapp - Scanning CorDapp in file:/D:/ubuntu/Turnover-Box-Chain/build/nodes/Operator/cordapps/corda-finance-3.1-corda.jar {}
[INFO ] 2018-09-14T18:06:23,904Z [main] cordapp.CordappLoader.scanCordapp - Scanning CorDapp in file:/D:/ubuntu/Turnover-Box-Chain/build/nodes/Operator/cordapps/cordapp-0.1.jar {}
[WARN ] 2018-09-14T18:06:23,966Z [main] cordapp.CordappLoader.loadClass - As com.template.PledgeFlow must be a sub-type of net.corda.core.flows.FlowLogic {}
[INFO ] 2018-09-14T18:06:23,971Z [main] cordapp.CordappLoader.scanCordapp - Scanning CorDapp in file:/D:/ubuntu/Turnover-Box-Chain/build/nodes/Operator/cordapps/cordapp-contracts-states-0.1.jar {}
[INFO ] 2018-09-14T18:06:23,998Z [main] cordapp.CordappLoader.scanCordapp - Scanning CorDapp in file:/D:/ubuntu/Turnover-Box-Chain/build/nodes/Operator/cordapps/Turnover-Box-Chain-0.1.jar {}
[INFO ] 2018-09-14T18:06:24,199Z [main] internal.Node.start - Node starting up ... {}
[WARN ] 2018-09-14T18:06:24,200Z [main] internal.Node.initCertificate - Corda node is running in dev mode. {}
[INFO ] 2018-09-14T18:06:26,655Z [main] internal.NetworkParametersReader.retrieveNetworkParameters - Loaded network parameters: NetworkParameters(minimumPlatformVersion=1, notaries=[NotaryInfo(identity=O=Notary, L=London, C=GB, validating=true)], maxMessageSize=10485760, maxTransactionSize=2147483647, modifiedTime=2018-09-14T17:58:02.869Z, epoch=1, whitelistedContractImplementations={com.template.AddBoxContract=[77160D0A5FC799D6C480A1112B84462D9AF5E54A2B6E757998E879893B59D232], com.template.RechargeContract=[77160D0A5FC799D6C480A1112B84462D9AF5E54A2B6E757998E879893B59D232], com.template.RefuelFeeContract=[77160D0A5FC799D6C480A1112B84462D9AF5E54A2B6E757998E879893B59D232], com.template.TemplateContract=[77160D0A5FC799D6C480A1112B84462D9AF5E54A2B6E757998E879893B59D232], net.corda.finance.contracts.CommercialPaper=[C202A69645F118009BDFA246DF5AF23E90900D25AFE2666DA3A007E4F7E3305C], net.corda.finance.contracts.JavaCommercialPaper=[C202A69645F118009BDFA246DF5AF23E90900D25AFE2666DA3A007E4F7E3305C], net.corda.finance.contracts.asset.Cash=[C202A69645F118009BDFA246DF5AF23E90900D25AFE2666DA3A007E4F7E3305C], net.corda.finance.contracts.asset.CommodityContract=[C202A69645F118009BDFA246DF5AF23E90900D25AFE2666DA3A007E4F7E3305C], net.corda.finance.contracts.asset.Obligation=[C202A69645F118009BDFA246DF5AF23E90900D25AFE2666DA3A007E4F7E3305C]}) {}
[INFO ] 2018-09-14T18:06:27,069Z [main] BasicInfo.printBasicNodeInfo - Database connection url is              : jdbc:h2:tcp://134.61.76.167:64137/node {}
[INFO ] 2018-09-14T18:06:27,268Z [main] hikari.HikariDataSource.<init> - HikariPool-1 - Started. {}
[INFO ] 2018-09-14T18:06:27,620Z [main] internal.Node.invoke - Connected to H2 database. {}
[INFO ] 2018-09-14T18:06:27,713Z [main] persistence.HibernateConfiguration.<init> - Init HibernateConfiguration for schemas: [CommonSchemaV1(name=net.corda.core.schemas.CommonSchema, version=1), VaultSchemaV1(name=net.corda.node.services.vault.VaultSchema, version=1), NodeInfoSchemaV1(name=net.corda.node.internal.schemas.NodeInfoSchema, version=1), NodeCoreV1(name=net.corda.node.services.schema.NodeSchemaService$NodeCore, version=1), CashSchemaV1(name=net.corda.finance.schemas.CashSchema, version=1), CommercialPaperSchemaV1(name=net.corda.finance.schemas.CommercialPaperSchema, version=1)] {}
[INFO ] 2018-09-14T18:06:27,715Z [main] persistence.HibernateConfiguration.makeSessionFactoryForSchemas - Creating session factory for schemas: [CommonSchemaV1(name=net.corda.core.schemas.CommonSchema, version=1), VaultSchemaV1(name=net.corda.node.services.vault.VaultSchema, version=1), NodeInfoSchemaV1(name=net.corda.node.internal.schemas.NodeInfoSchema, version=1), NodeCoreV1(name=net.corda.node.services.schema.NodeSchemaService$NodeCore, version=1), CashSchemaV1(name=net.corda.finance.schemas.CashSchema, version=1), CommercialPaperSchemaV1(name=net.corda.finance.schemas.CommercialPaperSchema, version=1)] {}
[INFO ] 2018-09-14T18:06:27,965Z [main] hibernate.Version.logVersion - HHH000412: Hibernate Core {5.2.6.Final} {}
[INFO ] 2018-09-14T18:06:27,968Z [main] cfg.Environment.<clinit> - HHH000206: hibernate.properties not found {}
[INFO ] 2018-09-14T18:06:28,036Z [main] common.Version.<clinit> - HCANN000001: Hibernate Commons Annotations {5.0.1.Final} {}
[INFO ] 2018-09-14T18:06:28,153Z [main] internal.ConnectionProviderInitiator.initiateService - HHH000130: Instantiating explicit connection provider: net.corda.nodeapi.internal.persistence.HibernateConfiguration$NodeDatabaseConnectionProvider {}
[INFO ] 2018-09-14T18:06:28,177Z [main] dialect.Dialect.<init> - HHH000400: Using dialect: org.hibernate.dialect.H2Dialect {}
[INFO ] 2018-09-14T18:06:28,276Z [main] type.BasicTypeRegistry.register - HHH000270: Type registration [materialized_blob] overrides previous : org.hibernate.type.MaterializedBlobType@5c79c5ec {}
[INFO ] 2018-09-14T18:06:30,092Z [main] connections.access.getIsolatedConnection - HHH10001501: Connection obtained from JdbcConnectionAccess [org.hibernate.engine.jdbc.env.internal.JdbcEnvironmentInitiator$ConnectionProviderJdbcConnectionAccess@69c0bae6] for (non-JTA) DDL execution was not in auto-commit mode; the Connection 'local transaction' will be committed and the Connection will be set into auto-commit mode. {}
[INFO ] 2018-09-14T18:06:30,373Z [main] persistence.HibernateConfiguration.makeSessionFactoryForSchemas - Created session factory for schemas: [CommonSchemaV1(name=net.corda.core.schemas.CommonSchema, version=1), VaultSchemaV1(name=net.corda.node.services.vault.VaultSchema, version=1), NodeInfoSchemaV1(name=net.corda.node.internal.schemas.NodeInfoSchema, version=1), NodeCoreV1(name=net.corda.node.services.schema.NodeSchemaService$NodeCore, version=1), CashSchemaV1(name=net.corda.finance.schemas.CashSchema, version=1), CommercialPaperSchemaV1(name=net.corda.finance.schemas.CommercialPaperSchema, version=1)] {}
[INFO ] 2018-09-14T18:06:30,736Z [main] internal.QueryTranslatorFactoryInitiator.initiateService - HHH000397: Using ASTQueryTranslatorFactory {}
[INFO ] 2018-09-14T18:06:31,264Z [main] internal.Node.tryDetectIfNotPublicHost - Detected public IP: 134.61.76.167. This will be used instead of the provided "localhost" as the advertised address. {}
[INFO ] 2018-09-14T18:06:31,286Z [main] internal.Node.updateNodeInfo - Node-info has changed so submitting update. Old node-info was null {}
[INFO ] 2018-09-14T18:06:31,287Z [main] network.PersistentNetworkMapCache.addNode - Adding node with info: NodeInfo(addresses=[134.61.76.167:10005], legalIdentitiesAndCerts=[O=Operator, L=Cologne, C=DE], platformVersion=3, serial=1536948391286) {}
[INFO ] 2018-09-14T18:06:31,310Z [main] network.PersistentNetworkMapCache.addNode - No previous node found {}
[INFO ] 2018-09-14T18:06:31,595Z [main] network.PersistentNetworkMapCache.addNode - Done adding node with info: NodeInfo(addresses=[134.61.76.167:10005], legalIdentitiesAndCerts=[O=Operator, L=Cologne, C=DE], platformVersion=3, serial=1536948391286) {}
[INFO ] 2018-09-14T18:06:31,595Z [main] internal.Node.updateNodeInfo - New node-info: NodeInfo(addresses=[134.61.76.167:10005], legalIdentitiesAndCerts=[O=Operator, L=Cologne, C=DE], platformVersion=3, serial=1536948391286) {}
[INFO ] 2018-09-14T18:06:32,369Z [main] persistence.NodeAttachmentService.invoke - Stored new attachment C202A69645F118009BDFA246DF5AF23E90900D25AFE2666DA3A007E4F7E3305C {}
[INFO ] 2018-09-14T18:06:32,789Z [main] persistence.NodeAttachmentService.invoke - Stored new attachment 77160D0A5FC799D6C480A1112B84462D9AF5E54A2B6E757998E879893B59D232 {}
[INFO ] 2018-09-14T18:06:33,002Z [main] security.RPCSecurityManagerImpl.buildImpl - Constructing realm from list of users in config [User(user1, permissions=[ALL])] {}
[INFO ] 2018-09-14T18:06:33,631Z [main] BasicInfo.printBasicNodeInfo - Advertised P2P messaging addresses      : 134.61.76.167:10005 {}
[INFO ] 2018-09-14T18:06:33,681Z [main] BasicInfo.printBasicNodeInfo - RPC connection address                  : localhost:10006 {}
[INFO ] 2018-09-14T18:06:33,686Z [main] BasicInfo.printBasicNodeInfo - RPC admin connection address            : localhost:10046 {}
[INFO ] 2018-09-14T18:06:36,621Z [main] messaging.ArtemisMessagingServer.configureAndStartServer - P2P messaging server listening on port 10005 {}
[INFO ] 2018-09-14T18:06:37,169Z [main] internal.ArtemisMessagingClient.start - Connecting to message broker: localhost:10005 {}
[INFO ] 2018-09-14T18:06:37,962Z [main] internal.ArtemisMessagingClient.start - Connecting to message broker: localhost:10005 {}
[INFO ] 2018-09-14T18:06:38,145Z [main] internal.ArtemisMessagingClient.start - Connecting to message broker: localhost:10046 {}
[INFO ] 2018-09-14T18:06:38,320Z [main] messaging.P2PMessagingClient.start - Connecting to message broker: localhost:10005 {}
[INFO ] 2018-09-14T18:06:38,409Z [main] messaging.P2PMessagingClient.createQueueIfAbsent - Create fresh queue p2p.inbound.DL2xuctCEeBXze3khhM4Rtik93rcehribVbzLStQsH5HxF bound on same address {}
[INFO ] 2018-09-14T18:06:38,776Z [Thread-0 (ActiveMQ-client-global-threads)] bridging.BridgeControlListener.processControlMessage - Received bridge control message NodeToBridgeSnapshot(nodeIdentity=DL2xuctCEeBXze3khhM4Rtik93rcehribVbzLStQsH5HxF, inboxQueues=[p2p.inbound.DL2xuctCEeBXze3khhM4Rtik93rcehribVbzLStQsH5HxF], sendQueues=[]) {}
[INFO ] 2018-09-14T18:06:39,074Z [main] internal.Node.installCordaService - Installed net.corda.finance.flows.ConfigHolder Corda service {}
[INFO ] 2018-09-14T18:06:39,106Z [main] internal.Node.registerInitiatedFlowInternal - Registered com.template.RechargeFlow$Initiator to initiate com.template.RechargeFlow$Responder (version 1) {}
[INFO ] 2018-09-14T18:06:39,109Z [main] internal.Node.registerInitiatedFlowInternal - Registered com.template.RefuelFeeFlow to initiate com.template.RefuelFeeFlowResponder (version 1) {}
[INFO ] 2018-09-14T18:06:39,111Z [main] internal.Node.registerInitiatedFlowInternal - Registered com.template.TemplateFlow$Initiator to initiate com.template.TemplateFlow$Responder (version 1) {}
[INFO ] 2018-09-14T18:06:40,411Z [main] plugin.PluginManager.getPlugins - Loaded plugin Plugin[type=SSHPlugin,interface=SSHPlugin] {}
[INFO ] 2018-09-14T18:06:40,414Z [main] plugin.PluginManager.getPlugins - Loaded plugin Plugin[type=SSHInlinePlugin,interface=CommandPlugin] {}
[INFO ] 2018-09-14T18:06:40,416Z [main] plugin.PluginManager.getPlugins - Loaded plugin Plugin[type=KeyAuthenticationPlugin,interface=KeyAuthenticationPlugin] {}
[INFO ] 2018-09-14T18:06:40,468Z [main] plugin.PluginManager.getPlugins - Loaded plugin Plugin[type=CRaSHShellFactory,interface=ShellFactory] {}
[INFO ] 2018-09-14T18:06:40,470Z [main] plugin.PluginManager.getPlugins - Loaded plugin Plugin[type=GroovyLanguageProxy,interface=Language] {}
[INFO ] 2018-09-14T18:06:40,474Z [main] plugin.PluginManager.getPlugins - Loaded plugin Plugin[type=JavaLanguage,interface=Language] {}
[INFO ] 2018-09-14T18:06:40,477Z [main] plugin.PluginManager.getPlugins - Loaded plugin Plugin[type=ScriptLanguage,interface=Language] {}
[INFO ] 2018-09-14T18:06:40,479Z [main] plugin.PluginManager.getPlugins - Loaded plugin Plugin[type=JaasAuthenticationPlugin,interface=AuthenticationPlugin] {}
[INFO ] 2018-09-14T18:06:40,481Z [main] plugin.PluginManager.getPlugins - Loaded plugin Plugin[type=SimpleAuthenticationPlugin,interface=AuthenticationPlugin] {}
[INFO ] 2018-09-14T18:06:40,492Z [main] ssh.SSHPlugin.init - Could not boot SSHD due to missing due to missing port configuration {}
[INFO ] 2018-09-14T18:06:40,493Z [main] plugin.PluginManager.getPlugins - Initialized plugin Plugin[type=SSHPlugin,interface=SSHPlugin] {}
[INFO ] 2018-09-14T18:06:40,493Z [main] plugin.PluginManager.getPlugins - Initialized plugin Plugin[type=SSHInlinePlugin,interface=CommandPlugin] {}
[INFO ] 2018-09-14T18:06:40,494Z [main] plugin.PluginManager.getPlugins - Initialized plugin Plugin[type=KeyAuthenticationPlugin,interface=KeyAuthenticationPlugin] {}
[INFO ] 2018-09-14T18:06:40,561Z [main] plugin.PluginManager.getPlugins - Initialized plugin Plugin[type=GroovyLanguageProxy,interface=Language] {}
[INFO ] 2018-09-14T18:06:40,562Z [main] plugin.PluginManager.getPlugins - Initialized plugin Plugin[type=ScriptLanguage,interface=Language] {}
[INFO ] 2018-09-14T18:06:40,639Z [main] plugin.PluginManager.getPlugins - Initialized plugin Plugin[type=CRaSHShellFactory,interface=ShellFactory] {}
[INFO ] 2018-09-14T18:06:40,640Z [main] plugin.PluginManager.getPlugins - Initialized plugin Plugin[type=JaasAuthenticationPlugin,interface=AuthenticationPlugin] {}
[INFO ] 2018-09-14T18:06:40,642Z [main] plugin.PluginManager.getPlugins - Initialized plugin Plugin[type=SimpleAuthenticationPlugin,interface=AuthenticationPlugin] {}
[INFO ] 2018-09-14T18:06:40,648Z [main] plugin.PluginManager.getPlugins - Initialized plugin Plugin[type=CordaAuthenticationPlugin,interface=AuthenticationPlugin] {}
[WARN ] 2018-09-14T18:06:42,709Z [main] utilities.AppendOnlyPersistentMapBase.set - Double insert in net.corda.node.utilities.AppendOnlyPersistentMap for entity class class net.corda.node.services.identity.PersistentIdentityService$PersistentIdentity key 1D2E20A68AD89D3792C41C0CB45EB0FC9E902B94E157B9D8343F31710856D3E4, not inserting the second time {}
[INFO ] 2018-09-14T18:06:42,713Z [main] messaging.P2PMessagingClient.updateBridgesOnNetworkChange - Updating bridges on network map change: NodeInfo(addresses=[134.61.76.167:10005], legalIdentitiesAndCerts=[O=Operator, L=Cologne, C=DE], platformVersion=3, serial=1536948391286) {}
[INFO ] 2018-09-14T18:06:42,899Z [main] BasicInfo.printBasicNodeInfo - Loaded CorDapps                         : corda-finance-3.1-corda, cordapp-0.1, cordapp-contracts-states-0.1, Turnover-Box-Chain-0.1, corda-core-3.1-corda {}
[INFO ] 2018-09-14T18:06:42,914Z [main] BasicInfo.printBasicNodeInfo - Node for "Operator" started up and registered in 221.95 sec {}
[INFO ] 2018-09-14T18:06:43,029Z [main] messaging.RPCServer.start - Starting RPC server with configuration RPCServerConfiguration(rpcThreadPoolSize=4, reapInterval=PT1S, deduplicationCacheExpiry=PT24H) {}
[INFO ] 2018-09-14T18:06:43,619Z [Thread-0 (ActiveMQ-client-global-threads)] messaging.RPCServer.clientArtemisMessageHandler - SUBMITTING {actor_id=user1, actor_owningIdentity=O=Operator, L=Cologne, C=DE, actor_store_id=NODE_CONFIG, invocation_id=4562b102-3e03-418f-950b-6eb1d11a7f60, invocation_timestamp=2018-09-14T18:06:43.609Z, session_id=78b8467a-cfe2-4251-94c4-1638e91fcff4, session_timestamp=2018-09-14T18:06:36.097Z}
[INFO ] 2018-09-14T18:06:47,944Z [RxIoScheduler-2] network.PersistentNetworkMapCache.addNode - Adding node with info: NodeInfo(addresses=[134.61.76.167:10008], legalIdentitiesAndCerts=[O=Supplier, L=Dusserdorf, C=DE], platformVersion=3, serial=1536947849986) {}
[INFO ] 2018-09-14T18:06:47,956Z [RxIoScheduler-2] network.PersistentNetworkMapCache.addNode - No previous node found {}
[INFO ] 2018-09-14T18:06:48,019Z [RxIoScheduler-2] messaging.P2PMessagingClient.updateBridgesOnNetworkChange - Updating bridges on network map change: NodeInfo(addresses=[134.61.76.167:10008], legalIdentitiesAndCerts=[O=Supplier, L=Dusserdorf, C=DE], platformVersion=3, serial=1536947849986) {}
[INFO ] 2018-09-14T18:06:48,027Z [RxIoScheduler-2] network.PersistentNetworkMapCache.addNode - Done adding node with info: NodeInfo(addresses=[134.61.76.167:10008], legalIdentitiesAndCerts=[O=Supplier, L=Dusserdorf, C=DE], platformVersion=3, serial=1536947849986) {}
[INFO ] 2018-09-14T18:06:48,028Z [RxIoScheduler-2] network.PersistentNetworkMapCache.addNode - Adding node with info: NodeInfo(addresses=[134.61.76.167:10011], legalIdentitiesAndCerts=[O=Distributor, L=Dusserdorf, C=DE], platformVersion=3, serial=1536947853630) {}
[INFO ] 2018-09-14T18:06:48,030Z [RxIoScheduler-2] network.PersistentNetworkMapCache.addNode - No previous node found {}
[INFO ] 2018-09-14T18:06:48,057Z [RxIoScheduler-2] messaging.P2PMessagingClient.updateBridgesOnNetworkChange - Updating bridges on network map change: NodeInfo(addresses=[134.61.76.167:10011], legalIdentitiesAndCerts=[O=Distributor, L=Dusserdorf, C=DE], platformVersion=3, serial=1536947853630) {}
[INFO ] 2018-09-14T18:06:48,063Z [RxIoScheduler-2] network.PersistentNetworkMapCache.addNode - Done adding node with info: NodeInfo(addresses=[134.61.76.167:10011], legalIdentitiesAndCerts=[O=Distributor, L=Dusserdorf, C=DE], platformVersion=3, serial=1536947853630) {}
[INFO ] 2018-09-14T18:06:48,063Z [RxIoScheduler-2] network.PersistentNetworkMapCache.addNode - Adding node with info: NodeInfo(addresses=[134.61.76.167:10002], legalIdentitiesAndCerts=[O=Notary, L=London, C=GB], platformVersion=3, serial=1536947851598) {}
[INFO ] 2018-09-14T18:06:48,066Z [RxIoScheduler-2] network.PersistentNetworkMapCache.addNode - No previous node found {}
[INFO ] 2018-09-14T18:06:48,089Z [RxIoScheduler-2] messaging.P2PMessagingClient.updateBridgesOnNetworkChange - Updating bridges on network map change: NodeInfo(addresses=[134.61.76.167:10002], legalIdentitiesAndCerts=[O=Notary, L=London, C=GB], platformVersion=3, serial=1536947851598) {}
[INFO ] 2018-09-14T18:06:48,094Z [RxIoScheduler-2] network.PersistentNetworkMapCache.addNode - Done adding node with info: NodeInfo(addresses=[134.61.76.167:10002], legalIdentitiesAndCerts=[O=Notary, L=London, C=GB], platformVersion=3, serial=1536947851598) {}
[INFO ] 2018-09-14T18:06:48,095Z [RxIoScheduler-2] network.PersistentNetworkMapCache.addNode - Adding node with info: NodeInfo(addresses=[134.61.76.167:10005], legalIdentitiesAndCerts=[O=Operator, L=Cologne, C=DE], platformVersion=3, serial=1536947852098) {}
[INFO ] 2018-09-14T18:06:48,126Z [RxIoScheduler-2] network.PersistentNetworkMapCache.addNode - Discarding older nodeInfo for O=Operator, L=Cologne, C=DE {}
[WARN ] 2018-09-14T18:06:49,579Z [Command line shell processor] console.Mode.on - Operation QUOTED_INSERT not mapped in  mode Mode.EMACS {invocation_id=b11ef606-179d-4e48-8fa0-bd37d949cb1e, invocation_timestamp=2018-09-14T18:06:43.027Z, session_id=b11ef606-179d-4e48-8fa0-bd37d949cb1e, session_timestamp=2018-09-14T18:06:43.027Z}
[WARN ] 2018-09-14T18:06:51,928Z [Command line shell processor] console.Mode.on - Operation QUOTED_INSERT not mapped in  mode Mode.EMACS {invocation_id=b11ef606-179d-4e48-8fa0-bd37d949cb1e, invocation_timestamp=2018-09-14T18:06:43.027Z, session_id=b11ef606-179d-4e48-8fa0-bd37d949cb1e, session_timestamp=2018-09-14T18:06:43.027Z}
[WARN ] 2018-09-14T18:06:58,845Z [Command line shell processor] console.Mode.on - Operation QUOTED_INSERT not mapped in  mode Mode.EMACS {invocation_id=b11ef606-179d-4e48-8fa0-bd37d949cb1e, invocation_timestamp=2018-09-14T18:06:43.027Z, session_id=b11ef606-179d-4e48-8fa0-bd37d949cb1e, session_timestamp=2018-09-14T18:06:43.027Z}
[WARN ] 2018-09-14T18:07:01,704Z [Node thread-1] amqp.PropertySerializer.<init> - Create property Serializer for private property 'productType' not exposed by a getter on class 'class com.template.BoxState'
	NOTE: This behaviour will be deprecated at some point in the future and a getter required {}
[WARN ] 2018-09-14T18:07:01,705Z [Node thread-1] amqp.PropertySerializer.<init> - Create property Serializer for private property 'price' not exposed by a getter on class 'class com.template.BoxState'
	NOTE: This behaviour will be deprecated at some point in the future and a getter required {}
[WARN ] 2018-09-14T18:07:01,707Z [Node thread-1] amqp.PropertySerializer.<init> - Create property Serializer for private property 'productType' not exposed by a getter on class 'class com.template.BoxState'
	NOTE: This behaviour will be deprecated at some point in the future and a getter required {}
[WARN ] 2018-09-14T18:07:01,708Z [Node thread-1] amqp.PropertySerializer.<init> - Create property Serializer for private property 'price' not exposed by a getter on class 'class com.template.BoxState'
	NOTE: This behaviour will be deprecated at some point in the future and a getter required {}
[WARN ] 2018-09-14T18:07:48,782Z [Command line shell processor] console.Mode.on - Operation QUOTED_INSERT not mapped in  mode Mode.EMACS {invocation_id=b11ef606-179d-4e48-8fa0-bd37d949cb1e, invocation_timestamp=2018-09-14T18:06:43.027Z, session_id=b11ef606-179d-4e48-8fa0-bd37d949cb1e, session_timestamp=2018-09-14T18:06:43.027Z}
[WARN ] 2018-09-14T18:07:50,630Z [Node thread-1] amqp.PropertySerializer.<init> - Create property Serializer for private property 'productSupplier' not exposed by a getter on class 'class com.template.RefuelFeeState'
	NOTE: This behaviour will be deprecated at some point in the future and a getter required {}
[WARN ] 2018-09-14T18:07:50,638Z [Node thread-1] amqp.PropertySerializer.<init> - Create property Serializer for private property 'boxOperator' not exposed by a getter on class 'class com.template.RefuelFeeState'
	NOTE: This behaviour will be deprecated at some point in the future and a getter required {}
[WARN ] 2018-09-14T18:07:50,641Z [Node thread-1] amqp.PropertySerializer.<init> - Create property Serializer for private property 'productSupplier' not exposed by a getter on class 'class com.template.RefuelFeeState'
	NOTE: This behaviour will be deprecated at some point in the future and a getter required {}
[WARN ] 2018-09-14T18:07:50,641Z [Node thread-1] amqp.PropertySerializer.<init> - Create property Serializer for private property 'boxOperator' not exposed by a getter on class 'class com.template.RefuelFeeState'
	NOTE: This behaviour will be deprecated at some point in the future and a getter required {}
[WARN ] 2018-09-14T18:07:50,660Z [Node thread-1] flow.[e7a7620d-eec7-4c68-b3e9-ebdfa90bf854].run - Flow finished with exception {}
net.corda.core.contracts.TransactionVerificationException$ContractRejection: Contract verification failed: Failed requirement: The operator shouldn't be the same as supplier, contract: com.template.RefuelFeeContract, transaction: C02E7F6BAF18F9989307E62866B003BF6BBCE0AADEF01D56D377831E842B9F37
	at net.corda.core.transactions.LedgerTransaction.verifyContracts(LedgerTransaction.kt:127) ~[corda-core-3.1-corda.jar:?]
	at net.corda.core.transactions.LedgerTransaction.verify(LedgerTransaction.kt:80) ~[corda-core-3.1-corda.jar:?]
	at net.corda.core.transactions.TransactionBuilder.verify(TransactionBuilder.kt:143) ~[corda-core-3.1-corda.jar:?]
	at com.template.RefuelFeeFlow.call(RefuelFeeFlow.java:66) ~[cordapp-0.1.jar:?]
	at com.template.RefuelFeeFlow.call(RefuelFeeFlow.java:23) ~[cordapp-0.1.jar:?]
	at net.corda.node.services.statemachine.FlowStateMachineImpl.run(FlowStateMachineImpl.kt:96) [corda-node-3.1-corda.jar:?]
	at net.corda.node.services.statemachine.FlowStateMachineImpl.run(FlowStateMachineImpl.kt:44) [corda-node-3.1-corda.jar:?]
	at co.paralleluniverse.fibers.Fiber.run1(Fiber.java:1092) [quasar-core-0.7.9-jdk8.jar:0.7.9]
	at co.paralleluniverse.fibers.Fiber.exec(Fiber.java:788) [quasar-core-0.7.9-jdk8.jar:0.7.9]
	at co.paralleluniverse.fibers.RunnableFiberTask.doExec(RunnableFiberTask.java:100) [quasar-core-0.7.9-jdk8.jar:0.7.9]
	at co.paralleluniverse.fibers.RunnableFiberTask.run(RunnableFiberTask.java:91) [quasar-core-0.7.9-jdk8.jar:0.7.9]
	at java.util.concurrent.Executors$RunnableAdapter.call(Unknown Source) [?:1.8.0_172]
	at java.util.concurrent.FutureTask.run(Unknown Source) [?:1.8.0_172]
	at java.util.concurrent.ScheduledThreadPoolExecutor$ScheduledFutureTask.access$201(Unknown Source) [?:1.8.0_172]
	at java.util.concurrent.ScheduledThreadPoolExecutor$ScheduledFutureTask.run(Unknown Source) [?:1.8.0_172]
	at java.util.concurrent.ThreadPoolExecutor.runWorker(Unknown Source) [?:1.8.0_172]
	at java.util.concurrent.ThreadPoolExecutor$Worker.run(Unknown Source) [?:1.8.0_172]
	at net.corda.node.utilities.AffinityExecutor$ServiceAffinityExecutor$1$thread$1.run(AffinityExecutor.kt:62) [corda-node-3.1-corda.jar:?]
Caused by: java.lang.IllegalArgumentException: Failed requirement: The operator shouldn't be the same as supplier
	at net.corda.core.contracts.Requirements.using(ContractsDSL.kt:24) ~[corda-core-3.1-corda.jar:?]
	at com.template.RefuelFeeContract.lambda$verify$0(RefuelFeeContract.java:38) ~[cordapp-contracts-states-0.1.jar:?]
	at net.corda.core.contracts.ContractsDSL.requireThat(ContractsDSL.kt:28) ~[corda-core-3.1-corda.jar:?]
	at com.template.RefuelFeeContract.verify(RefuelFeeContract.java:28) ~[cordapp-contracts-states-0.1.jar:?]
	at net.corda.core.transactions.LedgerTransaction.verifyContracts(LedgerTransaction.kt:125) ~[corda-core-3.1-corda.jar:?]
	... 17 more
[WARN ] 2018-09-14T18:08:08,118Z [Node thread-1] flow.[8081cb88-53f9-4317-be10-9ff99bacec2a].maybeWireUpProgressTracking - ProgressTracker has not been started {}
[INFO ] 2018-09-14T18:08:08,152Z [Node thread-1] flow.[8081cb88-53f9-4317-be10-9ff99bacec2a].initiateSession - Initiating flow session with party O=Supplier, L=Dusserdorf, C=DE. Session id for tracing purposes is SessionId(toLong=1627829710000449596). {}
[INFO ] 2018-09-14T18:08:08,256Z [Messaging DL2xuctCEeBXze3khhM4Rtik93rcehribVbzLStQsH5HxF] messaging.P2PMessagingClient.createQueueIfAbsent - Create fresh queue internal.peers.DL5NbgLAgazkvoYe2VuYJ2aRBwKbxGMefc7iCZjxKxUDFN bound on same address {}
[INFO ] 2018-09-14T18:08:08,309Z [Thread-1 (ActiveMQ-client-global-threads)] bridging.BridgeControlListener.processControlMessage - Received bridge control message Create(nodeIdentity=DL2xuctCEeBXze3khhM4Rtik93rcehribVbzLStQsH5HxF, bridgeInfo=BridgeEntry(queueName=internal.peers.DL5NbgLAgazkvoYe2VuYJ2aRBwKbxGMefc7iCZjxKxUDFN, targets=[134.61.76.167:10008], legalNames=[O=Supplier, L=Dusserdorf, C=DE])) {}
[INFO ] 2018-09-14T18:08:08,351Z [Thread-1 (ActiveMQ-client-global-threads)] 76.167:10008:O=Supplier, L=Dusserdorf, C=DE.start - Create new AMQP bridge {}
[INFO ] 2018-09-14T18:08:08,354Z [Thread-1 (ActiveMQ-client-global-threads)] netty.AMQPClient.start - connect to: 134.61.76.167:10008 {}
[INFO ] 2018-09-14T18:08:08,410Z [nioEventLoopGroup-2-1] netty.AMQPClient.operationComplete - Connected to 134.61.76.167:10008 {}
[INFO ] 2018-09-14T18:08:08,427Z [nioEventLoopGroup-2-1] O=Supplier, L=Dusserdorf, C=DE.channelActive - New client connection 8607bc94 from /134.61.76.167:10008 to /134.61.76.167:64275 {}
[INFO ] 2018-09-14T18:08:08,458Z [nioEventLoopGroup-2-1] O=Supplier, L=Dusserdorf, C=DE.userEventTriggered - handshake completed subject: O=Supplier, L=Dusserdorf, C=DE {}
[INFO ] 2018-09-14T18:08:08,679Z [nioEventLoopGroup-2-1] 76.167:10008:O=Supplier, L=Dusserdorf, C=DE.onSocketConnected - Bridge Connected {}
[INFO ] 2018-09-14T18:08:08,702Z [nioEventLoopGroup-2-1] O=Operator, L=Cologne, C=DE.onConnectionLocalOpen - Connection local open org.apache.qpid.proton.engine.impl.ConnectionImpl@5bbc53dc {}
[INFO ] 2018-09-14T18:08:09,797Z [Thread-1 (ActiveMQ-client-global-threads)] messaging.P2PMessagingClient.artemisToCordaMessage - Received message from: p2p.inbound.DL2xuctCEeBXze3khhM4Rtik93rcehribVbzLStQsH5HxF user: O=Supplier, L=Dusserdorf, C=DE topic: platform.session uuid: 8f2ff986-ad95-4e7d-9ec7-4b9884d9e721 {}
[INFO ] 2018-09-14T18:08:10,129Z [Thread-1 (ActiveMQ-client-global-threads)] messaging.P2PMessagingClient.artemisToCordaMessage - Received message from: p2p.inbound.DL2xuctCEeBXze3khhM4Rtik93rcehribVbzLStQsH5HxF user: O=Supplier, L=Dusserdorf, C=DE topic: platform.session uuid: 6e4b1dc6-25a9-4ae3-aab7-9ab7ef4707a2 {}
[INFO ] 2018-09-14T18:08:10,707Z [Thread-1 (ActiveMQ-client-global-threads)] messaging.P2PMessagingClient.artemisToCordaMessage - Received message from: p2p.inbound.DL2xuctCEeBXze3khhM4Rtik93rcehribVbzLStQsH5HxF user: O=Supplier, L=Dusserdorf, C=DE topic: platform.session uuid: 99622402-1f51-44c2-bc6a-3c4f24e83ef4 {}
[INFO ] 2018-09-14T18:08:10,763Z [Node thread-1] flow.[8081cb88-53f9-4317-be10-9ff99bacec2a].initiateSession - Initiating flow session with party O=Supplier, L=Dusserdorf, C=DE. Session id for tracing purposes is SessionId(toLong=-6806518479265628460). {}
[INFO ] 2018-09-14T18:08:11,148Z [Thread-2 (ActiveMQ-client-global-threads)] messaging.P2PMessagingClient.artemisToCordaMessage - Received message from: p2p.inbound.DL2xuctCEeBXze3khhM4Rtik93rcehribVbzLStQsH5HxF user: O=Supplier, L=Dusserdorf, C=DE topic: platform.session uuid: 5298f9fd-26f7-4c8f-831b-5f8fbb5ed3ba {}
[INFO ] 2018-09-14T18:08:11,668Z [Thread-1 (ActiveMQ-client-global-threads)] messaging.P2PMessagingClient.artemisToCordaMessage - Received message from: p2p.inbound.DL2xuctCEeBXze3khhM4Rtik93rcehribVbzLStQsH5HxF user: O=Supplier, L=Dusserdorf, C=DE topic: platform.session uuid: 742ee72d-1ed0-402b-ba1a-39fd11b3b48c {}
[INFO ] 2018-09-14T18:08:12,257Z [Thread-2 (ActiveMQ-client-global-threads)] messaging.P2PMessagingClient.artemisToCordaMessage - Received message from: p2p.inbound.DL2xuctCEeBXze3khhM4Rtik93rcehribVbzLStQsH5HxF user: O=Supplier, L=Dusserdorf, C=DE topic: platform.session uuid: 0bfab650-7cc1-4bb3-b0d1-9cd9d6d74088 {}
[WARN ] 2018-09-14T18:08:12,412Z [Node thread-1] flow.[8081cb88-53f9-4317-be10-9ff99bacec2a].uncaughtException - Caught exception from flow {}
java.lang.IllegalStateException: Cannot rewind a progress tracker once it has ended
	at net.corda.core.utilities.ProgressTracker.setCurrentStep(ProgressTracker.kt:117) ~[corda-core-3.1-corda.jar:?]
	at net.corda.node.services.statemachine.FlowStateMachineImpl.run(FlowStateMachineImpl.kt:120) ~[corda-node-3.1-corda.jar:?]
	at net.corda.node.services.statemachine.FlowStateMachineImpl.run(FlowStateMachineImpl.kt:44) ~[corda-node-3.1-corda.jar:?]
	at co.paralleluniverse.fibers.Fiber.run1(Fiber.java:1092) [quasar-core-0.7.9-jdk8.jar:0.7.9]
	at co.paralleluniverse.fibers.Fiber.exec(Fiber.java:788) [quasar-core-0.7.9-jdk8.jar:0.7.9]
	at co.paralleluniverse.fibers.RunnableFiberTask.doExec(RunnableFiberTask.java:100) [quasar-core-0.7.9-jdk8.jar:0.7.9]
	at co.paralleluniverse.fibers.RunnableFiberTask.run(RunnableFiberTask.java:91) [quasar-core-0.7.9-jdk8.jar:0.7.9]
	at java.util.concurrent.Executors$RunnableAdapter.call(Unknown Source) [?:1.8.0_172]
	at java.util.concurrent.FutureTask.run(Unknown Source) [?:1.8.0_172]
	at java.util.concurrent.ScheduledThreadPoolExecutor$ScheduledFutureTask.access$201(Unknown Source) [?:1.8.0_172]
	at java.util.concurrent.ScheduledThreadPoolExecutor$ScheduledFutureTask.run(Unknown Source) [?:1.8.0_172]
	at java.util.concurrent.ThreadPoolExecutor.runWorker(Unknown Source) [?:1.8.0_172]
	at java.util.concurrent.ThreadPoolExecutor$Worker.run(Unknown Source) [?:1.8.0_172]
	at net.corda.node.utilities.AffinityExecutor$ServiceAffinityExecutor$1$thread$1.run(AffinityExecutor.kt:62) [corda-node-3.1-corda.jar:?]
[INFO ] 2018-09-14T18:08:12,725Z [Thread-2 (ActiveMQ-client-global-threads)] messaging.P2PMessagingClient.artemisToCordaMessage - Received message from: p2p.inbound.DL2xuctCEeBXze3khhM4Rtik93rcehribVbzLStQsH5HxF user: O=Supplier, L=Dusserdorf, C=DE topic: platform.session uuid: 92e0fd3f-c058-4936-b397-564321aa2e35 {}
[WARN ] 2018-09-14T18:24:31,947Z [nioEventLoopGroup-2-1] channel.DefaultChannelPipeline.warn - An exceptionCaught() event was fired, and it reached at the tail of the pipeline. It usually means the last handler in the pipeline did not handle the exception. {}
java.io.IOException: An existing connection was forcibly closed by the remote host
	at sun.nio.ch.SocketDispatcher.read0(Native Method) ~[?:1.8.0_172]
	at sun.nio.ch.SocketDispatcher.read(Unknown Source) ~[?:1.8.0_172]
	at sun.nio.ch.IOUtil.readIntoNativeBuffer(Unknown Source) ~[?:1.8.0_172]
	at sun.nio.ch.IOUtil.read(Unknown Source) ~[?:1.8.0_172]
	at sun.nio.ch.SocketChannelImpl.read(Unknown Source) ~[?:1.8.0_172]
	at io.netty.buffer.PooledUnsafeDirectByteBuf.setBytes(PooledUnsafeDirectByteBuf.java:288) ~[netty-all-4.1.9.Final.jar:4.1.9.Final]
	at io.netty.buffer.AbstractByteBuf.writeBytes(AbstractByteBuf.java:1100) ~[netty-all-4.1.9.Final.jar:4.1.9.Final]
	at io.netty.channel.socket.nio.NioSocketChannel.doReadBytes(NioSocketChannel.java:372) ~[netty-all-4.1.9.Final.jar:4.1.9.Final]
	at io.netty.channel.nio.AbstractNioByteChannel$NioByteUnsafe.read(AbstractNioByteChannel.java:123) [netty-all-4.1.9.Final.jar:4.1.9.Final]
	at io.netty.channel.nio.NioEventLoop.processSelectedKey(NioEventLoop.java:624) [netty-all-4.1.9.Final.jar:4.1.9.Final]
	at io.netty.channel.nio.NioEventLoop.processSelectedKeysOptimized(NioEventLoop.java:559) [netty-all-4.1.9.Final.jar:4.1.9.Final]
	at io.netty.channel.nio.NioEventLoop.processSelectedKeys(NioEventLoop.java:476) [netty-all-4.1.9.Final.jar:4.1.9.Final]
	at io.netty.channel.nio.NioEventLoop.run(NioEventLoop.java:438) [netty-all-4.1.9.Final.jar:4.1.9.Final]
	at io.netty.util.concurrent.SingleThreadEventExecutor$5.run(SingleThreadEventExecutor.java:858) [netty-all-4.1.9.Final.jar:4.1.9.Final]
	at io.netty.util.concurrent.DefaultThreadFactory$DefaultRunnableDecorator.run(DefaultThreadFactory.java:144) [netty-all-4.1.9.Final.jar:4.1.9.Final]
	at java.lang.Thread.run(Unknown Source) [?:1.8.0_172]
[INFO ] 2018-09-14T18:24:31,979Z [nioEventLoopGroup-2-1] netty.AMQPClient.operationComplete - Disconnected from 134.61.76.167:10008 {}
[INFO ] 2018-09-14T18:24:32,139Z [nioEventLoopGroup-2-1] O=Supplier, L=Dusserdorf, C=DE.channelInactive - Closed client connection 8607bc94 from /134.61.76.167:10008 to /134.61.76.167:64275 {}
[INFO ] 2018-09-14T18:24:32,144Z [nioEventLoopGroup-2-1] 76.167:10008:O=Supplier, L=Dusserdorf, C=DE.onSocketConnected - Bridge Disconnected {}
[INFO ] 2018-09-14T18:24:32,197Z [nioEventLoopGroup-2-1] O=Operator, L=Cologne, C=DE.onConnectionLocalClose - Connection local close org.apache.qpid.proton.engine.impl.ConnectionImpl@5bbc53dc {}
[INFO ] 2018-09-14T18:24:32,207Z [nioEventLoopGroup-2-1] O=Operator, L=Cologne, C=DE.onTransportError - Transport Error TransportImpl [_connectionEndpoint=org.apache.qpid.proton.engine.impl.ConnectionImpl@5bbc53dc, org.apache.qpid.proton.engine.impl.TransportImpl@709530b] {}
[INFO ] 2018-09-14T18:24:32,207Z [nioEventLoopGroup-2-1] O=Operator, L=Cologne, C=DE.onTransportError - Error: connection aborted {}
[INFO ] 2018-09-14T18:24:33,126Z [nioEventLoopGroup-2-2] netty.AMQPClient.run - Retry connect {}
[INFO ] 2018-09-14T18:24:34,161Z [nioEventLoopGroup-2-3] netty.AMQPClient.operationComplete - Failed to connect to 134.61.76.167:10008 {}
[INFO ] 2018-09-14T18:24:35,163Z [nioEventLoopGroup-2-4] netty.AMQPClient.run - Retry connect to 134.61.76.167:10008 {}
[INFO ] 2018-09-14T18:24:36,169Z [nioEventLoopGroup-2-5] netty.AMQPClient.operationComplete - Failed to connect to 134.61.76.167:10008 {}
[INFO ] 2018-09-14T18:24:37,172Z [nioEventLoopGroup-2-6] netty.AMQPClient.run - Retry connect to 134.61.76.167:10008 {}
